Build started 9/23/2014 6:12:40 PM.
     1>Project "C:\Users\Lionel Honda\Documents\Visual Studio 2012\Projects\as4\as4\as4.vcxproj" on node 2 (Build target(s)).
     1>ClCompile:
         C:\Program Files (x86)\Microsoft Visual Studio 11.0\VC\bin\CL.exe /c /I"C:\Users\Lionel Honda\Documents\Visual Studio 2012\Projects\as4\as4\glut-3.7.6-bin" /nologo /W3 /WX- /sdl /O2 /Oy- /D WIN32 /D _DEBUG /D _CONSOLE /D _UNICODE /D UNICODE /Gm /EHsc /MDd /GS /fp:precise /Zc:wchar_t /Zc:forScope /openmp /Fo"Debug\\" /Fd"Debug\vc110.pdb" /Gd /TP /analyze- /errorReport:prompt Main.cpp
     1>cl : Command line warning D9007: '/Gm' requires '/Zi or /ZI'; option ignored
         Main.cpp
     1>Main.cpp(442): warning C4018: '<' : signed/unsigned mismatch
     1>Main.cpp(463): warning C4018: '<' : signed/unsigned mismatch
     1>Main.cpp(565): warning C4018: '<' : signed/unsigned mismatch
     1>Main.cpp(660): warning C4018: '<' : signed/unsigned mismatch
     1>Main.cpp(667): warning C4018: '<' : signed/unsigned mismatch
     1>Main.cpp(779): warning C4018: '<' : signed/unsigned mismatch
     1>Main.cpp(866): warning C4018: '<' : signed/unsigned mismatch
     1>Main.cpp(877): warning C4018: '<' : signed/unsigned mismatch
     1>Main.cpp(890): warning C4018: '<' : signed/unsigned mismatch
       Link:
         C:\Program Files (x86)\Microsoft Visual Studio 11.0\VC\bin\link.exe /ERRORREPORT:PROMPT /OUT:"C:\Users\Lionel Honda\Documents\Visual Studio 2012\Projects\as4\Debug\as4.exe" /INCREMENTAL /NOLOGO /LIBPATH:"C:\Users\Lionel Honda\Documents\Visual Studio 2012\Projects\as4\as4\glut-3.7.6-bin" kernel32.lib user32.lib gdi32.lib winspool.lib comdlg32.lib advapi32.lib shell32.lib ole32.lib oleaut32.lib uuid.lib odbc32.lib odbccp32.lib /MANIFEST /MANIFESTUAC:"level='asInvoker' uiAccess='false'" /manifest:embed /DEBUG /PDB:"C:\Users\Lionel Honda\Documents\Visual Studio 2012\Projects\as4\Debug\as4.pdb" /SUBSYSTEM:CONSOLE /TLBID:1 /DYNAMICBASE /NXCOMPAT /IMPLIB:"C:\Users\Lionel Honda\Documents\Visual Studio 2012\Projects\as4\Debug\as4.lib" /MACHINE:X86 Debug\Main.obj
         as4.vcxproj -> C:\Users\Lionel Honda\Documents\Visual Studio 2012\Projects\as4\Debug\as4.exe
     1>Done Building Project "C:\Users\Lionel Honda\Documents\Visual Studio 2012\Projects\as4\as4\as4.vcxproj" (Build target(s)).

Build succeeded.

Time Elapsed 00:00:06.07
