0 0 0 0 0 0.9 0.9 0 0.9 0.9 0 0 0.00110057 0.000925964 0.000925964
0 0 0.9 0 0 1.8 0.9 0 1.8 0.9 0 0.9 0.00598407 0.00542124 0.00542124
0 0 1.8 0 0 2.7 0.9 0 2.7 0.9 0 1.8 0.00847503 0.00727713 0.00727713
0 0 2.7 0 0 3.6 0.9 0 3.6 0.9 0 2.7 0.00926704 0.00720454 0.00720454
0 0 3.6 0 0 4.5 0.9 0 4.5 0.9 0 3.6 0.0097897 0.00673562 0.00673562
0 0 4.5 0 0 5.4 0.9 0 5.4 0.9 0 4.5 0.0111202 0.00705325 0.00705325
0 0 5.4 0 0 6.3 0.9 0 6.3 0.9 0 5.4 0.012612 0.0074689 0.0074689
0 0 6.3 0 0 7.2 0.9 0 7.2 0.9 0 6.3 0.0143062 0.00814818 0.00814818
0 0 7.2 0 0 8.1 0.9 0 8.1 0.9 0 7.2 0.0150489 0.00784733 0.00784733
0 0 8.1 0 0 9 0.9 0 9 0.9 0 8.1 0.0140852 0.00590408 0.00590408
0.9 0 0 0.9 0 0.9 1.8 0 0.9 1.8 0 0 0.00142917 0.00139634 0.0012589
0.9 0 0.9 0.9 0 1.8 1.8 0 1.8 1.8 0 0.9 0.00646164 0.00680889 0.00590228
0.9 0 1.8 0.9 0 2.7 1.8 0 2.7 1.8 0 1.8 0.00829772 0.00841064 0.00708914
0.9 0 2.7 0.9 0 3.6 1.8 0 3.6 1.8 0 2.7 0.0116849 0.011456 0.0095772
0.9 0 3.6 0.9 0 4.5 1.8 0 4.5 1.8 0 3.6 0.0469462 0.0460077 0.0437203
0.9 0 4.5 0.9 0 5.4 1.8 0 5.4 1.8 0 4.5 0.0985396 0.0966902 0.0940825
0.9 0 5.4 0.9 0 6.3 1.8 0 6.3 1.8 0 5.4 0.0992244 0.0953675 0.0928221
0.9 0 6.3 0.9 0 7.2 1.8 0 7.2 1.8 0 6.3 0.0726914 0.0670324 0.064841
0.9 0 7.2 0.9 0 8.1 1.8 0 8.1 1.8 0 7.2 0.0298233 0.0224923 0.020603
0.9 0 8.1 0.9 0 9 1.8 0 9 1.8 0 8.1 0.0111493 0.00263384 0.00146972
1.8 0 0 1.8 0 0.9 2.7 0 0.9 2.7 0 0 0.00171828 0.00174178 0.00154571
1.8 0 0.9 1.8 0 1.8 2.7 0 1.8 2.7 0 0.9 0.00723749 0.0079092 0.00667478
1.8 0 1.8 1.8 0 2.7 2.7 0 2.7 2.7 0 1.8 0.00753354 0.00922969 0.00631719
1.8 0 2.7 1.8 0 3.6 2.7 0 3.6 2.7 0 2.7 0.0108023 0.0122134 0.00803682
1.8 0 3.6 1.8 0 4.5 2.7 0 4.5 2.7 0 3.6 0.0462517 0.0475195 0.0420892
1.8 0 4.5 1.8 0 5.4 2.7 0 5.4 2.7 0 4.5 0.09755 0.098156 0.0917632
1.8 0 5.4 1.8 0 6.3 2.7 0 6.3 2.7 0 5.4 0.0982003 0.0970773 0.0902666
1.8 0 6.3 1.8 0 7.2 2.7 0 7.2 2.7 0 6.3 0.0715642 0.0682513 0.0619441
1.8 0 7.2 1.8 0 8.1 2.7 0 8.1 2.7 0 7.2 0.0287873 0.0237488 0.0183988
1.8 0 8.1 1.8 0 9 2.7 0 9 2.7 0 8.1 0.0103873 0.00413155 0
2.7 0 0 2.7 0 0.9 3.6 0 0.9 3.6 0 0 0.00198864 0.00193664 0.00184413
2.7 0 0.9 2.7 0 1.8 3.6 0 1.8 3.6 0 0.9 0.0075871 0.00799597 0.00711101
2.7 0 1.8 2.7 0 2.7 3.6 0 2.7 3.6 0 1.8 0.00713003 0.00802441 0.00561166
2.7 0 2.7 2.7 0 3.6 3.6 0 3.6 3.6 0 2.7 0.442043 0.444894 0.441969
2.7 0 3.6 2.7 0 4.5 3.6 0 4.5 3.6 0 3.6 0.691656 0.695641 0.691656
2.7 0 4.5 2.7 0 5.4 3.6 0 5.4 3.6 0 4.5 0.742639 0.747629 0.742639
2.7 0 5.4 2.7 0 6.3 3.6 0 6.3 3.6 0 5.4 0.742639 0.748249 0.742639
2.7 0 6.3 2.7 0 7.2 3.6 0 7.2 3.6 0 6.3 0.0708691 0.0705695 0.0619441
2.7 0 7.2 2.7 0 8.1 3.6 0 8.1 3.6 0 7.2 0.0278419 0.0262101 0.0183988
2.7 0 8.1 2.7 0 9 3.6 0 9 3.6 0 8.1 0.00930966 0.0063698 0
3.6 0 0 3.6 0 0.9 4.5 0 0.9 4.5 0 0 0.00211265 0.00209521 0.0019663
3.6 0 0.9 3.6 0 1.8 4.5 0 1.8 4.5 0 0.9 0.00813372 0.00804303 0.00725445
3.6 0 1.8 3.6 0 2.7 4.5 0 2.7 4.5 0 1.8 0.00738954 0.00773031 0.00517597
3.6 0 2.7 3.6 0 3.6 4.5 0 3.6 4.5 0 2.7 0.646527 0.646938 0.646276
3.6 0 3.6 3.6 0 4.5 4.5 0 4.5 4.5 0 3.6 1.07652 1.07652 1.07652
3.6 0 4.5 3.6 0 5.4 4.5 0 5.4 4.5 0 4.5 1.07652 1.07652 1.07652
3.6 0 5.4 3.6 0 6.3 4.5 0 6.3 4.5 0 5.4 1.07652 1.07652 1.07652
3.6 0 6.3 3.6 0 7.2 4.5 0 7.2 4.5 0 6.3 0.0098051 0.010626 0
3.6 0 7.2 3.6 0 8.1 4.5 0 8.1 4.5 0 7.2 0.00986476 0.0101583 0
3.6 0 8.1 3.6 0 9 4.5 0 9 4.5 0 8.1 0.00942175 0.00887147 0
4.5 0 0 4.5 0 0.9 5.4 0 0.9 5.4 0 0 0.00209989 0.00211733 0.00197097
4.5 0 0.9 4.5 0 1.8 5.4 0 1.8 5.4 0 0.9 0.00808763 0.00817832 0.00729905
4.5 0 1.8 4.5 0 2.7 5.4 0 2.7 5.4 0 1.8 0.0076724 0.00732099 0.00511274
4.5 0 2.7 4.5 0 3.6 5.4 0 3.6 5.4 0 2.7 0.646938 0.646527 0.646276
4.5 0 3.6 4.5 0 4.5 5.4 0 4.5 5.4 0 3.6 1.07652 1.07652 1.07652
4.5 0 4.5 4.5 0 5.4 5.4 0 5.4 5.4 0 4.5 1.07652 1.07652 1.07652
4.5 0 5.4 4.5 0 6.3 5.4 0 6.3 5.4 0 5.4 1.07652 1.07652 1.07652
4.5 0 6.3 4.5 0 7.2 5.4 0 7.2 5.4 0 6.3 0.0106217 0.009776 0
4.5 0 7.2 4.5 0 8.1 5.4 0 8.1 5.4 0 7.2 0.0101385 0.00988453 0
4.5 0 8.1 4.5 0 9 5.4 0 9 5.4 0 8.1 0.00882652 0.00945091 0
5.4 0 0 5.4 0 0.9 6.3 0 0.9 6.3 0 0 0.00194863 0.00200063 0.00185612
5.4 0 0.9 5.4 0 1.8 6.3 0 1.8 6.3 0 0.9 0.00797626 0.00756739 0.00709129
5.4 0 1.8 5.4 0 2.7 6.3 0 2.7 6.3 0 1.8 0.0080167 0.00711294 0.00559738
5.4 0 2.7 5.4 0 3.6 6.3 0 3.6 6.3 0 2.7 0.444914 0.44201 0.441937
5.4 0 3.6 5.4 0 4.5 6.3 0 4.5 6.3 0 3.6 0.695716 0.691656 0.691656
5.4 0 4.5 5.4 0 5.4 6.3 0 5.4 6.3 0 4.5 0.747699 0.742639 0.742639
5.4 0 5.4 5.4 0 6.3 6.3 0 6.3 6.3 0 5.4 0.748249 0.742639 0.742639
5.4 0 6.3 5.4 0 7.2 6.3 0 7.2 6.3 0 6.3 0.0705643 0.0708617 0.0619441
5.4 0 7.2 5.4 0 8.1 6.3 0 8.1 6.3 0 7.2 0.026168 0.027829 0.0183988
5.4 0 8.1 5.4 0 9 6.3 0 9 6.3 0 8.1 0.0063098 0.009323 0
6.3 0 0 6.3 0 0.9 7.2 0 0.9 7.2 0 0 0.00174178 0.00171828 0.00154571
6.3 0 0.9 6.3 0 1.8 7.2 0 1.8 7.2 0 0.9 0.0079092 0.00723749 0.00667478
6.3 0 1.8 6.3 0 2.7 7.2 0 2.7 7.2 0 1.8 0.00923426 0.00751191 0.00630139
6.3 0 2.7 6.3 0 3.6 7.2 0 3.6 7.2 0 2.7 0.0122791 0.0107605 0.00800624
6.3 0 3.6 6.3 0 4.5 7.2 0 4.5 7.2 0 3.6 0.0475996 0.0462092 0.0420624
6.3 0 4.5 6.3 0 5.4 7.2 0 5.4 7.2 0 4.5 0.098156 0.0975107 0.0917633
6.3 0 5.4 6.3 0 6.3 7.2 0 6.3 7.2 0 5.4 0.0970773 0.0981792 0.0902666
6.3 0 6.3 6.3 0 7.2 7.2 0 7.2 7.2 0 6.3 0.0682349 0.0715481 0.0619441
6.3 0 7.2 6.3 0 8.1 7.2 0 8.1 7.2 0 7.2 0.0236714 0.0287582 0.0183988
6.3 0 8.1 6.3 0 9 7.2 0 9 7.2 0 8.1 0.00404556 0.0103831 0
7.2 0 0 7.2 0 0.9 8.1 0 0.9 8.1 0 0 0.00140833 0.00144116 0.00127089
7.2 0 0.9 7.2 0 1.8 8.1 0 1.8 8.1 0 0.9 0.00680282 0.00645557 0.00589621
7.2 0 1.8 7.2 0 2.7 8.1 0 2.7 8.1 0 1.8 0.00841403 0.00827942 0.00707386
7.2 0 2.7 7.2 0 3.6 8.1 0 3.6 8.1 0 2.7 0.0115437 0.0116708 0.00956896
7.2 0 3.6 7.2 0 4.5 8.1 0 4.5 8.1 0 3.6 0.046 0.0469303 0.0437126
7.2 0 4.5 7.2 0 5.4 8.1 0 5.4 8.1 0 4.5 0.0966762 0.098516 0.0940686
7.2 0 5.4 7.2 0 6.3 8.1 0 6.3 8.1 0 5.4 0.0953674 0.0992138 0.092822
7.2 0 6.3 7.2 0 7.2 8.1 0 7.2 8.1 0 6.3 0.0670175 0.072683 0.064841
7.2 0 7.2 7.2 0 8.1 8.1 0 8.1 8.1 0 7.2 0.0224151 0.0298072 0.020603
7.2 0 8.1 7.2 0 9 8.1 0 9 8.1 0 8.1 0.00263384 0.0111464 0.00146972
8.1 0 0 8.1 0 0.9 9 0 0.9 9 0 0 0.000940862 0.00111547 0.000940862
8.1 0 0.9 8.1 0 1.8 9 0 1.8 9 0 0.9 0.00550314 0.00606597 0.00550314
8.1 0 1.8 8.1 0 2.7 9 0 2.7 9 0 1.8 0.00726203 0.0084569 0.00726203
8.1 0 2.7 8.1 0 3.6 9 0 3.6 9 0 2.7 0.00720454 0.00926122 0.00720454
8.1 0 3.6 8.1 0 4.5 9 0 4.5 9 0 3.6 0.00671892 0.00976489 0.00671892
8.1 0 4.5 8.1 0 5.4 9 0 5.4 9 0 4.5 0.00703735 0.0110946 0.00703735
8.1 0 5.4 8.1 0 6.3 9 0 6.3 9 0 5.4 0.00745537 0.0125879 0.00745537
8.1 0 6.3 8.1 0 7.2 9 0 7.2 9 0 6.3 0.00814818 0.0142978 0.00814818
8.1 0 7.2 8.1 0 8.1 9 0 8.1 9 0 7.2 0.00784733 0.0150429 0.00784733
8.1 0 8.1 8.1 0 9 9 0 9 9 0 8.1 0.00590409 0.0140816 0.00590409
0 0 9 0 -0.9 9 0 -0.9 8.1 0 0 8.1 0 0.0182069 0
0 -0.9 9 0 -1.8 9 0 -1.8 8.1 0 -0.9 8.1 0 0.134385 0
0 -1.8 9 0 -2.7 9 0 -2.7 8.1 0 -1.8 8.1 0 0.140964 0
0 -2.7 9 0 -3.6 9 0 -3.6 8.1 0 -2.7 8.1 0 0.235377 0
0 -3.6 9 0 -4.5 9 0 -4.5 8.1 0 -3.6 8.1 0 0.198093 0
0 -4.5 9 0 -5.4 9 0 -5.4 8.1 0 -4.5 8.1 0 0.210605 0
0 -5.4 9 0 -6.3 9 0 -6.3 8.1 0 -5.4 8.1 0 0.193334 0
0 -6.3 9 0 -7.2 9 0 -7.2 8.1 0 -6.3 8.1 0 0.130762 0
0 -7.2 9 0 -8.1 9 0 -8.1 8.1 0 -7.2 8.1 0 0.145811 0
0 -8.1 9 0 -9 9 0 -9 8.1 0 -8.1 8.1 0 0.127526 0
0 0 8.1 0 -0.9 8.1 0 -0.9 7.2 0 0 7.2 0 0.032959 0
0 -0.9 8.1 0 -1.8 8.1 0 -1.8 7.2 0 -0.9 7.2 0 0.199529 0
0 -1.8 8.1 0 -2.7 8.1 0 -2.7 7.2 0 -1.8 7.2 0 0.233693 0
0 -2.7 8.1 0 -3.6 8.1 0 -3.6 7.2 0 -2.7 7.2 0 0.276366 0
0 -3.6 8.1 0 -4.5 8.1 0 -4.5 7.2 0 -3.6 7.2 0 0.248558 0
0 -4.5 8.1 0 -5.4 8.1 0 -5.4 7.2 0 -4.5 7.2 0 0.267913 0
0 -5.4 8.1 0 -6.3 8.1 0 -6.3 7.2 0 -5.4 7.2 0 0.198157 0
0 -6.3 8.1 0 -7.2 8.1 0 -7.2 7.2 0 -6.3 7.2 0 0.184113 0
0 -7.2 8.1 0 -8.1 8.1 0 -8.1 7.2 0 -7.2 7.2 0 0.166266 0
0 -8.1 8.1 0 -9 8.1 0 -9 7.2 0 -8.1 7.2 0 0.145043 0
0 0 7.2 0 -0.9 7.2 0 -0.9 6.3 0 0 6.3 0 0.0475565 0
0 -0.9 7.2 0 -1.8 7.2 0 -1.8 6.3 0 -0.9 6.3 0 0.315675 0
0 -1.8 7.2 0 -2.7 7.2 0 -2.7 6.3 0 -1.8 6.3 0 0.316539 0
0 -2.7 7.2 0 -3.6 7.2 0 -3.6 6.3 0 -2.7 6.3 0 0.382114 0
0 -3.6 7.2 0 -4.5 7.2 0 -4.5 6.3 0 -3.6 6.3 0 0.274487 0
0 -4.5 7.2 0 -5.4 7.2 0 -5.4 6.3 0 -4.5 6.3 0 0.295657 0
0 -5.4 7.2 0 -6.3 7.2 0 -6.3 6.3 0 -5.4 6.3 0 0.267288 0
0 -6.3 7.2 0 -7.2 7.2 0 -7.2 6.3 0 -6.3 6.3 0 0.201755 0
0 -7.2 7.2 0 -8.1 7.2 0 -8.1 6.3 0 -7.2 6.3 0 0.180572 0
0 -8.1 7.2 0 -9 7.2 0 -9 6.3 0 -8.1 6.3 0 0.132086 0
0 0 6.3 0 -0.9 6.3 0 -0.9 5.4 0 0 5.4 0 0.0595753 0
0 -0.9 6.3 0 -1.8 6.3 0 -1.8 5.4 0 -0.9 5.4 0 0.358189 0
0 -1.8 6.3 0 -2.7 6.3 0 -2.7 5.4 0 -1.8 5.4 0 0.384473 0
0 -2.7 6.3 0 -3.6 6.3 0 -3.6 5.4 0 -2.7 5.4 0 0.424646 0
0 -3.6 6.3 0 -4.5 6.3 0 -4.5 5.4 0 -3.6 5.4 0 0.305576 0
0 -4.5 6.3 0 -5.4 6.3 0 -5.4 5.4 0 -4.5 5.4 0 0.32925 0
0 -5.4 6.3 0 -6.3 6.3 0 -6.3 5.4 0 -5.4 5.4 0 0.25575 0
0 -6.3 6.3 0 -7.2 6.3 0 -7.2 5.4 0 -6.3 5.4 0 0.187161 0
0 -7.2 6.3 0 -8.1 6.3 0 -8.1 5.4 0 -7.2 5.4 0 0.193362 0
0 -8.1 6.3 0 -9 6.3 0 -9 5.4 0 -8.1 5.4 0 0.14202 0
0 0 5.4 0 -0.9 5.4 0 -0.9 4.5 0 0 4.5 0 0.0690538 0
0 -0.9 5.4 0 -1.8 5.4 0 -1.8 4.5 0 -0.9 4.5 0 0.417795 0
0 -1.8 5.4 0 -2.7 5.4 0 -2.7 4.5 0 -1.8 4.5 0 0.458783 0
0 -2.7 5.4 0 -3.6 5.4 0 -3.6 4.5 0 -2.7 4.5 0 0.505859 0
0 -3.6 5.4 0 -4.5 5.4 0 -4.5 4.5 0 -3.6 4.5 0 0.371107 0
0 -4.5 5.4 0 -5.4 5.4 0 -5.4 4.5 0 -4.5 4.5 0 0.362334 0
0 -5.4 5.4 0 -6.3 5.4 0 -6.3 4.5 0 -5.4 4.5 0 0.277682 0
0 -6.3 5.4 0 -7.2 5.4 0 -7.2 4.5 0 -6.3 4.5 0 0.235366 0
0 -7.2 5.4 0 -8.1 5.4 0 -8.1 4.5 0 -7.2 4.5 0 0.205692 0
0 -8.1 5.4 0 -9 5.4 0 -9 4.5 0 -8.1 4.5 0 0.149973 0
0 0 4.5 0 -0.9 4.5 0 -0.9 3.6 0 0 3.6 0 0.0708132 0
0 -0.9 4.5 0 -1.8 4.5 0 -1.8 3.6 0 -0.9 3.6 0 0.419858 0
0 -1.8 4.5 0 -2.7 4.5 0 -2.7 3.6 0 -1.8 3.6 0 0.462025 0
0 -2.7 4.5 0 -3.6 4.5 0 -3.6 3.6 0 -2.7 3.6 0 0.513122 0
0 -3.6 4.5 0 -4.5 4.5 0 -4.5 3.6 0 -3.6 3.6 0 0.381455 0
0 -4.5 4.5 0 -5.4 4.5 0 -5.4 3.6 0 -4.5 3.6 0 0.371803 0
0 -5.4 4.5 0 -6.3 4.5 0 -6.3 3.6 0 -5.4 3.6 0 0.287584 0
0 -6.3 4.5 0 -7.2 4.5 0 -7.2 3.6 0 -6.3 3.6 0 0.242747 0
0 -7.2 4.5 0 -8.1 4.5 0 -8.1 3.6 0 -7.2 3.6 0 0.209867 0
0 -8.1 4.5 0 -9 4.5 0 -9 3.6 0 -8.1 3.6 0 0.153694 0
0 0 3.6 0 -0.9 3.6 0 -0.9 2.7 0 0 2.7 0 0.0646863 0
0 -0.9 3.6 0 -1.8 3.6 0 -1.8 2.7 0 -0.9 2.7 0 0.365777 0
0 -1.8 3.6 0 -2.7 3.6 0 -2.7 2.7 0 -1.8 2.7 0 0.396255 0
0 -2.7 3.6 0 -3.6 3.6 0 -3.6 2.7 0 -2.7 2.7 0 0.443723 0
0 -3.6 3.6 0 -4.5 3.6 0 -4.5 2.7 0 -3.6 2.7 0 0.32999 0
0 -4.5 3.6 0 -5.4 3.6 0 -5.4 2.7 0 -4.5 2.7 0 0.349173 0
0 -5.4 3.6 0 -6.3 3.6 0 -6.3 2.7 0 -5.4 2.7 0 0.276269 0
0 -6.3 3.6 0 -7.2 3.6 0 -7.2 2.7 0 -6.3 2.7 0 0.204319 0
0 -7.2 3.6 0 -8.1 3.6 0 -8.1 2.7 0 -7.2 2.7 0 0.206039 0
0 -8.1 3.6 0 -9 3.6 0 -9 2.7 0 -8.1 2.7 0 0.150639 0
0 0 2.7 0 -0.9 2.7 0 -0.9 1.8 0 0 1.8 0 0.0602538 0
0 -0.9 2.7 0 -1.8 2.7 0 -1.8 1.8 0 -0.9 1.8 0 0.308146 0
0 -1.8 2.7 0 -2.7 2.7 0 -2.7 1.8 0 -1.8 1.8 0 0.340231 0
0 -2.7 2.7 0 -3.6 2.7 0 -3.6 1.8 0 -2.7 1.8 0 0.415813 0
0 -3.6 2.7 0 -4.5 2.7 0 -4.5 1.8 0 -3.6 1.8 0 0.309166 0
0 -4.5 2.7 0 -5.4 2.7 0 -5.4 1.8 0 -4.5 1.8 0 0.329645 0
0 -5.4 2.7 0 -6.3 2.7 0 -6.3 1.8 0 -5.4 1.8 0 0.299363 0
0 -6.3 2.7 0 -7.2 2.7 0 -7.2 1.8 0 -6.3 1.8 0 0.228285 0
0 -7.2 2.7 0 -8.1 2.7 0 -8.1 1.8 0 -7.2 1.8 0 0.200934 0
0 -8.1 2.7 0 -9 2.7 0 -9 1.8 0 -8.1 1.8 0 0.14842 0
0 0 1.8 0 -0.9 1.8 0 -0.9 0.899999 0 0 0.899999 0 0.0511423 0
0 -0.9 1.8 0 -1.8 1.8 0 -1.8 0.899999 0 -0.9 0.899999 0 0.225129 0
0 -1.8 1.8 0 -2.7 1.8 0 -2.7 0.899999 0 -1.8 0.899999 0 0.273156 0
0 -2.7 1.8 0 -3.6 1.8 0 -3.6 0.899999 0 -2.7 0.899999 0 0.322393 0
0 -3.6 1.8 0 -4.5 1.8 0 -4.5 0.899999 0 -3.6 0.899999 0 0.296648 0
0 -4.5 1.8 0 -5.4 1.8 0 -5.4 0.899999 0 -4.5 0.899999 0 0.316276 0
0 -5.4 1.8 0 -6.3 1.8 0 -6.3 0.899999 0 -5.4 0.899999 0 0.240173 0
0 -6.3 1.8 0 -7.2 1.8 0 -7.2 0.899999 0 -6.3 0.899999 0 0.219795 0
0 -7.2 1.8 0 -8.1 1.8 0 -8.1 0.899999 0 -7.2 0.899999 0 0.191844 0
0 -8.1 1.8 0 -9 1.8 0 -9 0.899999 0 -8.1 0.899999 0 0.162668 0
0 0 0.899999 0 -0.9 0.899999 0 -0.9 0 0 0 0 0 0.0293857 0
0 -0.9 0.899999 0 -1.8 0.899999 0 -1.8 0 0 -0.9 0 0 0.164001 0
0 -1.8 0.899999 0 -2.7 0.899999 0 -2.7 0 0 -1.8 0 0 0.183272 0
0 -2.7 0.899999 0 -3.6 0.899999 0 -3.6 0 0 -2.7 0 0 0.289965 0
0 -3.6 0.899999 0 -4.5 0.899999 0 -4.5 0 0 -3.6 0 0 0.253058 0
0 -4.5 0.899999 0 -5.4 0.899999 0 -5.4 0 0 -4.5 0 0 0.266219 0
0 -5.4 0.899999 0 -6.3 0.899999 0 -6.3 0 0 -5.4 0 0 0.240844 0
0 -6.3 0.899999 0 -7.2 0.899999 0 -7.2 0 0 -6.3 0 0 0.166587 0
0 -7.2 0.899999 0 -8.1 0.899999 0 -8.1 0 0 -7.2 0 0 0.177687 0
0 -8.1 0.899999 0 -9 0.899999 0 -9 0 0 -8.1 0 0 0.148045 0
9 0 0 9 -0.9 0 9 -0.9 0.9 9 0 0.9 0.0292415 0 0
9 -0.9 0 9 -1.8 0 9 -1.8 0.9 9 -0.9 0.9 0.162631 0 0
9 -1.8 0 9 -2.7 0 9 -2.7 0.9 9 -1.8 0.9 0.182376 0 0
9 -2.7 0 9 -3.6 0 9 -3.6 0.9 9 -2.7 0.9 0.290621 0 0
9 -3.6 0 9 -4.5 0 9 -4.5 0.9 9 -3.6 0.9 0.252987 0 0
9 -4.5 0 9 -5.4 0 9 -5.4 0.9 9 -4.5 0.9 0.266058 0 0
9 -5.4 0 9 -6.3 0 9 -6.3 0.9 9 -5.4 0.9 0.240577 0 0
9 -6.3 0 9 -7.2 0 9 -7.2 0.9 9 -6.3 0.9 0.165713 0 0
9 -7.2 0 9 -8.1 0 9 -8.1 0.9 9 -7.2 0.9 0.176409 0 0
9 -8.1 0 9 -9 0 9 -9 0.9 9 -8.1 0.9 0.14584 0 0
9 0 0.9 9 -0.9 0.9 9 -0.9 1.8 9 0 1.8 0.0480822 0 0
9 -0.9 0.9 9 -1.8 0.9 9 -1.8 1.8 9 -0.9 1.8 0.227134 0 0
9 -1.8 0.9 9 -2.7 0.9 9 -2.7 1.8 9 -1.8 1.8 0.269009 0 0
9 -2.7 0.9 9 -3.6 0.9 9 -3.6 1.8 9 -2.7 1.8 0.319189 0 0
9 -3.6 0.9 9 -4.5 0.9 9 -4.5 1.8 9 -3.6 1.8 0.293605 0 0
9 -4.5 0.9 9 -5.4 0.9 9 -5.4 1.8 9 -4.5 1.8 0.312928 0 0
9 -5.4 0.9 9 -6.3 0.9 9 -6.3 1.8 9 -5.4 1.8 0.237879 0 0
9 -6.3 0.9 9 -7.2 0.9 9 -7.2 1.8 9 -6.3 1.8 0.217367 0 0
9 -7.2 0.9 9 -8.1 0.9 9 -8.1 1.8 9 -7.2 1.8 0.189792 0 0
9 -8.1 0.9 9 -9 0.9 9 -9 1.8 9 -8.1 1.8 0.160803 0 0
9 0 1.8 9 -0.9 1.8 9 -0.9 2.7 9 0 2.7 0.0577946 0 0
9 -0.9 1.8 9 -1.8 1.8 9 -1.8 2.7 9 -0.9 2.7 0.320676 0 0
9 -1.8 1.8 9 -2.7 1.8 9 -2.7 2.7 9 -1.8 2.7 0.340497 0 0
9 -2.7 1.8 9 -3.6 1.8 9 -3.6 2.7 9 -2.7 2.7 0.412519 0 0
9 -3.6 1.8 9 -4.5 1.8 9 -4.5 2.7 9 -3.6 2.7 0.306967 0 0
9 -4.5 1.8 9 -5.4 1.8 9 -5.4 2.7 9 -4.5 2.7 0.327477 0 0
9 -5.4 1.8 9 -6.3 1.8 9 -6.3 2.7 9 -5.4 2.7 0.297309 0 0
9 -6.3 1.8 9 -7.2 1.8 9 -7.2 2.7 9 -6.3 2.7 0.226151 0 0
9 -7.2 1.8 9 -8.1 1.8 9 -8.1 2.7 9 -7.2 2.7 0.199212 0 0
9 -8.1 1.8 9 -9 1.8 9 -9 2.7 9 -8.1 2.7 0.145293 0 0
9 0 2.7 9 -0.9 2.7 9 -0.9 3.6 9 0 3.6 0.0651713 0 0
9 -0.9 2.7 9 -1.8 2.7 9 -1.8 3.6 9 -0.9 3.6 0.366618 0 0
9 -1.8 2.7 9 -2.7 2.7 9 -2.7 3.6 9 -1.8 3.6 0.39815 0 0
9 -2.7 2.7 9 -3.6 2.7 9 -3.6 3.6 9 -2.7 3.6 0.443745 0 0
9 -3.6 2.7 9 -4.5 2.7 9 -4.5 3.6 9 -3.6 3.6 0.329407 0 0
9 -4.5 2.7 9 -5.4 2.7 9 -5.4 3.6 9 -4.5 3.6 0.351467 0 0
9 -5.4 2.7 9 -6.3 2.7 9 -6.3 3.6 9 -5.4 3.6 0.27781 0 0
9 -6.3 2.7 9 -7.2 2.7 9 -7.2 3.6 9 -6.3 3.6 0.205578 0 0
9 -7.2 2.7 9 -8.1 2.7 9 -8.1 3.6 9 -7.2 3.6 0.207937 0 0
9 -8.1 2.7 9 -9 2.7 9 -9 3.6 9 -8.1 3.6 0.152727 0 0
9 0 3.6 9 -0.9 3.6 9 -0.9 4.5 9 0 4.5 0.0702994 0 0
9 -0.9 3.6 9 -1.8 3.6 9 -1.8 4.5 9 -0.9 4.5 0.418677 0 0
9 -1.8 3.6 9 -2.7 3.6 9 -2.7 4.5 9 -1.8 4.5 0.459875 0 0
9 -2.7 3.6 9 -3.6 3.6 9 -3.6 4.5 9 -2.7 4.5 0.511307 0 0
9 -3.6 3.6 9 -4.5 3.6 9 -4.5 4.5 9 -3.6 4.5 0.379679 0 0
9 -4.5 3.6 9 -5.4 3.6 9 -5.4 4.5 9 -4.5 4.5 0.369994 0 0
9 -5.4 3.6 9 -6.3 3.6 9 -6.3 4.5 9 -5.4 4.5 0.286111 0 0
9 -6.3 3.6 9 -7.2 3.6 9 -7.2 4.5 9 -6.3 4.5 0.241428 0 0
9 -7.2 3.6 9 -8.1 3.6 9 -8.1 4.5 9 -7.2 4.5 0.208687 0 0
9 -8.1 3.6 9 -9 3.6 9 -9 4.5 9 -8.1 4.5 0.152557 0 0
9 0 4.5 9 -0.9 4.5 9 -0.9 5.4 9 0 5.4 0.0707735 0 0
9 -0.9 4.5 9 -1.8 4.5 9 -1.8 5.4 9 -0.9 5.4 0.416151 0 0
9 -1.8 4.5 9 -2.7 4.5 9 -2.7 5.4 9 -1.8 5.4 0.458995 0 0
9 -2.7 4.5 9 -3.6 4.5 9 -3.6 5.4 9 -2.7 5.4 0.505943 0 0
9 -3.6 4.5 9 -4.5 4.5 9 -4.5 5.4 9 -3.6 5.4 0.371309 0 0
9 -4.5 4.5 9 -5.4 4.5 9 -5.4 5.4 9 -4.5 5.4 0.362309 0 0
9 -5.4 4.5 9 -6.3 4.5 9 -6.3 5.4 9 -5.4 5.4 0.277847 0 0
9 -6.3 4.5 9 -7.2 4.5 9 -7.2 5.4 9 -6.3 5.4 0.235532 0 0
9 -7.2 4.5 9 -8.1 4.5 9 -8.1 5.4 9 -7.2 5.4 0.205621 0 0
9 -8.1 4.5 9 -9 4.5 9 -9 5.4 9 -8.1 5.4 0.149666 0 0
9 0 5.4 9 -0.9 5.4 9 -0.9 6.3 9 0 6.3 0.0601438 0 0
9 -0.9 5.4 9 -1.8 5.4 9 -1.8 6.3 9 -0.9 6.3 0.358189 0 0
9 -1.8 5.4 9 -2.7 5.4 9 -2.7 6.3 9 -1.8 6.3 0.383986 0 0
9 -2.7 5.4 9 -3.6 5.4 9 -3.6 6.3 9 -2.7 6.3 0.425405 0 0
9 -3.6 5.4 9 -4.5 5.4 9 -4.5 6.3 9 -3.6 6.3 0.30643 0 0
9 -4.5 5.4 9 -5.4 5.4 9 -5.4 6.3 9 -4.5 6.3 0.330044 0 0
9 -5.4 5.4 9 -6.3 5.4 9 -6.3 6.3 9 -5.4 6.3 0.257071 0 0
9 -6.3 5.4 9 -7.2 5.4 9 -7.2 6.3 9 -6.3 6.3 0.188572 0 0
9 -7.2 5.4 9 -8.1 5.4 9 -8.1 6.3 9 -7.2 6.3 0.194631 0 0
9 -8.1 5.4 9 -9 5.4 9 -9 6.3 9 -8.1 6.3 0.14289 0 0
9 0 6.3 9 -0.9 6.3 9 -0.9 7.2 9 0 7.2 0.0461622 0 0
9 -0.9 6.3 9 -1.8 6.3 9 -1.8 7.2 9 -0.9 7.2 0.305014 0 0
9 -1.8 6.3 9 -2.7 6.3 9 -2.7 7.2 9 -1.8 7.2 0.317469 0 0
9 -2.7 6.3 9 -3.6 6.3 9 -3.6 7.2 9 -2.7 7.2 0.382066 0 0
9 -3.6 6.3 9 -4.5 6.3 9 -4.5 7.2 9 -3.6 7.2 0.274839 0 0
9 -4.5 6.3 9 -5.4 6.3 9 -5.4 7.2 9 -4.5 7.2 0.295514 0 0
9 -5.4 6.3 9 -6.3 6.3 9 -6.3 7.2 9 -5.4 7.2 0.26749 0 0
9 -6.3 6.3 9 -7.2 6.3 9 -7.2 7.2 9 -6.3 7.2 0.202131 0 0
9 -7.2 6.3 9 -8.1 6.3 9 -8.1 7.2 9 -7.2 7.2 0.180582 0 0
9 -8.1 6.3 9 -9 6.3 9 -9 7.2 9 -8.1 7.2 0.131796 0 0
9 0 7.2 9 -0.9 7.2 9 -0.9 8.1 9 0 8.1 0.0312132 0 0
9 -0.9 7.2 9 -1.8 7.2 9 -1.8 8.1 9 -0.9 8.1 0.199555 0 0
9 -1.8 7.2 9 -2.7 7.2 9 -2.7 8.1 9 -1.8 8.1 0.232762 0 0
9 -2.7 7.2 9 -3.6 7.2 9 -3.6 8.1 9 -2.7 8.1 0.275978 0 0
9 -3.6 7.2 9 -4.5 7.2 9 -4.5 8.1 9 -3.6 8.1 0.247655 0 0
9 -4.5 7.2 9 -5.4 7.2 9 -5.4 8.1 9 -4.5 8.1 0.268012 0 0
9 -5.4 7.2 9 -6.3 7.2 9 -6.3 8.1 9 -5.4 8.1 0.197947 0 0
9 -6.3 7.2 9 -7.2 7.2 9 -7.2 8.1 9 -6.3 8.1 0.184398 0 0
9 -7.2 7.2 9 -8.1 7.2 9 -8.1 8.1 9 -7.2 8.1 0.166512 0 0
9 -8.1 7.2 9 -9 7.2 9 -9 8.1 9 -8.1 8.1 0.145037 0 0
9 0 8.1 9 -0.9 8.1 9 -0.9 9 9 0 9 0.0173482 0 0
9 -0.9 8.1 9 -1.8 8.1 9 -1.8 9 9 -0.9 9 0.134706 0 0
9 -1.8 8.1 9 -2.7 8.1 9 -2.7 9 9 -1.8 9 0.140154 0 0
9 -2.7 8.1 9 -3.6 8.1 9 -3.6 9 9 -2.7 9 0.235257 0 0
9 -3.6 8.1 9 -4.5 8.1 9 -4.5 9 9 -3.6 9 0.197579 0 0
9 -4.5 8.1 9 -5.4 8.1 9 -5.4 9 9 -4.5 9 0.210976 0 0
9 -5.4 8.1 9 -6.3 8.1 9 -6.3 9 9 -5.4 9 0.19371 0 0
9 -6.3 8.1 9 -7.2 8.1 9 -7.2 9 9 -6.3 9 0.131551 0 0
9 -7.2 8.1 9 -8.1 8.1 9 -8.1 9 9 -7.2 9 0.147058 0 0
9 -8.1 8.1 9 -9 8.1 9 -9 9 9 -8.1 9 0.129809 0 0
0 0 0 0 -0.9 0 0.9 -0.9 0 0.9 0 0 0.0174178 0.0298615 0.0168815
0 -0.9 0 0 -1.8 0 0.9 -1.8 0 0.9 -0.9 0 0.132329 0.16351 0.131511
0 -1.8 0 0 -2.7 0 0.9 -2.7 0 0.9 -1.8 0 0.138274 0.182969 0.136893
0 -2.7 0 0 -3.6 0 0.9 -3.6 0 0.9 -2.7 0 0.23581 0.2911 0.233518
0 -3.6 0 0 -4.5 0 0.9 -4.5 0 0.9 -3.6 0 0.197408 0.252461 0.194032
0 -4.5 0 0 -5.4 0 0.9 -5.4 0 0.9 -4.5 0 0.210279 0.263173 0.206156
0 -5.4 0 0 -6.3 0 0.9 -6.3 0 0.9 -5.4 0 0.193967 0.240071 0.189266
0 -6.3 0 0 -7.2 0 0.9 -7.2 0 0.9 -6.3 0 0.130845 0.166038 0.125836
0 -7.2 0 0 -8.1 0 0.9 -8.1 0 0.9 -7.2 0 0.146084 0.175265 0.140723
0 -8.1 0 0 -9 0 0.9 -9 0 0.9 -8.1 0 0.127387 0.145592 0.121472
0.9 0 0 0.9 -0.9 0 1.8 -0.9 0 1.8 0 0 0.0293069 0.0513139 0.0279594
0.9 -0.9 0 0.9 -1.8 0 1.8 -1.8 0 1.8 -0.9 0 0.19418 0.225935 0.192574
0.9 -1.8 0 0.9 -2.7 0 1.8 -2.7 0 1.8 -1.8 0 0.229301 0.271976 0.227289
0.9 -2.7 0 0.9 -3.6 0 1.8 -3.6 0 1.8 -2.7 0 0.273573 0.321338 0.270518
0.9 -3.6 0 0.9 -4.5 0 1.8 -4.5 0 1.8 -3.6 0 0.246785 0.297032 0.242722
0.9 -4.5 0 0.9 -5.4 0 1.8 -5.4 0 1.8 -4.5 0 0.267391 0.315238 0.262848
0.9 -5.4 0 0.9 -6.3 0 1.8 -6.3 0 1.8 -5.4 0 0.197781 0.241001 0.19299
0.9 -6.3 0 0.9 -7.2 0 1.8 -7.2 0 1.8 -6.3 0 0.183748 0.219014 0.177343
0.9 -7.2 0 0.9 -8.1 0 1.8 -8.1 0 1.8 -7.2 0 0.165842 0.190233 0.158866
0.9 -8.1 0 0.9 -9 0 1.8 -9 0 1.8 -8.1 0 0.144604 0.161918 0.136906
1.8 0 0 1.8 -0.9 0 2.7 -0.9 0 2.7 0 0 0.0414949 0.0586799 0.0385352
1.8 -0.9 0 1.8 -1.8 0 2.7 -1.8 0 2.7 -0.9 0 0.297509 0.319491 0.294187
1.8 -1.8 0 1.8 -2.7 0 2.7 -2.7 0 2.7 -1.8 0 0.31097 0.339529 0.307361
1.8 -2.7 0 1.8 -3.6 0 2.7 -3.6 0 2.7 -2.7 0 0.379479 0.411782 0.37522
1.8 -3.6 0 1.8 -4.5 0 2.7 -4.5 0 2.7 -3.6 0 0.273445 0.307577 0.267513
1.8 -4.5 0 1.8 -5.4 0 2.7 -5.4 0 2.7 -4.5 0 0.293976 0.327802 0.287555
1.8 -5.4 0 1.8 -6.3 0 2.7 -6.3 0 2.7 -5.4 0 0.267756 0.298497 0.260589
1.8 -6.3 0 1.8 -7.2 0 2.7 -7.2 0 2.7 -6.3 0 0.201531 0.225907 0.19286
1.8 -7.2 0 1.8 -8.1 0 2.7 -8.1 0 2.7 -7.2 0 0.18001 0.198945 0.170248
1.8 -8.1 0 1.8 -9 0 2.7 -9 0 2.7 -8.1 0 0.131411 0.144592 0.121403
2.7 0 0 2.7 -0.9 0 3.6 -0.9 0 3.6 0 0 0.0510386 0.063714 0.0455539
2.7 -0.9 0 2.7 -1.8 0 3.6 -1.8 0 3.6 -0.9 0 0.349513 0.364708 0.343467
2.7 -1.8 0 2.7 -2.7 0 3.6 -2.7 0 3.6 -1.8 0 0.376707 0.395776 0.370679
2.7 -2.7 0 2.7 -3.6 0 3.6 -3.6 0 3.6 -2.7 0 0.421615 0.442735 0.414014
2.7 -3.6 0 2.7 -4.5 0 3.6 -4.5 0 3.6 -3.6 0 0.305085 0.329931 0.29721
2.7 -4.5 0 2.7 -5.4 0 3.6 -5.4 0 3.6 -4.5 0 0.327976 0.351657 0.318379
2.7 -5.4 0 2.7 -6.3 0 3.6 -6.3 0 3.6 -5.4 0 0.256107 0.278946 0.246174
2.7 -6.3 0 2.7 -7.2 0 3.6 -7.2 0 3.6 -6.3 0 0.186775 0.204609 0.17439
2.7 -7.2 0 2.7 -8.1 0 3.6 -8.1 0 3.6 -7.2 0 0.193087 0.207857 0.180785
2.7 -8.1 0 2.7 -9 0 3.6 -9 0 3.6 -8.1 0 0.141866 0.152301 0.12901
3.6 0 0 3.6 -0.9 0 4.5 -0.9 0 4.5 0 0 0.062203 0.0648715 0.0531613
3.6 -0.9 0 3.6 -1.8 0 4.5 -1.8 0 4.5 -0.9 0 0.408873 0.412116 0.398651
3.6 -1.8 0 3.6 -2.7 0 4.5 -2.7 0 4.5 -1.8 0 0.452067 0.45572 0.440557
3.6 -2.7 0 3.6 -3.6 0 4.5 -3.6 0 4.5 -2.7 0 0.503086 0.508895 0.490008
3.6 -3.6 0 3.6 -4.5 0 4.5 -4.5 0 4.5 -3.6 0 0.371135 0.378988 0.35768
3.6 -4.5 0 3.6 -5.4 0 4.5 -5.4 0 4.5 -4.5 0 0.360621 0.36863 0.345384
3.6 -5.4 0 3.6 -6.3 0 4.5 -6.3 0 4.5 -5.4 0 0.278649 0.286006 0.261941
3.6 -6.3 0 3.6 -7.2 0 4.5 -7.2 0 4.5 -6.3 0 0.235257 0.241108 0.217656
3.6 -7.2 0 3.6 -8.1 0 4.5 -8.1 0 4.5 -7.2 0 0.204398 0.208866 0.187244
3.6 -8.1 0 3.6 -9 0 4.5 -9 0 4.5 -8.1 0 0.149162 0.152243 0.132575
4.5 0 0 4.5 -0.9 0 5.4 -0.9 0 5.4 0 0 0.0651332 0.0621588 0.0532692
4.5 -0.9 0 4.5 -1.8 0 5.4 -1.8 0 5.4 -0.9 0 0.414252 0.41047 0.40034
4.5 -1.8 0 4.5 -2.7 0 5.4 -2.7 0 5.4 -1.8 0 0.457203 0.452877 0.44138
4.5 -2.7 0 4.5 -3.6 0 5.4 -3.6 0 5.4 -2.7 0 0.509002 0.502775 0.489731
4.5 -3.6 0 4.5 -4.5 0 5.4 -4.5 0 5.4 -3.6 0 0.37929 0.370921 0.357561
4.5 -4.5 0 4.5 -5.4 0 5.4 -5.4 0 5.4 -4.5 0 0.369574 0.360238 0.34501
4.5 -5.4 0 4.5 -6.3 0 5.4 -6.3 0 5.4 -5.4 0 0.286614 0.278787 0.262081
4.5 -6.3 0 4.5 -7.2 0 5.4 -7.2 0 5.4 -6.3 0 0.24103 0.235322 0.217387
4.5 -7.2 0 4.5 -8.1 0 5.4 -8.1 0 5.4 -7.2 0 0.208768 0.204788 0.187155
4.5 -8.1 0 4.5 -9 0 5.4 -9 0 5.4 -8.1 0 0.152345 0.149171 0.132589
5.4 0 0 5.4 -0.9 0 6.3 -0.9 0 6.3 0 0 0.0640766 0.0514702 0.0460275
5.4 -0.9 0 5.4 -1.8 0 6.3 -1.8 0 6.3 -0.9 0 0.365077 0.349628 0.343667
5.4 -1.8 0 5.4 -2.7 0 6.3 -2.7 0 6.3 -1.8 0 0.396115 0.377282 0.371142
5.4 -2.7 0 5.4 -3.6 0 6.3 -3.6 0 6.3 -2.7 0 0.443615 0.421818 0.414237
5.4 -3.6 0 5.4 -4.5 0 6.3 -4.5 0 6.3 -3.6 0 0.330597 0.305031 0.297464
5.4 -4.5 0 5.4 -5.4 0 6.3 -5.4 0 6.3 -4.5 0 0.351837 0.327939 0.318498
5.4 -5.4 0 5.4 -6.3 0 6.3 -6.3 0 6.3 -5.4 0 0.279688 0.256292 0.246484
5.4 -6.3 0 5.4 -7.2 0 6.3 -7.2 0 6.3 -6.3 0 0.205849 0.187428 0.175202
5.4 -7.2 0 5.4 -8.1 0 6.3 -8.1 0 6.3 -7.2 0 0.208224 0.193426 0.181036
5.4 -8.1 0 5.4 -9 0 6.3 -9 0 6.3 -8.1 0 0.152111 0.141775 0.129009
6.3 0 0 6.3 -0.9 0 7.2 -0.9 0 7.2 0 0 0.0601802 0.0407266 0.0385551
6.3 -0.9 0 6.3 -1.8 0 7.2 -1.8 0 7.2 -0.9 0 0.334278 0.308859 0.306349
6.3 -1.8 0 6.3 -2.7 0 7.2 -2.7 0 7.2 -1.8 0 0.342319 0.311073 0.308199
6.3 -2.7 0 6.3 -3.6 0 7.2 -3.6 0 7.2 -2.7 0 0.415185 0.378503 0.374923
6.3 -3.6 0 6.3 -4.5 0 7.2 -4.5 0 7.2 -3.6 0 0.310466 0.273298 0.267728
6.3 -4.5 0 6.3 -5.4 0 7.2 -5.4 0 7.2 -4.5 0 0.329915 0.293848 0.287498
6.3 -5.4 0 6.3 -6.3 0 7.2 -6.3 0 7.2 -5.4 0 0.300578 0.268166 0.261
6.3 -6.3 0 6.3 -7.2 0 7.2 -7.2 0 7.2 -6.3 0 0.228485 0.201443 0.192789
6.3 -7.2 0 6.3 -8.1 0 7.2 -8.1 0 7.2 -7.2 0 0.201386 0.180301 0.170625
6.3 -8.1 0 6.3 -9 0 7.2 -9 0 7.2 -8.1 0 0.14585 0.131044 0.12112
7.2 0 0 7.2 -0.9 0 8.1 -0.9 0 8.1 0 0 0.0496174 0.0279829 0.027119
7.2 -0.9 0 7.2 -1.8 0 8.1 -1.8 0 8.1 -0.9 0 0.22448 0.192934 0.1918
7.2 -1.8 0 7.2 -2.7 0 8.1 -2.7 0 8.1 -1.8 0 0.270016 0.22862 0.226933
7.2 -2.7 0 7.2 -3.6 0 8.1 -3.6 0 8.1 -2.7 0 0.321691 0.273187 0.270494
7.2 -3.6 0 7.2 -4.5 0 8.1 -4.5 0 8.1 -3.6 0 0.297365 0.246294 0.242455
7.2 -4.5 0 7.2 -5.4 0 8.1 -5.4 0 8.1 -4.5 0 0.316336 0.267677 0.263213
7.2 -5.4 0 7.2 -6.3 0 8.1 -6.3 0 8.1 -5.4 0 0.24129 0.197686 0.192911
7.2 -6.3 0 7.2 -7.2 0 8.1 -7.2 0 8.1 -6.3 0 0.219915 0.184291 0.177924
7.2 -7.2 0 7.2 -8.1 0 8.1 -8.1 0 8.1 -7.2 0 0.191427 0.165652 0.158694
7.2 -8.1 0 7.2 -9 0 8.1 -9 0 8.1 -8.1 0 0.162438 0.144494 0.136879
8.1 0 0 8.1 -0.9 0 9 -0.9 0 9 0 0 0.0294198 0.0163574 0.0163574
8.1 -0.9 0 8.1 -1.8 0 9 -1.8 0 9 -0.9 0 0.164572 0.131327 0.131015
8.1 -1.8 0 8.1 -2.7 0 9 -2.7 0 9 -1.8 0 0.183085 0.137358 0.1364
8.1 -2.7 0 8.1 -3.6 0 9 -3.6 0 9 -2.7 0 0.290646 0.233215 0.231239
8.1 -3.6 0 8.1 -4.5 0 9 -4.5 0 9 -3.6 0 0.254014 0.197087 0.19389
8.1 -4.5 0 8.1 -5.4 0 9 -5.4 0 9 -4.5 0 0.265513 0.210651 0.206533
8.1 -5.4 0 8.1 -6.3 0 9 -6.3 0 9 -5.4 0 0.241579 0.194287 0.189593
8.1 -6.3 0 8.1 -7.2 0 9 -7.2 0 9 -6.3 0 0.166132 0.130658 0.12566
8.1 -7.2 0 8.1 -8.1 0 9 -8.1 0 9 -7.2 0 0.177164 0.147123 0.141826
8.1 -8.1 0 8.1 -9 0 9 -9 0 9 -8.1 0 0.14695 0.128316 0.122537
0 -9 0 0 -9 0.9 0.9 -9 0.9 0.9 -9 0 0.162714 0.186328 0.162526
0 -9 0.9 0 -9 1.8 0.9 -9 1.8 0.9 -9 0.9 0.164393 0.195329 0.163799
0 -9 1.8 0 -9 2.7 0.9 -9 2.7 0.9 -9 1.8 0.178618 0.210344 0.177389
0 -9 2.7 0 -9 3.6 0.9 -9 3.6 0.9 -9 2.7 0.168528 0.201665 0.166671
0 -9 3.6 0 -9 4.5 0.9 -9 4.5 0.9 -9 3.6 0.167684 0.202671 0.166448
0 -9 4.5 0 -9 5.4 0.9 -9 5.4 0.9 -9 4.5 0.163701 0.199053 0.16283
0 -9 5.4 0 -9 6.3 0.9 -9 6.3 0.9 -9 5.4 0.152544 0.186585 0.151559
0 -9 6.3 0 -9 7.2 0.9 -9 7.2 0.9 -9 6.3 0.142453 0.174026 0.141068
0 -9 7.2 0 -9 8.1 0.9 -9 8.1 0.9 -9 7.2 0.151222 0.179643 0.148639
0 -9 8.1 0 -9 9 0.9 -9 9 0.9 -9 8.1 0.150875 0.169822 0.146484
0.9 -9 0 0.9 -9 0.9 1.8 -9 0.9 1.8 -9 0 0.175111 0.19594 0.174231
0.9 -9 0.9 0.9 -9 1.8 1.8 -9 1.8 1.8 -9 0.9 0.153617 0.183623 0.152465
0.9 -9 1.8 0.9 -9 2.7 1.8 -9 2.7 1.8 -9 1.8 0.119665 0.154948 0.117814
0.9 -9 2.7 0.9 -9 3.6 1.8 -9 3.6 1.8 -9 2.7 0.123399 0.161765 0.121238
0.9 -9 3.6 0.9 -9 4.5 1.8 -9 4.5 1.8 -9 3.6 0.117117 0.158245 0.116273
0.9 -9 4.5 0.9 -9 5.4 1.8 -9 5.4 1.8 -9 4.5 0.110996 0.152257 0.110124
0.9 -9 5.4 0.9 -9 6.3 1.8 -9 6.3 1.8 -9 5.4 0.10177 0.141125 0.100276
0.9 -9 6.3 0.9 -9 7.2 1.8 -9 7.2 1.8 -9 6.3 0.118907 0.153343 0.116306
0.9 -9 7.2 0.9 -9 8.1 1.8 -9 8.1 1.8 -9 7.2 0.128984 0.155959 0.124798
0.9 -9 8.1 0.9 -9 9 1.8 -9 9 1.8 -9 8.1 0.149252 0.169563 0.144152
1.8 -9 0 1.8 -9 0.9 2.7 -9 0.9 2.7 -9 0 0.171786 0.188582 0.169604
1.8 -9 0.9 1.8 -9 1.8 2.7 -9 1.8 2.7 -9 0.9 0.129691 0.152624 0.127312
1.8 -9 1.8 1.8 -9 2.7 2.7 -9 2.7 2.7 -9 1.8 0.0512608 0.0796901 0.0485714
1.8 -9 2.7 1.8 -9 3.6 2.7 -9 3.6 2.7 -9 2.7 0.0450678 0.0749176 0.0417638
1.8 -9 3.6 1.8 -9 4.5 2.7 -9 4.5 2.7 -9 3.6 0.0347539 0.0676311 0.0332723
1.8 -9 4.5 1.8 -9 5.4 2.7 -9 5.4 2.7 -9 4.5 0.0255505 0.0586912 0.0240331
1.8 -9 5.4 1.8 -9 6.3 2.7 -9 6.3 2.7 -9 5.4 0.0202149 0.0511862 0.0175022
1.8 -9 6.3 1.8 -9 7.2 2.7 -9 7.2 2.7 -9 6.3 0.0183335 0.0451355 0.0140069
1.8 -9 7.2 1.8 -9 8.1 2.7 -9 8.1 2.7 -9 7.2 0.100184 0.122056 0.0941888
1.8 -9 8.1 1.8 -9 9 2.7 -9 9 2.7 -9 8.1 0.147038 0.162123 0.138376
2.7 -9 0 2.7 -9 0.9 3.6 -9 0.9 3.6 -9 0 0.184573 0.197068 0.179924
2.7 -9 0.9 2.7 -9 1.8 3.6 -9 1.8 3.6 -9 0.9 0.140664 0.157681 0.136468
2.7 -9 1.8 2.7 -9 2.7 3.6 -9 2.7 3.6 -9 1.8 0.0540968 0.0744736 0.0493185
2.7 -9 2.7 2.7 -9 3.6 3.6 -9 3.6 3.6 -9 2.7 0.0431773 0.0677144 0.0391408
2.7 -9 3.6 2.7 -9 4.5 3.6 -9 4.5 3.6 -9 3.6 0.0235503 0.0519313 0.0215587
2.7 -9 4.5 2.7 -9 5.4 3.6 -9 5.4 3.6 -9 4.5 0.0140871 0.0422677 0.0118943
2.7 -9 5.4 2.7 -9 6.3 3.6 -9 6.3 3.6 -9 5.4 0.0127707 0.0381995 0.00853567
2.7 -9 6.3 2.7 -9 7.2 3.6 -9 7.2 3.6 -9 6.3 0.0161682 0.0373326 0.00933045
2.7 -9 7.2 2.7 -9 8.1 3.6 -9 8.1 3.6 -9 7.2 0.105219 0.121722 0.0959217
2.7 -9 8.1 2.7 -9 9 3.6 -9 9 3.6 -9 8.1 0.156226 0.166902 0.144185
3.6 -9 0 3.6 -9 0.9 4.5 -9 0.9 4.5 -9 0 0.190923 0.196025 0.1823
3.6 -9 0.9 3.6 -9 1.8 4.5 -9 1.8 4.5 -9 0.9 0.145372 0.152424 0.137254
3.6 -9 1.8 3.6 -9 2.7 4.5 -9 2.7 4.5 -9 1.8 0.0564025 0.0637825 0.0485765
3.6 -9 2.7 3.6 -9 3.6 4.5 -9 3.6 4.5 -9 2.7 0.0455167 0.0488328 0.0396465
3.6 -9 3.6 3.6 -9 4.5 4.5 -9 4.5 4.5 -9 3.6 0.0197222 0.0236175 0.0168538
3.6 -9 4.5 3.6 -9 5.4 4.5 -9 5.4 4.5 -9 4.5 0.00838069 0.0121864 0.00495251
3.6 -9 5.4 3.6 -9 6.3 4.5 -9 6.3 4.5 -9 5.4 0.00947167 0.015468 0.00337925
3.6 -9 6.3 3.6 -9 7.2 4.5 -9 7.2 4.5 -9 6.3 0.0135655 0.0226251 0.00315111
3.6 -9 7.2 3.6 -9 8.1 4.5 -9 8.1 4.5 -9 7.2 0.106326 0.11406 0.0924609
3.6 -9 8.1 3.6 -9 9 4.5 -9 9 4.5 -9 8.1 0.161214 0.165437 0.145102
4.5 -9 0 4.5 -9 0.9 5.4 -9 0.9 5.4 -9 0 0.197581 0.192545 0.183931
4.5 -9 0.9 4.5 -9 1.8 5.4 -9 1.8 5.4 -9 0.9 0.154635 0.147662 0.13956
4.5 -9 1.8 4.5 -9 2.7 5.4 -9 2.7 5.4 -9 1.8 0.0632898 0.0564133 0.0486185
4.5 -9 2.7 4.5 -9 3.6 5.4 -9 3.6 5.4 -9 2.7 0.0491572 0.0451103 0.0396371
4.5 -9 3.6 4.5 -9 4.5 5.4 -9 4.5 5.4 -9 3.6 0.0236176 0.0197222 0.0168539
4.5 -9 4.5 4.5 -9 5.4 5.4 -9 5.4 5.4 -9 4.5 0.0121864 0.00838069 0.00495251
4.5 -9 5.4 4.5 -9 6.3 5.4 -9 6.3 5.4 -9 5.4 0.0153944 0.00962782 0.00352316
4.5 -9 6.3 4.5 -9 7.2 5.4 -9 7.2 5.4 -9 6.3 0.024702 0.0158071 0.00536758
4.5 -9 7.2 4.5 -9 8.1 5.4 -9 8.1 5.4 -9 7.2 0.112122 0.104423 0.0905456
4.5 -9 8.1 4.5 -9 9 5.4 -9 9 5.4 -9 8.1 0.167561 0.163681 0.147564
5.4 -9 0 5.4 -9 0.9 6.3 -9 0.9 6.3 -9 0 0.19251 0.180003 0.175366
5.4 -9 0.9 5.4 -9 1.8 6.3 -9 1.8 6.3 -9 0.9 0.153507 0.136477 0.132294
5.4 -9 1.8 5.4 -9 2.7 6.3 -9 2.7 6.3 -9 1.8 0.0717741 0.0513668 0.0466145
5.4 -9 2.7 5.4 -9 3.6 6.3 -9 3.6 6.3 -9 2.7 0.0677842 0.0423915 0.0387502
5.4 -9 3.6 5.4 -9 4.5 6.3 -9 4.5 6.3 -9 3.6 0.0505626 0.022138 0.0201464
5.4 -9 4.5 5.4 -9 5.4 6.3 -9 5.4 6.3 -9 4.5 0.0423136 0.0140993 0.0119065
5.4 -9 5.4 5.4 -9 6.3 6.3 -9 6.3 6.3 -9 5.4 0.0386879 0.0129609 0.00871569
5.4 -9 6.3 5.4 -9 7.2 6.3 -9 7.2 6.3 -9 6.3 0.0385562 0.0173491 0.0104905
5.4 -9 7.2 5.4 -9 8.1 6.3 -9 8.1 6.3 -9 7.2 0.114654 0.0983559 0.0888537
5.4 -9 8.1 5.4 -9 9 6.3 -9 9 6.3 -9 8.1 0.16401 0.153343 0.141293
6.3 -9 0 6.3 -9 0.9 7.2 -9 0.9 7.2 -9 0 0.185399 0.168592 0.166421
6.3 -9 0.9 6.3 -9 1.8 7.2 -9 1.8 7.2 -9 0.9 0.149819 0.126876 0.124506
6.3 -9 1.8 6.3 -9 2.7 7.2 -9 2.7 7.2 -9 1.8 0.0980448 0.0698285 0.0671604
6.3 -9 2.7 6.3 -9 3.6 7.2 -9 3.6 7.2 -9 2.7 0.070993 0.0406464 0.0376716
6.3 -9 3.6 6.3 -9 4.5 7.2 -9 4.5 7.2 -9 3.6 0.0631734 0.0300605 0.0285789
6.3 -9 4.5 6.3 -9 5.4 7.2 -9 5.4 7.2 -9 4.5 0.0540283 0.0207938 0.0192765
6.3 -9 5.4 6.3 -9 6.3 7.2 -9 6.3 7.2 -9 5.4 0.0479725 0.0168789 0.0141578
6.3 -9 6.3 6.3 -9 7.2 7.2 -9 7.2 7.2 -9 6.3 0.046801 0.0195901 0.0152464
6.3 -9 7.2 6.3 -9 8.1 7.2 -9 8.1 7.2 -9 7.2 0.117446 0.0954732 0.0894697
6.3 -9 8.1 6.3 -9 9 7.2 -9 9 7.2 -9 8.1 0.159461 0.144383 0.135714
7.2 -9 0 7.2 -9 0.9 8.1 -9 0.9 8.1 -9 0 0.196315 0.175905 0.175033
7.2 -9 0.9 7.2 -9 1.8 8.1 -9 1.8 8.1 -9 0.9 0.185433 0.155787 0.154644
7.2 -9 1.8 7.2 -9 2.7 8.1 -9 2.7 8.1 -9 1.8 0.178538 0.143387 0.141555
7.2 -9 2.7 7.2 -9 3.6 8.1 -9 3.6 8.1 -9 2.7 0.159957 0.123231 0.12108
7.2 -9 3.6 7.2 -9 4.5 8.1 -9 4.5 8.1 -9 3.6 0.157768 0.118124 0.117279
7.2 -9 4.5 7.2 -9 5.4 8.1 -9 5.4 8.1 -9 4.5 0.152479 0.112732 0.11186
7.2 -9 5.4 7.2 -9 6.3 8.1 -9 6.3 8.1 -9 5.4 0.1381 0.100362 0.0988617
7.2 -9 6.3 7.2 -9 7.2 8.1 -9 7.2 8.1 -9 6.3 0.151157 0.118225 0.11561
7.2 -9 7.2 7.2 -9 8.1 8.1 -9 8.1 8.1 -9 7.2 0.159684 0.133033 0.128839
7.2 -9 8.1 7.2 -9 9 8.1 -9 9 8.1 -9 8.1 0.168607 0.149339 0.144231
8.1 -9 0 8.1 -9 0.9 9 -9 0.9 9 -9 0 0.187119 0.164529 0.164342
8.1 -9 0.9 8.1 -9 1.8 9 -9 1.8 9 -9 0.9 0.198713 0.16793 0.167337
8.1 -9 1.8 8.1 -9 2.7 9 -9 2.7 9 -9 1.8 0.192134 0.160417 0.159189
8.1 -9 2.7 8.1 -9 3.6 9 -9 3.6 9 -9 2.7 0.200763 0.16763 0.165774
8.1 -9 3.6 8.1 -9 4.5 9 -9 4.5 9 -9 3.6 0.203215 0.168237 0.167001
8.1 -9 4.5 8.1 -9 5.4 9 -9 5.4 9 -9 4.5 0.201415 0.166073 0.165201
8.1 -9 5.4 8.1 -9 6.3 9 -9 6.3 9 -9 5.4 0.186323 0.152318 0.151334
8.1 -9 6.3 8.1 -9 7.2 9 -9 7.2 9 -9 6.3 0.176072 0.144512 0.143127
8.1 -9 7.2 8.1 -9 8.1 9 -9 8.1 9 -9 7.2 0.178615 0.150013 0.147428
8.1 -9 8.1 8.1 -9 9 9 -9 9 9 -9 8.1 0.166771 0.147341 0.142949
3 -4 3 3 -4 3.3 3.3 -4 3.3 3.3 -4 3 1.01351 1.02235 1.0111
3 -4 3.3 3 -4 3.6 3.3 -4 3.6 3.3 -4 3.3 1.17719 1.18603 1.1741
3 -4 3.6 3 -4 3.9 3.3 -4 3.9 3.3 -4 3.6 1.24808 1.25756 1.24473
3 -4 3.9 3 -4 4.2 3.3 -4 4.2 3.3 -4 3.9 1.29722 1.30656 1.2931
3 -4 4.2 3 -4 4.5 3.3 -4 4.5 3.3 -4 4.2 1.17824 1.18815 1.17383
3 -4 4.5 3 -4 4.8 3.3 -4 4.8 3.3 -4 4.5 1.17893 1.18884 1.17371
3 -4 4.8 3 -4 5.1 3.3 -4 5.1 3.3 -4 4.8 1.28905 1.2994 1.28353
3 -4 5.1 3 -4 5.4 3.3 -4 5.4 3.3 -4 5.1 1.24798 1.25828 1.24163
3 -4 5.4 3 -4 5.7 3.3 -4 5.7 3.3 -4 5.4 1.1736 1.18399 1.16693
3 -4 5.7 3 -4 6 3.3 -4 6 3.3 -4 5.7 1.00223 1.01234 0.99479
3.3 -4 3 3.3 -4 3.3 3.6 -4 3.3 3.6 -4 3 1.18357 1.18979 1.18022
3.3 -4 3.3 3.3 -4 3.6 3.6 -4 3.6 3.6 -4 3.3 1.37736 1.38442 1.3737
3.3 -4 3.6 3.3 -4 3.9 3.6 -4 3.9 3.6 -4 3.6 1.46241 1.4691 1.45788
3.3 -4 3.9 3.3 -4 4.2 3.6 -4 4.2 3.6 -4 3.9 1.52068 1.52784 1.51587
3.3 -4 4.2 3.3 -4 4.5 3.6 -4 4.5 3.6 -4 4.2 1.38122 1.38828 1.3755
3.3 -4 4.5 3.3 -4 4.8 3.6 -4 4.8 3.6 -4 4.5 1.38137 1.38874 1.37517
3.3 -4 4.8 3.3 -4 5.1 3.6 -4 5.1 3.6 -4 4.8 1.51235 1.51951 1.50538
3.3 -4 5.1 3.3 -4 5.4 3.6 -4 5.4 3.6 -4 5.1 1.4627 1.47005 1.45519
3.3 -4 5.4 3.3 -4 5.7 3.6 -4 5.7 3.6 -4 5.4 1.37426 1.38141 1.36582
3.3 -4 5.7 3.3 -4 6 3.6 -4 6 3.6 -4 5.7 1.17204 1.17922 1.16321
3.6 -4 3 3.6 -4 3.3 3.9 -4 3.3 3.9 -4 3 1.25892 1.263 1.25534
3.6 -4 3.3 3.6 -4 3.6 3.9 -4 3.6 3.9 -4 3.3 1.4669 1.4709 1.46255
3.6 -4 3.6 3.6 -4 3.9 3.9 -4 3.9 3.9 -4 3.6 1.55959 1.56462 1.55505
3.6 -4 3.9 3.6 -4 4.2 3.9 -4 4.2 3.9 -4 3.9 1.62315 1.62783 1.61768
3.6 -4 4.2 3.6 -4 4.5 3.9 -4 4.5 3.9 -4 4.2 1.47436 1.47918 1.46842
3.6 -4 4.5 3.6 -4 4.8 3.9 -4 4.8 3.9 -4 4.5 1.47448 1.47947 1.46777
3.6 -4 4.8 3.6 -4 5.1 3.9 -4 5.1 3.9 -4 4.8 1.61508 1.61998 1.60773
3.6 -4 5.1 3.6 -4 5.4 3.9 -4 5.4 3.9 -4 5.1 1.56013 1.56465 1.5519
3.6 -4 5.4 3.6 -4 5.7 3.9 -4 5.7 3.9 -4 5.4 1.46387 1.4687 1.45511
3.6 -4 5.7 3.6 -4 6 3.9 -4 6 3.9 -4 5.7 1.24707 1.25207 1.23795
3.9 -4 3 3.9 -4 3.3 4.2 -4 3.3 4.2 -4 3 1.30555 1.30833 1.30144
3.9 -4 3.3 3.9 -4 3.6 4.2 -4 3.6 4.2 -4 3.3 1.52243 1.52559 1.51774
3.9 -4 3.6 3.9 -4 3.9 4.2 -4 3.9 4.2 -4 3.6 1.62123 1.62386 1.61552
3.9 -4 3.9 3.9 -4 4.2 4.2 -4 4.2 4.2 -4 3.9 1.68721 1.69069 1.68118
3.9 -4 4.2 3.9 -4 4.5 4.2 -4 4.5 4.2 -4 4.2 1.53244 1.53556 1.52555
3.9 -4 4.5 3.9 -4 4.8 4.2 -4 4.8 4.2 -4 4.5 1.53361 1.53688 1.52613
3.9 -4 4.8 3.9 -4 5.1 4.2 -4 5.1 4.2 -4 4.8 1.67896 1.68215 1.67066
3.9 -4 5.1 3.9 -4 5.4 4.2 -4 5.4 4.2 -4 5.1 1.62103 1.62426 1.61214
3.9 -4 5.4 3.9 -4 5.7 4.2 -4 5.7 4.2 -4 5.4 1.5196 1.52288 1.51008
3.9 -4 5.7 3.9 -4 6 4.2 -4 6 4.2 -4 5.7 1.29402 1.29763 1.28405
4.2 -4 3 4.2 -4 3.3 4.5 -4 3.3 4.5 -4 3 1.19155 1.19176 1.18627
4.2 -4 3.3 4.2 -4 3.6 4.5 -4 3.6 4.5 -4 3.3 1.38737 1.38834 1.38177
4.2 -4 3.6 4.2 -4 3.9 4.5 -4 3.9 4.5 -4 3.6 1.47611 1.47713 1.46982
4.2 -4 3.9 4.2 -4 4.2 4.5 -4 4.2 4.5 -4 3.9 1.53783 1.53784 1.53021
4.2 -4 4.2 4.2 -4 4.5 4.5 -4 4.5 4.5 -4 4.2 1.39901 1.40025 1.39125
4.2 -4 4.5 4.2 -4 4.8 4.5 -4 4.8 4.5 -4 4.5 1.39936 1.40001 1.39051
4.2 -4 4.8 4.2 -4 5.1 4.5 -4 5.1 4.5 -4 4.8 1.52934 1.52934 1.51947
4.2 -4 5.1 4.2 -4 5.4 4.5 -4 5.4 4.5 -4 5.1 1.477 1.47784 1.4669
4.2 -4 5.4 4.2 -4 5.7 4.5 -4 5.7 4.5 -4 5.4 1.38479 1.38534 1.37387
4.2 -4 5.7 4.2 -4 6 4.5 -4 6 4.5 -4 5.7 1.18037 1.18057 1.16875
4.5 -4 3 4.5 -4 3.3 4.8 -4 3.3 4.8 -4 3 1.19178 1.19154 1.18627
4.5 -4 3.3 4.5 -4 3.6 4.8 -4 3.6 4.8 -4 3.3 1.38836 1.38735 1.38178
4.5 -4 3.6 4.5 -4 3.9 4.8 -4 3.9 4.8 -4 3.6 1.47716 1.4761 1.46982
4.5 -4 3.9 4.5 -4 4.2 4.8 -4 4.2 4.8 -4 3.9 1.53787 1.53781 1.53022
4.5 -4 4.2 4.5 -4 4.5 4.8 -4 4.5 4.8 -4 4.2 1.40026 1.39898 1.39124
4.5 -4 4.5 4.5 -4 4.8 4.8 -4 4.8 4.8 -4 4.5 1.40004 1.39932 1.3905
4.5 -4 4.8 4.5 -4 5.1 4.8 -4 5.1 4.8 -4 4.8 1.52937 1.52931 1.51947
4.5 -4 5.1 4.5 -4 5.4 4.8 -4 5.4 4.8 -4 5.1 1.47788 1.47699 1.46691
4.5 -4 5.4 4.5 -4 5.7 4.8 -4 5.7 4.8 -4 5.4 1.38538 1.38478 1.37388
4.5 -4 5.7 4.5 -4 6 4.8 -4 6 4.8 -4 5.7 1.18059 1.18033 1.16875
4.8 -4 3 4.8 -4 3.3 5.1 -4 3.3 5.1 -4 3 1.30837 1.30555 1.30146
4.8 -4 3.3 4.8 -4 3.6 5.1 -4 3.6 5.1 -4 3.3 1.52564 1.52244 1.51777
4.8 -4 3.6 4.8 -4 3.9 5.1 -4 3.9 5.1 -4 3.6 1.6239 1.62121 1.61552
4.8 -4 3.9 4.8 -4 4.2 5.1 -4 4.2 5.1 -4 3.9 1.69078 1.68722 1.68121
4.8 -4 4.2 4.8 -4 4.5 5.1 -4 4.5 5.1 -4 4.2 1.5356 1.53242 1.52556
4.8 -4 4.5 4.8 -4 4.8 5.1 -4 4.8 5.1 -4 4.5 1.53692 1.53359 1.52614
4.8 -4 4.8 4.8 -4 5.1 5.1 -4 5.1 5.1 -4 4.8 1.68221 1.67896 1.67067
4.8 -4 5.1 4.8 -4 5.4 5.1 -4 5.4 5.1 -4 5.1 1.62431 1.62099 1.61213
4.8 -4 5.4 4.8 -4 5.7 5.1 -4 5.7 5.1 -4 5.4 1.52292 1.51957 1.51008
4.8 -4 5.7 4.8 -4 6 5.1 -4 6 5.1 -4 5.7 1.29767 1.29399 1.28406
5.1 -4 3 5.1 -4 3.3 5.4 -4 3.3 5.4 -4 3 1.26304 1.25893 1.25536
5.1 -4 3.3 5.1 -4 3.6 5.4 -4 3.6 5.4 -4 3.3 1.47094 1.46691 1.46257
5.1 -4 3.6 5.1 -4 3.9 5.4 -4 3.9 5.4 -4 3.6 1.56465 1.55958 1.55507
5.1 -4 3.9 5.1 -4 4.2 5.4 -4 4.2 5.4 -4 3.9 1.62785 1.62314 1.61769
5.1 -4 4.2 5.1 -4 4.5 5.4 -4 4.5 5.4 -4 4.2 1.47922 1.47434 1.46843
5.1 -4 4.5 5.1 -4 4.8 5.4 -4 4.8 5.4 -4 4.5 1.47951 1.47447 1.46778
5.1 -4 4.8 5.1 -4 5.1 5.4 -4 5.1 5.4 -4 4.8 1.62001 1.61506 1.60774
5.1 -4 5.1 5.1 -4 5.4 5.4 -4 5.4 5.4 -4 5.1 1.56469 1.56011 1.55191
5.1 -4 5.4 5.1 -4 5.7 5.4 -4 5.7 5.4 -4 5.4 1.46875 1.46386 1.45513
5.1 -4 5.7 5.1 -4 6 5.4 -4 6 5.4 -4 5.7 1.25209 1.24703 1.23794
5.4 -4 3 5.4 -4 3.3 5.7 -4 3.3 5.7 -4 3 1.18985 1.1836 1.18025
5.4 -4 3.3 5.4 -4 3.6 5.7 -4 3.6 5.7 -4 3.3 1.38448 1.37737 1.37373
5.4 -4 3.6 5.4 -4 3.9 5.7 -4 3.9 5.7 -4 3.6 1.46917 1.46241 1.45789
5.4 -4 3.9 5.4 -4 4.2 5.7 -4 4.2 5.7 -4 3.9 1.52791 1.52068 1.51589
5.4 -4 4.2 5.4 -4 4.5 5.7 -4 4.5 5.7 -4 4.2 1.38833 1.38121 1.37551
5.4 -4 4.5 5.4 -4 4.8 5.7 -4 4.8 5.7 -4 4.5 1.38879 1.38137 1.37518
5.4 -4 4.8 5.4 -4 5.1 5.7 -4 5.1 5.7 -4 4.8 1.51954 1.51232 1.50537
5.4 -4 5.1 5.4 -4 5.4 5.7 -4 5.4 5.7 -4 5.1 1.47011 1.46269 1.4552
5.4 -4 5.4 5.4 -4 5.7 5.7 -4 5.7 5.7 -4 5.4 1.38146 1.37424 1.36583
5.4 -4 5.7 5.4 -4 6 5.7 -4 6 5.7 -4 5.7 1.17926 1.17204 1.16322
5.7 -4 3 5.7 -4 3.3 6 -4 3.3 6 -4 3 1.02241 1.01356 1.01115
5.7 -4 3.3 5.7 -4 3.6 6 -4 3.6 6 -4 3.3 1.18609 1.17723 1.17414
5.7 -4 3.6 5.7 -4 3.9 6 -4 3.9 6 -4 3.6 1.25762 1.2481 1.24475
5.7 -4 3.9 5.7 -4 4.2 6 -4 4.2 6 -4 3.9 1.30663 1.29723 1.29313
5.7 -4 4.2 5.7 -4 4.5 6 -4 4.5 6 -4 4.2 1.18821 1.17825 1.17385
5.7 -4 4.5 5.7 -4 4.8 6 -4 4.8 6 -4 4.5 1.1889 1.17893 1.17373
5.7 -4 4.8 5.7 -4 5.1 6 -4 5.1 6 -4 4.8 1.29946 1.28906 1.28354
5.7 -4 5.1 5.7 -4 5.4 6 -4 5.4 6 -4 5.1 1.25833 1.24798 1.24164
5.7 -4 5.4 5.7 -4 5.7 6 -4 5.7 6 -4 5.4 1.18403 1.1736 1.16694
5.7 -4 5.7 5.7 -4 6 6 -4 6 6 -4 5.7 1.01236 1.00221 0.994788
6 -8 3 6 -8 3.3 5.7 -8 3.3 5.7 -8 3 0.0118425 0.010509 0.0100094
6 -8 3.3 6 -8 3.6 5.7 -8 3.6 5.7 -8 3.3 0.0107719 0.00956837 0.00894699
6 -8 3.6 6 -8 3.9 5.7 -8 3.9 5.7 -8 3.6 0.00948169 0.00825613 0.00761426
6 -8 3.9 6 -8 4.2 5.7 -8 4.2 5.7 -8 3.9 0.00815757 0.0070467 0.0062879
6 -8 4.2 6 -8 4.5 5.7 -8 4.5 5.7 -8 4.2 0.00887324 0.00780107 0.00701972
6 -8 4.5 6 -8 4.8 5.7 -8 4.8 5.7 -8 4.5 0.00855568 0.00760421 0.00671354
6 -8 4.8 6 -8 5.1 5.7 -8 5.1 5.7 -8 4.8 0.00747354 0.00655268 0.00563865
6 -8 5.1 6 -8 5.4 5.7 -8 5.4 5.7 -8 5.1 0.00753279 0.00669761 0.00568325
6 -8 5.4 6 -8 5.7 5.7 -8 5.7 5.7 -8 5.4 0.00829805 0.0075144 0.00647687
6 -8 5.7 6 -8 6 5.7 -8 6 5.7 -8 5.7 0.00847374 0.00776026 0.00663297
5.7 -8 3 5.7 -8 3.3 5.4 -8 3.3 5.4 -8 3 0.0109942 0.0100275 0.0093737
5.7 -8 3.3 5.7 -8 3.6 5.4 -8 3.6 5.4 -8 3.3 0.0102308 0.00911283 0.00847519
5.7 -8 3.6 5.7 -8 3.9 5.4 -8 3.9 5.4 -8 3.6 0.00889929 0.00789679 0.00713916
5.7 -8 3.9 5.7 -8 4.2 5.4 -8 4.2 5.4 -8 3.9 0.00774856 0.00676428 0.00598883
5.7 -8 4.2 5.7 -8 4.5 5.4 -8 4.5 5.4 -8 4.2 0.00851019 0.00758532 0.00669691
5.7 -8 4.5 5.7 -8 4.8 5.4 -8 4.8 5.4 -8 4.5 0.00832836 0.0074426 0.00652857
5.7 -8 4.8 5.7 -8 5.1 5.4 -8 5.1 5.4 -8 4.8 0.00715583 0.0063977 0.00538647
5.7 -8 5.1 5.7 -8 5.4 5.4 -8 5.4 5.4 -8 5.1 0.00735406 0.00663896 0.00560144
5.7 -8 5.4 5.7 -8 5.7 5.4 -8 5.7 5.4 -8 5.4 0.00806238 0.00742622 0.00629776
5.7 -8 5.7 5.7 -8 6 5.4 -8 6 5.4 -8 5.7 0.00839354 0.00778033 0.00661462
5.4 -8 3 5.4 -8 3.3 5.1 -8 3.3 5.1 -8 3 0.0103864 0.00960533 0.00896775
5.4 -8 3.3 5.4 -8 3.6 5.1 -8 3.6 5.1 -8 3.3 0.00952773 0.00871682 0.00792784
5.4 -8 3.6 5.4 -8 3.9 5.1 -8 3.9 5.1 -8 3.6 0.00832638 0.0073262 0.00656857
5.4 -8 3.9 5.4 -8 4.2 5.1 -8 4.2 5.1 -8 3.9 0.00700106 0.00616483 0.00525527
5.4 -8 4.2 5.4 -8 4.5 5.1 -8 4.5 5.1 -8 4.2 0.00789288 0.00706235 0.00615762
5.4 -8 4.5 5.4 -8 4.8 5.1 -8 4.8 5.1 -8 4.5 0.00764248 0.00693459 0.0059017
5.4 -8 4.8 5.4 -8 5.1 5.1 -8 5.1 5.1 -8 4.8 0.00660488 0.00587313 0.00484329
5.4 -8 5.1 5.4 -8 5.4 5.1 -8 5.4 5.1 -8 5.1 0.00672234 0.00610933 0.00498462
5.4 -8 5.4 5.4 -8 5.7 5.1 -8 5.7 5.1 -8 5.4 0.00756411 0.0069914 0.00583238
5.4 -8 5.7 5.4 -8 6 5.1 -8 6 5.1 -8 5.7 0.00788489 0.00727046 0.00612487
5.1 -8 3 5.1 -8 3.3 4.8 -8 3.3 4.8 -8 3 0.00995117 0.00964288 0.00896931
5.1 -8 3.3 5.1 -8 3.6 4.8 -8 3.6 4.8 -8 3.3 0.0090654 0.00877544 0.00798222
5.1 -8 3.6 5.1 -8 3.9 4.8 -8 3.9 4.8 -8 3.6 0.0076948 0.00755319 0.0066345
5.1 -8 3.9 5.1 -8 4.2 4.8 -8 4.2 4.8 -8 3.9 0.00651494 0.00624161 0.00535319
5.1 -8 4.2 5.1 -8 4.5 4.8 -8 4.5 4.8 -8 4.2 0.00733615 0.00718012 0.00615428
5.1 -8 4.5 5.1 -8 4.8 4.8 -8 4.8 4.8 -8 4.5 0.00719707 0.0070523 0.0060256
5.1 -8 4.8 5.1 -8 5.1 4.8 -8 5.1 4.8 -8 4.8 0.00597038 0.00594048 0.00479455
5.1 -8 5.1 5.1 -8 5.4 4.8 -8 5.4 4.8 -8 5.1 0.00621303 0.00620542 0.00505015
5.1 -8 5.4 5.1 -8 5.7 4.8 -8 5.7 4.8 -8 5.4 0.00707049 0.00701863 0.00587187
5.1 -8 5.7 5.1 -8 6 4.8 -8 6 4.8 -8 5.7 0.00737869 0.00736687 0.00618437
4.8 -8 3 4.8 -8 3.3 4.5 -8 3.3 4.5 -8 3 0.0101048 0.0100809 0.00927022
4.8 -8 3.3 4.8 -8 3.6 4.5 -8 3.6 4.5 -8 3.3 0.00939311 0.00924629 0.00845272
4.8 -8 3.6 4.8 -8 3.9 4.5 -8 3.9 4.5 -8 3.6 0.00810795 0.00795304 0.00703435
4.8 -8 3.9 4.8 -8 4.2 4.5 -8 4.2 4.5 -8 3.9 0.00689942 0.00689942 0.00585964
4.8 -8 4.2 4.8 -8 4.5 4.5 -8 4.5 4.5 -8 4.2 0.00788905 0.00777062 0.00673774
4.8 -8 4.5 4.8 -8 4.8 4.5 -8 4.8 4.5 -8 4.5 0.00769823 0.00768889 0.00655378
4.8 -8 4.8 4.8 -8 5.1 4.5 -8 5.1 4.5 -8 4.8 0.00662024 0.00662024 0.00546497
4.8 -8 5.1 4.8 -8 5.4 4.5 -8 5.4 4.5 -8 5.1 0.0069324 0.00691184 0.00575282
4.8 -8 5.4 4.8 -8 5.7 4.5 -8 5.7 4.5 -8 5.4 0.00775444 0.00776344 0.00658386
4.8 -8 5.7 4.8 -8 6 4.5 -8 6 4.5 -8 5.7 0.00812146 0.00809753 0.00692402
4.5 -8 3 4.5 -8 3.3 4.2 -8 3.3 4.2 -8 3 0.0100278 0.0100518 0.00921717
4.5 -8 3.3 4.5 -8 3.6 4.2 -8 3.6 4.2 -8 3.3 0.00918827 0.00933509 0.00839471
4.5 -8 3.6 4.5 -8 3.9 4.2 -8 3.9 4.2 -8 3.6 0.00790143 0.00805634 0.00698274
4.5 -8 3.9 4.5 -8 4.2 4.2 -8 4.2 4.2 -8 3.9 0.00684472 0.00684472 0.00580493
4.5 -8 4.2 4.5 -8 4.5 4.2 -8 4.5 4.2 -8 4.2 0.00773844 0.00785687 0.00670556
4.5 -8 4.5 4.5 -8 4.8 4.2 -8 4.8 4.2 -8 4.5 0.00767367 0.007683 0.00653856
4.5 -8 4.8 4.5 -8 5.1 4.2 -8 5.1 4.2 -8 4.8 0.0066116 0.0066116 0.00545634
4.5 -8 5.1 4.5 -8 5.4 4.2 -8 5.4 4.2 -8 5.1 0.0069032 0.00692377 0.00574419
4.5 -8 5.4 4.5 -8 5.7 4.2 -8 5.7 4.2 -8 5.4 0.0077548 0.0077458 0.00657522
4.5 -8 5.7 4.5 -8 6 4.2 -8 6 4.2 -8 5.7 0.00808787 0.0081118 0.00691436
4.2 -8 3 4.2 -8 3.3 3.9 -8 3.3 3.9 -8 3 0.00951807 0.00982634 0.00884449
4.2 -8 3.3 4.2 -8 3.6 3.9 -8 3.6 3.9 -8 3.3 0.00865533 0.0089453 0.00786212
4.2 -8 3.6 4.2 -8 3.9 3.9 -8 3.9 3.9 -8 3.6 0.00744989 0.0075915 0.0065312
4.2 -8 3.9 4.2 -8 4.2 3.9 -8 4.2 3.9 -8 3.9 0.00617118 0.00644451 0.00528277
4.2 -8 4.2 4.2 -8 4.5 3.9 -8 4.5 3.9 -8 4.2 0.00713568 0.0072917 0.00610984
4.2 -8 4.5 4.2 -8 4.8 3.9 -8 4.8 3.9 -8 4.5 0.00706743 0.00721219 0.00604072
4.2 -8 4.8 4.2 -8 5.1 3.9 -8 5.1 3.9 -8 4.8 0.00597027 0.00600016 0.00482434
4.2 -8 5.1 4.2 -8 5.4 3.9 -8 5.4 3.9 -8 5.1 0.00626063 0.00626823 0.00510536
4.2 -8 5.4 4.2 -8 5.7 3.9 -8 5.7 3.9 -8 5.4 0.00704527 0.00709713 0.00589851
4.2 -8 5.7 4.2 -8 6 3.9 -8 6 3.9 -8 5.7 0.0074021 0.00741391 0.0062196
3.9 -8 3 3.9 -8 3.3 3.6 -8 3.3 3.6 -8 3 0.00936803 0.0101491 0.00873045
3.9 -8 3.3 3.9 -8 3.6 3.6 -8 3.6 3.6 -8 3.3 0.00852793 0.00933884 0.00773895
3.9 -8 3.6 3.9 -8 3.9 3.6 -8 3.9 3.6 -8 3.6 0.00720583 0.00820601 0.0064482
3.9 -8 3.9 3.9 -8 4.2 3.6 -8 4.2 3.6 -8 3.9 0.00609954 0.00693577 0.00518998
3.9 -8 4.2 3.9 -8 4.5 3.6 -8 4.5 3.6 -8 4.2 0.00704801 0.00787854 0.00614328
3.9 -8 4.5 3.9 -8 4.8 3.6 -8 4.8 3.6 -8 4.5 0.00698558 0.00769346 0.00595269
3.9 -8 4.8 3.9 -8 5.1 3.6 -8 5.1 3.6 -8 4.8 0.00590774 0.00663948 0.00487789
3.9 -8 5.1 3.9 -8 5.4 3.6 -8 5.4 3.6 -8 5.1 0.00613396 0.00674696 0.00500925
3.9 -8 5.4 3.9 -8 5.7 3.6 -8 5.7 3.6 -8 5.4 0.00697773 0.00755043 0.00581871
3.9 -8 5.7 3.9 -8 6 3.6 -8 6 3.6 -8 5.7 0.00729209 0.00790653 0.00614651
3.6 -8 3 3.6 -8 3.3 3.3 -8 3.3 3.3 -8 3 0.00959534 0.010562 0.00894156
3.6 -8 3.3 3.6 -8 3.6 3.3 -8 3.6 3.3 -8 3.3 0.00877592 0.00989389 0.00813828
3.6 -8 3.6 3.6 -8 3.9 3.3 -8 3.9 3.3 -8 3.6 0.0076597 0.0086622 0.00690207
3.6 -8 3.9 3.6 -8 4.2 3.3 -8 4.2 3.3 -8 3.9 0.00662336 0.00760763 0.0058479
3.6 -8 4.2 3.6 -8 4.5 3.3 -8 4.5 3.3 -8 4.2 0.00751954 0.0084444 0.00663112
3.6 -8 4.5 3.6 -8 4.8 3.3 -8 4.8 3.3 -8 4.5 0.00746859 0.00835435 0.00655456
3.6 -8 4.8 3.6 -8 5.1 3.3 -8 5.1 3.3 -8 4.8 0.00642548 0.00718362 0.00541426
3.6 -8 5.1 3.6 -8 5.4 3.3 -8 5.4 3.3 -8 5.1 0.00665485 0.00736995 0.00561732
3.6 -8 5.4 3.6 -8 5.7 3.3 -8 5.7 3.3 -8 5.4 0.00740301 0.00803916 0.00627455
3.6 -8 5.7 3.6 -8 6 3.3 -8 6 3.3 -8 5.7 0.00779499 0.00840819 0.00662927
3.3 -8 3 3.3 -8 3.3 3 -8 3.3 3 -8 3 0.00969514 0.0110286 0.0091955
3.3 -8 3.3 3.3 -8 3.6 3 -8 3.6 3 -8 3.3 0.00897178 0.0101754 0.00835041
3.3 -8 3.6 3.3 -8 3.9 3 -8 3.9 3 -8 3.6 0.0078188 0.00904435 0.00717692
3.3 -8 3.9 3.3 -8 4.2 3 -8 4.2 3 -8 3.9 0.00678477 0.00789563 0.00602596
3.3 -8 4.2 3.3 -8 4.5 3 -8 4.5 3 -8 4.2 0.00764536 0.00871753 0.00686401
3.3 -8 4.5 3.3 -8 4.8 3 -8 4.8 3 -8 4.5 0.0075767 0.00852818 0.00668604
3.3 -8 4.8 3.3 -8 5.1 3 -8 5.1 3 -8 4.8 0.00655434 0.00747519 0.00564031
3.3 -8 5.1 3.3 -8 5.4 3 -8 5.4 3 -8 5.1 0.00669976 0.00753493 0.00568539
3.3 -8 5.4 3.3 -8 5.7 3 -8 5.7 3 -8 5.4 0.00748793 0.00827158 0.0064504
3.3 -8 5.7 3.3 -8 6 3 -8 6 3 -8 5.7 0.00775231 0.00846579 0.00662502
3 -4 6 3 -4.4 6 3.3 -4.4 6 3.3 -4 6 0.0574638 0.0650293 0.0540137
3 -4.4 6 3 -4.8 6 3.3 -4.8 6 3.3 -4.4 6 0.0607675 0.0687892 0.0573193
3 -4.8 6 3 -5.2 6 3.3 -5.2 6 3.3 -4.8 6 0.0506972 0.0581681 0.0463875
3 -5.2 6 3 -5.6 6 3.3 -5.6 6 3.3 -5.2 6 0.0463076 0.0532359 0.0411659
3 -5.6 6 3 -6 6 3.3 -6 6 3.3 -5.6 6 0.0386193 0.0458336 0.0335914
3 -6 6 3 -6.4 6 3.3 -6.4 6 3.3 -6 6 0.0254616 0.0314445 0.0194966
3 -6.4 6 3 -6.8 6 3.3 -6.8 6 3.3 -6.4 6 0.0195675 0.02461 0.0131091
3 -6.8 6 3 -7.2 6 3.3 -7.2 6 3.3 -6.8 6 0.0144762 0.0198482 0.00824634
3 -7.2 6 3 -7.6 6 3.3 -7.6 6 3.3 -7.2 6 0.0165025 0.0210719 0.00989665
3 -7.6 6 3 -8 6 3.3 -8 6 3.3 -7.6 6 0.0156267 0.019504 0.00911947
3.3 -4 6 3.3 -4.4 6 3.6 -4.4 6 3.6 -4 6 0.0878148 0.0939082 0.0843647
3.3 -4.4 6 3.3 -4.8 6 3.6 -4.8 6 3.6 -4.4 6 0.0597693 0.0657651 0.0556594
3.3 -4.8 6 3.3 -5.2 6 3.6 -5.2 6 3.6 -4.8 6 0.0517044 0.0578696 0.0474309
3.3 -5.2 6 3.3 -5.6 6 3.6 -5.6 6 3.6 -5.2 6 0.0458086 0.0512364 0.0406668
3.3 -5.6 6 3.3 -6 6 3.6 -6 6 3.6 -5.6 6 0.0315986 0.0367716 0.0257807
3.3 -6 6 3.3 -6.4 6 3.6 -6.4 6 3.6 -6 6 0.0191773 0.0236193 0.0128464
3.3 -6.4 6 3.3 -6.8 6 3.6 -6.8 6 3.6 -6.4 6 0.0143317 0.0186255 0.00778991
3.3 -6.8 6 3.3 -7.2 6 3.6 -7.2 6 3.6 -6.8 6 0.0147123 0.0183578 0.00808318
3.3 -7.2 6 3.3 -7.6 6 3.6 -7.6 6 3.6 -7.2 6 0.0157696 0.0197906 0.00948724
3.3 -7.6 6 3.3 -8 6 3.6 -8 6 3.6 -7.6 6 0.0154968 0.0190295 0.00908987
3.6 -4 6 3.6 -4.4 6 3.9 -4.4 6 3.9 -4 6 0.0989925 0.103202 0.0951407
3.6 -4.4 6 3.6 -4.8 6 3.9 -4.8 6 3.9 -4.4 6 0.0658217 0.0700236 0.0611371
3.6 -4.8 6 3.6 -5.2 6 3.9 -5.2 6 3.9 -4.8 6 0.053133 0.0572187 0.0477831
3.6 -5.2 6 3.6 -5.6 6 3.9 -5.6 6 3.9 -5.2 6 0.0390847 0.0424502 0.0327118
3.6 -5.6 6 3.6 -6 6 3.9 -6 6 3.9 -5.6 6 0.0249019 0.0282197 0.0184088
3.6 -6 6 3.6 -6.4 6 3.9 -6.4 6 3.9 -6 6 0.0147505 0.0177868 0.00764959
3.6 -6.4 6 3.6 -6.8 6 3.9 -6.8 6 3.9 -6.4 6 0.0148373 0.0177405 0.00768862
3.6 -6.8 6 3.6 -7.2 6 3.9 -7.2 6 3.9 -6.8 6 0.0152479 0.0178339 0.00783874
3.6 -7.2 6 3.6 -7.6 6 3.9 -7.6 6 3.9 -7.2 6 0.0169741 0.0191483 0.00955483
3.6 -7.6 6 3.6 -8 6 3.9 -8 6 3.9 -7.6 6 0.0163193 0.0187092 0.00921588
3.9 -4 6 3.9 -4.4 6 4.2 -4.4 6 4.2 -4 6 0.103101 0.105323 0.0985326
3.9 -4.4 6 3.9 -4.8 6 4.2 -4.8 6 4.2 -4.4 6 0.0785165 0.0814105 0.0737319
3.9 -4.8 6 3.9 -5.2 6 4.2 -5.2 6 4.2 -4.8 6 0.0456099 0.0484963 0.0400193
3.9 -5.2 6 3.9 -5.6 6 4.2 -5.6 6 4.2 -5.2 6 0.0310525 0.0337393 0.0248509
3.9 -5.6 6 3.9 -6 6 4.2 -6 6 4.2 -5.6 6 0.0189856 0.0210664 0.0118436
3.9 -6 6 3.9 -6.4 6 4.2 -6.4 6 4.2 -6 6 0.0148732 0.0167593 0.00752345
3.9 -6.4 6 3.9 -6.8 6 4.2 -6.8 6 4.2 -6.4 6 0.0150537 0.0169221 0.00755729
3.9 -6.8 6 3.9 -7.2 6 4.2 -7.2 6 4.2 -6.8 6 0.0154824 0.016877 0.00785212
3.9 -7.2 6 3.9 -7.6 6 4.2 -7.6 6 4.2 -7.2 6 0.0167821 0.0182801 0.00949798
3.9 -7.6 6 3.9 -8 6 4.2 -8 6 4.2 -7.6 6 0.0166005 0.0175176 0.00916694
4.2 -4 6 4.2 -4.4 6 4.5 -4.4 6 4.5 -4 6 0.109364 0.110759 0.104332
4.2 -4.4 6 4.2 -4.8 6 4.5 -4.8 6 4.5 -4.4 6 0.088557 0.08976 0.0825671
4.2 -4.8 6 4.2 -5.2 6 4.5 -5.2 6 4.5 -4.8 6 0.0547078 0.055209 0.0478143
4.2 -5.2 6 4.2 -5.6 6 4.5 -5.6 6 4.5 -5.2 6 0.0250796 0.0256579 0.0173494
4.2 -5.6 6 4.2 -6 6 4.5 -6 6 4.5 -5.6 6 0.0148674 0.0155262 0.00686153
4.2 -6 6 4.2 -6.4 6 4.5 -6.4 6 4.5 -6 6 0.0154016 0.0163571 0.00742173
4.2 -6.4 6 4.2 -6.8 6 4.5 -6.8 6 4.5 -6.4 6 0.0155531 0.0162952 0.00743967
4.2 -6.8 6 4.2 -7.2 6 4.5 -7.2 6 4.5 -6.8 6 0.0158475 0.0167116 0.00783507
4.2 -7.2 6 4.2 -7.6 6 4.5 -7.6 6 4.5 -7.2 6 0.017724 0.0180977 0.00961294
4.2 -7.6 6 4.2 -8 6 4.5 -8 6 4.5 -7.6 6 0.0169569 0.0175957 0.00923669
4.5 -4 6 4.5 -4.4 6 4.8 -4.4 6 4.8 -4 6 0.110761 0.109432 0.104366
4.5 -4.4 6 4.5 -4.8 6 4.8 -4.8 6 4.8 -4.4 6 0.0897059 0.0885829 0.0825603
4.5 -4.8 6 4.5 -5.2 6 4.8 -5.2 6 4.8 -4.8 6 0.0550632 0.0546233 0.0476991
4.5 -5.2 6 4.5 -5.6 6 4.8 -5.6 6 4.8 -5.2 6 0.0256284 0.0251067 0.0173482
4.5 -5.6 6 4.5 -6 6 4.8 -6 6 4.8 -5.6 6 0.0155075 0.0148805 0.00685972
4.5 -6 6 4.5 -6.4 6 4.8 -6.4 6 4.8 -6 6 0.0163506 0.015415 0.00742024
4.5 -6.4 6 4.5 -6.8 6 4.8 -6.8 6 4.8 -6.4 6 0.0162935 0.0155562 0.00743968
4.5 -6.8 6 4.5 -7.2 6 4.8 -7.2 6 4.8 -6.8 6 0.0167561 0.0158957 0.00788161
4.5 -7.2 6 4.5 -7.6 6 4.8 -7.6 6 4.8 -7.2 6 0.0180956 0.0177271 0.00961293
4.5 -7.6 6 4.5 -8 6 4.8 -8 6 4.8 -7.6 6 0.017592 0.01696 0.00923669
4.8 -4 6 4.8 -4.4 6 5.1 -4.4 6 5.1 -4 6 0.105267 0.103095 0.0985088
4.8 -4.4 6 4.8 -4.8 6 5.1 -4.8 6 5.1 -4.4 6 0.0813788 0.078524 0.0737309
4.8 -4.8 6 4.8 -5.2 6 5.1 -5.2 6 5.1 -4.8 6 0.0486123 0.0457709 0.0401636
4.8 -5.2 6 4.8 -5.6 6 5.1 -5.6 6 5.1 -5.2 6 0.0336452 0.0309911 0.0247738
4.8 -5.6 6 4.8 -6 6 5.1 -6 6 5.1 -5.6 6 0.0210535 0.0189945 0.0118381
4.8 -6 6 4.8 -6.4 6 5.1 -6.4 6 5.1 -6 6 0.0167519 0.0148782 0.00752015
4.8 -6.4 6 4.8 -6.8 6 5.1 -6.8 6 5.1 -6.4 6 0.0169178 0.0150528 0.00755506
4.8 -6.8 6 4.8 -7.2 6 5.1 -7.2 6 5.1 -6.8 6 0.0168659 0.0154764 0.00784306
4.8 -7.2 6 4.8 -7.6 6 5.1 -7.6 6 5.1 -7.2 6 0.0182764 0.0167838 0.00949798
4.8 -7.6 6 4.8 -8 6 5.1 -8 6 5.1 -7.6 6 0.0175139 0.0166035 0.00916695
5.1 -4 6 5.1 -4.4 6 5.4 -4.4 6 5.4 -4 6 0.103031 0.0988784 0.0950179
5.1 -4.4 6 5.1 -4.8 6 5.4 -4.8 6 5.4 -4.4 6 0.0698736 0.0657332 0.0610313
5.1 -4.8 6 5.1 -5.2 6 5.4 -5.2 6 5.4 -4.8 6 0.0569744 0.0529222 0.0475556
5.1 -5.2 6 5.1 -5.6 6 5.4 -5.6 6 5.4 -5.2 6 0.0424383 0.0390959 0.0327073
5.1 -5.6 6 5.1 -6 6 5.4 -6 6 5.4 -5.6 6 0.0282268 0.0249206 0.01842
5.1 -6 6 5.1 -6.4 6 5.4 -6.4 6 5.4 -6 6 0.0179411 0.0149254 0.00780998
5.1 -6.4 6 5.1 -6.8 6 5.4 -6.8 6 5.4 -6.4 6 0.0177559 0.014863 0.00770604
5.1 -6.8 6 5.1 -7.2 6 5.4 -7.2 6 5.4 -6.8 6 0.0178315 0.0152493 0.00783874
5.1 -7.2 6 5.1 -7.6 6 5.4 -7.6 6 5.4 -7.2 6 0.0191478 0.0169786 0.0095568
5.1 -7.6 6 5.1 -8 6 5.4 -8 6 5.4 -7.6 6 0.0187048 0.0163219 0.00921588
5.4 -4 6 5.4 -4.4 6 5.7 -4.4 6 5.7 -4 6 0.0936763 0.0876445 0.0841771
5.4 -4.4 6 5.4 -4.8 6 5.7 -4.8 6 5.7 -4.4 6 0.0658337 0.0598869 0.0557597
5.4 -4.8 6 5.4 -5.2 6 5.7 -5.2 6 5.7 -4.8 6 0.0577188 0.0515832 0.0473011
5.4 -5.2 6 5.4 -5.6 6 5.7 -5.6 6 5.7 -5.2 6 0.0512257 0.045822 0.0406636
5.4 -5.6 6 5.4 -6 6 5.7 -6 6 5.7 -5.6 6 0.0367547 0.0316065 0.0257728
5.4 -6 6 5.4 -6.4 6 5.7 -6.4 6 5.7 -6 6 0.0237679 0.0193453 0.0129999
5.4 -6.4 6 5.4 -6.8 6 5.7 -6.8 6 5.7 -6.4 6 0.0186149 0.0143305 0.00778178
5.4 -6.8 6 5.4 -7.2 6 5.7 -7.2 6 5.7 -6.8 6 0.0183495 0.0147147 0.0080773
5.4 -7.2 6 5.4 -7.6 6 5.7 -7.6 6 5.7 -7.2 6 0.0197211 0.0157059 0.00942218
5.4 -7.6 6 5.4 -8 6 5.7 -8 6 5.7 -7.6 6 0.0190043 0.0154785 0.00906904
5.7 -4 6 5.7 -4.4 6 6 -4.4 6 6 -4 6 0.0646593 0.0571525 0.0536851
5.7 -4.4 6 5.7 -4.8 6 6 -4.8 6 6 -4.4 6 0.069063 0.0610756 0.0576187
5.7 -4.8 6 5.7 -5.2 6 6 -5.2 6 6 -4.8 6 0.0593522 0.0519085 0.0475815
5.7 -5.2 6 5.7 -5.6 6 6 -5.6 6 6 -5.2 6 0.0532231 0.0463205 0.0411621
5.7 -5.6 6 5.7 -6 6 6 -6 6 6 -5.6 6 0.0459289 0.0387301 0.0336942
5.7 -6 6 5.7 -6.4 6 6 -6.4 6 6 -6 6 0.0314343 0.0254614 0.0194888
5.7 -6.4 6 5.7 -6.8 6 6 -6.8 6 6 -6.4 6 0.0245978 0.0195722 0.0130994
5.7 -6.8 6 5.7 -7.2 6 6 -7.2 6 6 -6.8 6 0.0198308 0.0144686 0.00823183
5.7 -7.2 6 5.7 -7.6 6 6 -7.6 6 6 -7.2 6 0.0210321 0.0164677 0.00985975
5.7 -7.6 6 5.7 -8 6 6 -8 6 6 -7.6 6 0.0194611 0.0156313 0.00911947
6 -4 6 6 -4.4 6 6 -4.4 5.7 6 -4 5.7 0.173502 0.0575849 0.0575849
6 -4.4 6 6 -4.8 6 6 -4.8 5.7 6 -4.4 5.7 0.175165 0.0610152 0.0610152
6 -4.8 6 6 -5.2 6 6 -5.2 5.7 6 -4.8 5.7 0.160659 0.0509711 0.0509711
6 -5.2 6 6 -5.6 6 6 -5.6 5.7 6 -5.2 5.7 0.150563 0.0465366 0.0465366
6 -5.6 6 6 -6 6 6 -6 5.7 6 -5.6 5.7 0.14114 0.0387165 0.0387165
6 -6 6 6 -6.4 6 6 -6.4 5.7 6 -6 5.7 0.117244 0.0257283 0.0257283
6 -6.4 6 6 -6.8 6 6 -6.8 5.7 6 -6.4 5.7 0.10828 0.0198137 0.0198137
6 -6.8 6 6 -7.2 6 6 -7.2 5.7 6 -6.8 5.7 0.0971716 0.0147573 0.0147573
6 -7.2 6 6 -7.6 6 6 -7.6 5.7 6 -7.2 5.7 0.0875927 0.0167632 0.0167632
6 -7.6 6 6 -8 6 6 -8 5.7 6 -7.6 5.7 0.0824533 0.0160538 0.0160538
6 -4 5.7 6 -4.4 5.7 6 -4.4 5.4 6 -4 5.4 0.204402 0.0880976 0.0880976
6 -4.4 5.7 6 -4.8 5.7 6 -4.8 5.4 6 -4.4 5.4 0.175511 0.060096 0.060096
6 -4.8 5.7 6 -5.2 5.7 6 -5.2 5.4 6 -4.8 5.4 0.162838 0.0515893 0.0515893
6 -5.2 5.7 6 -5.6 5.7 6 -5.6 5.4 6 -5.2 5.4 0.153144 0.0460262 0.0460262
6 -5.6 5.7 6 -6 5.7 6 -6 5.4 6 -5.6 5.4 0.13571 0.0317362 0.0317362
6 -6 5.7 6 -6.4 5.7 6 -6.4 5.4 6 -6 5.4 0.111967 0.0194879 0.0194879
6 -6.4 5.7 6 -6.8 5.7 6 -6.8 5.4 6 -6.4 5.4 0.104097 0.0146327 0.0146327
6 -6.8 5.7 6 -7.2 5.7 6 -7.2 5.4 6 -6.8 5.4 0.098902 0.0149272 0.0149272
6 -7.2 5.7 6 -7.6 5.7 6 -7.6 5.4 6 -7.2 5.4 0.0885658 0.0161258 0.0161258
6 -7.6 5.7 6 -8 5.7 6 -8 5.4 6 -7.6 5.4 0.0829198 0.0158018 0.0158018
6 -4 5.4 6 -4.4 5.4 6 -4.4 5.1 6 -4 5.1 0.218405 0.0991977 0.0991977
6 -4.4 5.4 6 -4.8 5.4 6 -4.8 5.1 6 -4.4 5.1 0.183551 0.0661508 0.0661508
6 -4.8 5.4 6 -5.2 5.4 6 -5.2 5.1 6 -4.8 5.1 0.164807 0.0523002 0.0523002
6 -5.2 5.4 6 -5.6 5.4 6 -5.6 5.1 6 -5.2 5.1 0.146781 0.0392595 0.0392595
6 -5.6 5.4 6 -6 5.4 6 -6 5.1 6 -5.6 5.1 0.129426 0.0250576 0.0250576
6 -6 5.4 6 -6.4 5.4 6 -6.4 5.1 6 -6 5.1 0.107909 0.0150436 0.0150436
6 -6.4 5.4 6 -6.8 5.4 6 -6.8 5.1 6 -6.4 5.1 0.10496 0.0150958 0.0150958
6 -6.8 5.4 6 -7.2 5.4 6 -7.2 5.1 6 -6.8 5.1 0.0994612 0.0155293 0.0155293
6 -7.2 5.4 6 -7.6 5.4 6 -7.6 5.1 6 -7.2 5.1 0.0894433 0.0171657 0.0171657
6 -7.6 5.4 6 -8 5.4 6 -8 5.1 6 -7.6 5.1 0.0838678 0.0165142 0.0165142
6 -4 5.1 6 -4.4 5.1 6 -4.4 4.8 6 -4 4.8 0.225076 0.10324 0.10324
6 -4.4 5.1 6 -4.8 5.1 6 -4.8 4.8 6 -4.4 4.8 0.198769 0.0787459 0.0787459
6 -4.8 5.1 6 -5.2 5.1 6 -5.2 4.8 6 -4.8 4.8 0.159775 0.0447627 0.0447627
6 -5.2 5.1 6 -5.6 5.1 6 -5.6 4.8 6 -5.2 4.8 0.141021 0.0310645 0.0310645
6 -5.6 5.1 6 -6 5.1 6 -6 4.8 6 -5.6 4.8 0.126084 0.0191511 0.0191511
6 -6 5.1 6 -6.4 5.1 6 -6.4 4.8 6 -6 4.8 0.110372 0.015215 0.015215
6 -6.4 5.1 6 -6.8 5.1 6 -6.8 4.8 6 -6.4 4.8 0.107288 0.0153261 0.0153261
6 -6.8 5.1 6 -7.2 5.1 6 -7.2 4.8 6 -6.8 4.8 0.1016 0.0157014 0.0157014
6 -7.2 5.1 6 -7.6 5.1 6 -7.6 4.8 6 -7.2 4.8 0.0909977 0.0170409 0.0170409
6 -7.6 5.1 6 -8 5.1 6 -8 4.8 6 -7.6 4.8 0.0857186 0.0168464 0.0168464
6 -4 4.8 6 -4.4 4.8 6 -4.4 4.5 6 -4 4.5 0.231674 0.109474 0.109474
6 -4.4 4.8 6 -4.8 4.8 6 -4.8 4.5 6 -4.4 4.5 0.208773 0.0887317 0.0887317
6 -4.8 4.8 6 -5.2 4.8 6 -5.2 4.5 6 -4.8 4.5 0.169588 0.0535451 0.0535451
6 -5.2 4.8 6 -5.6 4.8 6 -5.6 4.5 6 -5.2 4.5 0.136091 0.0252269 0.0252269
6 -5.6 4.8 6 -6 4.8 6 -6 4.5 6 -5.6 4.5 0.122767 0.0150462 0.0150462
6 -6 4.8 6 -6.4 4.8 6 -6.4 4.5 6 -6 4.5 0.111575 0.0157766 0.0157766
6 -6.4 4.8 6 -6.8 4.8 6 -6.8 4.5 6 -6.4 4.5 0.108339 0.0158652 0.0158652
6 -6.8 4.8 6 -7.2 4.8 6 -7.2 4.5 6 -6.8 4.5 0.102311 0.0160192 0.0160192
6 -7.2 4.8 6 -7.6 4.8 6 -7.6 4.5 6 -7.2 4.5 0.0921068 0.0177656 0.0177656
6 -7.6 4.8 6 -8 4.8 6 -8 4.5 6 -7.6 4.5 0.0862393 0.0170157 0.0170157
6 -4 4.5 6 -4.4 4.5 6 -4.4 4.2 6 -4 4.2 0.233241 0.110982 0.110982
6 -4.4 4.5 6 -4.8 4.5 6 -4.8 4.2 6 -4.4 4.2 0.210211 0.0899144 0.0899144
6 -4.8 4.5 6 -5.2 4.5 6 -5.2 4.2 6 -4.8 4.2 0.169527 0.0540447 0.0540447
6 -5.2 4.5 6 -5.6 4.5 6 -5.6 4.2 6 -5.2 4.2 0.136128 0.0257474 0.0257474
6 -5.6 4.5 6 -6 4.5 6 -6 4.2 6 -5.6 4.2 0.123064 0.0156522 0.0156522
6 -6 4.5 6 -6.4 4.5 6 -6.4 4.2 6 -6 4.2 0.112225 0.0167238 0.0167238
6 -6.4 4.5 6 -6.8 4.5 6 -6.8 4.2 6 -6.4 4.2 0.108959 0.0166363 0.0166363
6 -6.8 4.5 6 -7.2 4.5 6 -7.2 4.2 6 -6.8 4.2 0.103208 0.0169613 0.0169613
6 -7.2 4.5 6 -7.6 4.5 6 -7.6 4.2 6 -7.2 4.2 0.0923884 0.018204 0.018204
6 -7.6 4.5 6 -8 4.5 6 -8 4.2 6 -7.6 4.2 0.0868472 0.0177241 0.0177241
6 -4 4.2 6 -4.4 4.2 6 -4.4 3.9 6 -4 3.9 0.225871 0.105283 0.105283
6 -4.4 4.2 6 -4.8 4.2 6 -4.8 3.9 6 -4.4 3.9 0.200016 0.0814563 0.0814563
6 -4.8 4.2 6 -5.2 4.2 6 -5.2 3.9 6 -4.8 3.9 0.161026 0.0474241 0.0474241
6 -5.2 4.2 6 -5.6 4.2 6 -5.6 3.9 6 -5.2 3.9 0.142572 0.033784 0.033784
6 -5.6 4.2 6 -6 4.2 6 -6 3.9 6 -5.6 3.9 0.127133 0.0212064 0.0212064
6 -6 4.2 6 -6.4 4.2 6 -6.4 3.9 6 -6 3.9 0.111259 0.0170864 0.0170864
6 -6.4 4.2 6 -6.8 4.2 6 -6.8 3.9 6 -6.4 3.9 0.108328 0.0172189 0.0172189
6 -6.8 4.2 6 -7.2 4.2 6 -7.2 3.9 6 -6.8 3.9 0.102263 0.0171168 0.0171168
6 -7.2 4.2 6 -7.6 4.2 6 -7.6 3.9 6 -7.2 3.9 0.0918792 0.0185438 0.0185438
6 -7.6 4.2 6 -8 4.2 6 -8 3.9 6 -7.6 3.9 0.0859944 0.0176891 0.0176891
6 -4 3.9 6 -4.4 3.9 6 -4.4 3.6 6 -4 3.6 0.221802 0.102929 0.102929
6 -4.4 3.9 6 -4.8 3.9 6 -4.8 3.6 6 -4.4 3.6 0.186874 0.0698547 0.0698547
6 -4.8 3.9 6 -5.2 3.9 6 -5.2 3.6 6 -4.8 3.6 0.169485 0.0565417 0.0565417
6 -5.2 3.9 6 -5.6 3.9 6 -5.6 3.6 6 -5.2 3.6 0.150255 0.0424937 0.0424937
6 -5.6 3.9 6 -6 3.9 6 -6 3.6 6 -5.6 3.6 0.133045 0.0283093 0.0283093
6 -6 3.9 6 -6.4 3.9 6 -6.4 3.6 6 -6 3.6 0.111773 0.0182137 0.0182137
6 -6.4 3.9 6 -6.8 3.9 6 -6.8 3.6 6 -6.4 3.6 0.108469 0.0180968 0.0180968
6 -6.8 3.9 6 -7.2 3.9 6 -7.2 3.6 6 -6.8 3.6 0.102581 0.0182426 0.0182426
6 -7.2 3.9 6 -7.6 3.9 6 -7.6 3.6 6 -7.2 3.6 0.0920064 0.0194355 0.0194355
6 -7.6 3.9 6 -8 3.9 6 -8 3.6 6 -7.6 3.6 0.0864024 0.0188856 0.0188856
6 -4 3.6 6 -4.4 3.6 6 -4.4 3.3 6 -4 3.3 0.211038 0.0935917 0.0935917
6 -4.4 3.6 6 -4.8 3.6 6 -4.8 3.3 6 -4.4 3.3 0.181726 0.0658346 0.0658346
6 -4.8 3.6 6 -5.2 3.6 6 -5.2 3.3 6 -4.8 3.3 0.168706 0.0573922 0.0573922
6 -5.2 3.6 6 -5.6 3.6 6 -5.6 3.3 6 -5.2 3.3 0.157241 0.0512969 0.0512969
6 -5.6 3.6 6 -6 3.6 6 -6 3.3 6 -5.6 3.3 0.14061 0.0368588 0.0368588
6 -6 3.6 6 -6.4 3.6 6 -6.4 3.3 6 -6 3.3 0.116645 0.0240592 0.0240592
6 -6.4 3.6 6 -6.8 3.6 6 -6.8 3.3 6 -6.4 3.3 0.108574 0.0189905 0.0189905
6 -6.8 3.6 6 -7.2 3.6 6 -7.2 3.3 6 -6.8 3.3 0.10211 0.0186845 0.0186845
6 -7.2 3.6 6 -7.6 3.6 6 -7.6 3.3 6 -7.2 3.3 0.0921312 0.0203242 0.0203242
6 -7.6 3.6 6 -8 3.6 6 -8 3.3 6 -7.6 3.3 0.0865961 0.0196249 0.0196249
6 -4 3.3 6 -4.4 3.3 6 -4.4 3 6 -4 3 0.178493 0.064349 0.064349
6 -4.4 3.3 6 -4.8 3.3 6 -4.8 3 6 -4.4 3 0.18127 0.0688995 0.0688995
6 -4.8 3.3 6 -5.2 3.3 6 -5.2 3 6 -4.8 3 0.166485 0.0580986 0.0580986
6 -5.2 3.3 6 -5.6 3.3 6 -5.6 3 6 -5.2 3 0.157174 0.0532319 0.0532319
6 -5.6 3.3 6 -6 3.3 6 -6 3 6 -5.6 3 0.147191 0.0459513 0.0459513
6 -6 3.3 6 -6.4 3.3 6 -6.4 3 6 -6 3 0.122035 0.0317176 0.0317176
6 -6.4 3.3 6 -6.8 3.3 6 -6.8 3 6 -6.4 3 0.112415 0.0249597 0.0249597
6 -6.8 3.3 6 -7.2 3.3 6 -7.2 3 6 -6.8 3 0.102063 0.0202829 0.0202829
6 -7.2 3.3 6 -7.6 3.3 6 -7.6 3 6 -7.2 3 0.0921159 0.0215225 0.0215225
6 -7.6 3.3 6 -8 3.3 6 -8 3 6 -7.6 3 0.0861021 0.0201995 0.0201995
3 -4 3 3 -4.4 3 3 -4.4 3.3 3 -4 3.3 0.0644244 0.177495 0.0644244
3 -4.4 3 3 -4.8 3 3 -4.8 3.3 3 -4.4 3.3 0.0685335 0.182825 0.0685335
3 -4.8 3 3 -5.2 3 3 -5.2 3.3 3 -4.8 3.3 0.0584361 0.166412 0.0584361
3 -5.2 3 3 -5.6 3 3 -5.6 3.3 3 -5.2 3.3 0.0530927 0.157549 0.0530927
3 -5.6 3 3 -6 3 3 -6 3.3 3 -5.6 3.3 0.0458127 0.148228 0.0458127
3 -6 3 3 -6.4 3 3 -6.4 3.3 3 -6 3.3 0.0317349 0.122083 0.0317349
3 -6.4 3 3 -6.8 3 3 -6.8 3.3 3 -6.4 3.3 0.0246635 0.112151 0.0246635
3 -6.8 3 3 -7.2 3 3 -7.2 3.3 3 -6.8 3.3 0.0199297 0.10166 0.0199297
3 -7.2 3 3 -7.6 3 3 -7.6 3.3 3 -7.2 3.3 0.0214737 0.0920214 0.0214737
3 -7.6 3 3 -8 3 3 -8 3.3 3 -7.6 3.3 0.0196288 0.0854088 0.0196288
3 -4 3.3 3 -4.4 3.3 3 -4.4 3.6 3 -4 3.6 0.0936244 0.212162 0.0936244
3 -4.4 3.3 3 -4.8 3.3 3 -4.8 3.6 3 -4.4 3.6 0.0654423 0.181991 0.0654423
3 -4.8 3.3 3 -5.2 3.3 3 -5.2 3.6 3 -4.8 3.6 0.0574129 0.169489 0.0574129
3 -5.2 3.3 3 -5.6 3.3 3 -5.6 3.6 3 -5.2 3.6 0.0511749 0.158612 0.0511749
3 -5.6 3.3 3 -6 3.3 3 -6 3.6 3 -5.6 3.6 0.0366844 0.141576 0.0366844
3 -6 3.3 3 -6.4 3.3 3 -6.4 3.6 3 -6 3.6 0.0239091 0.117176 0.0239091
3 -6.4 3.3 3 -6.8 3.3 3 -6.8 3.6 3 -6.4 3.6 0.0187308 0.108896 0.0187308
3 -6.8 3.3 3 -7.2 3.3 3 -7.2 3.6 3 -6.8 3.6 0.0185156 0.102852 0.0185156
3 -7.2 3.3 3 -7.6 3.3 3 -7.6 3.6 3 -7.2 3.6 0.0202544 0.0929496 0.0202544
3 -7.6 3.3 3 -8 3.3 3 -8 3.6 3 -7.6 3.6 0.0192915 0.0869796 0.0192915
3 -4 3.6 3 -4.4 3.6 3 -4.4 3.9 3 -4 3.9 0.103034 0.222609 0.103034
3 -4.4 3.6 3 -4.8 3.6 3 -4.8 3.9 3 -4.4 3.9 0.0695178 0.188797 0.0695178
3 -4.8 3.6 3 -5.2 3.6 3 -5.2 3.9 3 -4.8 3.9 0.0559923 0.169381 0.0559923
3 -5.2 3.6 3 -5.6 3.6 3 -5.6 3.9 3 -5.2 3.9 0.0424193 0.150908 0.0424193
3 -5.6 3.6 3 -6 3.6 3 -6 3.9 3 -5.6 3.9 0.0281477 0.133596 0.0281477
3 -6 3.6 3 -6.4 3.6 3 -6.4 3.9 3 -6 3.9 0.0180354 0.111808 0.0180354
3 -6.4 3.6 3 -6.8 3.6 3 -6.8 3.9 3 -6.4 3.9 0.0178722 0.108499 0.0178722
3 -6.8 3.6 3 -7.2 3.6 3 -7.2 3.9 3 -6.8 3.9 0.0179991 0.102656 0.0179991
3 -7.2 3.6 3 -7.6 3.6 3 -7.6 3.9 3 -7.2 3.9 0.0194103 0.0922362 0.0194103
3 -7.6 3.6 3 -8 3.6 3 -8 3.9 3 -7.6 3.9 0.0188139 0.0866209 0.0188139
3 -4 3.9 3 -4.4 3.9 3 -4.4 4.2 3 -4 4.2 0.105338 0.226536 0.105338
3 -4.4 3.9 3 -4.8 3.9 3 -4.8 4.2 3 -4.4 4.2 0.0810217 0.200656 0.0810217
3 -4.8 3.9 3 -5.2 3.9 3 -5.2 4.2 3 -4.8 4.2 0.0472598 0.162052 0.0472598
3 -5.2 3.9 3 -5.6 3.9 3 -5.6 4.2 3 -5.2 4.2 0.0337152 0.143444 0.0337152
3 -5.6 3.9 3 -6 3.9 3 -6 4.2 3 -5.6 4.2 0.0210796 0.127813 0.0210796
3 -6 3.9 3 -6.4 3.9 3 -6.4 4.2 3 -6 4.2 0.0170664 0.112022 0.0170664
3 -6.4 3.9 3 -6.8 3.9 3 -6.8 4.2 3 -6.4 4.2 0.0171056 0.108839 0.0171056
3 -6.8 3.9 3 -7.2 3.9 3 -7.2 4.2 3 -6.8 4.2 0.0170552 0.102719 0.0170552
3 -7.2 3.9 3 -7.6 3.9 3 -7.6 4.2 3 -7.2 4.2 0.0185976 0.0923377 0.0185976
3 -7.6 3.9 3 -8 3.9 3 -8 4.2 3 -7.6 4.2 0.0177185 0.0863223 0.0177185
3 -4 4.2 3 -4.4 4.2 3 -4.4 4.5 3 -4 4.5 0.111059 0.233087 0.111059
3 -4.4 4.2 3 -4.8 4.2 3 -4.8 4.5 3 -4.4 4.5 0.0894363 0.209892 0.0894363
3 -4.8 4.2 3 -5.2 4.2 3 -5.2 4.5 3 -4.8 4.5 0.0539316 0.169375 0.0539316
3 -5.2 4.2 3 -5.6 4.2 3 -5.6 4.5 3 -5.2 4.5 0.0256753 0.13599 0.0256753
3 -5.6 4.2 3 -6 4.2 3 -6 4.5 3 -5.6 4.5 0.0155368 0.122782 0.0155368
3 -6 4.2 3 -6.4 4.2 3 -6.4 4.5 3 -6 4.5 0.0167271 0.112043 0.0167271
3 -6.4 4.2 3 -6.8 4.2 3 -6.8 4.5 3 -6.4 4.5 0.0165397 0.108677 0.0165397
3 -6.8 4.2 3 -7.2 4.2 3 -7.2 4.5 3 -6.8 4.5 0.0169168 0.102902 0.0169168
3 -7.2 4.2 3 -7.6 4.2 3 -7.6 4.5 3 -7.2 4.5 0.0183572 0.0923886 0.0183572
3 -7.6 4.2 3 -8 4.2 3 -8 4.5 3 -7.6 4.5 0.0177741 0.0867149 0.0177741
3 -4 4.5 3 -4.4 4.5 3 -4.4 4.8 3 -4 4.8 0.109543 0.231902 0.109543
3 -4.4 4.5 3 -4.8 4.5 3 -4.8 4.8 3 -4.4 4.8 0.0882763 0.208846 0.0882763
3 -4.8 4.5 3 -5.2 4.5 3 -5.2 4.8 3 -4.8 4.8 0.0533823 0.168404 0.0533823
3 -5.2 4.5 3 -5.6 4.5 3 -5.6 4.8 3 -5.2 4.8 0.025131 0.135123 0.025131
3 -5.6 4.5 3 -6 4.5 3 -6 4.8 3 -5.6 4.8 0.014952 0.121955 0.014952
3 -6 4.5 3 -6.4 4.5 3 -6.4 4.8 3 -6 4.8 0.0157904 0.110933 0.0157904
3 -6.4 4.5 3 -6.8 4.5 3 -6.8 4.8 3 -6.4 4.8 0.0158279 0.107739 0.0158279
3 -6.8 4.5 3 -7.2 4.5 3 -7.2 4.8 3 -6.8 4.8 0.016064 0.101846 0.016064
3 -7.2 4.5 3 -7.6 4.5 3 -7.6 4.8 3 -7.2 4.8 0.0179025 0.0918603 0.0179025
3 -7.6 4.5 3 -8 4.5 3 -8 4.8 3 -7.6 4.8 0.0170547 0.0859509 0.0170547
3 -4 4.8 3 -4.4 4.8 3 -4.4 5.1 3 -4 5.1 0.10332 0.225329 0.10332
3 -4.4 4.8 3 -4.8 4.8 3 -4.8 5.1 3 -4.4 5.1 0.0783193 0.19861 0.0783193
3 -4.8 4.8 3 -5.2 4.8 3 -5.2 5.1 3 -4.8 5.1 0.0446788 0.159995 0.0446788
3 -5.2 4.8 3 -5.6 4.8 3 -5.6 5.1 3 -5.2 5.1 0.0311043 0.141024 0.0311043
3 -5.6 4.8 3 -6 4.8 3 -6 5.1 3 -5.6 5.1 0.0190745 0.125993 0.0190745
3 -6 4.8 3 -6.4 4.8 3 -6.4 5.1 3 -6 5.1 0.0152576 0.110621 0.0152576
3 -6.4 4.8 3 -6.8 4.8 3 -6.8 5.1 3 -6.4 5.1 0.0153161 0.107457 0.0153161
3 -6.8 4.8 3 -7.2 4.8 3 -7.2 5.1 3 -6.8 5.1 0.0157364 0.101687 0.0157364
3 -7.2 4.8 3 -7.6 4.8 3 -7.6 5.1 3 -7.2 5.1 0.0171612 0.0909019 0.0171612
3 -7.6 4.8 3 -8 4.8 3 -8 5.1 3 -7.6 5.1 0.016869 0.0854865 0.016869
3 -4 5.1 3 -4.4 5.1 3 -4.4 5.4 3 -4 5.4 0.0992863 0.218773 0.0992863
3 -4.4 5.1 3 -4.8 5.1 3 -4.8 5.4 3 -4.4 5.4 0.0657851 0.183857 0.0657851
3 -4.8 5.1 3 -5.2 5.1 3 -5.2 5.4 3 -4.8 5.4 0.0524528 0.164997 0.0524528
3 -5.2 5.1 3 -5.6 5.1 3 -5.6 5.4 3 -5.2 5.4 0.0392024 0.147227 0.0392024
3 -5.6 5.1 3 -6 5.1 3 -6 5.4 3 -5.6 5.4 0.0250198 0.129986 0.0250198
3 -6 5.1 3 -6.4 5.1 3 -6.4 5.4 3 -6 5.4 0.0152267 0.108585 0.0152267
3 -6.4 5.1 3 -6.8 5.1 3 -6.8 5.4 3 -6.4 5.4 0.0151028 0.105391 0.0151028
3 -6.8 5.1 3 -7.2 5.1 3 -7.2 5.4 3 -6.8 5.4 0.0155193 0.0997064 0.0155193
3 -7.2 5.1 3 -7.6 5.1 3 -7.6 5.4 3 -7.2 5.4 0.0172765 0.0897369 0.0172765
3 -7.6 5.1 3 -8 5.1 3 -8 5.4 3 -7.6 5.4 0.0165266 0.08368 0.0165266
3 -4 5.4 3 -4.4 5.4 3 -4.4 5.7 3 -4 5.7 0.0879415 0.205029 0.0879415
3 -4.4 5.4 3 -4.8 5.4 3 -4.8 5.7 3 -4.4 5.7 0.0598377 0.175718 0.0598377
3 -4.8 5.4 3 -5.2 5.4 3 -5.2 5.7 3 -4.8 5.7 0.0512913 0.162157 0.0512913
3 -5.2 5.4 3 -5.6 5.4 3 -5.6 5.7 3 -5.2 5.7 0.0459948 0.152557 0.0459948
3 -5.6 5.4 3 -6 5.4 3 -6 5.7 3 -5.6 5.7 0.0317169 0.135408 0.0317169
3 -6 5.4 3 -6.4 5.4 3 -6.4 5.7 3 -6 5.7 0.0196948 0.112202 0.0196948
3 -6.4 5.4 3 -6.8 5.4 3 -6.8 5.7 3 -6.4 5.7 0.0146273 0.104193 0.0146273
3 -6.8 5.4 3 -7.2 5.4 3 -7.2 5.7 3 -6.8 5.7 0.0149394 0.0988649 0.0149394
3 -7.2 5.4 3 -7.6 5.4 3 -7.6 5.7 3 -7.2 5.7 0.0161481 0.0883985 0.0161481
3 -7.6 5.4 3 -8 5.4 3 -8 5.7 3 -7.6 5.7 0.0158393 0.0831635 0.0158393
3 -4 5.7 3 -4.4 5.7 3 -4.4 6 3 -4 6 0.0572319 0.17206 0.0572319
3 -4.4 5.7 3 -4.8 5.7 3 -4.8 6 3 -4.4 6 0.0609681 0.174361 0.0609681
3 -4.8 5.7 3 -5.2 5.7 3 -5.2 6 3 -4.8 6 0.0509099 0.159973 0.0509099
3 -5.2 5.7 3 -5.6 5.7 3 -5.6 6 3 -5.2 6 0.0465695 0.151068 0.0465695
3 -5.6 5.7 3 -6 5.7 3 -6 6 3 -5.6 6 0.0388388 0.140743 0.0388388
3 -6 5.7 3 -6.4 5.7 3 -6.4 6 3 -6 6 0.0258249 0.116664 0.0258249
3 -6.4 5.7 3 -6.8 5.7 3 -6.8 6 3 -6.4 6 0.0198273 0.107673 0.0198273
3 -6.8 5.7 3 -7.2 5.7 3 -7.2 6 3 -6.8 6 0.0147807 0.0969376 0.0147807
3 -7.2 5.7 3 -7.6 5.7 3 -7.6 6 3 -7.2 6 0.0168611 0.0877512 0.0168611
3 -7.6 5.7 3 -8 5.7 3 -8 6 3 -7.6 6 0.0160876 0.0821546 0.0160876
6 -4 3 6 -4.4 3 5.7 -4.4 3 5.7 -4 3 0.177108 0.169562 0.166134
6 -4.4 3 6 -4.8 3 5.7 -4.8 3 5.7 -4.4 3 0.181698 0.173691 0.170253
6 -4.8 3 6 -5.2 3 5.7 -5.2 3 5.7 -4.8 3 0.16578 0.158297 0.154009
6 -5.2 3 6 -5.6 3 5.7 -5.6 3 5.7 -5.2 3 0.156465 0.149525 0.144404
6 -5.6 3 6 -6 3 5.7 -6 3 5.7 -5.6 3 0.147296 0.140079 0.135062
6 -6 3 6 -6.4 3 5.7 -6.4 3 5.7 -6 3 0.121822 0.115832 0.109876
6 -6.4 3 6 -6.8 3 5.7 -6.8 3 5.7 -6.4 3 0.11193 0.106872 0.100432
6 -6.8 3 6 -7.2 3 5.7 -7.2 3 5.7 -6.8 3 0.101548 0.0961701 0.0899488
6 -7.2 3 6 -7.6 3 5.7 -7.6 3 5.7 -7.2 3 0.0920402 0.0874711 0.0808679
6 -7.6 3 6 -8 3 5.7 -8 3 5.7 -7.6 3 0.0853879 0.0815205 0.0750191
5.7 -4 3 5.7 -4.4 3 5.4 -4.4 3 5.4 -4 3 0.210761 0.204691 0.201262
5.7 -4.4 3 5.7 -4.8 3 5.4 -4.8 3 5.4 -4.4 3 0.179617 0.173631 0.169543
5.7 -4.8 3 5.7 -5.2 3 5.4 -5.2 3 5.4 -4.8 3 0.16881 0.162655 0.158392
5.7 -5.2 3 5.7 -5.6 3 5.4 -5.6 3 5.4 -5.2 3 0.15747 0.152029 0.146908
5.7 -5.6 3 5.7 -6 3 5.4 -6 3 5.4 -5.6 3 0.140037 0.134854 0.129056
5.7 -6 3 5.7 -6.4 3 5.4 -6.4 3 5.4 -6 3 0.116708 0.112253 0.10594
5.7 -6.4 3 5.7 -6.8 3 5.4 -6.8 3 5.4 -6.4 3 0.108411 0.104112 0.0975783
5.7 -6.8 3 5.7 -7.2 3 5.4 -7.2 3 5.4 -6.8 3 0.102567 0.0989132 0.0922944
5.7 -7.2 3 5.7 -7.6 3 5.4 -7.6 3 5.4 -7.2 3 0.0925631 0.0885448 0.0822642
5.7 -7.6 3 5.7 -8 3 5.4 -8 3 5.4 -7.6 3 0.0867024 0.0831708 0.0767671
5.4 -4 3 5.4 -4.4 3 5.1 -4.4 3 5.1 -4 3 0.220545 0.216373 0.212532
5.4 -4.4 3 5.4 -4.8 3 5.1 -4.8 3 5.1 -4.4 3 0.1856 0.181421 0.176758
5.4 -4.8 3 5.4 -5.2 3 5.1 -5.2 3 5.1 -4.8 3 0.167656 0.163566 0.158237
5.4 -5.2 3 5.4 -5.6 3 5.1 -5.6 3 5.1 -5.2 3 0.149064 0.145686 0.139333
5.4 -5.6 3 5.4 -6 3 5.1 -6 3 5.1 -5.6 3 0.131856 0.128532 0.122049
5.4 -6 3 5.4 -6.4 3 5.1 -6.4 3 5.1 -6 3 0.11045 0.107402 0.100319
5.4 -6.4 3 5.4 -6.8 3 5.1 -6.8 3 5.1 -6.4 3 0.107402 0.104491 0.0973526
5.4 -6.8 3 5.4 -7.2 3 5.1 -7.2 3 5.1 -6.8 3 0.101584 0.098999 0.0915916
5.4 -7.2 3 5.4 -7.6 3 5.1 -7.6 3 5.1 -7.2 3 0.091284 0.0891091 0.081693
5.4 -7.6 3 5.4 -8 3 5.1 -8 3 5.1 -7.6 3 0.085758 0.0833694 0.0762691
5.1 -4 3 5.1 -4.4 3 4.8 -4.4 3 4.8 -4 3 0.225831 0.22362 0.219073
5.1 -4.4 3 5.1 -4.8 3 4.8 -4.8 3 4.8 -4.4 3 0.199867 0.196993 0.192219
5.1 -4.8 3 5.1 -5.2 3 4.8 -5.2 3 4.8 -4.8 3 0.161466 0.158587 0.153018
5.1 -5.2 3 5.1 -5.6 3 4.8 -5.6 3 4.8 -5.2 3 0.142679 0.139989 0.133807
5.1 -5.6 3 5.1 -6 3 4.8 -6 3 4.8 -5.6 3 0.127263 0.125172 0.118048
5.1 -6 3 5.1 -6.4 3 4.8 -6.4 3 4.8 -6 3 0.11172 0.109827 0.102488
5.1 -6.4 3 5.1 -6.8 3 4.8 -6.8 3 4.8 -6.4 3 0.108653 0.106785 0.0992905
5.1 -6.8 3 5.1 -7.2 3 4.8 -7.2 3 4.8 -6.8 3 0.102531 0.101135 0.0935081
5.1 -7.2 3 5.1 -7.6 3 4.8 -7.6 3 4.8 -7.2 3 0.0921386 0.0906422 0.0833602
5.1 -7.6 3 5.1 -8 3 4.8 -8 3 4.8 -7.6 3 0.0861352 0.0852179 0.0777882
4.8 -4 3 4.8 -4.4 3 4.5 -4.4 3 4.5 -4 3 0.23178 0.230375 0.225386
4.8 -4.4 3 4.8 -4.8 3 4.5 -4.8 3 4.5 -4.4 3 0.208583 0.207387 0.201437
4.8 -4.8 3 4.8 -5.2 3 4.5 -5.2 3 4.5 -4.8 3 0.168895 0.168386 0.161531
4.8 -5.2 3 4.8 -5.6 3 4.5 -5.6 3 4.5 -5.2 3 0.135523 0.134938 0.127243
4.8 -5.6 3 4.8 -6 3 4.5 -6 3 4.5 -5.6 3 0.12242 0.121759 0.113772
4.8 -6 3 4.8 -6.4 3 4.5 -6.4 3 4.5 -6 3 0.111861 0.110892 0.10293
4.8 -6.4 3 4.8 -6.8 3 4.5 -6.8 3 4.5 -6.4 3 0.108473 0.107729 0.0996194
4.8 -6.8 3 4.8 -7.2 3 4.5 -7.2 3 4.5 -6.8 3 0.102683 0.101819 0.0938083
4.8 -7.2 3 4.8 -7.6 3 4.5 -7.6 3 4.5 -7.2 3 0.0921361 0.0917607 0.0836534
4.8 -7.6 3 4.8 -8 3 4.5 -8 3 4.5 -7.6 3 0.0865046 0.0858657 0.0781492
4.5 -4 3 4.5 -4.4 3 4.2 -4.4 3 4.2 -4 3 0.230144 0.231466 0.225112
4.5 -4.4 3 4.5 -4.8 3 4.2 -4.8 3 4.2 -4.4 3 0.207099 0.208196 0.201109
4.5 -4.8 3 4.5 -5.2 3 4.2 -5.2 3 4.2 -4.8 3 0.167815 0.168247 0.160921
4.5 -5.2 3 4.5 -5.6 3 4.2 -5.6 3 4.2 -5.2 3 0.134463 0.134978 0.126733
4.5 -5.6 3 4.5 -6 3 4.2 -6 3 4.2 -5.6 3 0.12144 0.122061 0.113434
4.5 -6 3 4.5 -6.4 3 4.2 -6.4 3 4.2 -6 3 0.110646 0.11159 0.102666
4.5 -6.4 3 4.5 -6.8 3 4.2 -6.8 3 4.2 -6.4 3 0.107563 0.108302 0.09945
4.5 -6.8 3 4.5 -7.2 3 4.2 -7.2 3 4.2 -6.8 3 0.101759 0.102619 0.0937468
4.5 -7.2 3 4.5 -7.6 3 4.2 -7.6 3 4.2 -7.2 3 0.0916317 0.0920008 0.0835206
4.5 -7.6 3 4.5 -8 3 4.2 -8 3 4.2 -7.6 3 0.0857556 0.0863861 0.0780354
4.2 -4 3 4.2 -4.4 3 3.9 -4.4 3 3.9 -4 3 0.221657 0.223806 0.217089
4.2 -4.4 3 4.2 -4.8 3 3.9 -4.8 3 3.9 -4.4 3 0.195046 0.197871 0.190261
4.2 -4.8 3 4.2 -5.2 3 3.9 -5.2 3 3.9 -4.8 3 0.157037 0.15986 0.151446
4.2 -5.2 3 4.2 -5.6 3 3.9 -5.6 3 3.9 -5.2 3 0.138896 0.141545 0.132694
4.2 -5.6 3 4.2 -6 3 3.9 -6 3 3.9 -5.6 3 0.124113 0.126177 0.116971
4.2 -6 3 4.2 -6.4 3 3.9 -6.4 3 3.9 -6 3 0.108813 0.11069 0.101463
4.2 -6.4 3 4.2 -6.8 3 3.9 -6.8 3 3.9 -6.4 3 0.105859 0.107722 0.0983623
4.2 -6.8 3 4.2 -7.2 3 3.9 -7.2 3 3.9 -6.8 3 0.100325 0.101715 0.0926943
4.2 -7.2 3 4.2 -7.6 3 3.9 -7.6 3 3.9 -7.2 3 0.0899528 0.0914426 0.0826688
4.2 -7.6 3 4.2 -8 3 3.9 -8 3 3.9 -7.6 3 0.0846658 0.0855747 0.0772323
3.9 -4 3 3.9 -4.4 3 3.6 -4.4 3 3.6 -4 3 0.215644 0.219747 0.211792
3.9 -4.4 3 3.9 -4.8 3 3.6 -4.8 3 3.6 -4.4 3 0.180959 0.185062 0.176275
3.9 -4.8 3 3.9 -5.2 3 3.6 -5.2 3 3.6 -4.8 3 0.164341 0.168389 0.158991
3.9 -5.2 3 3.9 -5.6 3 3.6 -5.6 3 3.6 -5.2 3 0.145675 0.149024 0.139302
3.9 -5.6 3 3.9 -6 3 3.6 -6 3 3.6 -5.6 3 0.128622 0.131931 0.122129
3.9 -6 3 3.9 -6.4 3 3.6 -6.4 3 3.6 -6 3 0.108102 0.111125 0.101001
3.9 -6.4 3 3.9 -6.8 3 3.6 -6.8 3 3.6 -6.4 3 0.104813 0.107711 0.0976641
3.9 -6.8 3 3.9 -7.2 3 3.6 -7.2 3 3.6 -6.8 3 0.099081 0.101662 0.0916718
3.9 -7.2 3 3.9 -7.6 3 3.6 -7.6 3 3.6 -7.2 3 0.0891782 0.091347 0.081759
3.9 -7.6 3 3.9 -8 3 3.6 -8 3 3.6 -7.6 3 0.0834523 0.0858322 0.0763488
3.6 -4 3 3.6 -4.4 3 3.3 -4.4 3 3.3 -4 3 0.203613 0.209607 0.200162
3.6 -4.4 3 3.6 -4.8 3 3.3 -4.8 3 3.3 -4.4 3 0.174275 0.1802 0.170165
3.6 -4.8 3 3.6 -5.2 3 3.3 -5.2 3 3.3 -4.8 3 0.161555 0.167674 0.157282
3.6 -5.2 3 3.6 -5.6 3 3.3 -5.6 3 3.3 -5.2 3 0.151865 0.157276 0.146723
3.6 -5.6 3 3.6 -6 3 3.3 -6 3 3.3 -5.6 3 0.134539 0.139692 0.128722
3.6 -6 3 3.6 -6.4 3 3.3 -6.4 3 3.3 -6 3 0.11147 0.115901 0.105139
3.6 -6.4 3 3.6 -6.8 3 3.3 -6.8 3 3.3 -6.4 3 0.103455 0.107744 0.0969136
3.6 -6.8 3 3.6 -7.2 3 3.3 -7.2 3 3.3 -6.8 3 0.0985376 0.102178 0.0919085
3.6 -7.2 3 3.6 -7.6 3 3.3 -7.6 3 3.3 -7.2 3 0.0879888 0.092 0.0817065
3.6 -7.6 3 3.6 -8 3 3.3 -8 3 3.3 -7.6 3 0.0827285 0.0862514 0.0763216
3.3 -4 3 3.3 -4.4 3 3 -4.4 3 3 -4 3 0.169219 0.176692 0.165769
3.3 -4.4 3 3.3 -4.8 3 3 -4.8 3 3 -4.4 3 0.171607 0.179571 0.168159
3.3 -4.8 3 3.3 -5.2 3 3 -5.2 3 3 -4.8 3 0.157996 0.165444 0.153686
3.3 -5.2 3 3.3 -5.6 3 3 -5.6 3 3 -5.2 3 0.14922 0.156128 0.144079
3.3 -5.6 3 3.3 -6 3 3 -6 3 3 -5.6 3 0.139058 0.146255 0.13403
3.3 -6 3 3.3 -6.4 3 3 -6.4 3 3 -6 3 0.115356 0.121334 0.109391
3.3 -6.4 3 3.3 -6.8 3 3 -6.8 3 3 -6.4 3 0.106508 0.111545 0.100049
3.3 -6.8 3 3.3 -7.2 3 3 -7.2 3 3 -6.8 3 0.0957852 0.101151 0.0895554
3.3 -7.2 3 3.3 -7.6 3 3 -7.6 3 3 -7.2 3 0.086669 0.0912319 0.0800632
3.3 -7.6 3 3.3 -8 3 3 -8 3 3 -7.6 3 0.081113 0.0849423 0.0746058
3 -0.1 3 3 -0.1 3.3 3.3 -0.1 3.3 3.3 -0.1 3 15.2713 15.2731 15.2682
3 -0.1 3.3 3 -0.1 3.6 3.3 -0.1 3.6 3.3 -0.1 3.3 15.2873 15.2885 15.2833
3 -0.1 3.6 3 -0.1 3.9 3.3 -0.1 3.9 3.3 -0.1 3.6 15.406 15.4076 15.4018
3 -0.1 3.9 3 -0.1 4.2 3.3 -0.1 4.2 3.3 -0.1 3.9 15.4257 15.4267 15.4203
3 -0.1 4.2 3 -0.1 4.5 3.3 -0.1 4.5 3.3 -0.1 4.2 15.4299 15.4311 15.4242
3 -0.1 4.5 3 -0.1 4.8 3.3 -0.1 4.8 3.3 -0.1 4.5 15.4555 15.456 15.4487
3 -0.1 4.8 3 -0.1 5.1 3.3 -0.1 5.1 3.3 -0.1 4.8 15.4609 15.4616 15.4538
3 -0.1 5.1 3 -0.1 5.4 3.3 -0.1 5.4 3.3 -0.1 5.1 15.4621 15.462 15.4538
3 -0.1 5.4 3 -0.1 5.7 3.3 -0.1 5.7 3.3 -0.1 5.4 15.4631 15.463 15.4544
3 -0.1 5.7 3 -0.1 6 3.3 -0.1 6 3.3 -0.1 5.7 15.4608 15.4599 15.4511
3.3 -0.1 3 3.3 -0.1 3.3 3.6 -0.1 3.3 3.6 -0.1 3 15.2807 15.2823 15.277
3.3 -0.1 3.3 3.3 -0.1 3.6 3.6 -0.1 3.6 3.6 -0.1 3.3 15.2984 15.3004 15.2943
3.3 -0.1 3.6 3.3 -0.1 3.9 3.6 -0.1 3.9 3.6 -0.1 3.6 15.4193 15.4209 15.4142
3.3 -0.1 3.9 3.3 -0.1 4.2 3.6 -0.1 4.2 3.6 -0.1 3.9 15.4417 15.4437 15.4363
3.3 -0.1 4.2 3.3 -0.1 4.5 3.6 -0.1 4.5 3.6 -0.1 4.2 15.446 15.4474 15.4395
3.3 -0.1 4.5 3.3 -0.1 4.8 3.6 -0.1 4.8 3.6 -0.1 4.5 15.4704 15.472 15.4634
3.3 -0.1 4.8 3.3 -0.1 5.1 3.6 -0.1 5.1 3.6 -0.1 4.8 15.4752 15.4765 15.4673
3.3 -0.1 5.1 3.3 -0.1 5.4 3.6 -0.1 5.4 3.6 -0.1 5.1 15.4763 15.4775 15.4678
3.3 -0.1 5.4 3.3 -0.1 5.7 3.6 -0.1 5.7 3.6 -0.1 5.4 15.4773 15.4777 15.4677
3.3 -0.1 5.7 3.3 -0.1 6 3.6 -0.1 6 3.6 -0.1 5.7 15.4742 15.4747 15.4643
3.6 -0.1 3 3.6 -0.1 3.3 3.9 -0.1 3.3 3.9 -0.1 3 15.3874 15.3887 15.384
3.6 -0.1 3.3 3.6 -0.1 3.6 3.9 -0.1 3.6 3.9 -0.1 3.3 15.4118 15.4131 15.4076
3.6 -0.1 3.6 3.6 -0.1 3.9 3.9 -0.1 3.9 3.9 -0.1 3.6 15.6122 15.6142 15.6077
3.6 -0.1 3.9 3.6 -0.1 4.2 3.9 -0.1 4.2 3.9 -0.1 3.9 15.6415 15.6431 15.6361
3.6 -0.1 4.2 3.6 -0.1 4.5 3.9 -0.1 4.5 3.9 -0.1 4.2 15.6438 15.6455 15.6379
3.6 -0.1 4.5 3.6 -0.1 4.8 3.9 -0.1 4.8 3.9 -0.1 4.5 15.6455 15.6472 15.6388
3.6 -0.1 4.8 3.6 -0.1 5.1 3.9 -0.1 5.1 3.9 -0.1 4.8 15.6488 15.6502 15.6415
3.6 -0.1 5.1 3.6 -0.1 5.4 3.9 -0.1 5.4 3.9 -0.1 5.1 15.6496 15.6506 15.6414
3.6 -0.1 5.4 3.6 -0.1 5.7 3.9 -0.1 5.7 3.9 -0.1 5.4 15.6504 15.6516 15.6418
3.6 -0.1 5.7 3.6 -0.1 6 3.9 -0.1 6 3.9 -0.1 5.7 15.6468 15.6479 15.6379
3.9 -0.1 3 3.9 -0.1 3.3 4.2 -0.1 3.3 4.2 -0.1 3 15.3943 15.3954 15.3907
3.9 -0.1 3.3 3.9 -0.1 3.6 4.2 -0.1 3.6 4.2 -0.1 3.3 15.42 15.4214 15.4157
3.9 -0.1 3.6 3.9 -0.1 3.9 4.2 -0.1 3.9 4.2 -0.1 3.6 15.6235 15.6245 15.6183
3.9 -0.1 3.9 3.9 -0.1 4.2 4.2 -0.1 4.2 4.2 -0.1 3.9 15.6547 15.6563 15.649
3.9 -0.1 4.2 3.9 -0.1 4.5 4.2 -0.1 4.5 4.2 -0.1 4.2 15.6568 15.6579 15.6503
3.9 -0.1 4.5 3.9 -0.1 4.8 4.2 -0.1 4.8 4.2 -0.1 4.5 15.6582 15.6594 15.6511
3.9 -0.1 4.8 3.9 -0.1 5.1 4.2 -0.1 5.1 4.2 -0.1 4.8 15.6606 15.6615 15.6526
3.9 -0.1 5.1 3.9 -0.1 5.4 4.2 -0.1 5.4 4.2 -0.1 5.1 15.6614 15.6624 15.653
3.9 -0.1 5.4 3.9 -0.1 5.7 4.2 -0.1 5.7 4.2 -0.1 5.4 15.6624 15.6632 15.6535
3.9 -0.1 5.7 3.9 -0.1 6 4.2 -0.1 6 4.2 -0.1 5.7 15.6583 15.6594 15.649
4.2 -0.1 3 4.2 -0.1 3.3 4.5 -0.1 3.3 4.5 -0.1 3 15.3956 15.3956 15.3916
4.2 -0.1 3.3 4.2 -0.1 3.6 4.5 -0.1 3.6 4.5 -0.1 3.3 15.4213 15.422 15.417
4.2 -0.1 3.6 4.2 -0.1 3.9 4.5 -0.1 3.9 4.5 -0.1 3.6 15.6236 15.6243 15.6186
4.2 -0.1 3.9 4.2 -0.1 4.2 4.5 -0.1 4.2 4.5 -0.1 3.9 15.6555 15.6554 15.6493
4.2 -0.1 4.2 4.2 -0.1 4.5 4.5 -0.1 4.5 4.5 -0.1 4.2 15.6568 15.6577 15.6503
4.2 -0.1 4.5 4.2 -0.1 4.8 4.5 -0.1 4.8 4.5 -0.1 4.5 15.6573 15.6577 15.6499
4.2 -0.1 4.8 4.2 -0.1 5.1 4.5 -0.1 5.1 4.5 -0.1 4.8 15.6597 15.6597 15.6515
4.2 -0.1 5.1 4.2 -0.1 5.4 4.5 -0.1 5.4 4.5 -0.1 5.1 15.66 15.6606 15.6517
4.2 -0.1 5.4 4.2 -0.1 5.7 4.5 -0.1 5.7 4.5 -0.1 5.4 15.6608 15.6612 15.6518
4.2 -0.1 5.7 4.2 -0.1 6 4.5 -0.1 6 4.5 -0.1 5.7 15.6568 15.6568 15.6473
4.5 -0.1 3 4.5 -0.1 3.3 4.8 -0.1 3.3 4.8 -0.1 3 15.3956 15.3956 15.3916
4.5 -0.1 3.3 4.5 -0.1 3.6 4.8 -0.1 3.6 4.8 -0.1 3.3 15.422 15.4213 15.417
4.5 -0.1 3.6 4.5 -0.1 3.9 4.8 -0.1 3.9 4.8 -0.1 3.6 15.6243 15.6236 15.6186
4.5 -0.1 3.9 4.5 -0.1 4.2 4.8 -0.1 4.2 4.8 -0.1 3.9 15.6554 15.6554 15.6493
4.5 -0.1 4.2 4.5 -0.1 4.5 4.8 -0.1 4.5 4.8 -0.1 4.2 15.6577 15.6568 15.6503
4.5 -0.1 4.5 4.5 -0.1 4.8 4.8 -0.1 4.8 4.8 -0.1 4.5 15.6578 15.6573 15.6499
4.5 -0.1 4.8 4.5 -0.1 5.1 4.8 -0.1 5.1 4.8 -0.1 4.8 15.6597 15.6597 15.6515
4.5 -0.1 5.1 4.5 -0.1 5.4 4.8 -0.1 5.4 4.8 -0.1 5.1 15.6606 15.66 15.6517
4.5 -0.1 5.4 4.5 -0.1 5.7 4.8 -0.1 5.7 4.8 -0.1 5.4 15.6612 15.6608 15.6518
4.5 -0.1 5.7 4.5 -0.1 6 4.8 -0.1 6 4.8 -0.1 5.7 15.6568 15.6568 15.6473
4.8 -0.1 3 4.8 -0.1 3.3 5.1 -0.1 3.3 5.1 -0.1 3 15.3955 15.3942 15.3907
4.8 -0.1 3.3 4.8 -0.1 3.6 5.1 -0.1 3.6 5.1 -0.1 3.3 15.4214 15.42 15.4157
4.8 -0.1 3.6 4.8 -0.1 3.9 5.1 -0.1 3.9 5.1 -0.1 3.6 15.6245 15.6235 15.6183
4.8 -0.1 3.9 4.8 -0.1 4.2 5.1 -0.1 4.2 5.1 -0.1 3.9 15.6563 15.6547 15.649
4.8 -0.1 4.2 4.8 -0.1 4.5 5.1 -0.1 4.5 5.1 -0.1 4.2 15.658 15.6568 15.6503
4.8 -0.1 4.5 4.8 -0.1 4.8 5.1 -0.1 4.8 5.1 -0.1 4.5 15.6594 15.6582 15.6511
4.8 -0.1 4.8 4.8 -0.1 5.1 5.1 -0.1 5.1 5.1 -0.1 4.8 15.6616 15.6606 15.6526
4.8 -0.1 5.1 4.8 -0.1 5.4 5.1 -0.1 5.4 5.1 -0.1 5.1 15.6625 15.6614 15.653
4.8 -0.1 5.4 4.8 -0.1 5.7 5.1 -0.1 5.7 5.1 -0.1 5.4 15.6633 15.6624 15.6535
4.8 -0.1 5.7 4.8 -0.1 6 5.1 -0.1 6 5.1 -0.1 5.7 15.6594 15.6583 15.649
5.1 -0.1 3 5.1 -0.1 3.3 5.4 -0.1 3.3 5.4 -0.1 3 15.3887 15.3873 15.384
5.1 -0.1 3.3 5.1 -0.1 3.6 5.4 -0.1 3.6 5.4 -0.1 3.3 15.4131 15.4118 15.4076
5.1 -0.1 3.6 5.1 -0.1 3.9 5.4 -0.1 3.9 5.4 -0.1 3.6 15.6143 15.6122 15.6077
5.1 -0.1 3.9 5.1 -0.1 4.2 5.4 -0.1 4.2 5.4 -0.1 3.9 15.6431 15.6415 15.6361
5.1 -0.1 4.2 5.1 -0.1 4.5 5.4 -0.1 4.5 5.4 -0.1 4.2 15.6456 15.6438 15.6379
5.1 -0.1 4.5 5.1 -0.1 4.8 5.4 -0.1 4.8 5.4 -0.1 4.5 15.6473 15.6455 15.6388
5.1 -0.1 4.8 5.1 -0.1 5.1 5.4 -0.1 5.1 5.4 -0.1 4.8 15.6503 15.6488 15.6415
5.1 -0.1 5.1 5.1 -0.1 5.4 5.4 -0.1 5.4 5.4 -0.1 5.1 15.6506 15.6496 15.6414
5.1 -0.1 5.4 5.1 -0.1 5.7 5.4 -0.1 5.7 5.4 -0.1 5.4 15.6517 15.6504 15.6418
5.1 -0.1 5.7 5.1 -0.1 6 5.4 -0.1 6 5.4 -0.1 5.7 15.6479 15.6468 15.6379
5.4 -0.1 3 5.4 -0.1 3.3 5.7 -0.1 3.3 5.7 -0.1 3 15.2823 15.2806 15.277
5.4 -0.1 3.3 5.4 -0.1 3.6 5.7 -0.1 3.6 5.7 -0.1 3.3 15.3005 15.2984 15.2943
5.4 -0.1 3.6 5.4 -0.1 3.9 5.7 -0.1 3.9 5.7 -0.1 3.6 15.421 15.4193 15.4142
5.4 -0.1 3.9 5.4 -0.1 4.2 5.7 -0.1 4.2 5.7 -0.1 3.9 15.4438 15.4417 15.4363
5.4 -0.1 4.2 5.4 -0.1 4.5 5.7 -0.1 4.5 5.7 -0.1 4.2 15.4475 15.4459 15.4395
5.4 -0.1 4.5 5.4 -0.1 4.8 5.7 -0.1 4.8 5.7 -0.1 4.5 15.472 15.4704 15.4634
5.4 -0.1 4.8 5.4 -0.1 5.1 5.7 -0.1 5.1 5.7 -0.1 4.8 15.4765 15.4751 15.4673
5.4 -0.1 5.1 5.4 -0.1 5.4 5.7 -0.1 5.4 5.7 -0.1 5.1 15.4776 15.4763 15.4678
5.4 -0.1 5.4 5.4 -0.1 5.7 5.7 -0.1 5.7 5.7 -0.1 5.4 15.4778 15.4772 15.4677
5.4 -0.1 5.7 5.4 -0.1 6 5.7 -0.1 6 5.7 -0.1 5.7 15.4747 15.4742 15.4643
5.7 -0.1 3 5.7 -0.1 3.3 6 -0.1 3.3 6 -0.1 3 15.2731 15.2713 15.2682
5.7 -0.1 3.3 5.7 -0.1 3.6 6 -0.1 3.6 6 -0.1 3.3 15.2886 15.2872 15.2832
5.7 -0.1 3.6 5.7 -0.1 3.9 6 -0.1 3.9 6 -0.1 3.6 15.4076 15.406 15.4017
5.7 -0.1 3.9 5.7 -0.1 4.2 6 -0.1 4.2 6 -0.1 3.9 15.4268 15.4256 15.4203
5.7 -0.1 4.2 5.7 -0.1 4.5 6 -0.1 4.5 6 -0.1 4.2 15.4311 15.4299 15.4242
5.7 -0.1 4.5 5.7 -0.1 4.8 6 -0.1 4.8 6 -0.1 4.5 15.4561 15.4554 15.4487
5.7 -0.1 4.8 5.7 -0.1 5.1 6 -0.1 5.1 6 -0.1 4.8 15.4617 15.4609 15.4538
5.7 -0.1 5.1 5.7 -0.1 5.4 6 -0.1 5.4 6 -0.1 5.1 15.462 15.462 15.4538
5.7 -0.1 5.4 5.7 -0.1 5.7 6 -0.1 5.7 6 -0.1 5.4 15.463 15.463 15.4544
5.7 -0.1 5.7 5.7 -0.1 6 6 -0.1 6 6 -0.1 5.7 15.4599 15.4607 15.4511
