0 0 0 0 0 0.9 0.9 0 0.9 0.9 0 0 0.00248436 0.00433284 0.00215869
0 0 0.9 0 0 1.8 0.9 0 1.8 0.9 0 0.9 0.00812557 0.0099418 0.00707065
0 0 1.8 0 0 2.7 0.9 0 2.7 0.9 0 1.8 0.0110062 0.011862 0.0088659
0 0 2.7 0 0 3.6 0.9 0 3.6 0.9 0 2.7 0.01189 0.0115073 0.00850857
0 0 3.6 0 0 4.5 0.9 0 4.5 0.9 0 3.6 0.0124239 0.0108376 0.00770151
0 0 4.5 0 0 5.4 0.9 0 5.4 0.9 0 4.5 0.0137299 0.010798 0.00779974
0 0 5.4 0 0 6.3 0.9 0 6.3 0.9 0 5.4 0.0151791 0.0105391 0.00798271
0 0 6.3 0 0 7.2 0.9 0 7.2 0.9 0 6.3 0.016807 0.0106323 0.00858755
0 0 7.2 0 0 8.1 0.9 0 8.1 0.9 0 7.2 0.0174347 0.00963033 0.00820555
0 0 8.1 0 0 9 0.9 0 9 0.9 0 8.1 0.0163004 0.0069213 0.00612592
0.9 0 0 0.9 0 0.9 1.8 0 0.9 1.8 0 0 0.00389603 0.00513523 0.00347999
0.9 0 0.9 0.9 0 1.8 1.8 0 1.8 1.8 0 0.9 0.0089454 0.0107988 0.00775333
0.9 0 1.8 0.9 0 2.7 1.8 0 2.7 1.8 0 1.8 0.0110158 0.0126013 0.00866772
0.9 0 2.7 0.9 0 3.6 1.8 0 3.6 1.8 0 2.7 0.014419 0.015533 0.0108231
0.9 0 3.6 0.9 0 4.5 1.8 0 4.5 1.8 0 3.6 0.0503105 0.0505569 0.045324
0.9 0 4.5 0.9 0 5.4 1.8 0 5.4 1.8 0 4.5 0.103183 0.102561 0.0968435
0.9 0 5.4 0.9 0 6.3 1.8 0 6.3 1.8 0 5.4 0.104255 0.101269 0.0957677
0.9 0 6.3 0.9 0 7.2 1.8 0 7.2 1.8 0 6.3 0.0769635 0.0716123 0.0669056
0.9 0 7.2 0.9 0 8.1 1.8 0 8.1 1.8 0 7.2 0.0327661 0.0250653 0.0212392
0.9 0 8.1 0.9 0 9 1.8 0 9 1.8 0 8.1 0.013438 0.00401631 0.00152945
1.8 0 0 1.8 0 0.9 2.7 0 0.9 2.7 0 0 0.00504083 0.00641738 0.0044832
1.8 0 0.9 1.8 0 1.8 2.7 0 1.8 2.7 0 0.9 0.0103377 0.0119533 0.0089601
1.8 0 1.8 1.8 0 2.7 2.7 0 2.7 2.7 0 1.8 0.0102751 0.0130208 0.00774999
1.8 0 2.7 1.8 0 3.6 2.7 0 3.6 2.7 0 2.7 0.0135657 0.0159476 0.00905095
1.8 0 3.6 1.8 0 4.5 2.7 0 4.5 2.7 0 3.6 0.0499495 0.0521471 0.0438123
1.8 0 4.5 1.8 0 5.4 2.7 0 5.4 2.7 0 4.5 0.103231 0.104829 0.0953753
1.8 0 5.4 1.8 0 6.3 2.7 0 6.3 2.7 0 5.4 0.104371 0.104094 0.0942133
1.8 0 6.3 1.8 0 7.2 2.7 0 7.2 2.7 0 6.3 0.0765753 0.0737233 0.0646321
1.8 0 7.2 1.8 0 8.1 2.7 0 8.1 2.7 0 7.2 0.0319296 0.0268158 0.0191927
1.8 0 8.1 1.8 0 9 2.7 0 9 2.7 0 8.1 0.0126079 0.00581798 0
2.7 0 0 2.7 0 0.9 3.6 0 0.9 3.6 0 0 0.00621256 0.00694531 0.00547445
2.7 0 0.9 2.7 0 1.8 3.6 0 1.8 3.6 0 0.9 0.0111445 0.0121932 0.00967444
2.7 0 1.8 2.7 0 2.7 3.6 0 2.7 3.6 0 1.8 0.0100393 0.0113751 0.00699795
2.7 0 2.7 2.7 0 3.6 3.6 0 3.6 3.6 0 2.7 0.451335 0.455532 0.450536
2.7 0 3.6 2.7 0 4.5 3.6 0 4.5 3.6 0 3.6 0.712365 0.71855 0.712044
2.7 0 4.5 2.7 0 5.4 3.6 0 5.4 3.6 0 4.5 0.767384 0.774799 0.767029
2.7 0 5.4 2.7 0 6.3 3.6 0 6.3 3.6 0 5.4 0.767994 0.776055 0.767526
2.7 0 6.3 2.7 0 7.2 3.6 0 7.2 3.6 0 6.3 0.0758683 0.0761398 0.064591
2.7 0 7.2 2.7 0 8.1 3.6 0 8.1 3.6 0 7.2 0.0309908 0.0295493 0.0191812
2.7 0 8.1 2.7 0 9 3.6 0 9 3.6 0 8.1 0.0115318 0.00840836 0
3.6 0 0 3.6 0 0.9 4.5 0 0.9 4.5 0 0 0.00683474 0.00718396 0.00586348
3.6 0 0.9 3.6 0 1.8 4.5 0 1.8 4.5 0 0.9 0.0120679 0.0121295 0.00988433
3.6 0 1.8 3.6 0 2.7 4.5 0 2.7 4.5 0 1.8 0.0104669 0.0109808 0.00649472
3.6 0 2.7 3.6 0 3.6 4.5 0 3.6 4.5 0 2.7 0.66449 0.665078 0.663348
3.6 0 3.6 3.6 0 4.5 4.5 0 4.5 4.5 0 3.6 1.12082 1.12096 1.12018
3.6 0 4.5 3.6 0 5.4 4.5 0 5.4 4.5 0 4.5 1.12275 1.12286 1.12189
3.6 0 5.4 3.6 0 6.3 4.5 0 6.3 4.5 0 5.4 1.12287 1.12295 1.12185
3.6 0 6.3 3.6 0 7.2 4.5 0 7.2 4.5 0 6.3 0.0124235 0.0134419 0
3.6 0 7.2 3.6 0 8.1 4.5 0 8.1 4.5 0 7.2 0.0123085 0.0127243 0
3.6 0 8.1 3.6 0 9 4.5 0 9 4.5 0 8.1 0.0115762 0.0110276 0
4.5 0 0 4.5 0 0.9 5.4 0 0.9 5.4 0 0 0.00720338 0.00683065 0.00587526
4.5 0 0.9 4.5 0 1.8 5.4 0 1.8 5.4 0 0.9 0.0121947 0.012063 0.0099131
4.5 0 1.8 4.5 0 2.7 5.4 0 2.7 5.4 0 1.8 0.0108961 0.0103691 0.00642171
4.5 0 2.7 4.5 0 3.6 5.4 0 3.6 5.4 0 2.7 0.665078 0.664505 0.663353
4.5 0 3.6 4.5 0 4.5 5.4 0 4.5 5.4 0 3.6 1.12096 1.12083 1.12018
4.5 0 4.5 4.5 0 5.4 5.4 0 5.4 5.4 0 4.5 1.12286 1.12276 1.12189
4.5 0 5.4 4.5 0 6.3 5.4 0 6.3 5.4 0 5.4 1.12295 1.12288 1.12185
4.5 0 6.3 4.5 0 7.2 5.4 0 7.2 5.4 0 6.3 0.0134348 0.0124122 0
4.5 0 7.2 4.5 0 8.1 5.4 0 8.1 5.4 0 7.2 0.0126955 0.0123328 0
4.5 0 8.1 4.5 0 9 5.4 0 9 5.4 0 8.1 0.0109829 0.0116192 0
5.4 0 0 5.4 0 0.9 6.3 0 0.9 6.3 0 0 0.0070114 0.00618711 0.00548459
5.4 0 0.9 5.4 0 1.8 6.3 0 1.8 6.3 0 0.9 0.0121264 0.0110594 0.00961821
5.4 0 1.8 5.4 0 2.7 6.3 0 2.7 6.3 0 1.8 0.0113485 0.0100077 0.00697607
5.4 0 2.7 5.4 0 3.6 6.3 0 3.6 6.3 0 2.7 0.455525 0.451306 0.450508
5.4 0 3.6 5.4 0 4.5 6.3 0 4.5 6.3 0 3.6 0.718595 0.712366 0.712046
5.4 0 4.5 5.4 0 5.4 6.3 0 5.4 6.3 0 4.5 0.774848 0.767383 0.76703
5.4 0 5.4 5.4 0 6.3 6.3 0 6.3 6.3 0 5.4 0.776056 0.767992 0.767526
5.4 0 6.3 5.4 0 7.2 6.3 0 7.2 6.3 0 6.3 0.0761232 0.075884 0.064591
5.4 0 7.2 5.4 0 8.1 6.3 0 8.1 6.3 0 7.2 0.0295117 0.030999 0.0191812
5.4 0 8.1 5.4 0 9 6.3 0 9 6.3 0 8.1 0.00834075 0.011542 0
6.3 0 0 6.3 0 0.9 7.2 0 0.9 7.2 0 0 0.00637133 0.00500595 0.00446896
6.3 0 0.9 6.3 0 1.8 7.2 0 1.8 7.2 0 0.9 0.0119509 0.0103224 0.00895589
6.3 0 1.8 6.3 0 2.7 7.2 0 2.7 7.2 0 1.8 0.0129772 0.0102328 0.00772487
6.3 0 2.7 6.3 0 3.6 7.2 0 3.6 7.2 0 2.7 0.0159567 0.0135149 0.00901764
6.3 0 3.6 6.3 0 4.5 7.2 0 4.5 7.2 0 3.6 0.05221 0.0499059 0.0437894
6.3 0 4.5 6.3 0 5.4 7.2 0 5.4 7.2 0 4.5 0.104838 0.10322 0.0953801
6.3 0 5.4 6.3 0 6.3 7.2 0 6.3 7.2 0 5.4 0.104087 0.104366 0.094216
6.3 0 6.3 6.3 0 7.2 7.2 0 7.2 7.2 0 6.3 0.0737169 0.0765929 0.0646321
6.3 0 7.2 6.3 0 8.1 7.2 0 8.1 7.2 0 7.2 0.0267355 0.031929 0.0191927
6.3 0 8.1 6.3 0 9 7.2 0 9 7.2 0 8.1 0.00570927 0.0126099 0
7.2 0 0 7.2 0 0.9 8.1 0 0.9 8.1 0 0 0.00518773 0.00384924 0.00347822
7.2 0 0.9 7.2 0 1.8 8.1 0 1.8 8.1 0 0.9 0.0107795 0.00894256 0.00775796
7.2 0 1.8 7.2 0 2.7 8.1 0 2.7 8.1 0 1.8 0.0125322 0.0110019 0.00866036
7.2 0 2.7 7.2 0 3.6 8.1 0 3.6 8.1 0 2.7 0.0155385 0.0143888 0.0108064
7.2 0 3.6 7.2 0 4.5 8.1 0 4.5 8.1 0 3.6 0.0505707 0.0502938 0.0453165
7.2 0 4.5 7.2 0 5.4 8.1 0 5.4 8.1 0 4.5 0.102543 0.103155 0.0968308
7.2 0 5.4 7.2 0 6.3 8.1 0 6.3 8.1 0 5.4 0.101316 0.104264 0.0957706
7.2 0 6.3 7.2 0 7.2 8.1 0 7.2 8.1 0 6.3 0.0716087 0.0769804 0.0669072
7.2 0 7.2 7.2 0 8.1 8.1 0 8.1 8.1 0 7.2 0.0249471 0.0327786 0.0212392
7.2 0 8.1 7.2 0 9 8.1 0 9 8.1 0 8.1 0.00396279 0.0134496 0.00152936
8.1 0 0 8.1 0 0.9 9 0 0.9 9 0 0 0.00429202 0.00245295 0.00214608
8.1 0 0.9 8.1 0 1.8 9 0 1.8 9 0 0.9 0.00994138 0.00820261 0.00715976
8.1 0 1.8 8.1 0 2.7 9 0 2.7 9 0 1.8 0.0117523 0.0109868 0.00885367
8.1 0 2.7 8.1 0 3.6 9 0 3.6 9 0 2.7 0.0115342 0.011895 0.00850885
8.1 0 3.6 8.1 0 4.5 9 0 4.5 9 0 3.6 0.0107993 0.0123984 0.00767918
8.1 0 4.5 8.1 0 5.4 9 0 5.4 9 0 4.5 0.0108563 0.0137121 0.00778124
8.1 0 5.4 8.1 0 6.3 9 0 6.3 9 0 5.4 0.0105593 0.0151652 0.00797351
8.1 0 6.3 8.1 0 7.2 9 0 7.2 9 0 6.3 0.0105811 0.0168191 0.00859201
8.1 0 7.2 8.1 0 8.1 9 0 8.1 9 0 7.2 0.00956041 0.0174453 0.00820743
8.1 0 8.1 8.1 0 9 9 0 9 9 0 8.1 0.0068854 0.0163156 0.00612588
0 0 9 0 -0.9 9 0 -0.9 8.1 0 0 8.1 0 0.0228948 0
0 -0.9 9 0 -1.8 9 0 -1.8 8.1 0 -0.9 8.1 0 0.14356 0
0 -1.8 9 0 -2.7 9 0 -2.7 8.1 0 -1.8 8.1 0 0.151223 0
0 -2.7 9 0 -3.6 9 0 -3.6 8.1 0 -2.7 8.1 0 0.249036 0
0 -3.6 9 0 -4.5 9 0 -4.5 8.1 0 -3.6 8.1 0 0.211814 0
0 -4.5 9 0 -5.4 9 0 -5.4 8.1 0 -4.5 8.1 0 0.226063 0
0 -5.4 9 0 -6.3 9 0 -6.3 8.1 0 -5.4 8.1 0 0.209097 0
0 -6.3 9 0 -7.2 9 0 -7.2 8.1 0 -6.3 8.1 0 0.14522 0
0 -7.2 9 0 -8.1 9 0 -8.1 8.1 0 -7.2 8.1 0 0.161803 0
0 -8.1 9 0 -9 9 0 -9 8.1 0 -8.1 8.1 0 0.144642 0
0 0 8.1 0 -0.9 8.1 0 -0.9 7.2 0 0 7.2 0 0.0393563 0
0 -0.9 8.1 0 -1.8 8.1 0 -1.8 7.2 0 -0.9 7.2 0 0.212414 0
0 -1.8 8.1 0 -2.7 8.1 0 -2.7 7.2 0 -1.8 7.2 0 0.249301 0
0 -2.7 8.1 0 -3.6 8.1 0 -3.6 7.2 0 -2.7 7.2 0 0.294253 0
0 -3.6 8.1 0 -4.5 8.1 0 -4.5 7.2 0 -3.6 7.2 0 0.267107 0
0 -4.5 8.1 0 -5.4 8.1 0 -5.4 7.2 0 -4.5 7.2 0 0.288983 0
0 -5.4 8.1 0 -6.3 8.1 0 -6.3 7.2 0 -5.4 7.2 0 0.218441 0
0 -6.3 8.1 0 -7.2 8.1 0 -7.2 7.2 0 -6.3 7.2 0 0.205749 0
0 -7.2 8.1 0 -8.1 8.1 0 -8.1 7.2 0 -7.2 7.2 0 0.187958 0
0 -8.1 8.1 0 -9 8.1 0 -9 7.2 0 -8.1 7.2 0 0.16731 0
0 0 7.2 0 -0.9 7.2 0 -0.9 6.3 0 0 6.3 0 0.0551363 0
0 -0.9 7.2 0 -1.8 7.2 0 -1.8 6.3 0 -0.9 6.3 0 0.333976 0
0 -1.8 7.2 0 -2.7 7.2 0 -2.7 6.3 0 -1.8 6.3 0 0.337227 0
0 -2.7 7.2 0 -3.6 7.2 0 -3.6 6.3 0 -2.7 6.3 0 0.407709 0
0 -3.6 7.2 0 -4.5 7.2 0 -4.5 6.3 0 -3.6 6.3 0 0.301401 0
0 -4.5 7.2 0 -5.4 7.2 0 -5.4 6.3 0 -4.5 6.3 0 0.325655 0
0 -5.4 7.2 0 -6.3 7.2 0 -6.3 6.3 0 -5.4 6.3 0 0.298218 0
0 -6.3 7.2 0 -7.2 7.2 0 -7.2 6.3 0 -6.3 6.3 0 0.231298 0
0 -7.2 7.2 0 -8.1 7.2 0 -8.1 6.3 0 -7.2 6.3 0 0.208527 0
0 -8.1 7.2 0 -9 7.2 0 -9 6.3 0 -8.1 6.3 0 0.157494 0
0 0 6.3 0 -0.9 6.3 0 -0.9 5.4 0 0 5.4 0 0.0678057 0
0 -0.9 6.3 0 -1.8 6.3 0 -1.8 5.4 0 -0.9 5.4 0 0.378456 0
0 -1.8 6.3 0 -2.7 6.3 0 -2.7 5.4 0 -1.8 5.4 0 0.409903 0
0 -2.7 6.3 0 -3.6 6.3 0 -3.6 5.4 0 -2.7 5.4 0 0.454838 0
0 -3.6 6.3 0 -4.5 6.3 0 -4.5 5.4 0 -3.6 5.4 0 0.338319 0
0 -4.5 6.3 0 -5.4 6.3 0 -5.4 5.4 0 -4.5 5.4 0 0.366582 0
0 -5.4 6.3 0 -6.3 6.3 0 -6.3 5.4 0 -5.4 5.4 0 0.292713 0
0 -6.3 6.3 0 -7.2 6.3 0 -7.2 5.4 0 -6.3 5.4 0 0.221251 0
0 -7.2 6.3 0 -8.1 6.3 0 -8.1 5.4 0 -7.2 5.4 0 0.226089 0
0 -8.1 6.3 0 -9 6.3 0 -9 5.4 0 -8.1 5.4 0 0.170909 0
0 0 5.4 0 -0.9 5.4 0 -0.9 4.5 0 0 4.5 0 0.0787615 0
0 -0.9 5.4 0 -1.8 5.4 0 -1.8 4.5 0 -0.9 4.5 0 0.4422 0
0 -1.8 5.4 0 -2.7 5.4 0 -2.7 4.5 0 -1.8 4.5 0 0.489604 0
0 -2.7 5.4 0 -3.6 5.4 0 -3.6 4.5 0 -2.7 4.5 0 0.54341 0
0 -3.6 5.4 0 -4.5 5.4 0 -4.5 4.5 0 -3.6 4.5 0 0.413241 0
0 -4.5 5.4 0 -5.4 5.4 0 -5.4 4.5 0 -4.5 4.5 0 0.409826 0
0 -5.4 5.4 0 -6.3 5.4 0 -6.3 4.5 0 -5.4 4.5 0 0.324499 0
0 -6.3 5.4 0 -7.2 5.4 0 -7.2 4.5 0 -6.3 4.5 0 0.279566 0
0 -7.2 5.4 0 -8.1 5.4 0 -8.1 4.5 0 -7.2 4.5 0 0.245328 0
0 -8.1 5.4 0 -9 5.4 0 -9 4.5 0 -8.1 4.5 0 0.184102 0
0 0 4.5 0 -0.9 4.5 0 -0.9 3.6 0 0 3.6 0 0.08159 0
0 -0.9 4.5 0 -1.8 4.5 0 -1.8 3.6 0 -0.9 3.6 0 0.445191 0
0 -1.8 4.5 0 -2.7 4.5 0 -2.7 3.6 0 -1.8 3.6 0 0.493887 0
0 -2.7 4.5 0 -3.6 4.5 0 -3.6 3.6 0 -2.7 3.6 0 0.551488 0
0 -3.6 4.5 0 -4.5 4.5 0 -4.5 3.6 0 -3.6 3.6 0 0.424272 0
0 -4.5 4.5 0 -5.4 4.5 0 -5.4 3.6 0 -4.5 3.6 0 0.419073 0
0 -5.4 4.5 0 -6.3 4.5 0 -6.3 3.6 0 -5.4 3.6 0 0.333572 0
0 -6.3 4.5 0 -7.2 4.5 0 -7.2 3.6 0 -6.3 3.6 0 0.28692 0
0 -7.2 4.5 0 -8.1 4.5 0 -8.1 3.6 0 -7.2 3.6 0 0.250879 0
0 -8.1 4.5 0 -9 4.5 0 -9 3.6 0 -8.1 3.6 0 0.189016 0
0 0 3.6 0 -0.9 3.6 0 -0.9 2.7 0 0 2.7 0 0.0760267 0
0 -0.9 3.6 0 -1.8 3.6 0 -1.8 2.7 0 -0.9 2.7 0 0.389993 0
0 -1.8 3.6 0 -2.7 3.6 0 -2.7 2.7 0 -1.8 2.7 0 0.425779 0
0 -2.7 3.6 0 -3.6 3.6 0 -3.6 2.7 0 -2.7 2.7 0 0.479312 0
0 -3.6 3.6 0 -4.5 3.6 0 -4.5 2.7 0 -3.6 2.7 0 0.368455 0
0 -4.5 3.6 0 -5.4 3.6 0 -5.4 2.7 0 -4.5 2.7 0 0.392956 0
0 -5.4 3.6 0 -6.3 3.6 0 -6.3 2.7 0 -5.4 2.7 0 0.319615 0
0 -6.3 3.6 0 -7.2 3.6 0 -7.2 2.7 0 -6.3 2.7 0 0.244668 0
0 -7.2 3.6 0 -8.1 3.6 0 -8.1 2.7 0 -7.2 2.7 0 0.245208 0
0 -8.1 3.6 0 -9 3.6 0 -9 2.7 0 -8.1 2.7 0 0.18533 0
0 0 2.7 0 -0.9 2.7 0 -0.9 1.8 0 0 1.8 0 0.0739073 0
0 -0.9 2.7 0 -1.8 2.7 0 -1.8 1.8 0 -0.9 1.8 0 0.332771 0
0 -1.8 2.7 0 -2.7 2.7 0 -2.7 1.8 0 -1.8 1.8 0 0.370555 0
0 -2.7 2.7 0 -3.6 2.7 0 -3.6 1.8 0 -2.7 1.8 0 0.451289 0
0 -3.6 2.7 0 -4.5 2.7 0 -4.5 1.8 0 -3.6 1.8 0 0.34649 0
0 -4.5 2.7 0 -5.4 2.7 0 -5.4 1.8 0 -4.5 1.8 0 0.371066 0
0 -5.4 2.7 0 -6.3 2.7 0 -6.3 1.8 0 -5.4 1.8 0 0.341889 0
0 -6.3 2.7 0 -7.2 2.7 0 -7.2 1.8 0 -6.3 1.8 0 0.269204 0
0 -7.2 2.7 0 -8.1 2.7 0 -8.1 1.8 0 -7.2 1.8 0 0.240157 0
0 -8.1 2.7 0 -9 2.7 0 -9 1.8 0 -8.1 1.8 0 0.183763 0
0 0 1.8 0 -0.9 1.8 0 -0.9 0.899999 0 0 0.899999 0 0.0657623 0
0 -0.9 1.8 0 -1.8 1.8 0 -1.8 0.899999 0 -0.9 0.899999 0 0.249627 0
0 -1.8 1.8 0 -2.7 1.8 0 -2.7 0.899999 0 -1.8 0.899999 0 0.302076 0
0 -2.7 1.8 0 -3.6 1.8 0 -3.6 0.899999 0 -2.7 0.899999 0 0.355544 0
0 -3.6 1.8 0 -4.5 1.8 0 -4.5 0.899999 0 -3.6 0.899999 0 0.332415 0
0 -4.5 1.8 0 -5.4 1.8 0 -5.4 0.899999 0 -4.5 0.899999 0 0.35461 0
0 -5.4 1.8 0 -6.3 1.8 0 -6.3 0.899999 0 -5.4 0.899999 0 0.277683 0
0 -6.3 1.8 0 -7.2 1.8 0 -7.2 0.899999 0 -6.3 0.899999 0 0.257749 0
0 -7.2 1.8 0 -8.1 1.8 0 -8.1 0.899999 0 -7.2 0.899999 0 0.22841 0
0 -8.1 1.8 0 -9 1.8 0 -9 0.899999 0 -8.1 0.899999 0 0.197679 0
0 0 0.899999 0 -0.9 0.899999 0 -0.9 0 0 0 0 0 0.0445493 0
0 -0.9 0.899999 0 -1.8 0.899999 0 -1.8 0 0 -0.9 0 0 0.189266 0
0 -1.8 0.899999 0 -2.7 0.899999 0 -2.7 0 0 -1.8 0 0 0.212959 0
0 -2.7 0.899999 0 -3.6 0.899999 0 -3.6 0 0 -2.7 0 0 0.325812 0
0 -3.6 0.899999 0 -4.5 0.899999 0 -4.5 0 0 -3.6 0 0 0.2889 0
0 -4.5 0.899999 0 -5.4 0.899999 0 -5.4 0 0 -4.5 0 0 0.303324 0
0 -5.4 0.899999 0 -6.3 0.899999 0 -6.3 0 0 -5.4 0 0 0.277587 0
0 -6.3 0.899999 0 -7.2 0.899999 0 -7.2 0 0 -6.3 0 0 0.201497 0
0 -7.2 0.899999 0 -8.1 0.899999 0 -8.1 0 0 -7.2 0 0 0.212303 0
0 -8.1 0.899999 0 -9 0.899999 0 -9 0 0 -8.1 0 0 0.181208 0
9 0 0 9 -0.9 0 9 -0.9 0.9 9 0 0.9 0.0442801 0 0
9 -0.9 0 9 -1.8 0 9 -1.8 0.9 9 -0.9 0.9 0.187615 0 0
9 -1.8 0 9 -2.7 0 9 -2.7 0.9 9 -1.8 0.9 0.21193 0 0
9 -2.7 0 9 -3.6 0 9 -3.6 0.9 9 -2.7 0.9 0.326496 0 0
9 -3.6 0 9 -4.5 0 9 -4.5 0.9 9 -3.6 0.9 0.289014 0 0
9 -4.5 0 9 -5.4 0 9 -5.4 0.9 9 -4.5 0.9 0.303501 0 0
9 -5.4 0 9 -6.3 0 9 -6.3 0.9 9 -5.4 0.9 0.277726 0 0
9 -6.3 0 9 -7.2 0 9 -7.2 0.9 9 -6.3 0.9 0.200634 0 0
9 -7.2 0 9 -8.1 0 9 -8.1 0.9 9 -7.2 0.9 0.211107 0 0
9 -8.1 0 9 -9 0 9 -9 0.9 9 -8.1 0.9 0.179078 0 0
9 0 0.9 9 -0.9 0.9 9 -0.9 1.8 9 0 1.8 0.0623602 0 0
9 -0.9 0.9 9 -1.8 0.9 9 -1.8 1.8 9 -0.9 1.8 0.25153 0 0
9 -1.8 0.9 9 -2.7 0.9 9 -2.7 1.8 9 -1.8 1.8 0.297412 0 0
9 -2.7 0.9 9 -3.6 0.9 9 -3.6 1.8 9 -2.7 1.8 0.35194 0 0
9 -3.6 0.9 9 -4.5 0.9 9 -4.5 1.8 9 -3.6 1.8 0.328862 0 0
9 -4.5 0.9 9 -5.4 0.9 9 -5.4 1.8 9 -4.5 1.8 0.350835 0 0
9 -5.4 0.9 9 -6.3 0.9 9 -6.3 1.8 9 -5.4 1.8 0.275004 0 0
9 -6.3 0.9 9 -7.2 0.9 9 -7.2 1.8 9 -6.3 1.8 0.254809 0 0
9 -7.2 0.9 9 -8.1 0.9 9 -8.1 1.8 9 -7.2 1.8 0.225983 0 0
9 -8.1 0.9 9 -9 0.9 9 -9 1.8 9 -8.1 1.8 0.195922 0 0
9 0 1.8 9 -0.9 1.8 9 -0.9 2.7 9 0 2.7 0.0713052 0 0
9 -0.9 1.8 9 -1.8 1.8 9 -1.8 2.7 9 -0.9 2.7 0.345091 0 0
9 -1.8 1.8 9 -2.7 1.8 9 -2.7 2.7 9 -1.8 2.7 0.370126 0 0
9 -2.7 1.8 9 -3.6 1.8 9 -3.6 2.7 9 -2.7 2.7 0.447828 0 0
9 -3.6 1.8 9 -4.5 1.8 9 -4.5 2.7 9 -3.6 2.7 0.344083 0 0
9 -4.5 1.8 9 -5.4 1.8 9 -5.4 2.7 9 -4.5 2.7 0.368611 0 0
9 -5.4 1.8 9 -6.3 1.8 9 -6.3 2.7 9 -5.4 2.7 0.339637 0 0
9 -6.3 1.8 9 -7.2 1.8 9 -7.2 2.7 9 -6.3 2.7 0.266902 0 0
9 -7.2 1.8 9 -8.1 1.8 9 -8.1 2.7 9 -7.2 2.7 0.237995 0 0
9 -8.1 1.8 9 -9 1.8 9 -9 2.7 9 -8.1 2.7 0.180391 0 0
9 0 2.7 9 -0.9 2.7 9 -0.9 3.6 9 0 3.6 0.0766172 0 0
9 -0.9 2.7 9 -1.8 2.7 9 -1.8 3.6 9 -0.9 3.6 0.390926 0 0
9 -1.8 2.7 9 -2.7 2.7 9 -2.7 3.6 9 -1.8 3.6 0.428408 0 0
9 -2.7 2.7 9 -3.6 2.7 9 -3.6 3.6 9 -2.7 3.6 0.480371 0 0
9 -3.6 2.7 9 -4.5 2.7 9 -4.5 3.6 9 -3.6 3.6 0.369545 0 0
9 -4.5 2.7 9 -5.4 2.7 9 -5.4 3.6 9 -4.5 3.6 0.397339 0 0
9 -5.4 2.7 9 -6.3 2.7 9 -6.3 3.6 9 -5.4 3.6 0.32326 0 0
9 -6.3 2.7 9 -7.2 2.7 9 -7.2 3.6 9 -6.3 3.6 0.247716 0 0
9 -7.2 2.7 9 -8.1 2.7 9 -8.1 3.6 9 -7.2 3.6 0.248476 0 0
9 -8.1 2.7 9 -9 2.7 9 -9 3.6 9 -8.1 3.6 0.188201 0 0
9 0 3.6 9 -0.9 3.6 9 -0.9 4.5 9 0 4.5 0.0809378 0 0
9 -0.9 3.6 9 -1.8 3.6 9 -1.8 4.5 9 -0.9 4.5 0.44354 0 0
9 -1.8 3.6 9 -2.7 3.6 9 -2.7 4.5 9 -1.8 4.5 0.491412 0 0
9 -2.7 3.6 9 -3.6 3.6 9 -3.6 4.5 9 -2.7 4.5 0.549516 0 0
9 -3.6 3.6 9 -4.5 3.6 9 -4.5 4.5 9 -3.6 4.5 0.421785 0 0
9 -4.5 3.6 9 -5.4 3.6 9 -5.4 4.5 9 -4.5 4.5 0.417206 0 0
9 -5.4 3.6 9 -6.3 3.6 9 -6.3 4.5 9 -5.4 4.5 0.332632 0 0
9 -6.3 3.6 9 -7.2 3.6 9 -7.2 4.5 9 -6.3 4.5 0.285839 0 0
9 -7.2 3.6 9 -8.1 3.6 9 -8.1 4.5 9 -7.2 4.5 0.249884 0 0
9 -8.1 3.6 9 -9 3.6 9 -9 4.5 9 -8.1 4.5 0.188113 0 0
9 0 4.5 9 -0.9 4.5 9 -0.9 5.4 9 0 5.4 0.0806305 0 0
9 -0.9 4.5 9 -1.8 4.5 9 -1.8 5.4 9 -0.9 5.4 0.440289 0 0
9 -1.8 4.5 9 -2.7 4.5 9 -2.7 5.4 9 -1.8 5.4 0.489324 0 0
9 -2.7 4.5 9 -3.6 4.5 9 -3.6 5.4 9 -2.7 5.4 0.543463 0 0
9 -3.6 4.5 9 -4.5 4.5 9 -4.5 5.4 9 -3.6 5.4 0.413024 0 0
9 -4.5 4.5 9 -5.4 4.5 9 -5.4 5.4 9 -4.5 5.4 0.407482 0 0
9 -5.4 4.5 9 -6.3 4.5 9 -6.3 5.4 9 -5.4 5.4 0.32255 0 0
9 -6.3 4.5 9 -7.2 4.5 9 -7.2 5.4 9 -6.3 5.4 0.279627 0 0
9 -7.2 4.5 9 -8.1 4.5 9 -8.1 5.4 9 -7.2 5.4 0.245205 0 0
9 -8.1 4.5 9 -9 4.5 9 -9 5.4 9 -8.1 5.4 0.183516 0 0
9 0 5.4 9 -0.9 5.4 9 -0.9 6.3 9 0 6.3 0.068562 0 0
9 -0.9 5.4 9 -1.8 5.4 9 -1.8 6.3 9 -0.9 6.3 0.378283 0 0
9 -1.8 5.4 9 -2.7 5.4 9 -2.7 6.3 9 -1.8 6.3 0.40917 0 0
9 -2.7 5.4 9 -3.6 5.4 9 -3.6 6.3 9 -2.7 6.3 0.4553 0 0
9 -3.6 5.4 9 -4.5 5.4 9 -4.5 6.3 9 -3.6 6.3 0.338299 0 0
9 -4.5 5.4 9 -5.4 5.4 9 -5.4 6.3 9 -4.5 6.3 0.366797 0 0
9 -5.4 5.4 9 -6.3 5.4 9 -6.3 6.3 9 -5.4 6.3 0.293426 0 0
9 -6.3 5.4 9 -7.2 5.4 9 -7.2 6.3 9 -6.3 6.3 0.222195 0 0
9 -7.2 5.4 9 -8.1 5.4 9 -8.1 6.3 9 -7.2 6.3 0.226843 0 0
9 -8.1 5.4 9 -9 5.4 9 -9 6.3 9 -8.1 6.3 0.171495 0 0
9 0 6.3 9 -0.9 6.3 9 -0.9 7.2 9 0 7.2 0.0538923 0 0
9 -0.9 6.3 9 -1.8 6.3 9 -1.8 7.2 9 -0.9 7.2 0.322743 0 0
9 -1.8 6.3 9 -2.7 6.3 9 -2.7 7.2 9 -1.8 7.2 0.337896 0 0
9 -2.7 6.3 9 -3.6 6.3 9 -3.6 7.2 9 -2.7 7.2 0.406901 0 0
9 -3.6 6.3 9 -4.5 6.3 9 -4.5 7.2 9 -3.6 7.2 0.300259 0 0
9 -4.5 6.3 9 -5.4 6.3 9 -5.4 7.2 9 -4.5 7.2 0.323817 0 0
9 -5.4 6.3 9 -6.3 6.3 9 -6.3 7.2 9 -5.4 7.2 0.296678 0 0
9 -6.3 6.3 9 -7.2 6.3 9 -7.2 7.2 9 -6.3 7.2 0.230201 0 0
9 -7.2 6.3 9 -8.1 6.3 9 -8.1 7.2 9 -7.2 7.2 0.20757 0 0
9 -8.1 6.3 9 -9 6.3 9 -9 7.2 9 -8.1 7.2 0.156958 0 0
9 0 7.2 9 -0.9 7.2 9 -0.9 8.1 9 0 8.1 0.03768 0 0
9 -0.9 7.2 9 -1.8 7.2 9 -1.8 8.1 9 -0.9 8.1 0.212193 0 0
9 -1.8 7.2 9 -2.7 7.2 9 -2.7 8.1 9 -1.8 8.1 0.248257 0 0
9 -2.7 7.2 9 -3.6 7.2 9 -3.6 8.1 9 -2.7 8.1 0.2938 0 0
9 -3.6 7.2 9 -4.5 7.2 9 -4.5 8.1 9 -3.6 8.1 0.266869 0 0
9 -4.5 7.2 9 -5.4 7.2 9 -5.4 8.1 9 -4.5 8.1 0.290126 0 0
9 -5.4 7.2 9 -6.3 7.2 9 -6.3 8.1 9 -5.4 8.1 0.219071 0 0
9 -6.3 7.2 9 -7.2 7.2 9 -7.2 8.1 9 -6.3 8.1 0.206601 0 0
9 -7.2 7.2 9 -8.1 7.2 9 -8.1 8.1 9 -7.2 8.1 0.188715 0 0
9 -8.1 7.2 9 -9 7.2 9 -9 8.1 9 -8.1 8.1 0.16744 0 0
9 0 8.1 9 -0.9 8.1 9 -0.9 9 9 0 9 0.0220946 0 0
9 -0.9 8.1 9 -1.8 8.1 9 -1.8 9 9 -0.9 9 0.143645 0 0
9 -1.8 8.1 9 -2.7 8.1 9 -2.7 9 9 -1.8 9 0.150129 0 0
9 -2.7 8.1 9 -3.6 8.1 9 -3.6 9 9 -2.7 9 0.248642 0 0
9 -3.6 8.1 9 -4.5 8.1 9 -4.5 9 9 -3.6 9 0.210712 0 0
9 -4.5 8.1 9 -5.4 8.1 9 -5.4 9 9 -4.5 9 0.225691 0 0
9 -5.4 8.1 9 -6.3 8.1 9 -6.3 9 9 -5.4 9 0.208747 0 0
9 -6.3 8.1 9 -7.2 8.1 9 -7.2 9 9 -6.3 9 0.145626 0 0
9 -7.2 8.1 9 -8.1 8.1 9 -8.1 9 9 -7.2 9 0.162783 0 0
9 -8.1 8.1 9 -9 8.1 9 -9 9 9 -8.1 9 0.146555 0 0
0 0 0 0 -0.9 0 0.9 -0.9 0 0.9 0 0 0.0213788 0.0450173 0.0202659
0 -0.9 0 0 -1.8 0 0.9 -1.8 0 0.9 -0.9 0 0.140869 0.188583 0.13903
0 -1.8 0 0 -2.7 0 0.9 -2.7 0 0.9 -1.8 0 0.147916 0.212685 0.145364
0 -2.7 0 0 -3.6 0 0.9 -3.6 0 0.9 -2.7 0 0.249214 0.326537 0.245371
0 -3.6 0 0 -4.5 0 0.9 -4.5 0 0.9 -3.6 0 0.210466 0.28787 0.205404
0 -4.5 0 0 -5.4 0 0.9 -5.4 0 0.9 -4.5 0 0.225657 0.300615 0.219561
0 -5.4 0 0 -6.3 0 0.9 -6.3 0 0.9 -5.4 0 0.209537 0.277006 0.202747
0 -6.3 0 0 -7.2 0 0.9 -7.2 0 0.9 -6.3 0 0.145408 0.201286 0.13817
0 -7.2 0 0 -8.1 0 0.9 -8.1 0 0.9 -7.2 0 0.161669 0.210669 0.15412
0 -8.1 0 0 -9 0 0.9 -9 0 0.9 -8.1 0 0.143302 0.178995 0.135179
0.9 0 0 0.9 -0.9 0 1.8 -0.9 0 1.8 0 0 0.0345775 0.0655481 0.0323312
0.9 -0.9 0 0.9 -1.8 0 1.8 -1.8 0 1.8 -0.9 0 0.206224 0.249991 0.203301
0.9 -1.8 0 0.9 -2.7 0 1.8 -2.7 0 1.8 -1.8 0 0.243533 0.300883 0.239986
0.9 -2.7 0 0.9 -3.6 0 1.8 -3.6 0 1.8 -2.7 0 0.290964 0.354915 0.285947
0.9 -3.6 0 0.9 -4.5 0 1.8 -4.5 0 1.8 -3.6 0 0.265061 0.332138 0.258877
0.9 -4.5 0 0.9 -5.4 0 1.8 -5.4 0 1.8 -4.5 0 0.288697 0.353409 0.281751
0.9 -5.4 0 0.9 -6.3 0 1.8 -6.3 0 1.8 -5.4 0 0.218461 0.278424 0.210913
0.9 -6.3 0 0.9 -7.2 0 1.8 -7.2 0 1.8 -6.3 0 0.205538 0.257146 0.196188
0.9 -7.2 0 0.9 -8.1 0 1.8 -8.1 0 1.8 -7.2 0 0.187508 0.226666 0.177406
0.9 -8.1 0 0.9 -9 0 1.8 -9 0 1.8 -8.1 0 0.166287 0.197 0.155527
1.8 0 0 1.8 -0.9 0 2.7 -0.9 0 2.7 0 0 0.0480085 0.071229 0.043699
1.8 -0.9 0 1.8 -1.8 0 2.7 -1.8 0 2.7 -0.9 0 0.313982 0.343746 0.30869
1.8 -1.8 0 1.8 -2.7 0 2.7 -2.7 0 2.7 -1.8 0 0.330453 0.368721 0.324741
1.8 -2.7 0 1.8 -3.6 0 2.7 -3.6 0 2.7 -2.7 0 0.405135 0.447801 0.397956
1.8 -3.6 0 1.8 -4.5 0 2.7 -4.5 0 2.7 -3.6 0 0.299691 0.344769 0.290632
1.8 -4.5 0 1.8 -5.4 0 2.7 -5.4 0 2.7 -4.5 0 0.322102 0.368522 0.312288
1.8 -5.4 0 1.8 -6.3 0 2.7 -6.3 0 2.7 -5.4 0 0.296607 0.3399 0.285619
1.8 -6.3 0 1.8 -7.2 0 2.7 -7.2 0 2.7 -6.3 0 0.231277 0.266952 0.218554
1.8 -7.2 0 1.8 -8.1 0 2.7 -8.1 0 2.7 -7.2 0 0.208138 0.237803 0.194242
1.8 -8.1 0 1.8 -9 0 2.7 -9 0 2.7 -8.1 0 0.155971 0.179505 0.141998
2.7 0 0 2.7 -0.9 0 3.6 -0.9 0 3.6 0 0 0.0583401 0.0743284 0.0508471
2.7 -0.9 0 2.7 -1.8 0 3.6 -1.8 0 3.6 -0.9 0 0.368818 0.38828 0.360124
2.7 -1.8 0 2.7 -2.7 0 3.6 -2.7 0 3.6 -1.8 0 0.401449 0.425582 0.392288
2.7 -2.7 0 2.7 -3.6 0 3.6 -3.6 0 3.6 -2.7 0 0.452729 0.479745 0.441338
2.7 -3.6 0 2.7 -4.5 0 3.6 -4.5 0 3.6 -3.6 0 0.338715 0.369955 0.326617
2.7 -4.5 0 2.7 -5.4 0 3.6 -5.4 0 3.6 -4.5 0 0.367267 0.397655 0.352786
2.7 -5.4 0 2.7 -6.3 0 3.6 -6.3 0 3.6 -5.4 0 0.295062 0.324359 0.279746
2.7 -6.3 0 2.7 -7.2 0 3.6 -7.2 0 3.6 -6.3 0 0.222751 0.246832 0.204807
2.7 -7.2 0 2.7 -8.1 0 3.6 -8.1 0 3.6 -7.2 0 0.22706 0.248238 0.209197
2.7 -8.1 0 2.7 -9 0 3.6 -9 0 3.6 -8.1 0 0.171115 0.18748 0.152846
3.6 0 0 3.6 -0.9 0 4.5 -0.9 0 4.5 0 0 0.0709419 0.0745092 0.0591193
3.6 -0.9 0 3.6 -1.8 0 4.5 -1.8 0 4.5 -0.9 0 0.431805 0.436104 0.417788
3.6 -1.8 0 3.6 -2.7 0 4.5 -2.7 0 4.5 -1.8 0 0.481079 0.486292 0.465083
3.6 -2.7 0 3.6 -3.6 0 4.5 -3.6 0 4.5 -2.7 0 0.539544 0.547322 0.52113
3.6 -3.6 0 3.6 -4.5 0 4.5 -4.5 0 4.5 -3.6 0 0.410694 0.420734 0.391387
3.6 -4.5 0 3.6 -5.4 0 4.5 -5.4 0 4.5 -4.5 0 0.405794 0.415987 0.383717
3.6 -5.4 0 3.6 -6.3 0 4.5 -6.3 0 4.5 -5.4 0 0.323039 0.33251 0.299013
3.6 -6.3 0 3.6 -7.2 0 4.5 -7.2 0 4.5 -6.3 0 0.277662 0.285638 0.252539
3.6 -7.2 0 3.6 -8.1 0 4.5 -8.1 0 4.5 -7.2 0 0.243052 0.249629 0.218335
3.6 -8.1 0 3.6 -9 0 4.5 -9 0 4.5 -8.1 0 0.181788 0.186903 0.158065
4.5 0 0 4.5 -0.9 0 5.4 -0.9 0 5.4 0 0 0.07482 0.070904 0.0592225
4.5 -0.9 0 4.5 -1.8 0 5.4 -1.8 0 5.4 -0.9 0 0.438359 0.433416 0.419475
4.5 -1.8 0 4.5 -2.7 0 5.4 -2.7 0 5.4 -1.8 0 0.487785 0.481866 0.46586
4.5 -2.7 0 4.5 -3.6 0 5.4 -3.6 0 5.4 -2.7 0 0.548388 0.540199 0.521804
4.5 -3.6 0 4.5 -4.5 0 5.4 -4.5 0 5.4 -3.6 0 0.422595 0.411948 0.392714
4.5 -4.5 0 4.5 -5.4 0 5.4 -5.4 0 5.4 -4.5 0 0.416865 0.405299 0.383224
4.5 -5.4 0 4.5 -6.3 0 5.4 -6.3 0 5.4 -5.4 0 0.333022 0.323134 0.299062
4.5 -6.3 0 4.5 -7.2 0 5.4 -7.2 0 5.4 -6.3 0 0.287062 0.279286 0.253719
4.5 -7.2 0 4.5 -8.1 0 5.4 -8.1 0 5.4 -7.2 0 0.250422 0.244432 0.219099
4.5 -8.1 0 4.5 -9 0 5.4 -9 0 5.4 -8.1 0 0.187117 0.181898 0.158173
5.4 0 0 5.4 -0.9 0 6.3 -0.9 0 6.3 0 0 0.0746687 0.0587675 0.0513054
5.4 -0.9 0 5.4 -1.8 0 6.3 -1.8 0 6.3 -0.9 0 0.388709 0.369053 0.360412
5.4 -1.8 0 5.4 -2.7 0 6.3 -2.7 0 6.3 -1.8 0 0.425384 0.401534 0.392228
5.4 -2.7 0 5.4 -3.6 0 6.3 -3.6 0 6.3 -2.7 0 0.479593 0.451761 0.44042
5.4 -3.6 0 5.4 -4.5 0 6.3 -4.5 0 6.3 -3.6 0 0.368524 0.336527 0.324821
5.4 -4.5 0 5.4 -5.4 0 6.3 -5.4 0 6.3 -4.5 0 0.395153 0.364608 0.350384
5.4 -5.4 0 5.4 -6.3 0 6.3 -6.3 0 6.3 -5.4 0 0.322282 0.292354 0.277286
5.4 -6.3 0 5.4 -7.2 0 6.3 -7.2 0 6.3 -6.3 0 0.245589 0.220884 0.203205
5.4 -7.2 0 5.4 -8.1 0 6.3 -8.1 0 6.3 -7.2 0 0.246326 0.225258 0.207391
5.4 -8.1 0 5.4 -9 0 6.3 -9 0 6.3 -8.1 0 0.185433 0.169298 0.151193
6.3 0 0 6.3 -0.9 0 7.2 -0.9 0 7.2 0 0 0.0729237 0.0471028 0.0436903
6.3 -0.9 0 6.3 -1.8 0 7.2 -1.8 0 7.2 -0.9 0 0.35908 0.325519 0.321147
6.3 -1.8 0 6.3 -2.7 0 7.2 -2.7 0 7.2 -1.8 0 0.371982 0.330524 0.325622
6.3 -2.7 0 6.3 -3.6 0 7.2 -3.6 0 7.2 -2.7 0 0.451357 0.403289 0.39691
6.3 -3.6 0 6.3 -4.5 0 7.2 -4.5 0 7.2 -3.6 0 0.347729 0.298123 0.28958
6.3 -4.5 0 6.3 -5.4 0 7.2 -5.4 0 7.2 -4.5 0 0.371364 0.322119 0.31239
6.3 -5.4 0 6.3 -6.3 0 7.2 -6.3 0 7.2 -5.4 0 0.342795 0.297176 0.286194
6.3 -6.3 0 6.3 -7.2 0 7.2 -7.2 0 7.2 -6.3 0 0.269679 0.229422 0.216834
6.3 -7.2 0 6.3 -8.1 0 7.2 -8.1 0 7.2 -7.2 0 0.240103 0.206972 0.19326
6.3 -8.1 0 6.3 -9 0 7.2 -9 0 7.2 -8.1 0 0.180327 0.155005 0.141142
7.2 0 0 7.2 -0.9 0 8.1 -0.9 0 8.1 0 0 0.0636089 0.0331917 0.0314926
7.2 -0.9 0 7.2 -1.8 0 8.1 -1.8 0 8.1 -0.9 0 0.248486 0.204745 0.202251
7.2 -1.8 0 7.2 -2.7 0 8.1 -2.7 0 8.1 -1.8 0 0.298519 0.242952 0.239756
7.2 -2.7 0 7.2 -3.6 0 8.1 -3.6 0 8.1 -2.7 0 0.355317 0.290786 0.286142
7.2 -3.6 0 7.2 -4.5 0 8.1 -4.5 0 8.1 -3.6 0 0.332635 0.264911 0.258962
7.2 -4.5 0 7.2 -5.4 0 8.1 -5.4 0 8.1 -4.5 0 0.354561 0.289284 0.282363
7.2 -5.4 0 7.2 -6.3 0 8.1 -6.3 0 8.1 -5.4 0 0.278712 0.21863 0.211078
7.2 -6.3 0 7.2 -7.2 0 8.1 -7.2 0 8.1 -6.3 0 0.257773 0.206396 0.197027
7.2 -7.2 0 7.2 -8.1 0 8.1 -8.1 0 8.1 -7.2 0 0.227913 0.187417 0.177354
7.2 -8.1 0 7.2 -9 0 8.1 -9 0 8.1 -8.1 0 0.197704 0.166486 0.15582
8.1 0 0 8.1 -0.9 0 9 -0.9 0 9 0 0 0.0444487 0.0202155 0.0197159
8.1 -0.9 0 8.1 -1.8 0 9 -1.8 0 9 -0.9 0 0.18962 0.139734 0.138482
8.1 -1.8 0 8.1 -2.7 0 9 -2.7 0 9 -1.8 0 0.212776 0.146705 0.144644
8.1 -2.7 0 8.1 -3.6 0 9 -3.6 0 9 -2.7 0 0.326632 0.246315 0.24282
8.1 -3.6 0 8.1 -4.5 0 9 -4.5 0 9 -3.6 0 0.289519 0.209536 0.204695
8.1 -4.5 0 8.1 -5.4 0 9 -5.4 0 9 -4.5 0 0.303092 0.225249 0.21918
8.1 -5.4 0 8.1 -6.3 0 9 -6.3 0 9 -5.4 0 0.278665 0.209215 0.202458
8.1 -6.3 0 8.1 -7.2 0 9 -7.2 0 9 -6.3 0 0.201213 0.144733 0.137562
8.1 -7.2 0 8.1 -8.1 0 9 -8.1 0 9 -7.2 0 0.212556 0.162788 0.155246
8.1 -8.1 0 8.1 -9 0 9 -9 0 9 -8.1 0 0.180246 0.144513 0.136412
0 -9 0 0 -9 0.9 0.9 -9 0.9 0.9 -9 0 0.177016 0.219738 0.17492
0 -9 0.9 0 -9 1.8 0.9 -9 1.8 0.9 -9 0.9 0.177583 0.229108 0.174807
0 -9 1.8 0 -9 2.7 0.9 -9 2.7 0.9 -9 1.8 0.190083 0.242753 0.186601
0 -9 2.7 0 -9 3.6 0.9 -9 3.6 0.9 -9 2.7 0.180206 0.233203 0.175784
0 -9 3.6 0 -9 4.5 0.9 -9 4.5 0.9 -9 3.6 0.179441 0.233876 0.175873
0 -9 4.5 0 -9 5.4 0.9 -9 5.4 0.9 -9 4.5 0.175182 0.229635 0.17236
0 -9 5.4 0 -9 6.3 0.9 -9 6.3 0.9 -9 5.4 0.162812 0.214204 0.160097
0 -9 6.3 0 -9 7.2 0.9 -9 7.2 0.9 -9 6.3 0.152016 0.198987 0.149059
0 -9 7.2 0 -9 8.1 0.9 -9 8.1 0.9 -9 7.2 0.160616 0.202047 0.156427
0 -9 8.1 0 -9 9 0.9 -9 9 0.9 -9 8.1 0.159979 0.187707 0.153741
0.9 -9 0 0.9 -9 0.9 1.8 -9 0.9 1.8 -9 0 0.195549 0.230226 0.19124
0.9 -9 0.9 0.9 -9 1.8 1.8 -9 1.8 1.8 -9 0.9 0.168126 0.215731 0.163993
0.9 -9 1.8 0.9 -9 2.7 1.8 -9 2.7 1.8 -9 1.8 0.132531 0.185098 0.127364
0.9 -9 2.7 0.9 -9 3.6 1.8 -9 3.6 1.8 -9 2.7 0.134841 0.190738 0.129293
0.9 -9 3.6 0.9 -9 4.5 1.8 -9 4.5 1.8 -9 3.6 0.127615 0.186771 0.124165
0.9 -9 4.5 0.9 -9 5.4 1.8 -9 5.4 1.8 -9 4.5 0.120408 0.179339 0.11763
0.9 -9 5.4 0.9 -9 6.3 1.8 -9 6.3 1.8 -9 5.4 0.109946 0.164517 0.106627
0.9 -9 6.3 0.9 -9 7.2 1.8 -9 7.2 1.8 -9 6.3 0.12769 0.174127 0.123138
0.9 -9 7.2 0.9 -9 8.1 1.8 -9 8.1 1.8 -9 7.2 0.138086 0.173255 0.13174
0.9 -9 8.1 0.9 -9 9 1.8 -9 9 1.8 -9 8.1 0.159016 0.185337 0.151683
1.8 -9 0 1.8 -9 0.9 2.7 -9 0.9 2.7 -9 0 0.195683 0.223049 0.188852
1.8 -9 0.9 1.8 -9 1.8 2.7 -9 1.8 2.7 -9 0.9 0.148102 0.182849 0.141178
1.8 -9 1.8 1.8 -9 2.7 2.7 -9 2.7 2.7 -9 1.8 0.065333 0.107442 0.0583079
1.8 -9 2.7 1.8 -9 3.6 2.7 -9 3.6 2.7 -9 2.7 0.0560902 0.100767 0.0485866
1.8 -9 3.6 1.8 -9 4.5 2.7 -9 4.5 2.7 -9 3.6 0.0433381 0.0932145 0.039233
1.8 -9 4.5 1.8 -9 5.4 2.7 -9 5.4 2.7 -9 4.5 0.0327676 0.0822017 0.0293048
1.8 -9 5.4 1.8 -9 6.3 2.7 -9 6.3 2.7 -9 5.4 0.0263561 0.0702259 0.0215562
1.8 -9 6.3 1.8 -9 7.2 2.7 -9 7.2 2.7 -9 6.3 0.0245706 0.0606551 0.017839
1.8 -9 7.2 1.8 -9 8.1 2.7 -9 8.1 2.7 -9 7.2 0.10902 0.137161 0.100321
1.8 -9 8.1 1.8 -9 9 2.7 -9 9 2.7 -9 8.1 0.157588 0.177133 0.146034
2.7 -9 0 2.7 -9 0.9 3.6 -9 0.9 3.6 -9 0 0.212587 0.231139 0.201563
2.7 -9 0.9 2.7 -9 1.8 3.6 -9 1.8 3.6 -9 0.9 0.164085 0.187641 0.153566
2.7 -9 1.8 2.7 -9 2.7 3.6 -9 2.7 3.6 -9 1.8 0.0725573 0.0998276 0.061782
2.7 -9 2.7 2.7 -9 3.6 3.6 -9 3.6 3.6 -9 2.7 0.0541841 0.0854253 0.04496
2.7 -9 3.6 2.7 -9 4.5 3.6 -9 4.5 3.6 -9 3.6 0.0302678 0.066442 0.0253136
2.7 -9 4.5 2.7 -9 5.4 3.6 -9 5.4 3.6 -9 4.5 0.0191756 0.0546281 0.0148861
2.7 -9 5.4 2.7 -9 6.3 3.6 -9 6.3 3.6 -9 5.4 0.0172478 0.0487047 0.0106182
2.7 -9 6.3 2.7 -9 7.2 3.6 -9 7.2 3.6 -9 6.3 0.0222407 0.0481174 0.0121797
2.7 -9 7.2 2.7 -9 8.1 3.6 -9 8.1 3.6 -9 7.2 0.114221 0.134575 0.10153
2.7 -9 8.1 2.7 -9 9 3.6 -9 9 3.6 -9 8.1 0.16734 0.180603 0.151651
3.6 -9 0 3.6 -9 0.9 4.5 -9 0.9 4.5 -9 0 0.223439 0.230515 0.206247
3.6 -9 0.9 3.6 -9 1.8 4.5 -9 1.8 4.5 -9 0.9 0.173976 0.183202 0.157299
3.6 -9 1.8 3.6 -9 2.7 4.5 -9 2.7 4.5 -9 1.8 0.0795052 0.0888537 0.0638187
3.6 -9 2.7 3.6 -9 3.6 4.5 -9 3.6 4.5 -9 2.7 0.0585612 0.0632387 0.0463595
3.6 -9 3.6 3.6 -9 4.5 4.5 -9 4.5 4.5 -9 3.6 0.0275483 0.03281 0.0211707
3.6 -9 4.5 3.6 -9 5.4 4.5 -9 5.4 4.5 -9 4.5 0.014113 0.0191005 0.00823749
3.6 -9 5.4 3.6 -9 6.3 4.5 -9 6.3 4.5 -9 5.4 0.0145194 0.0215171 0.00561097
3.6 -9 6.3 3.6 -9 7.2 4.5 -9 7.2 4.5 -9 6.3 0.0206532 0.030842 0.00610261
3.6 -9 7.2 3.6 -9 8.1 4.5 -9 8.1 4.5 -9 7.2 0.11705 0.125781 0.0986415
3.6 -9 8.1 3.6 -9 9 4.5 -9 9 4.5 -9 8.1 0.174117 0.178768 0.153402
4.5 -9 0 4.5 -9 0.9 5.4 -9 0.9 5.4 -9 0 0.231995 0.225266 0.207853
4.5 -9 0.9 4.5 -9 1.8 5.4 -9 1.8 5.4 -9 0.9 0.185491 0.176253 0.159584
4.5 -9 1.8 4.5 -9 2.7 5.4 -9 2.7 5.4 -9 1.8 0.0881585 0.0793566 0.0637049
4.5 -9 2.7 4.5 -9 3.6 5.4 -9 3.6 5.4 -9 2.7 0.0636239 0.0580583 0.0463474
4.5 -9 3.6 4.5 -9 4.5 5.4 -9 4.5 5.4 -9 3.6 0.0328304 0.02757 0.0211983
4.5 -9 4.5 4.5 -9 5.4 5.4 -9 5.4 5.4 -9 4.5 0.0190948 0.0141381 0.00824686
4.5 -9 5.4 4.5 -9 6.3 5.4 -9 6.3 5.4 -9 5.4 0.0213968 0.0146626 0.00575124
4.5 -9 6.3 4.5 -9 7.2 5.4 -9 7.2 5.4 -9 6.3 0.0329804 0.0229568 0.00838695
4.5 -9 7.2 4.5 -9 8.1 5.4 -9 8.1 5.4 -9 7.2 0.123658 0.115065 0.0965895
4.5 -9 8.1 4.5 -9 9 5.4 -9 9 5.4 -9 8.1 0.180759 0.1765 0.155826
5.4 -9 0 5.4 -9 0.9 6.3 -9 0.9 6.3 -9 0 0.227108 0.20795 0.196889
5.4 -9 0.9 5.4 -9 1.8 6.3 -9 1.8 6.3 -9 0.9 0.183945 0.159918 0.149384
5.4 -9 1.8 5.4 -9 2.7 6.3 -9 2.7 6.3 -9 1.8 0.0966061 0.0693513 0.0585581
5.4 -9 2.7 5.4 -9 3.6 6.3 -9 3.6 6.3 -9 2.7 0.0857221 0.0531937 0.0445165
5.4 -9 3.6 5.4 -9 4.5 6.3 -9 4.5 6.3 -9 3.6 0.0648876 0.0287638 0.023888
5.4 -9 4.5 5.4 -9 5.4 6.3 -9 5.4 6.3 -9 4.5 0.0546996 0.0192009 0.0149015
5.4 -9 5.4 5.4 -9 6.3 6.3 -9 6.3 6.3 -9 5.4 0.0492953 0.017481 0.0108138
5.4 -9 6.3 5.4 -9 7.2 6.3 -9 7.2 6.3 -9 6.3 0.0492174 0.023247 0.0131274
5.4 -9 7.2 5.4 -9 8.1 6.3 -9 8.1 6.3 -9 7.2 0.127597 0.107336 0.0944501
5.4 -9 8.1 5.4 -9 9 6.3 -9 9 6.3 -9 8.1 0.177669 0.164579 0.148734
6.3 -9 0 6.3 -9 0.9 7.2 -9 0.9 7.2 -9 0 0.220384 0.192385 0.185684
6.3 -9 0.9 6.3 -9 1.8 7.2 -9 1.8 7.2 -9 0.9 0.180778 0.145066 0.138332
6.3 -9 1.8 6.3 -9 2.7 7.2 -9 2.7 7.2 -9 1.8 0.126963 0.084194 0.0773467
6.3 -9 2.7 6.3 -9 3.6 7.2 -9 3.6 7.2 -9 2.7 0.0983739 0.0515305 0.0446162
6.3 -9 3.6 6.3 -9 4.5 7.2 -9 4.5 7.2 -9 3.6 0.0905101 0.0387371 0.0346603
6.3 -9 4.5 6.3 -9 5.4 7.2 -9 5.4 7.2 -9 4.5 0.0793625 0.0281119 0.024677
6.3 -9 5.4 6.3 -9 6.3 7.2 -9 6.3 7.2 -9 5.4 0.0683553 0.022923 0.0182258
6.3 -9 6.3 6.3 -9 7.2 7.2 -9 7.2 7.2 -9 6.3 0.062664 0.0253992 0.018794
6.3 -9 7.2 6.3 -9 8.1 7.2 -9 8.1 7.2 -9 7.2 0.133329 0.104096 0.0955703
6.3 -9 8.1 6.3 -9 9 7.2 -9 9 7.2 -9 8.1 0.175168 0.15471 0.143343
7.2 -9 0 7.2 -9 0.9 8.1 -9 0.9 8.1 -9 0 0.231267 0.19613 0.192038
7.2 -9 0.9 7.2 -9 1.8 8.1 -9 1.8 8.1 -9 0.9 0.217462 0.170286 0.166208
7.2 -9 1.8 7.2 -9 2.7 8.1 -9 2.7 8.1 -9 1.8 0.209361 0.156495 0.151568
7.2 -9 2.7 7.2 -9 3.6 8.1 -9 3.6 8.1 -9 2.7 0.189232 0.134474 0.129106
7.2 -9 3.6 7.2 -9 4.5 8.1 -9 4.5 8.1 -9 3.6 0.186612 0.128418 0.125129
7.2 -9 4.5 7.2 -9 5.4 8.1 -9 5.4 8.1 -9 4.5 0.18006 0.122096 0.119423
7.2 -9 5.4 7.2 -9 6.3 8.1 -9 6.3 8.1 -9 5.4 0.161893 0.108455 0.105212
7.2 -9 6.3 7.2 -9 7.2 8.1 -9 7.2 8.1 -9 6.3 0.172192 0.126683 0.122346
7.2 -9 7.2 7.2 -9 8.1 8.1 -9 8.1 8.1 -9 7.2 0.177435 0.141909 0.135717
7.2 -9 8.1 7.2 -9 9 8.1 -9 9 8.1 -9 8.1 0.184695 0.158956 0.151733
8.1 -9 0 8.1 -9 0.9 9 -9 0.9 9 -9 0 0.221049 0.180065 0.177839
8.1 -9 0.9 8.1 -9 1.8 9 -9 1.8 9 -9 0.9 0.232346 0.180377 0.177788
8.1 -9 1.8 8.1 -9 2.7 9 -9 2.7 9 -9 1.8 0.224562 0.172208 0.168729
8.1 -9 2.7 8.1 -9 3.6 9 -9 3.6 9 -9 2.7 0.232468 0.179347 0.174922
8.1 -9 3.6 8.1 -9 4.5 9 -9 4.5 9 -9 3.6 0.234289 0.179952 0.176418
8.1 -9 4.5 8.1 -9 5.4 9 -9 5.4 9 -9 4.5 0.231841 0.177485 0.174696
8.1 -9 5.4 8.1 -9 6.3 9 -9 6.3 9 -9 5.4 0.214032 0.162578 0.1599
8.1 -9 6.3 8.1 -9 7.2 9 -9 7.2 9 -9 6.3 0.200979 0.154048 0.151135
8.1 -9 7.2 8.1 -9 8.1 9 -9 8.1 9 -9 7.2 0.201012 0.159337 0.155169
8.1 -9 8.1 8.1 -9 9 9 -9 9 9 -9 8.1 0.184625 0.156356 0.15014
3 -4 3 3 -4 3.3 3.3 -4 3.3 3.3 -4 3 1.06965 1.08744 1.06292
3 -4 3.3 3 -4 3.6 3.3 -4 3.6 3.3 -4 3.3 1.24044 1.25774 1.23252
3 -4 3.6 3 -4 3.9 3.3 -4 3.9 3.3 -4 3.6 1.31224 1.32963 1.30354
3 -4 3.9 3 -4 4.2 3.3 -4 4.2 3.3 -4 3.9 1.36258 1.37913 1.35252
3 -4 4.2 3 -4 4.5 3.3 -4 4.5 3.3 -4 4.2 1.2406 1.25696 1.22971
3 -4 4.5 3 -4 4.8 3.3 -4 4.8 3.3 -4 4.5 1.24094 1.25661 1.22851
3 -4 4.8 3 -4 5.1 3.3 -4 5.1 3.3 -4 4.8 1.35374 1.36895 1.34034
3 -4 5.1 3 -4 5.4 3.3 -4 5.4 3.3 -4 5.1 1.31068 1.32505 1.29591
3 -4 5.4 3 -4 5.7 3.3 -4 5.7 3.3 -4 5.4 1.23294 1.24659 1.2173
3 -4 5.7 3 -4 6 3.3 -4 6 3.3 -4 5.7 1.05502 1.06766 1.03811
3.3 -4 3 3.3 -4 3.3 3.6 -4 3.3 3.6 -4 3 1.24957 1.25971 1.24141
3.3 -4 3.3 3.3 -4 3.6 3.6 -4 3.6 3.6 -4 3.3 1.44662 1.46076 1.43785
3.3 -4 3.6 3.3 -4 3.9 3.6 -4 3.9 3.6 -4 3.6 1.53325 1.5465 1.523
3.3 -4 3.9 3.3 -4 4.2 3.6 -4 4.2 3.6 -4 3.9 1.59311 1.60618 1.58205
3.3 -4 4.2 3.3 -4 4.5 3.6 -4 4.5 3.6 -4 4.2 1.45032 1.46261 1.43777
3.3 -4 4.5 3.3 -4 4.8 3.6 -4 4.8 3.6 -4 4.5 1.45033 1.46226 1.43659
3.3 -4 4.8 3.3 -4 5.1 3.6 -4 5.1 3.6 -4 4.8 1.58475 1.59522 1.56911
3.3 -4 5.1 3.3 -4 5.4 3.6 -4 5.4 3.6 -4 5.1 1.53284 1.54289 1.51618
3.3 -4 5.4 3.3 -4 5.7 3.6 -4 5.7 3.6 -4 5.4 1.44086 1.45002 1.42275
3.3 -4 5.7 3.3 -4 6 3.6 -4 6 3.6 -4 5.7 1.232 1.24085 1.21339
3.6 -4 3 3.6 -4 3.3 3.9 -4 3.3 3.9 -4 3 1.32775 1.33463 1.31905
3.6 -4 3.3 3.6 -4 3.6 3.9 -4 3.6 3.9 -4 3.3 1.5394 1.5476 1.52945
3.6 -4 3.6 3.6 -4 3.9 3.9 -4 3.9 3.9 -4 3.6 1.63082 1.64174 1.62026
3.6 -4 3.9 3.6 -4 4.2 3.9 -4 4.2 3.9 -4 3.9 1.69624 1.70571 1.68368
3.6 -4 4.2 3.6 -4 4.5 3.9 -4 4.5 3.9 -4 4.2 1.54421 1.55324 1.53066
3.6 -4 4.5 3.6 -4 4.8 3.9 -4 4.8 3.9 -4 4.5 1.54428 1.55282 1.52919
3.6 -4 4.8 3.6 -4 5.1 3.9 -4 5.1 3.9 -4 4.8 1.68878 1.69606 1.67194
3.6 -4 5.1 3.6 -4 5.4 3.9 -4 5.4 3.9 -4 5.1 1.63165 1.63787 1.61342
3.6 -4 5.4 3.6 -4 5.7 3.9 -4 5.7 3.9 -4 5.4 1.53172 1.53806 1.51286
3.6 -4 5.7 3.6 -4 6 3.9 -4 6 3.9 -4 5.7 1.30813 1.3145 1.28891
3.9 -4 3 3.9 -4 3.3 4.2 -4 3.3 4.2 -4 3 1.37755 1.38157 1.3679
3.9 -4 3.3 3.9 -4 3.6 4.2 -4 3.6 4.2 -4 3.3 1.59876 1.60388 1.58812
3.9 -4 3.6 3.9 -4 3.9 4.2 -4 3.9 4.2 -4 3.6 1.69609 1.70132 1.68345
3.9 -4 3.9 3.9 -4 4.2 4.2 -4 4.2 4.2 -4 3.9 1.76237 1.7695 1.74895
3.9 -4 4.2 3.9 -4 4.5 4.2 -4 4.5 4.2 -4 4.2 1.60436 1.60999 1.58898
3.9 -4 4.5 3.9 -4 4.8 4.2 -4 4.8 4.2 -4 4.5 1.60571 1.61092 1.58904
3.9 -4 4.8 3.9 -4 5.1 4.2 -4 5.1 4.2 -4 4.8 1.75514 1.75923 1.73659
3.9 -4 5.1 3.9 -4 5.4 4.2 -4 5.4 4.2 -4 5.1 1.69512 1.69916 1.67594
3.9 -4 5.4 3.9 -4 5.7 4.2 -4 5.7 4.2 -4 5.4 1.58983 1.59382 1.56996
3.9 -4 5.7 3.9 -4 6 4.2 -4 6 4.2 -4 5.7 1.35728 1.3615 1.33697
4.2 -4 3 4.2 -4 3.3 4.5 -4 3.3 4.5 -4 3 1.26281 1.26326 1.2516
4.2 -4 3.3 4.2 -4 3.6 4.5 -4 3.6 4.5 -4 3.3 1.46303 1.46437 1.45084
4.2 -4 3.6 4.2 -4 3.9 4.5 -4 3.9 4.5 -4 3.6 1.55 1.55191 1.53602
4.2 -4 3.9 4.2 -4 4.2 4.5 -4 4.2 4.5 -4 3.9 1.61218 1.61346 1.59626
4.2 -4 4.2 4.2 -4 4.5 4.5 -4 4.5 4.5 -4 4.2 1.46923 1.4717 1.45222
4.2 -4 4.5 4.2 -4 4.8 4.5 -4 4.8 4.5 -4 4.5 1.46989 1.47077 1.45059
4.2 -4 4.8 4.2 -4 5.1 4.5 -4 5.1 4.5 -4 4.8 1.60386 1.60403 1.58342
4.2 -4 5.1 4.2 -4 5.4 4.5 -4 5.4 4.5 -4 5.1 1.54932 1.55042 1.52872
4.2 -4 5.4 4.2 -4 5.7 4.5 -4 5.7 4.5 -4 5.4 1.45349 1.45423 1.432
4.2 -4 5.7 4.2 -4 6 4.5 -4 6 4.5 -4 5.7 1.2424 1.24275 1.22024
4.5 -4 3 4.5 -4 3.3 4.8 -4 3.3 4.8 -4 3 1.26336 1.26282 1.25165
4.5 -4 3.3 4.5 -4 3.6 4.8 -4 3.6 4.8 -4 3.3 1.46437 1.46296 1.45082
4.5 -4 3.6 4.5 -4 3.9 4.8 -4 3.9 4.8 -4 3.6 1.55193 1.54997 1.53602
4.5 -4 3.9 4.5 -4 4.2 4.8 -4 4.2 4.8 -4 3.9 1.61346 1.61216 1.59625
4.5 -4 4.2 4.5 -4 4.5 4.8 -4 4.5 4.8 -4 4.2 1.47167 1.46921 1.4522
4.5 -4 4.5 4.5 -4 4.8 4.8 -4 4.8 4.8 -4 4.5 1.47074 1.46989 1.45057
4.5 -4 4.8 4.5 -4 5.1 4.8 -4 5.1 4.8 -4 4.8 1.60402 1.60386 1.58342
4.5 -4 5.1 4.5 -4 5.4 4.8 -4 5.4 4.8 -4 5.1 1.55043 1.54935 1.52873
4.5 -4 5.4 4.5 -4 5.7 4.8 -4 5.7 4.8 -4 5.4 1.45425 1.45351 1.43201
4.5 -4 5.7 4.5 -4 6 4.8 -4 6 4.8 -4 5.7 1.24273 1.24238 1.22023
4.8 -4 3 4.8 -4 3.3 5.1 -4 3.3 5.1 -4 3 1.38166 1.37754 1.36794
4.8 -4 3.3 4.8 -4 3.6 5.1 -4 3.6 5.1 -4 3.3 1.60395 1.59874 1.58815
4.8 -4 3.6 4.8 -4 3.9 5.1 -4 3.9 5.1 -4 3.6 1.70133 1.69604 1.68343
4.8 -4 3.9 4.8 -4 4.2 5.1 -4 4.2 5.1 -4 3.9 1.76955 1.76236 1.74897
4.8 -4 4.2 4.8 -4 4.5 5.1 -4 4.5 5.1 -4 4.2 1.60997 1.60435 1.58898
4.8 -4 4.5 4.8 -4 4.8 5.1 -4 4.8 5.1 -4 4.5 1.61092 1.60571 1.58904
4.8 -4 4.8 4.8 -4 5.1 5.1 -4 5.1 5.1 -4 4.8 1.75927 1.75517 1.7366
4.8 -4 5.1 4.8 -4 5.4 5.1 -4 5.4 5.1 -4 5.1 1.69918 1.69511 1.67592
4.8 -4 5.4 4.8 -4 5.7 5.1 -4 5.7 5.1 -4 5.4 1.59384 1.58982 1.56996
4.8 -4 5.7 4.8 -4 6 5.1 -4 6 5.1 -4 5.7 1.36152 1.3573 1.33697
5.1 -4 3 5.1 -4 3.3 5.4 -4 3.3 5.4 -4 3 1.33479 1.32782 1.31918
5.1 -4 3.3 5.1 -4 3.6 5.4 -4 3.6 5.4 -4 3.3 1.54765 1.53938 1.52948
5.1 -4 3.6 5.1 -4 3.9 5.4 -4 3.9 5.4 -4 3.6 1.64171 1.63077 1.62025
5.1 -4 3.9 5.1 -4 4.2 5.4 -4 4.2 5.4 -4 3.9 1.70566 1.6962 1.68367
5.1 -4 4.2 5.1 -4 4.5 5.4 -4 4.5 5.4 -4 4.2 1.55322 1.5442 1.53066
5.1 -4 4.5 5.1 -4 4.8 5.4 -4 4.8 5.4 -4 4.5 1.55282 1.54428 1.52919
5.1 -4 4.8 5.1 -4 5.1 5.4 -4 5.1 5.4 -4 4.8 1.69606 1.68879 1.67195
5.1 -4 5.1 5.1 -4 5.4 5.4 -4 5.4 5.4 -4 5.1 1.63789 1.63164 1.61343
5.1 -4 5.4 5.1 -4 5.7 5.4 -4 5.7 5.4 -4 5.4 1.53808 1.53175 1.51288
5.1 -4 5.7 5.1 -4 6 5.4 -4 6 5.4 -4 5.7 1.31449 1.30811 1.28891
5.4 -4 3 5.4 -4 3.3 5.7 -4 3.3 5.7 -4 3 1.25983 1.24959 1.24149
5.4 -4 3.3 5.4 -4 3.6 5.7 -4 3.6 5.7 -4 3.3 1.46089 1.44664 1.43792
5.4 -4 3.6 5.4 -4 3.9 5.7 -4 3.9 5.7 -4 3.6 1.54649 1.53321 1.52301
5.4 -4 3.9 5.4 -4 4.2 5.7 -4 4.2 5.7 -4 3.9 1.60618 1.59307 1.58205
5.4 -4 4.2 5.4 -4 4.5 5.7 -4 4.5 5.7 -4 4.2 1.46259 1.45028 1.43776
5.4 -4 4.5 5.4 -4 4.8 5.7 -4 4.8 5.7 -4 4.5 1.46229 1.45032 1.43659
5.4 -4 4.8 5.4 -4 5.1 5.7 -4 5.1 5.7 -4 4.8 1.5952 1.58471 1.56909
5.4 -4 5.1 5.4 -4 5.4 5.7 -4 5.4 5.7 -4 5.1 1.5429 1.53284 1.51619
5.4 -4 5.4 5.4 -4 5.7 5.7 -4 5.7 5.7 -4 5.4 1.45002 1.44086 1.42276
5.4 -4 5.7 5.4 -4 6 5.7 -4 6 5.7 -4 5.7 1.24086 1.23203 1.21341
5.7 -4 3 5.7 -4 3.3 6 -4 3.3 6 -4 3 1.08759 1.0697 1.06301
5.7 -4 3.3 5.7 -4 3.6 6 -4 3.6 6 -4 3.3 1.25778 1.24048 1.23259
5.7 -4 3.6 5.7 -4 3.9 6 -4 3.9 6 -4 3.6 1.32967 1.31225 1.30358
5.7 -4 3.9 5.7 -4 4.2 6 -4 4.2 6 -4 3.9 1.37913 1.36256 1.35253
5.7 -4 4.2 5.7 -4 4.5 6 -4 4.5 6 -4 4.2 1.25699 1.24059 1.2297
5.7 -4 4.5 5.7 -4 4.8 6 -4 4.8 6 -4 4.5 1.25661 1.24092 1.2285
5.7 -4 4.8 5.7 -4 5.1 6 -4 5.1 6 -4 4.8 1.36898 1.35374 1.34034
5.7 -4 5.1 5.7 -4 5.4 6 -4 5.4 6 -4 5.1 1.32506 1.31069 1.29591
5.7 -4 5.4 5.7 -4 5.7 6 -4 5.7 6 -4 5.4 1.24656 1.23296 1.2173
5.7 -4 5.7 5.7 -4 6 6 -4 6 6 -4 5.7 1.06769 1.05503 1.03812
6 -8 3 6 -8 3.3 5.7 -8 3.3 5.7 -8 3 0.055479 0.0393939 0.0353144
6 -8 3.3 6 -8 3.6 5.7 -8 3.6 5.7 -8 3.3 0.0524459 0.0366503 0.0322558
6 -8 3.6 6 -8 3.9 5.7 -8 3.9 5.7 -8 3.6 0.048928 0.0331466 0.0285856
6 -8 3.9 6 -8 4.2 5.7 -8 4.2 5.7 -8 3.9 0.0456236 0.0300641 0.0251798
6 -8 4.2 6 -8 4.5 5.7 -8 4.5 5.7 -8 4.2 0.044157 0.0290222 0.0237154
6 -8 4.5 6 -8 4.8 5.7 -8 4.8 5.7 -8 4.5 0.0416771 0.0271419 0.0212684
6 -8 4.8 6 -8 5.1 5.7 -8 5.1 5.7 -8 4.8 0.0387046 0.024664 0.0182667
6 -8 5.1 6 -8 5.4 5.7 -8 5.4 5.7 -8 5.1 0.0370749 0.0239359 0.0168485
6 -8 5.4 6 -8 5.7 5.7 -8 5.7 5.7 -8 5.4 0.0365946 0.0241255 0.016408
6 -8 5.7 6 -8 6 5.7 -8 6 5.7 -8 5.7 0.0355462 0.0238838 0.0153414
5.7 -8 3 5.7 -8 3.3 5.4 -8 3.3 5.4 -8 3 0.0522178 0.0413147 0.0363438
5.7 -8 3.3 5.7 -8 3.6 5.4 -8 3.6 5.4 -8 3.3 0.0494378 0.036459 0.0316102
5.7 -8 3.6 5.7 -8 3.9 5.4 -8 3.9 5.4 -8 3.6 0.0455497 0.0328275 0.0276915
5.7 -8 3.9 5.7 -8 4.2 5.4 -8 4.2 5.4 -8 3.9 0.0420441 0.0294938 0.0241984
5.7 -8 4.2 5.7 -8 4.5 5.4 -8 4.5 5.4 -8 4.2 0.0410746 0.0284032 0.0225852
5.7 -8 4.5 5.7 -8 4.8 5.4 -8 4.8 5.4 -8 4.5 0.0382052 0.0265567 0.020272
5.7 -8 4.8 5.7 -8 5.1 5.4 -8 5.1 5.4 -8 4.8 0.0347016 0.0240209 0.016744
5.7 -8 5.1 5.7 -8 5.4 5.4 -8 5.4 5.4 -8 5.1 0.0334226 0.02339 0.0155335
5.7 -8 5.4 5.7 -8 5.7 5.4 -8 5.7 5.4 -8 5.4 0.0329714 0.0235702 0.0149866
5.7 -8 5.7 5.7 -8 6 5.4 -8 6 5.4 -8 5.7 0.0327373 0.0235238 0.0144504
5.4 -8 3 5.4 -8 3.3 5.1 -8 3.3 5.1 -8 3 0.0494374 0.0420062 0.0364227
5.4 -8 3.3 5.4 -8 3.6 5.1 -8 3.6 5.1 -8 3.3 0.0462274 0.0377581 0.032035
5.4 -8 3.6 5.4 -8 3.9 5.1 -8 3.9 5.1 -8 3.6 0.0422364 0.0324809 0.026836
5.4 -8 3.9 5.4 -8 4.2 5.1 -8 4.2 5.1 -8 3.9 0.037905 0.0289247 0.0226577
5.4 -8 4.2 5.4 -8 4.5 5.1 -8 4.5 5.1 -8 4.2 0.0362766 0.0277185 0.0210312
5.4 -8 4.5 5.4 -8 4.8 5.1 -8 4.8 5.1 -8 4.5 0.0338534 0.0258326 0.0185659
5.4 -8 4.8 5.4 -8 5.1 5.1 -8 5.1 5.1 -8 4.8 0.0305332 0.0232024 0.0150956
5.4 -8 5.1 5.4 -8 5.4 5.1 -8 5.4 5.1 -8 5.1 0.0292515 0.0225512 0.0137625
5.4 -8 5.4 5.4 -8 5.7 5.1 -8 5.7 5.1 -8 5.4 0.0294619 0.0228914 0.0137228
5.4 -8 5.7 5.4 -8 6 5.1 -8 6 5.1 -8 5.7 0.0294112 0.0228487 0.0131938
5.1 -8 3 5.1 -8 3.3 4.8 -8 3.3 4.8 -8 3 0.0475106 0.0430608 0.0367968
5.1 -8 3.3 5.1 -8 3.6 4.8 -8 3.6 4.8 -8 3.3 0.0441945 0.0392156 0.0328598
5.1 -8 3.6 5.1 -8 3.9 4.8 -8 3.9 4.8 -8 3.6 0.0395328 0.034299 0.027516
5.1 -8 3.9 5.1 -8 4.2 4.8 -8 4.2 4.8 -8 3.9 0.0355962 0.0295512 0.02278
5.1 -8 4.2 5.1 -8 4.5 4.8 -8 4.5 4.8 -8 4.2 0.0334311 0.0283019 0.0206078
5.1 -8 4.5 5.1 -8 4.8 4.8 -8 4.8 4.8 -8 4.5 0.0310768 0.0263314 0.0182104
5.1 -8 4.8 5.1 -8 5.1 4.8 -8 5.1 4.8 -8 4.8 0.0275194 0.0235655 0.0144912
5.1 -8 5.1 5.1 -8 5.4 4.8 -8 5.4 4.8 -8 5.1 0.0267879 0.0229575 0.0135731
5.1 -8 5.4 5.1 -8 5.7 4.8 -8 5.7 4.8 -8 5.4 0.0270967 0.0232565 0.0135148
5.1 -8 5.7 5.1 -8 6 4.8 -8 6 4.8 -8 5.7 0.0270998 0.0233437 0.0129895
4.8 -8 3 4.8 -8 3.3 4.5 -8 3.3 4.5 -8 3 0.0455695 0.0444264 0.0370847
4.8 -8 3.3 4.8 -8 3.6 4.5 -8 3.6 4.5 -8 3.3 0.0420591 0.0407373 0.0332522
4.8 -8 3.6 4.8 -8 3.9 4.5 -8 3.9 4.5 -8 3.6 0.0373212 0.0356408 0.0276918
4.8 -8 3.9 4.8 -8 4.2 4.5 -8 4.2 4.5 -8 3.9 0.0331659 0.0313665 0.0231969
4.8 -8 4.2 4.8 -8 4.5 4.5 -8 4.5 4.5 -8 4.2 0.0311707 0.0293139 0.0205072
4.8 -8 4.5 4.8 -8 4.8 4.5 -8 4.8 4.5 -8 4.5 0.0283997 0.0273512 0.0177127
4.8 -8 4.8 4.8 -8 5.1 4.5 -8 5.1 4.5 -8 4.8 0.0256575 0.0246193 0.0147185
4.8 -8 5.1 4.8 -8 5.4 4.5 -8 5.4 4.5 -8 5.1 0.0250934 0.0240512 0.0138412
4.8 -8 5.4 4.8 -8 5.7 4.5 -8 5.7 4.5 -8 5.4 0.0254736 0.0244869 0.013821
4.8 -8 5.7 4.8 -8 6 4.5 -8 6 4.5 -8 5.7 0.0256293 0.0246342 0.0133263
4.5 -8 3 4.5 -8 3.3 4.2 -8 3.3 4.2 -8 3 0.0443376 0.0458519 0.0370748
4.5 -8 3.3 4.5 -8 3.6 4.2 -8 3.6 4.2 -8 3.3 0.0406808 0.0423836 0.0332667
4.5 -8 3.6 4.5 -8 3.9 4.2 -8 3.9 4.2 -8 3.6 0.03558 0.0376159 0.0277066
4.5 -8 3.9 4.5 -8 4.2 4.2 -8 4.2 4.2 -8 3.9 0.0313031 0.0335107 0.0232292
4.5 -8 4.2 4.5 -8 4.5 4.2 -8 4.5 4.2 -8 4.2 0.0292707 0.0315709 0.0205742
4.5 -8 4.5 4.5 -8 4.8 4.2 -8 4.8 4.2 -8 4.5 0.0272986 0.0288289 0.0177913
4.5 -8 4.8 4.5 -8 5.1 4.2 -8 5.1 4.2 -8 4.8 0.0245609 0.0260775 0.0147997
4.5 -8 5.1 4.5 -8 5.4 4.2 -8 5.4 4.2 -8 5.1 0.0239646 0.0255037 0.0139149
4.5 -8 5.4 4.5 -8 5.7 4.2 -8 5.7 4.2 -8 5.4 0.0243751 0.0258913 0.0138931
4.5 -8 5.7 4.5 -8 6 4.2 -8 6 4.2 -8 5.7 0.0244592 0.0260479 0.0133776
4.2 -8 3 4.2 -8 3.3 3.9 -8 3.3 3.9 -8 3 0.0431747 0.0474724 0.0368284
4.2 -8 3.3 4.2 -8 3.6 3.9 -8 3.6 3.9 -8 3.3 0.0393156 0.044157 0.0328832
4.2 -8 3.6 4.2 -8 3.9 3.9 -8 3.9 3.9 -8 3.6 0.034396 0.0395198 0.0275533
4.2 -8 3.9 4.2 -8 4.2 3.9 -8 4.2 3.9 -8 3.9 0.0296561 0.0356363 0.0228457
4.2 -8 4.2 4.2 -8 4.5 3.9 -8 4.5 3.9 -8 4.2 0.0283948 0.0334962 0.0206853
4.2 -8 4.5 4.2 -8 4.8 3.9 -8 4.8 3.9 -8 4.5 0.0264559 0.0311838 0.0183306
4.2 -8 4.8 4.2 -8 5.1 3.9 -8 5.1 3.9 -8 4.8 0.0236713 0.0276107 0.0145932
4.2 -8 5.1 4.2 -8 5.4 3.9 -8 5.4 3.9 -8 5.1 0.0230439 0.0268795 0.0136686
4.2 -8 5.4 4.2 -8 5.7 3.9 -8 5.7 3.9 -8 5.4 0.0233049 0.0271538 0.0135703
4.2 -8 5.7 4.2 -8 6 3.9 -8 6 3.9 -8 5.7 0.0233526 0.0271249 0.0130158
3.9 -8 3 3.9 -8 3.3 3.6 -8 3.3 3.6 -8 3 0.0420357 0.0498731 0.0364226
3.9 -8 3.3 3.9 -8 3.6 3.6 -8 3.6 3.6 -8 3.3 0.0378666 0.0467957 0.0321197
3.9 -8 3.6 3.9 -8 3.9 3.6 -8 3.9 3.6 -8 3.6 0.0326392 0.0430159 0.0270271
3.9 -8 3.9 3.9 -8 4.2 3.6 -8 4.2 3.6 -8 3.9 0.0291479 0.0388033 0.0229282
3.9 -8 4.2 3.9 -8 4.5 3.6 -8 4.5 3.6 -8 4.2 0.0279652 0.0372404 0.0213495
3.9 -8 4.5 3.9 -8 4.8 3.6 -8 4.8 3.6 -8 4.5 0.0261236 0.0348714 0.0189396
3.9 -8 4.8 3.9 -8 5.1 3.6 -8 5.1 3.6 -8 4.8 0.0234101 0.0314778 0.0154053
3.9 -8 5.1 3.9 -8 5.4 3.6 -8 5.4 3.6 -8 5.1 0.0227401 0.0300537 0.0140102
3.9 -8 5.4 3.9 -8 5.7 3.6 -8 5.7 3.6 -8 5.4 0.0230107 0.0301731 0.0139151
3.9 -8 5.7 3.9 -8 6 3.6 -8 6 3.6 -8 5.7 0.0228297 0.0300589 0.0133383
3.6 -8 3 3.6 -8 3.3 3.3 -8 3.3 3.3 -8 3 0.0415641 0.0527894 0.0365391
3.6 -8 3.3 3.6 -8 3.6 3.3 -8 3.6 3.3 -8 3.3 0.0366674 0.0501675 0.0317975
3.6 -8 3.6 3.6 -8 3.9 3.3 -8 3.9 3.3 -8 3.6 0.0331837 0.0465002 0.028039
3.6 -8 3.9 3.6 -8 4.2 3.3 -8 4.2 3.3 -8 3.9 0.0299879 0.0431631 0.0247012
3.6 -8 4.2 3.6 -8 4.5 3.3 -8 4.5 3.3 -8 4.2 0.0288761 0.0416053 0.0230598
3.6 -8 4.5 3.6 -8 4.8 3.3 -8 4.8 3.3 -8 4.5 0.0271525 0.0394539 0.0209032
3.6 -8 4.8 3.6 -8 5.1 3.3 -8 5.1 3.3 -8 4.8 0.0245241 0.0358721 0.0172995
3.6 -8 5.1 3.6 -8 5.4 3.3 -8 5.4 3.3 -8 5.1 0.0237838 0.0344789 0.0159911
3.6 -8 5.4 3.6 -8 5.7 3.3 -8 5.7 3.3 -8 5.4 0.023865 0.0339061 0.0153665
3.6 -8 5.7 3.6 -8 6 3.3 -8 6 3.3 -8 5.7 0.0237255 0.0334874 0.014755
3.3 -8 3 3.3 -8 3.3 3 -8 3.3 3 -8 3 0.039392 0.0557126 0.0352617
3.3 -8 3.3 3.3 -8 3.6 3 -8 3.6 3 -8 3.3 0.0369143 0.0531006 0.0324902
3.3 -8 3.6 3.3 -8 3.9 3 -8 3.9 3 -8 3.6 0.033631 0.049824 0.0290451
3.3 -8 3.9 3.3 -8 4.2 3 -8 4.2 3 -8 3.9 0.0306492 0.0466419 0.0257606
3.3 -8 4.2 3.3 -8 4.5 3 -8 4.5 3 -8 4.2 0.0296829 0.0452602 0.0243832
3.3 -8 4.5 3.3 -8 4.8 3 -8 4.8 3 -8 4.5 0.0279877 0.0430039 0.0221495
3.3 -8 4.8 3.3 -8 5.1 3 -8 5.1 3 -8 4.8 0.025425 0.0399469 0.019068
3.3 -8 5.1 3.3 -8 5.4 3 -8 5.4 3 -8 5.1 0.0245514 0.0381631 0.0175261
3.3 -8 5.4 3.3 -8 5.7 3 -8 5.7 3 -8 5.4 0.0246336 0.0375501 0.0169868
3.3 -8 5.7 3.3 -8 6 3 -8 6 3 -8 5.7 0.0242484 0.0363094 0.0158014
3 -4 6 3 -4.4 6 3.3 -4.4 6 3.3 -4 6 0.0644232 0.0783202 0.0587363
3 -4.4 6 3 -4.8 6 3.3 -4.8 6 3.3 -4.4 6 0.0686191 0.0823979 0.0624255
3 -4.8 6 3 -5.2 6 3.3 -5.2 6 3.3 -4.8 6 0.0594592 0.0713335 0.0514962
3 -5.2 6 3 -5.6 6 3.3 -5.6 6 3.3 -5.2 6 0.0555681 0.0660547 0.0462195
3 -5.6 6 3 -6 6 3.3 -6 6 3.3 -5.6 6 0.0481113 0.0582405 0.0383183
3 -6 6 3 -6.4 6 3.3 -6.4 6 3.3 -6 6 0.0359737 0.0435035 0.0240661
3 -6.4 6 3 -6.8 6 3.3 -6.8 6 3.3 -6.4 6 0.0300715 0.0362462 0.0172867
3 -6.8 6 3 -7.2 6 3.3 -7.2 6 3.3 -6.8 6 0.0247736 0.0310907 0.0120006
3 -7.2 6 3 -7.6 6 3.3 -7.6 6 3.3 -7.2 6 0.0267871 0.032607 0.0135995
3 -7.6 6 3 -8 6 3.3 -8 6 3.3 -7.6 6 0.0255753 0.0312951 0.0126756
3.3 -4 6 3.3 -4.4 6 3.6 -4.4 6 3.6 -4 6 0.094797 0.103705 0.0887093
3.3 -4.4 6 3.3 -4.8 6 3.6 -4.8 6 3.6 -4.4 6 0.0679389 0.0793293 0.0609395
3.3 -4.8 6 3.3 -5.2 6 3.6 -5.2 6 3.6 -4.8 6 0.0609164 0.0713618 0.052871
3.3 -5.2 6 3.3 -5.6 6 3.6 -5.6 6 3.6 -5.2 6 0.0553406 0.0640705 0.0457571
3.3 -5.6 6 3.3 -6 6 3.6 -6 6 3.6 -5.6 6 0.0422385 0.0495297 0.0309786
3.3 -6 6 3.3 -6.4 6 3.6 -6.4 6 3.6 -6 6 0.0307162 0.036182 0.0178546
3.3 -6.4 6 3.3 -6.8 6 3.6 -6.8 6 3.6 -6.4 6 0.0254836 0.0302403 0.0120189
3.3 -6.8 6 3.3 -7.2 6 3.6 -7.2 6 3.6 -6.8 6 0.0248579 0.0292924 0.0115877
3.3 -7.2 6 3.3 -7.6 6 3.6 -7.6 6 3.6 -7.2 6 0.02573 0.0309045 0.0127476
3.3 -7.6 6 3.3 -8 6 3.6 -8 6 3.6 -7.6 6 0.0251552 0.0302533 0.0122743
3.6 -4 6 3.6 -4.4 6 3.9 -4.4 6 3.9 -4 6 0.106074 0.112275 0.0994021
3.6 -4.4 6 3.6 -4.8 6 3.9 -4.8 6 3.9 -4.4 6 0.0749084 0.0828301 0.0666745
3.6 -4.8 6 3.6 -5.2 6 3.9 -5.2 6 3.9 -4.8 6 0.0626928 0.0705946 0.0532101
3.6 -5.2 6 3.6 -5.6 6 3.9 -5.6 6 3.9 -5.2 6 0.0496312 0.0555563 0.0381422
3.6 -5.6 6 3.6 -6 6 3.9 -6 6 3.9 -5.6 6 0.0363439 0.0410347 0.0237372
3.6 -6 6 3.6 -6.4 6 3.9 -6.4 6 3.9 -6 6 0.0268539 0.0302092 0.0125701
3.6 -6.4 6 3.6 -6.8 6 3.9 -6.8 6 3.9 -6.4 6 0.0257439 0.0289476 0.0115852
3.6 -6.8 6 3.6 -7.2 6 3.9 -7.2 6 3.9 -6.8 6 0.0252489 0.0282819 0.0110171
3.6 -7.2 6 3.6 -7.6 6 3.9 -7.6 6 3.9 -7.2 6 0.0267503 0.0297446 0.0124824
3.6 -7.6 6 3.6 -8 6 3.9 -8 6 3.9 -7.6 6 0.0258878 0.0293461 0.012091
3.9 -4 6 3.9 -4.4 6 4.2 -4.4 6 4.2 -4 6 0.110449 0.113796 0.102889
3.9 -4.4 6 3.9 -4.8 6 4.2 -4.8 6 4.2 -4.4 6 0.0874975 0.0926763 0.0789762
3.9 -4.8 6 3.9 -5.2 6 4.2 -5.2 6 4.2 -4.8 6 0.0563158 0.0623084 0.0459937
3.9 -5.2 6 3.9 -5.6 6 4.2 -5.6 6 4.2 -5.2 6 0.0424625 0.0469617 0.0305152
3.9 -5.6 6 3.9 -6 6 4.2 -6 6 4.2 -5.6 6 0.0310473 0.0337794 0.0172021
3.9 -6 6 3.9 -6.4 6 4.2 -6.4 6 4.2 -6 6 0.0267855 0.0288513 0.0122058
3.9 -6.4 6 3.9 -6.8 6 4.2 -6.8 6 4.2 -6.4 6 0.0258246 0.0279047 0.01125
3.9 -6.8 6 3.9 -7.2 6 4.2 -7.2 6 4.2 -6.8 6 0.025341 0.0269787 0.0108478
3.9 -7.2 6 3.9 -7.6 6 4.2 -7.6 6 4.2 -7.2 6 0.0265193 0.0285625 0.0122805
3.9 -7.6 6 3.9 -8 6 4.2 -8 6 4.2 -7.6 6 0.02614 0.0276883 0.0118394
4.2 -4 6 4.2 -4.4 6 4.5 -4.4 6 4.5 -4 6 0.116909 0.118692 0.108518
4.2 -4.4 6 4.2 -4.8 6 4.5 -4.8 6 4.5 -4.4 6 0.0983018 0.0997183 0.0876541
4.2 -4.8 6 4.2 -5.2 6 4.5 -5.2 6 4.5 -4.8 6 0.0662246 0.067448 0.0537243
4.2 -5.2 6 4.2 -5.6 6 4.5 -5.6 6 4.5 -5.2 6 0.0377292 0.0394478 0.0235692
4.2 -5.6 6 4.2 -6 6 4.5 -6 6 4.5 -5.6 6 0.027682 0.028437 0.0124168
4.2 -6 6 4.2 -6.4 6 4.5 -6.4 6 4.5 -6 6 0.0272237 0.0283318 0.0119405
4.2 -6.4 6 4.2 -6.8 6 4.5 -6.8 6 4.5 -6.4 6 0.0263904 0.0272345 0.0110741
4.2 -6.8 6 4.2 -7.2 6 4.5 -7.2 6 4.5 -6.8 6 0.0257627 0.0267641 0.0107538
4.2 -7.2 6 4.2 -7.6 6 4.5 -7.6 6 4.5 -7.2 6 0.0275162 0.0280539 0.0122453
4.2 -7.6 6 4.2 -8 6 4.5 -8 6 4.5 -7.6 6 0.0265566 0.0274898 0.0118136
4.5 -4 6 4.5 -4.4 6 4.8 -4.4 6 4.8 -4 6 0.118692 0.116987 0.108559
4.5 -4.4 6 4.5 -4.8 6 4.8 -4.8 6 4.8 -4.4 6 0.0996551 0.0983315 0.0876426
4.5 -4.8 6 4.5 -5.2 6 4.8 -5.2 6 4.8 -4.8 6 0.067295 0.0661195 0.0536021
4.5 -5.2 6 4.5 -5.6 6 4.8 -5.6 6 4.8 -5.2 6 0.0394052 0.0377513 0.0235624
4.5 -5.6 6 4.5 -6 6 4.8 -6 6 4.8 -5.6 6 0.0284296 0.0276784 0.0124044
4.5 -6 6 4.5 -6.4 6 4.8 -6.4 6 4.8 -6 6 0.0283316 0.0272121 0.011941
4.5 -6.4 6 4.5 -6.8 6 4.8 -6.8 6 4.8 -6.4 6 0.0272148 0.0263773 0.0110627
4.5 -6.8 6 4.5 -7.2 6 4.8 -7.2 6 4.8 -6.8 6 0.0267998 0.0257973 0.0107935
4.5 -7.2 6 4.5 -7.6 6 4.8 -7.6 6 4.8 -7.2 6 0.0280368 0.0275048 0.0122325
4.5 -7.6 6 4.5 -8 6 4.8 -8 6 4.8 -7.6 6 0.0274685 0.026531 0.0117924
4.8 -4 6 4.8 -4.4 6 5.1 -4.4 6 5.1 -4 6 0.113736 0.110448 0.102869
4.8 -4.4 6 4.8 -4.8 6 5.1 -4.8 6 5.1 -4.4 6 0.0926369 0.0875133 0.0789708
4.8 -4.8 6 4.8 -5.2 6 5.1 -5.2 6 5.1 -4.8 6 0.0624396 0.0564753 0.0461356
4.8 -5.2 6 4.8 -5.6 6 5.1 -5.6 6 5.1 -5.2 6 0.046866 0.0423898 0.030414
4.8 -5.6 6 4.8 -6 6 5.1 -6 6 5.1 -5.6 6 0.0337523 0.0310485 0.0171857
4.8 -6 6 4.8 -6.4 6 5.1 -6.4 6 5.1 -6 6 0.0288125 0.0267718 0.0121784
4.8 -6.4 6 4.8 -6.8 6 5.1 -6.8 6 5.1 -6.4 6 0.0278553 0.0257839 0.0112015
4.8 -6.8 6 4.8 -7.2 6 5.1 -7.2 6 5.1 -6.8 6 0.0269052 0.0252715 0.0107727
4.8 -7.2 6 4.8 -7.6 6 5.1 -7.6 6 5.1 -7.2 6 0.0285157 0.0264817 0.0122375
4.8 -7.6 6 4.8 -8 6 5.1 -8 6 5.1 -7.6 6 0.0276457 0.0261073 0.0118043
5.1 -4 6 5.1 -4.4 6 5.4 -4.4 6 5.4 -4 6 0.112106 0.105973 0.0992797
5.1 -4.4 6 5.1 -4.8 6 5.4 -4.8 6 5.4 -4.4 6 0.0826727 0.0748245 0.0665544
5.1 -4.8 6 5.1 -5.2 6 5.4 -5.2 6 5.4 -4.8 6 0.0702799 0.0624492 0.0529512
5.1 -5.2 6 5.1 -5.6 6 5.4 -5.6 6 5.4 -5.2 6 0.055522 0.0496295 0.0381163
5.1 -5.6 6 5.1 -6 6 5.4 -6 6 5.4 -5.6 6 0.0410006 0.0363457 0.0237158
5.1 -6 6 5.1 -6.4 6 5.4 -6.4 6 5.4 -6 6 0.0302853 0.0269853 0.012671
5.1 -6.4 6 5.1 -6.8 6 5.4 -6.8 6 5.4 -6.4 6 0.0289063 0.0257139 0.0115422
5.1 -6.8 6 5.1 -7.2 6 5.4 -7.2 6 5.4 -6.8 6 0.0282079 0.0251522 0.0109337
5.1 -7.2 6 5.1 -7.6 6 5.4 -7.6 6 5.4 -7.2 6 0.0296669 0.0266753 0.0124016
5.1 -7.6 6 5.1 -8 6 5.4 -8 6 5.4 -7.6 6 0.0292529 0.0258093 0.0120097
5.4 -4 6 5.4 -4.4 6 5.7 -4.4 6 5.7 -4 6 0.103473 0.0946334 0.0885187
5.4 -4.4 6 5.4 -4.8 6 5.7 -4.8 6 5.7 -4.4 6 0.079431 0.0680593 0.0610393
5.4 -4.8 6 5.4 -5.2 6 5.7 -5.2 6 5.7 -4.8 6 0.0712229 0.06078 0.0527266
5.4 -5.2 6 5.4 -5.6 6 5.7 -5.6 6 5.7 -5.2 6 0.0640398 0.0553428 0.0457321
5.4 -5.6 6 5.4 -6 6 5.7 -6 6 5.7 -5.6 6 0.0494785 0.0422345 0.03095
5.4 -6 6 5.4 -6.4 6 5.7 -6.4 6 5.7 -6 6 0.036245 0.0307955 0.017906
5.4 -6.4 6 5.4 -6.8 6 5.7 -6.8 6 5.7 -6.4 6 0.0301398 0.0254001 0.0119159
5.4 -6.8 6 5.4 -7.2 6 5.7 -7.2 6 5.7 -6.8 6 0.0291692 0.0247428 0.0114578
5.4 -7.2 6 5.4 -7.6 6 5.7 -7.6 6 5.7 -7.2 6 0.0307173 0.0255456 0.0125487
5.4 -7.6 6 5.4 -8 6 5.7 -8 6 5.7 -7.6 6 0.0301064 0.0250327 0.0121379
5.7 -4 6 5.7 -4.4 6 6 -4.4 6 6 -4 6 0.0780039 0.0640741 0.0583808
5.7 -4.4 6 5.7 -4.8 6 6 -4.8 6 6 -4.4 6 0.0826799 0.0689197 0.0627084
5.7 -4.8 6 5.7 -5.2 6 6 -5.2 6 6 -4.8 6 0.0727761 0.0608572 0.0527519
5.7 -5.2 6 5.7 -5.6 6 6 -5.6 6 6 -5.2 6 0.0659819 0.0555476 0.0461709
5.7 -5.6 6 5.7 -6 6 6 -6 6 6 -5.6 6 0.0583095 0.048198 0.0383845
5.7 -6 6 5.7 -6.4 6 6 -6.4 6 6 -6 6 0.0434073 0.0358846 0.0239548
5.7 -6.4 6 5.7 -6.8 6 6 -6.8 6 6 -6.4 6 0.0361431 0.029978 0.0171674
5.7 -6.8 6 5.7 -7.2 6 6 -7.2 6 6 -6.8 6 0.0309583 0.0246635 0.0118702
5.7 -7.2 6 5.7 -7.6 6 6 -7.6 6 6 -7.2 6 0.0324208 0.0266265 0.0134254
5.7 -7.6 6 5.7 -8 6 6 -8 6 6 -7.6 6 0.0311461 0.0254405 0.0125393
6 -4 6 6 -4.4 6 6 -4.4 5.7 6 -4 5.7 0.20058 0.0645236 0.0636594
6 -4.4 6 6 -4.8 6 6 -4.8 5.7 6 -4.4 5.7 0.202391 0.0687652 0.0679008
6 -4.8 6 6 -5.2 6 6 -5.2 5.7 6 -4.8 5.7 0.188513 0.0596858 0.0588606
6 -5.2 6 6 -5.6 6 6 -5.6 5.7 6 -5.2 5.7 0.178319 0.0557219 0.0548256
6 -5.6 6 6 -6 6 6 -6 5.7 6 -5.6 5.7 0.169675 0.0482072 0.0473279
6 -6 6 6 -6.4 6 6 -6.4 5.7 6 -6 5.7 0.146793 0.0362057 0.0352485
6 -6.4 6 6 -6.8 6 6 -6.8 5.7 6 -6.4 5.7 0.137844 0.0303187 0.0292889
6 -6.8 6 6 -7.2 6 6 -7.2 5.7 6 -6.8 5.7 0.126951 0.0250593 0.024032
6 -7.2 6 6 -7.6 6 6 -7.6 5.7 6 -7.2 5.7 0.117484 0.027067 0.0259248
6 -7.6 6 6 -8 6 6 -8 5.7 6 -7.6 5.7 0.112159 0.0260409 0.0248248
6 -4 5.7 6 -4.4 5.7 6 -4.4 5.4 6 -4 5.4 0.231802 0.0950266 0.0940713
6 -4.4 5.7 6 -4.8 5.7 6 -4.8 5.4 6 -4.4 5.4 0.203875 0.0681104 0.0672873
6 -4.8 5.7 6 -5.2 5.7 6 -5.2 5.4 6 -4.8 5.4 0.191617 0.0606821 0.0598988
6 -5.2 5.7 6 -5.6 5.7 6 -5.6 5.4 6 -5.2 5.4 0.182323 0.0555733 0.0547425
6 -5.6 5.7 6 -6 5.7 6 -6 5.4 6 -5.6 5.4 0.166277 0.042369 0.0415121
6 -6 5.7 6 -6.4 5.7 6 -6.4 5.4 6 -6 5.4 0.143018 0.0310178 0.0301067
6 -6.4 5.7 6 -6.8 5.7 6 -6.8 5.4 6 -6.4 5.4 0.134788 0.0258073 0.0248282
6 -6.8 5.7 6 -7.2 5.7 6 -7.2 5.4 6 -6.8 5.4 0.129077 0.0251157 0.0241066
6 -7.2 5.7 6 -7.6 5.7 6 -7.6 5.4 6 -7.2 5.4 0.118812 0.0261838 0.0250979
6 -7.6 5.7 6 -8 5.7 6 -8 5.4 6 -7.6 5.4 0.112889 0.0256546 0.0245009
6 -4 5.4 6 -4.4 5.4 6 -4.4 5.1 6 -4 5.1 0.247163 0.106081 0.105152
6 -4.4 5.4 6 -4.8 5.4 6 -4.8 5.1 6 -4.4 5.1 0.213643 0.0751062 0.0742353
6 -4.8 5.4 6 -5.2 5.4 6 -5.2 5.1 6 -4.8 5.1 0.194937 0.0616015 0.0608328
6 -5.2 5.4 6 -5.6 5.4 6 -5.6 5.1 6 -5.2 5.1 0.177756 0.0497567 0.0489467
6 -5.6 5.4 6 -6 5.4 6 -6 5.1 6 -5.6 5.1 0.161655 0.0364847 0.0356491
6 -6 5.4 6 -6.4 5.4 6 -6.4 5.1 6 -6 5.1 0.140671 0.0272327 0.0263354
6 -6.4 5.4 6 -6.8 5.4 6 -6.8 5.1 6 -6.4 5.1 0.136494 0.0261285 0.0251548
6 -6.8 5.4 6 -7.2 5.4 6 -7.2 5.1 6 -6.8 5.1 0.130489 0.0256556 0.0246632
6 -7.2 5.4 6 -7.6 5.4 6 -7.6 5.1 6 -7.2 5.1 0.120486 0.0272025 0.0261319
6 -7.6 5.4 6 -8 5.4 6 -8 5.1 6 -7.6 5.1 0.114821 0.0264514 0.0253231
6 -4 5.1 6 -4.4 5.1 6 -4.4 4.8 6 -4 4.8 0.255051 0.110477 0.109583
6 -4.4 5.1 6 -4.8 5.1 6 -4.8 4.8 6 -4.4 4.8 0.229599 0.0876059 0.0867393
6 -4.8 5.1 6 -5.2 5.1 6 -5.2 4.8 6 -4.8 4.8 0.191833 0.055151 0.0544129
6 -5.2 5.1 6 -5.6 5.1 6 -5.6 4.8 6 -5.2 4.8 0.173675 0.0424547 0.0416662
6 -5.6 5.1 6 -6 5.1 6 -6 4.8 6 -5.6 4.8 0.15971 0.0312101 0.0303889
6 -6 5.1 6 -6.4 5.1 6 -6.4 4.8 6 -6 4.8 0.143665 0.0272305 0.026338
6 -6.4 5.1 6 -6.8 5.1 6 -6.8 4.8 6 -6.4 4.8 0.139471 0.026257 0.0253063
6 -6.8 5.1 6 -7.2 5.1 6 -7.2 4.8 6 -6.8 4.8 0.133219 0.0257527 0.024761
6 -7.2 5.1 6 -7.6 5.1 6 -7.6 4.8 6 -7.2 4.8 0.122647 0.0271247 0.0260685
6 -7.6 5.1 6 -8 5.1 6 -8 4.8 6 -7.6 4.8 0.117368 0.0269002 0.0258044
6 -4 4.8 6 -4.4 4.8 6 -4.4 4.5 6 -4 4.5 0.262636 0.116693 0.115845
6 -4.4 4.8 6 -4.8 4.8 6 -4.8 4.5 6 -4.4 4.5 0.241417 0.0983271 0.0974511
6 -4.8 4.8 6 -5.2 4.8 6 -5.2 4.5 6 -4.8 4.5 0.203306 0.0647628 0.0639631
6 -5.2 4.8 6 -5.6 4.8 6 -5.6 4.5 6 -5.2 4.5 0.170792 0.0378625 0.0370879
6 -5.6 4.8 6 -6 4.8 6 -6 4.5 6 -5.6 4.5 0.157944 0.0278531 0.027028
6 -6 4.8 6 -6.4 4.8 6 -6.4 4.5 6 -6 4.5 0.145489 0.0277239 0.02683
6 -6.4 4.8 6 -6.8 4.8 6 -6.8 4.5 6 -6.4 4.5 0.141221 0.0268823 0.0259114
6 -6.8 4.8 6 -7.2 4.8 6 -7.2 4.5 6 -6.8 4.5 0.134684 0.0262075 0.0252158
6 -7.2 4.8 6 -7.6 4.8 6 -7.6 4.5 6 -7.2 4.5 0.124507 0.0280001 0.0269359
6 -7.6 4.8 6 -8 4.8 6 -8 4.5 6 -7.6 4.5 0.118549 0.0272314 0.026121
6 -4 4.5 6 -4.4 4.5 6 -4.4 4.2 6 -4 4.2 0.265663 0.118685 0.117837
6 -4.4 4.5 6 -4.8 4.5 6 -4.8 4.2 6 -4.4 4.2 0.243904 0.0996662 0.09881
6 -4.8 4.5 6 -5.2 4.5 6 -5.2 4.2 6 -4.8 4.2 0.204938 0.0660333 0.0652394
6 -5.2 4.5 6 -5.6 4.5 6 -5.6 4.2 6 -5.2 4.2 0.172894 0.0395015 0.0386762
6 -5.6 4.5 6 -6 4.5 6 -6 4.2 6 -5.6 4.2 0.159274 0.0285801 0.0277596
6 -6 4.5 6 -6.4 4.5 6 -6.4 4.2 6 -6 4.2 0.147178 0.0288372 0.0279432
6 -6.4 4.5 6 -6.8 4.5 6 -6.8 4.2 6 -6.4 4.2 0.142758 0.0277633 0.0267848
6 -6.8 4.5 6 -7.2 4.5 6 -7.2 4.2 6 -6.8 4.2 0.136484 0.0272972 0.0262801
6 -7.2 4.5 6 -7.6 4.5 6 -7.6 4.2 6 -7.2 4.2 0.125583 0.0286488 0.0275569
6 -7.6 4.5 6 -8 4.5 6 -8 4.2 6 -7.6 4.2 0.12007 0.0282944 0.0271564
6 -4 4.2 6 -4.4 4.2 6 -4.4 3.9 6 -4 3.9 0.259453 0.113409 0.112595
6 -4.4 4.2 6 -4.8 4.2 6 -4.8 3.9 6 -4.4 3.9 0.235793 0.0925134 0.0916502
6 -4.8 4.2 6 -5.2 4.2 6 -5.2 3.9 6 -4.8 3.9 0.198919 0.0609106 0.0600919
6 -5.2 4.2 6 -5.6 4.2 6 -5.6 3.9 6 -5.2 3.9 0.179758 0.0470224 0.0461789
6 -5.6 4.2 6 -6 4.2 6 -6 3.9 6 -5.6 3.9 0.164018 0.033918 0.0330675
6 -6 4.2 6 -6.4 4.2 6 -6.4 3.9 6 -6 3.9 0.147121 0.029299 0.0284025
6 -6.4 4.2 6 -6.8 4.2 6 -6.8 3.9 6 -6.4 3.9 0.143035 0.02842 0.027451
6 -6.8 4.2 6 -7.2 4.2 6 -7.2 3.9 6 -6.8 3.9 0.136279 0.0275022 0.0264793
6 -7.2 4.2 6 -7.6 4.2 6 -7.6 3.9 6 -7.2 3.9 0.125952 0.0292566 0.0281511
6 -7.6 4.2 6 -8 4.2 6 -8 3.9 6 -7.6 3.9 0.120004 0.0285168 0.027367
6 -4 3.9 6 -4.4 3.9 6 -4.4 3.6 6 -4 3.6 0.256791 0.111729 0.110949
6 -4.4 3.9 6 -4.8 3.9 6 -4.8 3.6 6 -4.4 3.6 0.224918 0.0823977 0.0815751
6 -4.8 3.9 6 -5.2 3.9 6 -5.2 3.6 6 -4.8 3.6 0.207594 0.0696013 0.0687523
6 -5.2 3.9 6 -5.6 3.9 6 -5.6 3.6 6 -5.2 3.6 0.188097 0.0555728 0.0546952
6 -5.6 3.9 6 -6 3.9 6 -6 3.6 6 -5.6 3.6 0.170798 0.0411101 0.0402239
6 -6 3.9 6 -6.4 3.9 6 -6.4 3.6 6 -6 3.6 0.14841 0.0307063 0.0298001
6 -6.4 3.9 6 -6.8 3.9 6 -6.8 3.6 6 -6.4 3.6 0.143776 0.0294828 0.0284852
6 -6.8 3.9 6 -7.2 3.9 6 -7.2 3.6 6 -6.8 3.6 0.137523 0.0289427 0.0278967
6 -7.2 3.9 6 -7.6 3.9 6 -7.6 3.6 6 -7.2 3.6 0.126862 0.0304593 0.0293213
6 -7.6 3.9 6 -8 3.9 6 -8 3.6 6 -7.6 3.6 0.121219 0.0300923 0.0288819
6 -4 3.6 6 -4.4 3.6 6 -4.4 3.3 6 -4 3.3 0.247374 0.103101 0.10237
6 -4.4 3.6 6 -4.8 3.6 6 -4.8 3.3 6 -4.4 3.3 0.221282 0.0791751 0.0782967
6 -4.8 3.6 6 -5.2 3.6 6 -5.2 3.3 6 -4.8 3.3 0.207821 0.0706607 0.069816
6 -5.2 3.6 6 -5.6 3.6 6 -5.6 3.3 6 -5.2 3.3 0.195084 0.0640272 0.0631266
6 -5.6 3.6 6 -6 3.6 6 -6 3.3 6 -5.6 3.3 0.179183 0.0495912 0.0486716
6 -6 3.6 6 -6.4 3.6 6 -6.4 3.3 6 -6 3.3 0.154293 0.0366751 0.0357188
6 -6.4 3.6 6 -6.8 3.6 6 -6.8 3.3 6 -6.4 3.3 0.145136 0.0307351 0.0297157
6 -6.8 3.6 6 -7.2 3.6 6 -7.2 3.3 6 -6.8 3.3 0.137646 0.0298307 0.0287525
6 -7.2 3.6 6 -7.6 3.6 6 -7.6 3.3 6 -7.2 3.3 0.127545 0.0317661 0.0305915
6 -7.6 3.6 6 -8 3.6 6 -8 3.3 6 -7.6 3.3 0.121927 0.0312931 0.0300338
6 -4 3.3 6 -4.4 3.3 6 -4.4 3 6 -4 3 0.219111 0.0773082 0.0765287
6 -4.4 3.3 6 -4.8 3.3 6 -4.8 3 6 -4.4 3 0.221678 0.0822527 0.0813956
6 -4.8 3.3 6 -5.2 3.3 6 -5.2 3 6 -4.8 3 0.206034 0.0710477 0.0701757
6 -5.2 3.3 6 -5.6 3.3 6 -5.6 3 6 -5.2 3 0.196009 0.0659081 0.0649407
6 -5.6 3.3 6 -6 3.3 6 -6 3 6 -5.6 3 0.185907 0.0583192 0.0573535
6 -6 3.3 6 -6.4 3.3 6 -6.4 3 6 -6 3 0.159648 0.0438189 0.0427859
6 -6.4 3.3 6 -6.8 3.3 6 -6.8 3 6 -6.4 3 0.149314 0.0366828 0.035575
6 -6.8 3.3 6 -7.2 3.3 6 -7.2 3 6 -6.8 3 0.138716 0.0316687 0.030555
6 -7.2 3.3 6 -7.6 3.3 6 -7.6 3 6 -7.2 3 0.12845 0.0332857 0.0320505
6 -7.6 3.3 6 -8 3.3 6 -8 3 6 -7.6 3 0.122359 0.032314 0.0309784
3 -4 3 3 -4.4 3 3 -4.4 3.3 3 -4 3.3 0.0774217 0.218637 0.07662
3 -4.4 3 3 -4.8 3 3 -4.8 3.3 3 -4.4 3.3 0.0818462 0.223235 0.0809664
3 -4.8 3 3 -5.2 3 3 -5.2 3.3 3 -4.8 3.3 0.071525 0.206447 0.0706308
3 -5.2 3 3 -5.6 3 3 -5.6 3.3 3 -5.2 3.3 0.065808 0.196521 0.0648217
3 -5.6 3 3 -6 3 3 -6 3.3 3 -5.6 3.3 0.0582215 0.18694 0.0572372
3 -6 3 3 -6.4 3 3 -6.4 3.3 3 -6 3.3 0.0438776 0.160111 0.0428279
3 -6.4 3 3 -6.8 3 3 -6.8 3.3 3 -6.4 3.3 0.0364899 0.149541 0.0353687
3 -6.8 3 3 -7.2 3 3 -7.2 3.3 3 -6.8 3.3 0.0314712 0.138861 0.0303485
3 -7.2 3 3 -7.6 3 3 -7.6 3.3 3 -7.2 3.3 0.0334367 0.128909 0.0321885
3 -7.6 3 3 -8 3 3 -8 3.3 3 -7.6 3.3 0.0320663 0.122268 0.0307088
3 -4 3.3 3 -4.4 3.3 3 -4.4 3.6 3 -4 3.6 0.103168 0.248555 0.102417
3 -4.4 3.3 3 -4.8 3.3 3 -4.8 3.6 3 -4.4 3.6 0.0788162 0.221888 0.0779182
3 -4.8 3.3 3 -5.2 3.3 3 -5.2 3.6 3 -4.8 3.6 0.07063 0.208589 0.0697597
3 -5.2 3.3 3 -5.6 3.3 3 -5.6 3.6 3 -5.2 3.6 0.063939 0.19697 0.0630203
3 -5.6 3.3 3 -6 3.3 3 -6 3.6 3 -5.6 3.6 0.0494801 0.179889 0.0485442
3 -6 3.3 3 -6.4 3.3 3 -6.4 3.6 3 -6 3.6 0.0365412 0.154589 0.0355716
3 -6.4 3.3 3 -6.8 3.3 3 -6.8 3.6 3 -6.4 3.6 0.0305807 0.145297 0.0295456
3 -6.8 3.3 3 -7.2 3.3 3 -7.2 3.6 3 -6.8 3.6 0.029798 0.138788 0.0287068
3 -7.2 3.3 3 -7.6 3.3 3 -7.6 3.6 3 -7.2 3.6 0.0318987 0.128809 0.030716
3 -7.6 3.3 3 -8 3.3 3 -8 3.6 3 -7.6 3.6 0.0312331 0.12274 0.0299539
3 -4 3.6 3 -4.4 3.6 3 -4.4 3.9 3 -4 3.9 0.111882 0.257496 0.11108
3 -4.4 3.6 3 -4.8 3.6 3 -4.8 3.9 3 -4.4 3.9 0.0820825 0.226758 0.0812396
3 -4.8 3.6 3 -5.2 3.6 3 -5.2 3.9 3 -4.8 3.9 0.0689845 0.2074 0.0681215
3 -5.2 3.6 3 -5.6 3.6 3 -5.6 3.9 3 -5.2 3.9 0.0555056 0.188544 0.0546111
3 -5.6 3.6 3 -6 3.6 3 -6 3.9 3 -5.6 3.9 0.0410108 0.171177 0.0401076
3 -6 3.6 3 -6.4 3.6 3 -6.4 3.9 3 -6 3.9 0.0305982 0.148515 0.0296771
3 -6.4 3.6 3 -6.8 3.6 3 -6.8 3.9 3 -6.4 3.9 0.029357 0.143918 0.0283477
3 -6.8 3.6 3 -7.2 3.6 3 -7.2 3.9 3 -6.8 3.9 0.0288712 0.137677 0.0278177
3 -7.2 3.6 3 -7.6 3.6 3 -7.6 3.9 3 -7.2 3.9 0.0306458 0.127218 0.0294944
3 -7.6 3.6 3 -8 3.6 3 -8 3.9 3 -7.6 3.9 0.0302712 0.12156 0.0290394
3 -4 3.9 3 -4.4 3.9 3 -4.4 4.2 3 -4 4.2 0.113522 0.260324 0.112688
3 -4.4 3.9 3 -4.8 3.9 3 -4.8 4.2 3 -4.4 4.2 0.0921059 0.236636 0.0912266
3 -4.8 3.9 3 -5.2 3.9 3 -5.2 4.2 3 -4.8 4.2 0.0607558 0.200059 0.0599224
3 -5.2 3.9 3 -5.6 3.9 3 -5.6 4.2 3 -5.2 4.2 0.0469348 0.180715 0.0460743
3 -5.6 3.9 3 -6 3.9 3 -6 4.2 3 -5.6 4.2 0.0338474 0.164853 0.0329819
3 -6 3.9 3 -6.4 3.9 3 -6.4 4.2 3 -6 4.2 0.0293152 0.147984 0.0284057
3 -6.4 3.9 3 -6.8 3.9 3 -6.8 4.2 3 -6.4 4.2 0.028403 0.143713 0.0274208
3 -6.8 3.9 3 -7.2 3.9 3 -7.2 4.2 3 -6.8 4.2 0.0276181 0.137023 0.0265869
3 -7.2 3.9 3 -7.6 3.9 3 -7.6 4.2 3 -7.2 4.2 0.0295229 0.126709 0.028405
3 -7.6 3.9 3 -8 3.9 3 -8 4.2 3 -7.6 4.2 0.0287908 0.120632 0.0276247
3 -4 4.2 3 -4.4 4.2 3 -4.4 4.5 3 -4 4.5 0.118804 0.26521 0.117941
3 -4.4 4.2 3 -4.8 4.2 3 -4.8 4.5 3 -4.4 4.5 0.0992243 0.243358 0.0983516
3 -4.8 4.2 3 -5.2 4.2 3 -5.2 4.5 3 -4.8 4.5 0.0659251 0.204499 0.0651156
3 -5.2 4.2 3 -5.6 4.2 3 -5.6 4.5 3 -5.2 4.5 0.039421 0.172471 0.0385799
3 -5.6 4.2 3 -6 4.2 3 -6 4.5 3 -5.6 4.5 0.0284824 0.158716 0.0276484
3 -6 4.2 3 -6.4 4.2 3 -6.4 4.5 3 -6 4.5 0.0288651 0.146794 0.02796
3 -6.4 4.2 3 -6.8 4.2 3 -6.8 4.5 3 -6.4 4.5 0.0277622 0.142373 0.026771
3 -6.8 4.2 3 -7.2 4.2 3 -7.2 4.5 3 -6.8 4.5 0.0274274 0.136208 0.0264032
3 -7.2 4.2 3 -7.6 4.2 3 -7.6 4.5 3 -7.2 4.5 0.0290024 0.125649 0.0279001
3 -7.6 4.2 3 -8 4.2 3 -8 4.5 3 -7.6 4.5 0.0285782 0.120041 0.0274272
3 -4 4.5 3 -4.4 4.5 3 -4.4 4.8 3 -4 4.8 0.116807 0.262845 0.115944
3 -4.4 4.5 3 -4.8 4.5 3 -4.8 4.8 3 -4.4 4.8 0.0979004 0.241487 0.0970093
3 -4.8 4.5 3 -5.2 4.5 3 -5.2 4.8 3 -4.8 4.8 0.064612 0.202001 0.0637958
3 -5.2 4.5 3 -5.6 4.5 3 -5.6 4.8 3 -5.2 4.8 0.0377738 0.169765 0.0369861
3 -5.6 4.5 3 -6 4.5 3 -6 4.8 3 -5.6 4.8 0.0277898 0.157089 0.0269541
3 -6 4.5 3 -6.4 4.5 3 -6.4 4.8 3 -6 4.8 0.0277485 0.144807 0.0268429
3 -6.4 4.5 3 -6.8 4.5 3 -6.8 4.8 3 -6.4 4.8 0.0269153 0.14066 0.0259335
3 -6.8 4.5 3 -7.2 4.5 3 -7.2 4.8 3 -6.8 4.8 0.0263892 0.134354 0.0253903
3 -7.2 4.5 3 -7.6 4.5 3 -7.6 4.8 3 -7.2 4.8 0.0283197 0.124437 0.0272466
3 -7.6 4.5 3 -8 4.5 3 -8 4.8 3 -7.6 4.8 0.0274845 0.118447 0.026362
3 -4 4.8 3 -4.4 4.8 3 -4.4 5.1 3 -4 5.1 0.110603 0.255649 0.109698
3 -4.4 4.8 3 -4.8 4.8 3 -4.8 5.1 3 -4.4 5.1 0.0872181 0.229839 0.0863402
3 -4.8 4.8 3 -5.2 4.8 3 -5.2 5.1 3 -4.8 5.1 0.0550842 0.192268 0.0543371
3 -5.2 4.8 3 -5.6 4.8 3 -5.6 5.1 3 -5.2 5.1 0.0425076 0.173774 0.0417092
3 -5.6 4.8 3 -6 4.8 3 -6 5.1 3 -5.6 5.1 0.0311749 0.159725 0.0303422
3 -6 4.8 3 -6.4 4.8 3 -6.4 5.1 3 -6 5.1 0.0272912 0.144158 0.0263879
3 -6.4 4.8 3 -6.8 4.8 3 -6.8 5.1 3 -6.4 5.1 0.0263162 0.139938 0.025355
3 -6.8 4.8 3 -7.2 4.8 3 -7.2 5.1 3 -6.8 5.1 0.0259279 0.133698 0.0249327
3 -7.2 4.8 3 -7.6 4.8 3 -7.6 5.1 3 -7.2 5.1 0.0274093 0.122792 0.0263462
3 -7.6 4.8 3 -8 4.8 3 -8 5.1 3 -7.6 5.1 0.0271372 0.117402 0.0260308
3 -4 5.1 3 -4.4 5.1 3 -4.4 5.4 3 -4 5.4 0.106215 0.247321 0.105276
3 -4.4 5.1 3 -4.8 5.1 3 -4.8 5.4 3 -4.4 5.4 0.0747862 0.213906 0.0739041
3 -4.8 5.1 3 -5.2 5.1 3 -5.2 5.4 3 -4.8 5.4 0.0618684 0.194962 0.0610884
3 -5.2 5.1 3 -5.6 5.1 3 -5.6 5.4 3 -5.2 5.4 0.0497146 0.177922 0.0488929
3 -5.6 5.1 3 -6 5.1 3 -6 5.4 3 -5.6 5.4 0.0364946 0.161955 0.035647
3 -6 5.1 3 -6.4 5.1 3 -6.4 5.4 3 -6 5.4 0.0274165 0.141108 0.0265116
3 -6.4 5.1 3 -6.8 5.1 3 -6.8 5.4 3 -6.4 5.4 0.0261739 0.136757 0.0251908
3 -6.8 5.1 3 -7.2 5.1 3 -7.2 5.4 3 -6.8 5.4 0.0257575 0.130638 0.0247599
3 -7.2 5.1 3 -7.6 5.1 3 -7.6 5.4 3 -7.2 5.4 0.0274603 0.12074 0.0263835
3 -7.6 5.1 3 -8 5.1 3 -8 5.4 3 -7.6 5.4 0.0266499 0.114617 0.0255106
3 -4 5.4 3 -4.4 5.4 3 -4.4 5.7 3 -4 5.7 0.0949238 0.232762 0.093956
3 -4.4 5.4 3 -4.8 5.4 3 -4.8 5.7 3 -4.4 5.7 0.0678789 0.203939 0.0670591
3 -4.8 5.4 3 -5.2 5.4 3 -5.2 5.7 3 -4.8 5.7 0.0603689 0.191018 0.059566
3 -5.2 5.4 3 -5.6 5.4 3 -5.6 5.7 3 -5.2 5.7 0.0555312 0.18159 0.0546898
3 -5.6 5.4 3 -6 5.4 3 -6 5.7 3 -5.6 5.7 0.0423845 0.165846 0.0415174
3 -6 5.4 3 -6.4 5.4 3 -6.4 5.7 3 -6 5.7 0.0312321 0.143377 0.0303102
3 -6.4 5.4 3 -6.8 5.4 3 -6.8 5.7 3 -6.4 5.7 0.0258461 0.135057 0.0248571
3 -6.8 5.4 3 -7.2 5.4 3 -7.2 5.7 3 -6.8 5.7 0.0252316 0.129335 0.0242218
3 -7.2 5.4 3 -7.6 5.4 3 -7.6 5.7 3 -7.2 5.7 0.0263275 0.118762 0.0252337
3 -7.6 5.4 3 -8 5.4 3 -8 5.7 3 -7.6 5.7 0.0258423 0.11352 0.0246781
3 -4 5.7 3 -4.4 5.7 3 -4.4 6 3 -4 6 0.0642027 0.198722 0.0633209
3 -4.4 5.7 3 -4.8 5.7 3 -4.8 6 3 -4.4 6 0.0687377 0.201254 0.0678639
3 -4.8 5.7 3 -5.2 5.7 3 -5.2 6 3 -4.8 6 0.0596013 0.187409 0.0587667
3 -5.2 5.7 3 -5.6 5.7 3 -5.6 6 3 -5.2 6 0.055766 0.178743 0.0548622
3 -5.6 5.7 3 -6 5.7 3 -6 6 3 -5.6 6 0.0483553 0.169137 0.047465
3 -6 5.7 3 -6.4 5.7 3 -6.4 6 3 -6 6 0.0363249 0.145897 0.0353594
3 -6.4 5.7 3 -6.8 5.7 3 -6.8 6 3 -6.4 6 0.0303714 0.136956 0.0293336
3 -6.8 5.7 3 -7.2 5.7 3 -7.2 6 3 -6.8 6 0.0251509 0.126544 0.0241216
3 -7.2 5.7 3 -7.6 5.7 3 -7.6 6 3 -7.2 6 0.0272623 0.117559 0.0261151
3 -7.6 5.7 3 -8 5.7 3 -8 6 3 -7.6 6 0.0261632 0.11169 0.0249366
6 -4 3 6 -4.4 3 5.7 -4.4 3 5.7 -4 3 0.217733 0.194904 0.184487
6 -4.4 3 6 -4.8 3 5.7 -4.8 3 5.7 -4.4 3 0.221532 0.199955 0.188455
6 -4.8 3 6 -5.2 3 5.7 -5.2 3 5.7 -4.8 3 0.205354 0.184887 0.171368
6 -5.2 3 6 -5.6 3 5.7 -5.6 3 5.7 -5.2 3 0.195084 0.176525 0.161343
6 -5.6 3 6 -6 3 5.7 -6 3 5.7 -5.6 3 0.185617 0.167925 0.151948
6 -6 3 6 -6.4 3 5.7 -6.4 3 5.7 -6 3 0.159177 0.144293 0.126433
6 -6.4 3 6 -6.8 3 5.7 -6.8 3 5.7 -6.4 3 0.14864 0.135468 0.116719
6 -6.8 3 6 -7.2 3 5.7 -7.2 3 5.7 -6.8 3 0.13806 0.12509 0.1063
6 -7.2 3 6 -7.6 3 5.7 -7.6 3 5.7 -7.2 3 0.128114 0.116627 0.0977964
6 -7.6 3 6 -8 3 5.7 -8 3 5.7 -7.6 3 0.121325 0.110519 0.0921995
5.7 -4 3 5.7 -4.4 3 5.4 -4.4 3 5.4 -4 3 0.246626 0.23183 0.219935
5.7 -4.4 3 5.7 -4.8 3 5.4 -4.8 3 5.4 -4.4 3 0.218851 0.201069 0.188162
5.7 -4.8 3 5.7 -5.2 3 5.4 -5.2 3 5.4 -4.8 3 0.207406 0.190958 0.176405
5.7 -5.2 3 5.7 -5.6 3 5.4 -5.6 3 5.4 -5.2 3 0.195375 0.180377 0.164233
5.7 -5.6 3 5.7 -6 3 5.4 -6 3 5.4 -5.6 3 0.178062 0.164705 0.146638
5.7 -6 3 5.7 -6.4 3 5.4 -6.4 3 5.4 -6 3 0.153589 0.142935 0.123198
5.7 -6.4 3 5.7 -6.8 3 5.4 -6.8 3 5.4 -6.4 3 0.144224 0.134531 0.114162
5.7 -6.8 3 5.7 -7.2 3 5.4 -7.2 3 5.4 -6.8 3 0.137779 0.128808 0.108616
5.7 -7.2 3 5.7 -7.6 3 5.4 -7.6 3 5.4 -7.2 3 0.127519 0.118491 0.0990654
5.7 -7.6 3 5.7 -8 3 5.4 -8 3 5.4 -7.6 3 0.121534 0.113058 0.0939793
5.4 -4 3 5.4 -4.4 3 5.1 -4.4 3 5.1 -4 3 0.25512 0.244166 0.231275
5.4 -4.4 3 5.4 -4.8 3 5.1 -4.8 3 5.1 -4.4 3 0.223243 0.210587 0.195806
5.4 -4.8 3 5.4 -5.2 3 5.1 -5.2 3 5.1 -4.8 3 0.205328 0.192823 0.176226
5.4 -5.2 3 5.4 -5.6 3 5.1 -5.6 3 5.1 -5.2 3 0.186296 0.175902 0.15704
5.4 -5.6 3 5.4 -6 3 5.1 -6 3 5.1 -5.6 3 0.169056 0.160076 0.139822
5.4 -6 3 5.4 -6.4 3 5.1 -6.4 3 5.1 -6 3 0.146696 0.139439 0.117685
5.4 -6.4 3 5.4 -6.8 3 5.1 -6.8 3 5.1 -6.4 3 0.14231 0.135378 0.113795
5.4 -6.8 3 5.4 -7.2 3 5.1 -7.2 3 5.1 -6.8 3 0.13603 0.129482 0.107839
5.4 -7.2 3 5.4 -7.6 3 5.1 -7.6 3 5.1 -7.2 3 0.125518 0.119588 0.0984489
5.4 -7.6 3 5.4 -8 3 5.1 -8 3 5.1 -7.6 3 0.119912 0.113799 0.0934956
5.1 -4 3 5.1 -4.4 3 4.8 -4.4 3 4.8 -4 3 0.258985 0.252678 0.238136
5.1 -4.4 3 5.1 -4.8 3 4.8 -4.8 3 4.8 -4.4 3 0.235076 0.22698 0.211156
5.1 -4.8 3 5.1 -5.2 3 4.8 -5.2 3 4.8 -4.8 3 0.198698 0.189869 0.171642
5.1 -5.2 3 5.1 -5.6 3 4.8 -5.6 3 4.8 -5.2 3 0.179231 0.171931 0.151831
5.1 -5.6 3 5.1 -6 3 4.8 -6 3 4.8 -5.6 3 0.163596 0.158177 0.13594
5.1 -6 3 5.1 -6.4 3 4.8 -6.4 3 4.8 -6 3 0.146902 0.142454 0.11968
5.1 -6.4 3 5.1 -6.8 3 4.8 -6.8 3 4.8 -6.4 3 0.142723 0.138388 0.115647
5.1 -6.8 3 5.1 -7.2 3 4.8 -7.2 3 4.8 -6.8 3 0.13599 0.132261 0.109669
5.1 -7.2 3 5.1 -7.6 3 4.8 -7.6 3 4.8 -7.2 3 0.125585 0.121758 0.100095
5.1 -7.6 3 5.1 -8 3 4.8 -8 3 4.8 -7.6 3 0.119452 0.116346 0.0950209
4.8 -4 3 4.8 -4.4 3 4.5 -4.4 3 4.5 -4 3 0.263325 0.260734 0.244427
4.8 -4.4 3 4.8 -4.8 3 4.5 -4.8 3 4.5 -4.4 3 0.241407 0.239266 0.220392
4.8 -4.8 3 4.8 -5.2 3 4.5 -5.2 3 4.5 -4.8 3 0.203501 0.201295 0.180161
4.8 -5.2 3 4.8 -5.6 3 4.5 -5.6 3 4.5 -5.2 3 0.171608 0.168943 0.145844
4.8 -5.6 3 4.8 -6 3 4.5 -6 3 4.5 -5.6 3 0.158024 0.156347 0.131898
4.8 -6 3 4.8 -6.4 3 4.5 -6.4 3 4.5 -6 3 0.146142 0.144139 0.120039
4.8 -6.4 3 4.8 -6.8 3 4.5 -6.8 3 4.5 -6.4 3 0.141697 0.140039 0.115984
4.8 -6.8 3 4.8 -7.2 3 4.5 -7.2 3 4.5 -6.8 3 0.135486 0.133706 0.110044
4.8 -7.2 3 4.8 -7.6 3 4.5 -7.6 3 4.5 -7.2 3 0.124751 0.123621 0.10041
4.8 -7.6 3 4.8 -8 3 4.5 -8 3 4.5 -7.6 3 0.119115 0.117596 0.095413
4.5 -4 3 4.5 -4.4 3 4.2 -4.4 3 4.2 -4 3 0.260246 0.263171 0.244095
4.5 -4.4 3 4.5 -4.8 3 4.2 -4.8 3 4.2 -4.4 3 0.238738 0.241213 0.22003
4.5 -4.8 3 4.5 -5.2 3 4.2 -5.2 3 4.2 -4.8 3 0.200701 0.202858 0.179553
4.5 -5.2 3 4.5 -5.6 3 4.2 -5.6 3 4.2 -5.2 3 0.168451 0.171137 0.145363
4.5 -5.6 3 4.5 -6 3 4.2 -6 3 4.2 -5.6 3 0.155983 0.157754 0.131578
4.5 -6 3 4.5 -6.4 3 4.2 -6.4 3 4.2 -6 3 0.143855 0.145924 0.119782
4.5 -6.4 3 4.5 -6.8 3 4.2 -6.8 3 4.2 -6.4 3 0.139822 0.141575 0.115821
4.5 -6.8 3 4.5 -7.2 3 4.2 -7.2 3 4.2 -6.8 3 0.133589 0.135455 0.109982
4.5 -7.2 3 4.5 -7.6 3 4.2 -7.6 3 4.2 -7.2 3 0.123465 0.124669 0.100306
4.5 -7.6 3 4.5 -8 3 4.2 -8 3 4.2 -7.6 3 0.117481 0.119057 0.0953403
4.2 -4 3 4.2 -4.4 3 3.9 -4.4 3 3.9 -4 3 0.250782 0.256903 0.23609
4.2 -4.4 3 4.2 -4.8 3 3.9 -4.8 3 3.9 -4.4 3 0.225063 0.233039 0.20913
4.2 -4.8 3 4.2 -5.2 3 3.9 -5.2 3 3.9 -4.8 3 0.188323 0.197087 0.170036
4.2 -5.2 3 4.2 -5.6 3 3.9 -5.6 3 3.9 -5.2 3 0.170857 0.178176 0.150724
4.2 -5.6 3 4.2 -6 3 3.9 -6 3 3.9 -5.6 3 0.157151 0.1626 0.134892
4.2 -6 3 4.2 -6.4 3 3.9 -6.4 3 3.9 -6 3 0.141478 0.145995 0.118717
4.2 -6.4 3 4.2 -6.8 3 3.9 -6.8 3 3.9 -6.4 3 0.137519 0.14193 0.114811
4.2 -6.8 3 4.2 -7.2 3 3.9 -7.2 3 3.9 -6.8 3 0.131551 0.135319 0.108981
4.2 -7.2 3 4.2 -7.6 3 3.9 -7.6 3 3.9 -7.2 3 0.121169 0.125037 0.0995309
4.2 -7.6 3 4.2 -8 3 3.9 -8 3 3.9 -7.6 3 0.115895 0.11905 0.0945973
3.9 -4 3 3.9 -4.4 3 3.6 -4.4 3 3.6 -4 3 0.243369 0.254231 0.230406
3.9 -4.4 3 3.9 -4.8 3 3.6 -4.8 3 3.6 -4.4 3 0.210077 0.22266 0.195231
3.9 -4.8 3 3.9 -5.2 3 3.6 -5.2 3 3.6 -4.8 3 0.193619 0.206014 0.177007
3.9 -5.2 3 3.9 -5.6 3 3.6 -5.6 3 3.6 -5.2 3 0.175727 0.186344 0.156934
3.9 -5.6 3 3.9 -6 3 3.6 -6 3 3.6 -5.6 3 0.160007 0.169255 0.139852
3.9 -6 3 3.9 -6.4 3 3.6 -6.4 3 3.6 -6 3 0.140108 0.147247 0.118343
3.9 -6.4 3 3.9 -6.8 3 3.6 -6.8 3 3.6 -6.4 3 0.135729 0.142561 0.114144
3.9 -6.8 3 3.9 -7.2 3 3.6 -7.2 3 3.6 -6.8 3 0.129548 0.136209 0.107965
3.9 -7.2 3 3.9 -7.6 3 3.6 -7.6 3 3.6 -7.2 3 0.119662 0.12574 0.0986189
3.9 -7.6 3 3.9 -8 3 3.6 -8 3 3.6 -7.6 3 0.113909 0.120176 0.093697
3.6 -4 3 3.6 -4.4 3 3.3 -4.4 3 3.3 -4 3 0.230288 0.24572 0.218677
3.6 -4.4 3 3.6 -4.8 3 3.3 -4.8 3 3.3 -4.4 3 0.201467 0.219492 0.188693
3.6 -4.8 3 3.6 -5.2 3 3.3 -5.2 3 3.3 -4.8 3 0.189626 0.206351 0.175183
3.6 -5.2 3 3.6 -5.6 3 3.3 -5.6 3 3.3 -5.2 3 0.18007 0.19512 0.163972
3.6 -5.6 3 3.6 -6 3 3.3 -6 3 3.3 -5.6 3 0.164181 0.177923 0.146262
3.6 -6 3 3.6 -6.4 3 3.3 -6.4 3 3.3 -6 3 0.141957 0.153117 0.122438
3.6 -6.4 3 3.6 -6.8 3 3.3 -6.8 3 3.3 -6.4 3 0.133729 0.143923 0.113611
3.6 -6.8 3 3.6 -7.2 3 3.3 -7.2 3 3.3 -6.8 3 0.128336 0.137723 0.108372
3.6 -7.2 3 3.6 -7.6 3 3.3 -7.6 3 3.3 -7.2 3 0.117887 0.127332 0.0986974
3.6 -7.6 3 3.6 -8 3 3.3 -8 3 3.3 -7.6 3 0.112578 0.121471 0.0937358
3.3 -4 3 3.3 -4.4 3 3 -4.4 3 3 -4 3 0.194843 0.216888 0.184111
3.3 -4.4 3 3.3 -4.8 3 3 -4.8 3 3 -4.4 3 0.197634 0.219616 0.186241
3.3 -4.8 3 3.3 -5.2 3 3 -5.2 3 3 -4.8 3 0.184694 0.204624 0.171001
3.3 -5.2 3 3.3 -5.6 3 3 -5.6 3 3 -5.2 3 0.176226 0.194641 0.161011
3.3 -5.6 3 3.3 -6 3 3 -6 3 3 -5.6 3 0.166809 0.184677 0.150897
3.3 -6 3 3.3 -6.4 3 3 -6.4 3 3 -6 3 0.143997 0.1585 0.126024
3.3 -6.4 3 3.3 -6.8 3 3 -6.8 3 3 -6.4 3 0.135294 0.148107 0.116431
3.3 -6.8 3 3.3 -7.2 3 3 -7.2 3 3 -6.8 3 0.12497 0.137533 0.106056
3.3 -7.2 3 3.3 -7.6 3 3 -7.6 3 3 -7.2 3 0.116142 0.127287 0.0972093
3.3 -7.6 3 3.3 -8 3 3 -8 3 3 -7.6 3 0.110442 0.120947 0.0920546
3 -0.1 3 3 -0.1 3.3 3.3 -0.1 3.3 3.3 -0.1 3 15.2752 15.2792 15.2701
3 -0.1 3.3 3 -0.1 3.6 3.3 -0.1 3.6 3.3 -0.1 3.3 15.291 15.2945 15.2848
3 -0.1 3.6 3 -0.1 3.9 3.3 -0.1 3.9 3.3 -0.1 3.6 15.409 15.4133 15.4024
3 -0.1 3.9 3 -0.1 4.2 3.3 -0.1 4.2 3.3 -0.1 3.9 15.4285 15.4324 15.4208
3 -0.1 4.2 3 -0.1 4.5 3.3 -0.1 4.5 3.3 -0.1 4.2 15.4327 15.4368 15.4246
3 -0.1 4.5 3 -0.1 4.8 3.3 -0.1 4.8 3.3 -0.1 4.5 15.4583 15.4621 15.449
3 -0.1 4.8 3 -0.1 5.1 3.3 -0.1 5.1 3.3 -0.1 4.8 15.4636 15.4678 15.454
3 -0.1 5.1 3 -0.1 5.4 3.3 -0.1 5.4 3.3 -0.1 5.1 15.4648 15.4681 15.4539
3 -0.1 5.4 3 -0.1 5.7 3.3 -0.1 5.7 3.3 -0.1 5.4 15.4659 15.4694 15.4546
3 -0.1 5.7 3 -0.1 6 3.3 -0.1 6 3.3 -0.1 5.7 15.4636 15.4663 15.4511
3.3 -0.1 3 3.3 -0.1 3.3 3.6 -0.1 3.3 3.6 -0.1 3 15.2846 15.2883 15.2788
3.3 -0.1 3.3 3.3 -0.1 3.6 3.6 -0.1 3.6 3.6 -0.1 3.3 15.3021 15.3063 15.2958
3.3 -0.1 3.6 3.3 -0.1 3.9 3.6 -0.1 3.9 3.6 -0.1 3.6 15.4222 15.4264 15.4147
3.3 -0.1 3.9 3.3 -0.1 4.2 3.6 -0.1 4.2 3.6 -0.1 3.9 15.4444 15.4492 15.4367
3.3 -0.1 4.2 3.3 -0.1 4.5 3.6 -0.1 4.5 3.6 -0.1 4.2 15.4487 15.4529 15.4398
3.3 -0.1 4.5 3.3 -0.1 4.8 3.6 -0.1 4.8 3.6 -0.1 4.5 15.4732 15.4779 15.4636
3.3 -0.1 4.8 3.3 -0.1 5.1 3.6 -0.1 5.1 3.6 -0.1 4.8 15.4779 15.4824 15.4674
3.3 -0.1 5.1 3.3 -0.1 5.4 3.6 -0.1 5.4 3.6 -0.1 5.1 15.4791 15.4835 15.468
3.3 -0.1 5.4 3.3 -0.1 5.7 3.6 -0.1 5.7 3.6 -0.1 5.4 15.48 15.4839 15.4677
3.3 -0.1 5.7 3.3 -0.1 6 3.6 -0.1 6 3.6 -0.1 5.7 15.477 15.481 15.4643
3.6 -0.1 3 3.6 -0.1 3.3 3.9 -0.1 3.3 3.9 -0.1 3 15.3912 15.3932 15.3856
3.6 -0.1 3.3 3.6 -0.1 3.6 3.9 -0.1 3.6 3.9 -0.1 3.3 15.4154 15.4174 15.4089
3.6 -0.1 3.6 3.6 -0.1 3.9 3.9 -0.1 3.9 3.9 -0.1 3.6 15.6149 15.6176 15.6082
3.6 -0.1 3.9 3.6 -0.1 4.2 3.9 -0.1 4.2 3.9 -0.1 3.9 15.6442 15.6463 15.6363
3.6 -0.1 4.2 3.6 -0.1 4.5 3.9 -0.1 4.5 3.9 -0.1 4.2 15.6465 15.6487 15.6381
3.6 -0.1 4.5 3.6 -0.1 4.8 3.9 -0.1 4.8 3.9 -0.1 4.5 15.6482 15.6504 15.639
3.6 -0.1 4.8 3.6 -0.1 5.1 3.9 -0.1 5.1 3.9 -0.1 4.8 15.6515 15.6535 15.6416
3.6 -0.1 5.1 3.6 -0.1 5.4 3.9 -0.1 5.4 3.9 -0.1 5.1 15.6524 15.6538 15.6414
3.6 -0.1 5.4 3.6 -0.1 5.7 3.9 -0.1 5.7 3.9 -0.1 5.4 15.6532 15.6549 15.6419
3.6 -0.1 5.7 3.6 -0.1 6 3.9 -0.1 6 3.9 -0.1 5.7 15.6497 15.6511 15.6379
3.9 -0.1 3 3.9 -0.1 3.3 4.2 -0.1 3.3 4.2 -0.1 3 15.3981 15.3998 15.3922
3.9 -0.1 3.3 3.9 -0.1 3.6 4.2 -0.1 3.6 4.2 -0.1 3.3 15.4236 15.4255 15.417
3.9 -0.1 3.6 3.9 -0.1 3.9 4.2 -0.1 3.9 4.2 -0.1 3.6 15.6264 15.6276 15.6187
3.9 -0.1 3.9 3.9 -0.1 4.2 4.2 -0.1 4.2 4.2 -0.1 3.9 15.6573 15.6593 15.6492
3.9 -0.1 4.2 3.9 -0.1 4.5 4.2 -0.1 4.5 4.2 -0.1 4.2 15.6595 15.6609 15.6504
3.9 -0.1 4.5 3.9 -0.1 4.8 4.2 -0.1 4.8 4.2 -0.1 4.5 15.661 15.6624 15.6512
3.9 -0.1 4.8 3.9 -0.1 5.1 4.2 -0.1 5.1 4.2 -0.1 4.8 15.6633 15.6645 15.6527
3.9 -0.1 5.1 3.9 -0.1 5.4 4.2 -0.1 5.4 4.2 -0.1 5.1 15.6642 15.6654 15.6531
3.9 -0.1 5.4 3.9 -0.1 5.7 4.2 -0.1 5.7 4.2 -0.1 5.4 15.6652 15.6662 15.6535
3.9 -0.1 5.7 3.9 -0.1 6 4.2 -0.1 6 4.2 -0.1 5.7 15.6612 15.6624 15.649
4.2 -0.1 3 4.2 -0.1 3.3 4.5 -0.1 3.3 4.5 -0.1 3 15.3996 15.3998 15.3932
4.2 -0.1 3.3 4.2 -0.1 3.6 4.5 -0.1 3.6 4.5 -0.1 3.3 15.425 15.4261 15.4183
4.2 -0.1 3.6 4.2 -0.1 3.9 4.5 -0.1 3.9 4.5 -0.1 3.6 15.6264 15.6273 15.619
4.2 -0.1 3.9 4.2 -0.1 4.2 4.5 -0.1 4.2 4.5 -0.1 3.9 15.6583 15.6582 15.6495
4.2 -0.1 4.2 4.2 -0.1 4.5 4.5 -0.1 4.5 4.5 -0.1 4.2 15.6595 15.6606 15.6505
4.2 -0.1 4.5 4.2 -0.1 4.8 4.5 -0.1 4.8 4.5 -0.1 4.5 15.6601 15.6606 15.65
4.2 -0.1 4.8 4.2 -0.1 5.1 4.5 -0.1 5.1 4.5 -0.1 4.8 15.6626 15.6625 15.6516
4.2 -0.1 5.1 4.2 -0.1 5.4 4.5 -0.1 5.4 4.5 -0.1 5.1 15.6629 15.6635 15.6517
4.2 -0.1 5.4 4.2 -0.1 5.7 4.5 -0.1 5.7 4.5 -0.1 5.4 15.6637 15.6641 15.6519
4.2 -0.1 5.7 4.2 -0.1 6 4.5 -0.1 6 4.5 -0.1 5.7 15.6598 15.6598 15.6473
4.5 -0.1 3 4.5 -0.1 3.3 4.8 -0.1 3.3 4.8 -0.1 3 15.3998 15.3996 15.3932
4.5 -0.1 3.3 4.5 -0.1 3.6 4.8 -0.1 3.6 4.8 -0.1 3.3 15.4261 15.425 15.4183
4.5 -0.1 3.6 4.5 -0.1 3.9 4.8 -0.1 3.9 4.8 -0.1 3.6 15.6273 15.6264 15.619
4.5 -0.1 3.9 4.5 -0.1 4.2 4.8 -0.1 4.2 4.8 -0.1 3.9 15.6582 15.6583 15.6495
4.5 -0.1 4.2 4.5 -0.1 4.5 4.8 -0.1 4.5 4.8 -0.1 4.2 15.6606 15.6595 15.6505
4.5 -0.1 4.5 4.5 -0.1 4.8 4.8 -0.1 4.8 4.8 -0.1 4.5 15.6606 15.6601 15.65
4.5 -0.1 4.8 4.5 -0.1 5.1 4.8 -0.1 5.1 4.8 -0.1 4.8 15.6625 15.6626 15.6516
4.5 -0.1 5.1 4.5 -0.1 5.4 4.8 -0.1 5.4 4.8 -0.1 5.1 15.6635 15.6629 15.6517
4.5 -0.1 5.4 4.5 -0.1 5.7 4.8 -0.1 5.7 4.8 -0.1 5.4 15.6641 15.6637 15.6519
4.5 -0.1 5.7 4.5 -0.1 6 4.8 -0.1 6 4.8 -0.1 5.7 15.6598 15.6598 15.6473
4.8 -0.1 3 4.8 -0.1 3.3 5.1 -0.1 3.3 5.1 -0.1 3 15.3998 15.3981 15.3922
4.8 -0.1 3.3 4.8 -0.1 3.6 5.1 -0.1 3.6 5.1 -0.1 3.3 15.4255 15.4236 15.417
4.8 -0.1 3.6 4.8 -0.1 3.9 5.1 -0.1 3.9 5.1 -0.1 3.6 15.6276 15.6264 15.6187
4.8 -0.1 3.9 4.8 -0.1 4.2 5.1 -0.1 4.2 5.1 -0.1 3.9 15.6593 15.6573 15.6493
4.8 -0.1 4.2 4.8 -0.1 4.5 5.1 -0.1 4.5 5.1 -0.1 4.2 15.6609 15.6595 15.6504
4.8 -0.1 4.5 4.8 -0.1 4.8 5.1 -0.1 4.8 5.1 -0.1 4.5 15.6624 15.661 15.6512
4.8 -0.1 4.8 4.8 -0.1 5.1 5.1 -0.1 5.1 5.1 -0.1 4.8 15.6645 15.6633 15.6527
4.8 -0.1 5.1 4.8 -0.1 5.4 5.1 -0.1 5.4 5.1 -0.1 5.1 15.6654 15.6642 15.6531
4.8 -0.1 5.4 4.8 -0.1 5.7 5.1 -0.1 5.7 5.1 -0.1 5.4 15.6662 15.6652 15.6535
4.8 -0.1 5.7 4.8 -0.1 6 5.1 -0.1 6 5.1 -0.1 5.7 15.6625 15.6612 15.649
5.1 -0.1 3 5.1 -0.1 3.3 5.4 -0.1 3.3 5.4 -0.1 3 15.3932 15.3912 15.3856
5.1 -0.1 3.3 5.1 -0.1 3.6 5.4 -0.1 3.6 5.4 -0.1 3.3 15.4174 15.4155 15.4089
5.1 -0.1 3.6 5.1 -0.1 3.9 5.4 -0.1 3.9 5.4 -0.1 3.6 15.6176 15.6149 15.6082
5.1 -0.1 3.9 5.1 -0.1 4.2 5.4 -0.1 4.2 5.4 -0.1 3.9 15.6463 15.6442 15.6364
5.1 -0.1 4.2 5.1 -0.1 4.5 5.4 -0.1 4.5 5.4 -0.1 4.2 15.6487 15.6465 15.6381
5.1 -0.1 4.5 5.1 -0.1 4.8 5.4 -0.1 4.8 5.4 -0.1 4.5 15.6505 15.6483 15.639
5.1 -0.1 4.8 5.1 -0.1 5.1 5.4 -0.1 5.1 5.4 -0.1 4.8 15.6535 15.6515 15.6416
5.1 -0.1 5.1 5.1 -0.1 5.4 5.4 -0.1 5.4 5.4 -0.1 5.1 15.6538 15.6524 15.6414
5.1 -0.1 5.4 5.1 -0.1 5.7 5.4 -0.1 5.7 5.4 -0.1 5.4 15.6549 15.6532 15.6419
5.1 -0.1 5.7 5.1 -0.1 6 5.4 -0.1 6 5.4 -0.1 5.7 15.6511 15.6497 15.6379
5.4 -0.1 3 5.4 -0.1 3.3 5.7 -0.1 3.3 5.7 -0.1 3 15.2883 15.2845 15.2787
5.4 -0.1 3.3 5.4 -0.1 3.6 5.7 -0.1 3.6 5.7 -0.1 3.3 15.3063 15.3021 15.2958
5.4 -0.1 3.6 5.4 -0.1 3.9 5.7 -0.1 3.9 5.7 -0.1 3.6 15.4265 15.4222 15.4147
5.4 -0.1 3.9 5.4 -0.1 4.2 5.7 -0.1 4.2 5.7 -0.1 3.9 15.4493 15.4444 15.4367
5.4 -0.1 4.2 5.4 -0.1 4.5 5.7 -0.1 4.5 5.7 -0.1 4.2 15.453 15.4487 15.4398
5.4 -0.1 4.5 5.4 -0.1 4.8 5.7 -0.1 4.8 5.7 -0.1 4.5 15.478 15.4732 15.4637
5.4 -0.1 4.8 5.4 -0.1 5.1 5.7 -0.1 5.1 5.7 -0.1 4.8 15.4824 15.4779 15.4674
5.4 -0.1 5.1 5.4 -0.1 5.4 5.7 -0.1 5.4 5.7 -0.1 5.1 15.4836 15.4791 15.468
5.4 -0.1 5.4 5.4 -0.1 5.7 5.7 -0.1 5.7 5.7 -0.1 5.4 15.484 15.48 15.4677
5.4 -0.1 5.7 5.4 -0.1 6 5.7 -0.1 6 5.7 -0.1 5.7 15.481 15.4771 15.4643
5.7 -0.1 3 5.7 -0.1 3.3 6 -0.1 3.3 6 -0.1 3 15.2792 15.2751 15.27
5.7 -0.1 3.3 5.7 -0.1 3.6 6 -0.1 3.6 6 -0.1 3.3 15.2945 15.2909 15.2847
5.7 -0.1 3.6 5.7 -0.1 3.9 6 -0.1 3.9 6 -0.1 3.6 15.4133 15.4089 15.4024
5.7 -0.1 3.9 5.7 -0.1 4.2 6 -0.1 4.2 6 -0.1 3.9 15.4324 15.4285 15.4208
5.7 -0.1 4.2 5.7 -0.1 4.5 6 -0.1 4.5 6 -0.1 4.2 15.4368 15.4327 15.4246
5.7 -0.1 4.5 5.7 -0.1 4.8 6 -0.1 4.8 6 -0.1 4.5 15.4622 15.4583 15.449
5.7 -0.1 4.8 5.7 -0.1 5.1 6 -0.1 5.1 6 -0.1 4.8 15.4679 15.4637 15.454
5.7 -0.1 5.1 5.7 -0.1 5.4 6 -0.1 5.4 6 -0.1 5.1 15.4682 15.4648 15.4539
5.7 -0.1 5.4 5.7 -0.1 5.7 6 -0.1 5.7 6 -0.1 5.4 15.4694 15.4659 15.4546
5.7 -0.1 5.7 5.7 -0.1 6 6 -0.1 6 6 -0.1 5.7 15.4663 15.4636 15.4511
