0 0 0 0 0 0.9 0.9 0 0.9 0.9 0 0 0 0 0
0 0 0.9 0 0 1.8 0.9 0 1.8 0.9 0 0.9 0 0 0
0 0 1.8 0 0 2.7 0.9 0 2.7 0.9 0 1.8 0 0 0
0 0 2.7 0 0 3.6 0.9 0 3.6 0.9 0 2.7 0 0 0
0 0 3.6 0 0 4.5 0.9 0 4.5 0.9 0 3.6 0 0 0
0 0 4.5 0 0 5.4 0.9 0 5.4 0.9 0 4.5 0 0 0
0 0 5.4 0 0 6.3 0.9 0 6.3 0.9 0 5.4 0 0 0
0 0 6.3 0 0 7.2 0.9 0 7.2 0.9 0 6.3 0 0 0
0 0 7.2 0 0 8.1 0.9 0 8.1 0.9 0 7.2 0 0 0
0 0 8.1 0 0 9 0.9 0 9 0.9 0 8.1 0 0 0
0.9 0 0 0.9 0 0.9 1.8 0 0.9 1.8 0 0 0 0 0
0.9 0 0.9 0.9 0 1.8 1.8 0 1.8 1.8 0 0.9 0 0 0
0.9 0 1.8 0.9 0 2.7 1.8 0 2.7 1.8 0 1.8 0 0 0
0.9 0 2.7 0.9 0 3.6 1.8 0 3.6 1.8 0 2.7 0.0031515 0.0031515 0.0031515
0.9 0 3.6 0.9 0 4.5 1.8 0 4.5 1.8 0 3.6 0.0386512 0.0386512 0.0386512
0.9 0 4.5 0.9 0 5.4 1.8 0 5.4 1.8 0 4.5 0.0896344 0.0896344 0.0896344
0.9 0 5.4 0.9 0 6.3 1.8 0 6.3 1.8 0 5.4 0.0896344 0.0896344 0.0896344
0.9 0 6.3 0.9 0 7.2 1.8 0 7.2 1.8 0 6.3 0.061944 0.061944 0.061944
0.9 0 7.2 0.9 0 8.1 1.8 0 8.1 1.8 0 7.2 0.0183987 0.0183987 0.0183987
0.9 0 8.1 0.9 0 9 1.8 0 9 1.8 0 8.1 0 0 0
1.8 0 0 1.8 0 0.9 2.7 0 0.9 2.7 0 0 0 0 0
1.8 0 0.9 1.8 0 1.8 2.7 0 1.8 2.7 0 0.9 0 0 0
1.8 0 1.8 1.8 0 2.7 2.7 0 2.7 2.7 0 1.8 0 0 0
1.8 0 2.7 1.8 0 3.6 2.7 0 3.6 2.7 0 2.7 0.0031515 0.0031515 0.0031515
1.8 0 3.6 1.8 0 4.5 2.7 0 4.5 2.7 0 3.6 0.0386512 0.0386512 0.0386512
1.8 0 4.5 1.8 0 5.4 2.7 0 5.4 2.7 0 4.5 0.0896343 0.0896343 0.0896343
1.8 0 5.4 1.8 0 6.3 2.7 0 6.3 2.7 0 5.4 0.0896344 0.0896344 0.0896344
1.8 0 6.3 1.8 0 7.2 2.7 0 7.2 2.7 0 6.3 0.0619441 0.0619441 0.0619441
1.8 0 7.2 1.8 0 8.1 2.7 0 8.1 2.7 0 7.2 0.0183988 0.0183988 0.0183988
1.8 0 8.1 1.8 0 9 2.7 0 9 2.7 0 8.1 0 0 0
2.7 0 0 2.7 0 0.9 3.6 0 0.9 3.6 0 0 0 0 0
2.7 0 0.9 2.7 0 1.8 3.6 0 1.8 3.6 0 0.9 0 0 0
2.7 0 1.8 2.7 0 2.7 3.6 0 2.7 3.6 0 1.8 0 0 0
2.7 0 2.7 2.7 0 3.6 3.6 0 3.6 3.6 0 2.7 0.440355 0.440355 0.440355
2.7 0 3.6 2.7 0 4.5 3.6 0 4.5 3.6 0 3.6 0.691656 0.691656 0.691656
2.7 0 4.5 2.7 0 5.4 3.6 0 5.4 3.6 0 4.5 0.742639 0.742639 0.742639
2.7 0 5.4 2.7 0 6.3 3.6 0 6.3 3.6 0 5.4 0.742639 0.742639 0.742639
2.7 0 6.3 2.7 0 7.2 3.6 0 7.2 3.6 0 6.3 0.0619441 0.0619441 0.0619441
2.7 0 7.2 2.7 0 8.1 3.6 0 8.1 3.6 0 7.2 0.0183988 0.0183988 0.0183988
2.7 0 8.1 2.7 0 9 3.6 0 9 3.6 0 8.1 0 0 0
3.6 0 0 3.6 0 0.9 4.5 0 0.9 4.5 0 0 0 0 0
3.6 0 0.9 3.6 0 1.8 4.5 0 1.8 4.5 0 0.9 0 0 0
3.6 0 1.8 3.6 0 2.7 4.5 0 2.7 4.5 0 1.8 0 0 0
3.6 0 2.7 3.6 0 3.6 4.5 0 3.6 4.5 0 2.7 0.644918 0.644918 0.644918
3.6 0 3.6 3.6 0 4.5 4.5 0 4.5 4.5 0 3.6 1.07652 1.07652 1.07652
3.6 0 4.5 3.6 0 5.4 4.5 0 5.4 4.5 0 4.5 1.07652 1.07652 1.07652
3.6 0 5.4 3.6 0 6.3 4.5 0 6.3 4.5 0 5.4 1.07652 1.07652 1.07652
3.6 0 6.3 3.6 0 7.2 4.5 0 7.2 4.5 0 6.3 0 0 0
3.6 0 7.2 3.6 0 8.1 4.5 0 8.1 4.5 0 7.2 0 0 0
3.6 0 8.1 3.6 0 9 4.5 0 9 4.5 0 8.1 0 0 0
4.5 0 0 4.5 0 0.9 5.4 0 0.9 5.4 0 0 0 0 0
4.5 0 0.9 4.5 0 1.8 5.4 0 1.8 5.4 0 0.9 0 0 0
4.5 0 1.8 4.5 0 2.7 5.4 0 2.7 5.4 0 1.8 0 0 0
4.5 0 2.7 4.5 0 3.6 5.4 0 3.6 5.4 0 2.7 0.644918 0.644918 0.644918
4.5 0 3.6 4.5 0 4.5 5.4 0 4.5 5.4 0 3.6 1.07652 1.07652 1.07652
4.5 0 4.5 4.5 0 5.4 5.4 0 5.4 5.4 0 4.5 1.07652 1.07652 1.07652
4.5 0 5.4 4.5 0 6.3 5.4 0 6.3 5.4 0 5.4 1.07652 1.07652 1.07652
4.5 0 6.3 4.5 0 7.2 5.4 0 7.2 5.4 0 6.3 0 0 0
4.5 0 7.2 4.5 0 8.1 5.4 0 8.1 5.4 0 7.2 0 0 0
4.5 0 8.1 4.5 0 9 5.4 0 9 5.4 0 8.1 0 0 0
5.4 0 0 5.4 0 0.9 6.3 0 0.9 6.3 0 0 0 0 0
5.4 0 0.9 5.4 0 1.8 6.3 0 1.8 6.3 0 0.9 0 0 0
5.4 0 1.8 5.4 0 2.7 6.3 0 2.7 6.3 0 1.8 0 0 0
5.4 0 2.7 5.4 0 3.6 6.3 0 3.6 6.3 0 2.7 0.440355 0.440355 0.440355
5.4 0 3.6 5.4 0 4.5 6.3 0 4.5 6.3 0 3.6 0.691656 0.691656 0.691656
5.4 0 4.5 5.4 0 5.4 6.3 0 5.4 6.3 0 4.5 0.742639 0.742639 0.742639
5.4 0 5.4 5.4 0 6.3 6.3 0 6.3 6.3 0 5.4 0.742639 0.742639 0.742639
5.4 0 6.3 5.4 0 7.2 6.3 0 7.2 6.3 0 6.3 0.0619441 0.0619441 0.0619441
5.4 0 7.2 5.4 0 8.1 6.3 0 8.1 6.3 0 7.2 0.0183988 0.0183988 0.0183988
5.4 0 8.1 5.4 0 9 6.3 0 9 6.3 0 8.1 0 0 0
6.3 0 0 6.3 0 0.9 7.2 0 0.9 7.2 0 0 0 0 0
6.3 0 0.9 6.3 0 1.8 7.2 0 1.8 7.2 0 0.9 0 0 0
6.3 0 1.8 6.3 0 2.7 7.2 0 2.7 7.2 0 1.8 0 0 0
6.3 0 2.7 6.3 0 3.6 7.2 0 3.6 7.2 0 2.7 0.0031515 0.0031515 0.0031515
6.3 0 3.6 6.3 0 4.5 7.2 0 4.5 7.2 0 3.6 0.0386512 0.0386512 0.0386512
6.3 0 4.5 6.3 0 5.4 7.2 0 5.4 7.2 0 4.5 0.0896344 0.0896344 0.0896344
6.3 0 5.4 6.3 0 6.3 7.2 0 6.3 7.2 0 5.4 0.0896344 0.0896344 0.0896344
6.3 0 6.3 6.3 0 7.2 7.2 0 7.2 7.2 0 6.3 0.0619441 0.0619441 0.0619441
6.3 0 7.2 6.3 0 8.1 7.2 0 8.1 7.2 0 7.2 0.0183988 0.0183988 0.0183988
6.3 0 8.1 6.3 0 9 7.2 0 9 7.2 0 8.1 0 0 0
7.2 0 0 7.2 0 0.9 8.1 0 0.9 8.1 0 0 0 0 0
7.2 0 0.9 7.2 0 1.8 8.1 0 1.8 8.1 0 0.9 0 0 0
7.2 0 1.8 7.2 0 2.7 8.1 0 2.7 8.1 0 1.8 0 0 0
7.2 0 2.7 7.2 0 3.6 8.1 0 3.6 8.1 0 2.7 0.0031515 0.0031515 0.0031515
7.2 0 3.6 7.2 0 4.5 8.1 0 4.5 8.1 0 3.6 0.0386512 0.0386512 0.0386512
7.2 0 4.5 7.2 0 5.4 8.1 0 5.4 8.1 0 4.5 0.0896343 0.0896343 0.0896343
7.2 0 5.4 7.2 0 6.3 8.1 0 6.3 8.1 0 5.4 0.0896344 0.0896344 0.0896344
7.2 0 6.3 7.2 0 7.2 8.1 0 7.2 8.1 0 6.3 0.0619441 0.0619441 0.0619441
7.2 0 7.2 7.2 0 8.1 8.1 0 8.1 8.1 0 7.2 0.0183988 0.0183988 0.0183988
7.2 0 8.1 7.2 0 9 8.1 0 9 8.1 0 8.1 0 0 0
8.1 0 0 8.1 0 0.9 9 0 0.9 9 0 0 0 0 0
8.1 0 0.9 8.1 0 1.8 9 0 1.8 9 0 0.9 0 0 0
8.1 0 1.8 8.1 0 2.7 9 0 2.7 9 0 1.8 0 0 0
8.1 0 2.7 8.1 0 3.6 9 0 3.6 9 0 2.7 0 0 0
8.1 0 3.6 8.1 0 4.5 9 0 4.5 9 0 3.6 0 0 0
8.1 0 4.5 8.1 0 5.4 9 0 5.4 9 0 4.5 0 0 0
8.1 0 5.4 8.1 0 6.3 9 0 6.3 9 0 5.4 0 0 0
8.1 0 6.3 8.1 0 7.2 9 0 7.2 9 0 6.3 0 0 0
8.1 0 7.2 8.1 0 8.1 9 0 8.1 9 0 7.2 0 0 0
8.1 0 8.1 8.1 0 9 9 0 9 9 0 8.1 0 0 0
0 0 9 0 -0.9 9 0 -0.9 8.1 0 0 8.1 0 0 0
0 -0.9 9 0 -1.8 9 0 -1.8 8.1 0 -0.9 8.1 0 0.110393 0
0 -1.8 9 0 -2.7 9 0 -2.7 8.1 0 -1.8 8.1 0 0.120097 0
0 -2.7 9 0 -3.6 9 0 -3.6 8.1 0 -2.7 8.1 0 0.215393 0
0 -3.6 9 0 -4.5 9 0 -4.5 8.1 0 -3.6 8.1 0 0.182319 0
0 -4.5 9 0 -5.4 9 0 -5.4 8.1 0 -4.5 8.1 0 0.196575 0
0 -5.4 9 0 -6.3 9 0 -6.3 8.1 0 -5.4 8.1 0 0.179 0
0 -6.3 9 0 -7.2 9 0 -7.2 8.1 0 -6.3 8.1 0 0.10991 0
0 -7.2 9 0 -8.1 9 0 -8.1 8.1 0 -7.2 8.1 0 0.124584 0
0 -8.1 9 0 -9 9 0 -9 8.1 0 -8.1 8.1 0 0.0936573 0
0 0 8.1 0 -0.9 8.1 0 -0.9 7.2 0 0 7.2 0 0 0
0 -0.9 8.1 0 -1.8 8.1 0 -1.8 7.2 0 -0.9 7.2 0 0.160303 0
0 -1.8 8.1 0 -2.7 8.1 0 -2.7 7.2 0 -1.8 7.2 0 0.200564 0
0 -2.7 8.1 0 -3.6 8.1 0 -3.6 7.2 0 -2.7 7.2 0 0.245517 0
0 -3.6 8.1 0 -4.5 8.1 0 -4.5 7.2 0 -3.6 7.2 0 0.228108 0
0 -4.5 8.1 0 -5.4 8.1 0 -5.4 7.2 0 -4.5 7.2 0 0.2531 0
0 -5.4 8.1 0 -6.3 8.1 0 -6.3 7.2 0 -5.4 7.2 0 0.178655 0
0 -6.3 8.1 0 -7.2 8.1 0 -7.2 7.2 0 -6.3 7.2 0 0.162752 0
0 -7.2 8.1 0 -8.1 8.1 0 -8.1 7.2 0 -7.2 7.2 0 0.139075 0
0 -8.1 8.1 0 -9 8.1 0 -9 7.2 0 -8.1 7.2 0 0.104967 0
0 0 7.2 0 -0.9 7.2 0 -0.9 6.3 0 0 6.3 0 0 0
0 -0.9 7.2 0 -1.8 7.2 0 -1.8 6.3 0 -0.9 6.3 0 0.263836 0
0 -1.8 7.2 0 -2.7 7.2 0 -2.7 6.3 0 -1.8 6.3 0 0.268679 0
0 -2.7 7.2 0 -3.6 7.2 0 -3.6 6.3 0 -2.7 6.3 0 0.340983 0
0 -3.6 7.2 0 -4.5 7.2 0 -4.5 6.3 0 -3.6 6.3 0 0.251688 0
0 -4.5 7.2 0 -5.4 7.2 0 -5.4 6.3 0 -4.5 6.3 0 0.275757 0
0 -5.4 7.2 0 -6.3 7.2 0 -6.3 6.3 0 -5.4 6.3 0 0.248061 0
0 -6.3 7.2 0 -7.2 7.2 0 -7.2 6.3 0 -6.3 6.3 0 0.178192 0
0 -7.2 7.2 0 -8.1 7.2 0 -8.1 6.3 0 -7.2 6.3 0 0.152116 0
0 -8.1 7.2 0 -9 7.2 0 -9 6.3 0 -8.1 6.3 0 0.0902609 0
0 0 6.3 0 -0.9 6.3 0 -0.9 5.4 0 0 5.4 0 0 0
0 -0.9 6.3 0 -1.8 6.3 0 -1.8 5.4 0 -0.9 5.4 0 0.290883 0
0 -1.8 6.3 0 -2.7 6.3 0 -2.7 5.4 0 -1.8 5.4 0 0.323811 0
0 -2.7 6.3 0 -3.6 6.3 0 -3.6 5.4 0 -2.7 5.4 0 0.374159 0
0 -3.6 6.3 0 -4.5 6.3 0 -4.5 5.4 0 -3.6 5.4 0 0.279354 0
0 -4.5 6.3 0 -5.4 6.3 0 -5.4 5.4 0 -4.5 5.4 0 0.306087 0
0 -5.4 6.3 0 -6.3 6.3 0 -6.3 5.4 0 -5.4 5.4 0 0.231746 0
0 -6.3 6.3 0 -7.2 6.3 0 -7.2 5.4 0 -6.3 5.4 0 0.15842 0
0 -7.2 6.3 0 -8.1 6.3 0 -8.1 5.4 0 -7.2 5.4 0 0.162555 0
0 -8.1 6.3 0 -9 6.3 0 -9 5.4 0 -8.1 5.4 0 0.095604 0
0 0 5.4 0 -0.9 5.4 0 -0.9 4.5 0 0 4.5 0 0 0
0 -0.9 5.4 0 -1.8 5.4 0 -1.8 4.5 0 -0.9 4.5 0 0.340887 0
0 -1.8 5.4 0 -2.7 5.4 0 -2.7 4.5 0 -1.8 4.5 0 0.388625 0
0 -2.7 5.4 0 -3.6 5.4 0 -3.6 4.5 0 -2.7 4.5 0 0.445809 0
0 -3.6 5.4 0 -4.5 5.4 0 -4.5 4.5 0 -3.6 4.5 0 0.340754 0
0 -4.5 5.4 0 -5.4 5.4 0 -5.4 4.5 0 -4.5 4.5 0 0.331633 0
0 -5.4 5.4 0 -6.3 5.4 0 -6.3 4.5 0 -5.4 4.5 0 0.248567 0
0 -6.3 5.4 0 -7.2 5.4 0 -7.2 4.5 0 -6.3 4.5 0 0.205601 0
0 -7.2 5.4 0 -8.1 5.4 0 -8.1 4.5 0 -7.2 4.5 0 0.169326 0
0 -8.1 5.4 0 -9 5.4 0 -9 4.5 0 -8.1 4.5 0 0.0984521 0
0 0 4.5 0 -0.9 4.5 0 -0.9 3.6 0 0 3.6 0 0 0
0 -0.9 4.5 0 -1.8 4.5 0 -1.8 3.6 0 -0.9 3.6 0 0.340887 0
0 -1.8 4.5 0 -2.7 4.5 0 -2.7 3.6 0 -1.8 3.6 0 0.388625 0
0 -2.7 4.5 0 -3.6 4.5 0 -3.6 3.6 0 -2.7 3.6 0 0.445809 0
0 -3.6 4.5 0 -4.5 4.5 0 -4.5 3.6 0 -3.6 3.6 0 0.340754 0
0 -4.5 4.5 0 -5.4 4.5 0 -5.4 3.6 0 -4.5 3.6 0 0.331633 0
0 -5.4 4.5 0 -6.3 4.5 0 -6.3 3.6 0 -5.4 3.6 0 0.248567 0
0 -6.3 4.5 0 -7.2 4.5 0 -7.2 3.6 0 -6.3 3.6 0 0.205601 0
0 -7.2 4.5 0 -8.1 4.5 0 -8.1 3.6 0 -7.2 3.6 0 0.169326 0
0 -8.1 4.5 0 -9 4.5 0 -9 3.6 0 -8.1 3.6 0 0.0984521 0
0 0 3.6 0 -0.9 3.6 0 -0.9 2.7 0 0 2.7 0 0 0
0 -0.9 3.6 0 -1.8 3.6 0 -1.8 2.7 0 -0.9 2.7 0 0.290883 0
0 -1.8 3.6 0 -2.7 3.6 0 -2.7 2.7 0 -1.8 2.7 0 0.323811 0
0 -2.7 3.6 0 -3.6 3.6 0 -3.6 2.7 0 -2.7 2.7 0 0.374159 0
0 -3.6 3.6 0 -4.5 3.6 0 -4.5 2.7 0 -3.6 2.7 0 0.279353 0
0 -4.5 3.6 0 -5.4 3.6 0 -5.4 2.7 0 -4.5 2.7 0 0.306087 0
0 -5.4 3.6 0 -6.3 3.6 0 -6.3 2.7 0 -5.4 2.7 0 0.231746 0
0 -6.3 3.6 0 -7.2 3.6 0 -7.2 2.7 0 -6.3 2.7 0 0.15842 0
0 -7.2 3.6 0 -8.1 3.6 0 -8.1 2.7 0 -7.2 2.7 0 0.162555 0
0 -8.1 3.6 0 -9 3.6 0 -9 2.7 0 -8.1 2.7 0 0.095604 0
0 0 2.7 0 -0.9 2.7 0 -0.9 1.8 0 0 1.8 0 0 0
0 -0.9 2.7 0 -1.8 2.7 0 -1.8 1.8 0 -0.9 1.8 0 0.236798 0
0 -1.8 2.7 0 -2.7 2.7 0 -2.7 1.8 0 -1.8 1.8 0 0.268679 0
0 -2.7 2.7 0 -3.6 2.7 0 -3.6 1.8 0 -2.7 1.8 0 0.340983 0
0 -3.6 2.7 0 -4.5 2.7 0 -4.5 1.8 0 -3.6 1.8 0 0.251688 0
0 -4.5 2.7 0 -5.4 2.7 0 -5.4 1.8 0 -4.5 1.8 0 0.275757 0
0 -5.4 2.7 0 -6.3 2.7 0 -6.3 1.8 0 -5.4 1.8 0 0.248061 0
0 -6.3 2.7 0 -7.2 2.7 0 -7.2 1.8 0 -6.3 1.8 0 0.178192 0
0 -7.2 2.7 0 -8.1 2.7 0 -8.1 1.8 0 -7.2 1.8 0 0.152116 0
0 -8.1 2.7 0 -9 2.7 0 -9 1.8 0 -8.1 1.8 0 0.090261 0
0 0 1.8 0 -0.9 1.8 0 -0.9 0.899999 0 0 0.899999 0 0 0
0 -0.9 1.8 0 -1.8 1.8 0 -1.8 0.899999 0 -0.9 0.899999 0 0.160303 0
0 -1.8 1.8 0 -2.7 1.8 0 -2.7 0.899999 0 -1.8 0.899999 0 0.200564 0
0 -2.7 1.8 0 -3.6 1.8 0 -3.6 0.899999 0 -2.7 0.899999 0 0.245517 0
0 -3.6 1.8 0 -4.5 1.8 0 -4.5 0.899999 0 -3.6 0.899999 0 0.228108 0
0 -4.5 1.8 0 -5.4 1.8 0 -5.4 0.899999 0 -4.5 0.899999 0 0.253099 0
0 -5.4 1.8 0 -6.3 1.8 0 -6.3 0.899999 0 -5.4 0.899999 0 0.178655 0
0 -6.3 1.8 0 -7.2 1.8 0 -7.2 0.899999 0 -6.3 0.899999 0 0.162752 0
0 -7.2 1.8 0 -8.1 1.8 0 -8.1 0.899999 0 -7.2 0.899999 0 0.139074 0
0 -8.1 1.8 0 -9 1.8 0 -9 0.899999 0 -8.1 0.899999 0 0.104966 0
0 0 0.899999 0 -0.9 0.899999 0 -0.9 0 0 0 0 0 0 0
0 -0.9 0.899999 0 -1.8 0.899999 0 -1.8 0 0 -0.9 0 0 0.110393 0
0 -1.8 0.899999 0 -2.7 0.899999 0 -2.7 0 0 -1.8 0 0 0.120097 0
0 -2.7 0.899999 0 -3.6 0.899999 0 -3.6 0 0 -2.7 0 0 0.215393 0
0 -3.6 0.899999 0 -4.5 0.899999 0 -4.5 0 0 -3.6 0 0 0.18232 0
0 -4.5 0.899999 0 -5.4 0.899999 0 -5.4 0 0 -4.5 0 0 0.196575 0
0 -5.4 0.899999 0 -6.3 0.899999 0 -6.3 0 0 -5.4 0 0 0.179001 0
0 -6.3 0.899999 0 -7.2 0.899999 0 -7.2 0 0 -6.3 0 0 0.10991 0
0 -7.2 0.899999 0 -8.1 0.899999 0 -8.1 0 0 -7.2 0 0 0.124585 0
0 -8.1 0.899999 0 -9 0.899999 0 -9 0 0 -8.1 0 0 0.0936576 0
9 0 0 9 -0.9 0 9 -0.9 0.9 9 0 0.9 0 0 0
9 -0.9 0 9 -1.8 0 9 -1.8 0.9 9 -0.9 0.9 0.110393 0 0
9 -1.8 0 9 -2.7 0 9 -2.7 0.9 9 -1.8 0.9 0.120097 0 0
9 -2.7 0 9 -3.6 0 9 -3.6 0.9 9 -2.7 0.9 0.215393 0 0
9 -3.6 0 9 -4.5 0 9 -4.5 0.9 9 -3.6 0.9 0.182319 0 0
9 -4.5 0 9 -5.4 0 9 -5.4 0.9 9 -4.5 0.9 0.196575 0 0
9 -5.4 0 9 -6.3 0 9 -6.3 0.9 9 -5.4 0.9 0.179 0 0
9 -6.3 0 9 -7.2 0 9 -7.2 0.9 9 -6.3 0.9 0.10991 0 0
9 -7.2 0 9 -8.1 0 9 -8.1 0.9 9 -7.2 0.9 0.124584 0 0
9 -8.1 0 9 -9 0 9 -9 0.9 9 -8.1 0.9 0.0936572 0 0
9 0 0.9 9 -0.9 0.9 9 -0.9 1.8 9 0 1.8 0 0 0
9 -0.9 0.9 9 -1.8 0.9 9 -1.8 1.8 9 -0.9 1.8 0.160303 0 0
9 -1.8 0.9 9 -2.7 0.9 9 -2.7 1.8 9 -1.8 1.8 0.200564 0 0
9 -2.7 0.9 9 -3.6 0.9 9 -3.6 1.8 9 -2.7 1.8 0.245517 0 0
9 -3.6 0.9 9 -4.5 0.9 9 -4.5 1.8 9 -3.6 1.8 0.228108 0 0
9 -4.5 0.9 9 -5.4 0.9 9 -5.4 1.8 9 -4.5 1.8 0.2531 0 0
9 -5.4 0.9 9 -6.3 0.9 9 -6.3 1.8 9 -5.4 1.8 0.178655 0 0
9 -6.3 0.9 9 -7.2 0.9 9 -7.2 1.8 9 -6.3 1.8 0.162752 0 0
9 -7.2 0.9 9 -8.1 0.9 9 -8.1 1.8 9 -7.2 1.8 0.139075 0 0
9 -8.1 0.9 9 -9 0.9 9 -9 1.8 9 -8.1 1.8 0.104967 0 0
9 0 1.8 9 -0.9 1.8 9 -0.9 2.7 9 0 2.7 0 0 0
9 -0.9 1.8 9 -1.8 1.8 9 -1.8 2.7 9 -0.9 2.7 0.251783 0 0
9 -1.8 1.8 9 -2.7 1.8 9 -2.7 2.7 9 -1.8 2.7 0.268679 0 0
9 -2.7 1.8 9 -3.6 1.8 9 -3.6 2.7 9 -2.7 2.7 0.340983 0 0
9 -3.6 1.8 9 -4.5 1.8 9 -4.5 2.7 9 -3.6 2.7 0.251689 0 0
9 -4.5 1.8 9 -5.4 1.8 9 -5.4 2.7 9 -4.5 2.7 0.275757 0 0
9 -5.4 1.8 9 -6.3 1.8 9 -6.3 2.7 9 -5.4 2.7 0.248061 0 0
9 -6.3 1.8 9 -7.2 1.8 9 -7.2 2.7 9 -6.3 2.7 0.178192 0 0
9 -7.2 1.8 9 -8.1 1.8 9 -8.1 2.7 9 -7.2 2.7 0.152117 0 0
9 -8.1 1.8 9 -9 1.8 9 -9 2.7 9 -8.1 2.7 0.090261 0 0
9 0 2.7 9 -0.9 2.7 9 -0.9 3.6 9 0 3.6 0 0 0
9 -0.9 2.7 9 -1.8 2.7 9 -1.8 3.6 9 -0.9 3.6 0.290884 0 0
9 -1.8 2.7 9 -2.7 2.7 9 -2.7 3.6 9 -1.8 3.6 0.323811 0 0
9 -2.7 2.7 9 -3.6 2.7 9 -3.6 3.6 9 -2.7 3.6 0.374159 0 0
9 -3.6 2.7 9 -4.5 2.7 9 -4.5 3.6 9 -3.6 3.6 0.279354 0 0
9 -4.5 2.7 9 -5.4 2.7 9 -5.4 3.6 9 -4.5 3.6 0.306087 0 0
9 -5.4 2.7 9 -6.3 2.7 9 -6.3 3.6 9 -5.4 3.6 0.231746 0 0
9 -6.3 2.7 9 -7.2 2.7 9 -7.2 3.6 9 -6.3 3.6 0.15842 0 0
9 -7.2 2.7 9 -8.1 2.7 9 -8.1 3.6 9 -7.2 3.6 0.162555 0 0
9 -8.1 2.7 9 -9 2.7 9 -9 3.6 9 -8.1 3.6 0.0956041 0 0
9 0 3.6 9 -0.9 3.6 9 -0.9 4.5 9 0 4.5 0 0 0
9 -0.9 3.6 9 -1.8 3.6 9 -1.8 4.5 9 -0.9 4.5 0.340888 0 0
9 -1.8 3.6 9 -2.7 3.6 9 -2.7 4.5 9 -1.8 4.5 0.388625 0 0
9 -2.7 3.6 9 -3.6 3.6 9 -3.6 4.5 9 -2.7 4.5 0.445809 0 0
9 -3.6 3.6 9 -4.5 3.6 9 -4.5 4.5 9 -3.6 4.5 0.340754 0 0
9 -4.5 3.6 9 -5.4 3.6 9 -5.4 4.5 9 -4.5 4.5 0.331633 0 0
9 -5.4 3.6 9 -6.3 3.6 9 -6.3 4.5 9 -5.4 4.5 0.248567 0 0
9 -6.3 3.6 9 -7.2 3.6 9 -7.2 4.5 9 -6.3 4.5 0.205601 0 0
9 -7.2 3.6 9 -8.1 3.6 9 -8.1 4.5 9 -7.2 4.5 0.169326 0 0
9 -8.1 3.6 9 -9 3.6 9 -9 4.5 9 -8.1 4.5 0.0984522 0 0
9 0 4.5 9 -0.9 4.5 9 -0.9 5.4 9 0 5.4 0 0 0
9 -0.9 4.5 9 -1.8 4.5 9 -1.8 5.4 9 -0.9 5.4 0.340888 0 0
9 -1.8 4.5 9 -2.7 4.5 9 -2.7 5.4 9 -1.8 5.4 0.388625 0 0
9 -2.7 4.5 9 -3.6 4.5 9 -3.6 5.4 9 -2.7 5.4 0.445809 0 0
9 -3.6 4.5 9 -4.5 4.5 9 -4.5 5.4 9 -3.6 5.4 0.340754 0 0
9 -4.5 4.5 9 -5.4 4.5 9 -5.4 5.4 9 -4.5 5.4 0.331633 0 0
9 -5.4 4.5 9 -6.3 4.5 9 -6.3 5.4 9 -5.4 5.4 0.248568 0 0
9 -6.3 4.5 9 -7.2 4.5 9 -7.2 5.4 9 -6.3 5.4 0.205601 0 0
9 -7.2 4.5 9 -8.1 4.5 9 -8.1 5.4 9 -7.2 5.4 0.169326 0 0
9 -8.1 4.5 9 -9 4.5 9 -9 5.4 9 -8.1 5.4 0.0984522 0 0
9 0 5.4 9 -0.9 5.4 9 -0.9 6.3 9 0 6.3 0 0 0
9 -0.9 5.4 9 -1.8 5.4 9 -1.8 6.3 9 -0.9 6.3 0.290884 0 0
9 -1.8 5.4 9 -2.7 5.4 9 -2.7 6.3 9 -1.8 6.3 0.323811 0 0
9 -2.7 5.4 9 -3.6 5.4 9 -3.6 6.3 9 -2.7 6.3 0.374159 0 0
9 -3.6 5.4 9 -4.5 5.4 9 -4.5 6.3 9 -3.6 6.3 0.279354 0 0
9 -4.5 5.4 9 -5.4 5.4 9 -5.4 6.3 9 -4.5 6.3 0.306088 0 0
9 -5.4 5.4 9 -6.3 5.4 9 -6.3 6.3 9 -5.4 6.3 0.231746 0 0
9 -6.3 5.4 9 -7.2 5.4 9 -7.2 6.3 9 -6.3 6.3 0.15842 0 0
9 -7.2 5.4 9 -8.1 5.4 9 -8.1 6.3 9 -7.2 6.3 0.162555 0 0
9 -8.1 5.4 9 -9 5.4 9 -9 6.3 9 -8.1 6.3 0.0956042 0 0
9 0 6.3 9 -0.9 6.3 9 -0.9 7.2 9 0 7.2 0 0 0
9 -0.9 6.3 9 -1.8 6.3 9 -1.8 7.2 9 -0.9 7.2 0.251783 0 0
9 -1.8 6.3 9 -2.7 6.3 9 -2.7 7.2 9 -1.8 7.2 0.268679 0 0
9 -2.7 6.3 9 -3.6 6.3 9 -3.6 7.2 9 -2.7 7.2 0.340983 0 0
9 -3.6 6.3 9 -4.5 6.3 9 -4.5 7.2 9 -3.6 7.2 0.251689 0 0
9 -4.5 6.3 9 -5.4 6.3 9 -5.4 7.2 9 -4.5 7.2 0.275757 0 0
9 -5.4 6.3 9 -6.3 6.3 9 -6.3 7.2 9 -5.4 7.2 0.248061 0 0
9 -6.3 6.3 9 -7.2 6.3 9 -7.2 7.2 9 -6.3 7.2 0.178193 0 0
9 -7.2 6.3 9 -8.1 6.3 9 -8.1 7.2 9 -7.2 7.2 0.152117 0 0
9 -8.1 6.3 9 -9 6.3 9 -9 7.2 9 -8.1 7.2 0.090261 0 0
9 0 7.2 9 -0.9 7.2 9 -0.9 8.1 9 0 8.1 0 0 0
9 -0.9 7.2 9 -1.8 7.2 9 -1.8 8.1 9 -0.9 8.1 0.160303 0 0
9 -1.8 7.2 9 -2.7 7.2 9 -2.7 8.1 9 -1.8 8.1 0.200564 0 0
9 -2.7 7.2 9 -3.6 7.2 9 -3.6 8.1 9 -2.7 8.1 0.245517 0 0
9 -3.6 7.2 9 -4.5 7.2 9 -4.5 8.1 9 -3.6 8.1 0.228108 0 0
9 -4.5 7.2 9 -5.4 7.2 9 -5.4 8.1 9 -4.5 8.1 0.2531 0 0
9 -5.4 7.2 9 -6.3 7.2 9 -6.3 8.1 9 -5.4 8.1 0.178655 0 0
9 -6.3 7.2 9 -7.2 7.2 9 -7.2 8.1 9 -6.3 8.1 0.162752 0 0
9 -7.2 7.2 9 -8.1 7.2 9 -8.1 8.1 9 -7.2 8.1 0.139075 0 0
9 -8.1 7.2 9 -9 7.2 9 -9 8.1 9 -8.1 8.1 0.104967 0 0
9 0 8.1 9 -0.9 8.1 9 -0.9 9 9 0 9 0 0 0
9 -0.9 8.1 9 -1.8 8.1 9 -1.8 9 9 -0.9 9 0.110394 0 0
9 -1.8 8.1 9 -2.7 8.1 9 -2.7 9 9 -1.8 9 0.120097 0 0
9 -2.7 8.1 9 -3.6 8.1 9 -3.6 9 9 -2.7 9 0.215394 0 0
9 -3.6 8.1 9 -4.5 8.1 9 -4.5 9 9 -3.6 9 0.18232 0 0
9 -4.5 8.1 9 -5.4 8.1 9 -5.4 9 9 -4.5 9 0.196576 0 0
9 -5.4 8.1 9 -6.3 8.1 9 -6.3 9 9 -5.4 9 0.179001 0 0
9 -6.3 8.1 9 -7.2 8.1 9 -7.2 9 9 -6.3 9 0.10991 0 0
9 -7.2 8.1 9 -8.1 8.1 9 -8.1 9 9 -7.2 9 0.124585 0 0
9 -8.1 8.1 9 -9 8.1 9 -9 9 9 -8.1 9 0.0936577 0 0
0 0 0 0 -0.9 0 0.9 -0.9 0 0.9 0 0 0 0 0
0 -0.9 0 0 -1.8 0 0.9 -1.8 0 0.9 -0.9 0 0.110393 0.110393 0.110393
0 -1.8 0 0 -2.7 0 0.9 -2.7 0 0.9 -1.8 0 0.120097 0.120097 0.120097
0 -2.7 0 0 -3.6 0 0.9 -3.6 0 0.9 -2.7 0 0.215393 0.215393 0.215393
0 -3.6 0 0 -4.5 0 0.9 -4.5 0 0.9 -3.6 0 0.182319 0.182319 0.182319
0 -4.5 0 0 -5.4 0 0.9 -5.4 0 0.9 -4.5 0 0.196575 0.196575 0.196575
0 -5.4 0 0 -6.3 0 0.9 -6.3 0 0.9 -5.4 0 0.179 0.179 0.179
0 -6.3 0 0 -7.2 0 0.9 -7.2 0 0.9 -6.3 0 0.10991 0.10991 0.10991
0 -7.2 0 0 -8.1 0 0.9 -8.1 0 0.9 -7.2 0 0.124584 0.124584 0.124584
0 -8.1 0 0 -9 0 0.9 -9 0 0.9 -8.1 0 0.0936572 0.0936572 0.0936572
0.9 0 0 0.9 -0.9 0 1.8 -0.9 0 1.8 0 0 0 0 0
0.9 -0.9 0 0.9 -1.8 0 1.8 -1.8 0 1.8 -0.9 0 0.160303 0.160303 0.160303
0.9 -1.8 0 0.9 -2.7 0 1.8 -2.7 0 1.8 -1.8 0 0.200564 0.200564 0.200564
0.9 -2.7 0 0.9 -3.6 0 1.8 -3.6 0 1.8 -2.7 0 0.245517 0.245517 0.245517
0.9 -3.6 0 0.9 -4.5 0 1.8 -4.5 0 1.8 -3.6 0 0.228108 0.228108 0.228108
0.9 -4.5 0 0.9 -5.4 0 1.8 -5.4 0 1.8 -4.5 0 0.2531 0.2531 0.2531
0.9 -5.4 0 0.9 -6.3 0 1.8 -6.3 0 1.8 -5.4 0 0.178655 0.178655 0.178655
0.9 -6.3 0 0.9 -7.2 0 1.8 -7.2 0 1.8 -6.3 0 0.162751 0.162751 0.162751
0.9 -7.2 0 0.9 -8.1 0 1.8 -8.1 0 1.8 -7.2 0 0.139075 0.139075 0.139075
0.9 -8.1 0 0.9 -9 0 1.8 -9 0 1.8 -8.1 0 0.104967 0.104967 0.104967
1.8 0 0 1.8 -0.9 0 2.7 -0.9 0 2.7 0 0 0 0 0
1.8 -0.9 0 1.8 -1.8 0 2.7 -1.8 0 2.7 -0.9 0 0.251782 0.251782 0.251782
1.8 -1.8 0 1.8 -2.7 0 2.7 -2.7 0 2.7 -1.8 0 0.268679 0.268679 0.268679
1.8 -2.7 0 1.8 -3.6 0 2.7 -3.6 0 2.7 -2.7 0 0.340983 0.340983 0.340983
1.8 -3.6 0 1.8 -4.5 0 2.7 -4.5 0 2.7 -3.6 0 0.251688 0.251688 0.251688
1.8 -4.5 0 1.8 -5.4 0 2.7 -5.4 0 2.7 -4.5 0 0.275757 0.275757 0.275757
1.8 -5.4 0 1.8 -6.3 0 2.7 -6.3 0 2.7 -5.4 0 0.248061 0.248061 0.248061
1.8 -6.3 0 1.8 -7.2 0 2.7 -7.2 0 2.7 -6.3 0 0.178192 0.178192 0.178192
1.8 -7.2 0 1.8 -8.1 0 2.7 -8.1 0 2.7 -7.2 0 0.152116 0.152116 0.152116
1.8 -8.1 0 1.8 -9 0 2.7 -9 0 2.7 -8.1 0 0.0902609 0.0902609 0.0902609
2.7 0 0 2.7 -0.9 0 3.6 -0.9 0 3.6 0 0 0 0 0
2.7 -0.9 0 2.7 -1.8 0 3.6 -1.8 0 3.6 -0.9 0 0.290883 0.290883 0.290883
2.7 -1.8 0 2.7 -2.7 0 3.6 -2.7 0 3.6 -1.8 0 0.323811 0.323811 0.323811
2.7 -2.7 0 2.7 -3.6 0 3.6 -3.6 0 3.6 -2.7 0 0.374159 0.374159 0.374159
2.7 -3.6 0 2.7 -4.5 0 3.6 -4.5 0 3.6 -3.6 0 0.279353 0.279353 0.279353
2.7 -4.5 0 2.7 -5.4 0 3.6 -5.4 0 3.6 -4.5 0 0.306087 0.306087 0.306087
2.7 -5.4 0 2.7 -6.3 0 3.6 -6.3 0 3.6 -5.4 0 0.231746 0.231746 0.231746
2.7 -6.3 0 2.7 -7.2 0 3.6 -7.2 0 3.6 -6.3 0 0.15842 0.15842 0.15842
2.7 -7.2 0 2.7 -8.1 0 3.6 -8.1 0 3.6 -7.2 0 0.162555 0.162555 0.162555
2.7 -8.1 0 2.7 -9 0 3.6 -9 0 3.6 -8.1 0 0.0956039 0.0956039 0.0956039
3.6 0 0 3.6 -0.9 0 4.5 -0.9 0 4.5 0 0 0 0 0
3.6 -0.9 0 3.6 -1.8 0 4.5 -1.8 0 4.5 -0.9 0 0.340887 0.340887 0.340887
3.6 -1.8 0 3.6 -2.7 0 4.5 -2.7 0 4.5 -1.8 0 0.388625 0.388625 0.388625
3.6 -2.7 0 3.6 -3.6 0 4.5 -3.6 0 4.5 -2.7 0 0.445809 0.445809 0.445809
3.6 -3.6 0 3.6 -4.5 0 4.5 -4.5 0 4.5 -3.6 0 0.340754 0.340754 0.340754
3.6 -4.5 0 3.6 -5.4 0 4.5 -5.4 0 4.5 -4.5 0 0.331633 0.331633 0.331633
3.6 -5.4 0 3.6 -6.3 0 4.5 -6.3 0 4.5 -5.4 0 0.248567 0.248567 0.248567
3.6 -6.3 0 3.6 -7.2 0 4.5 -7.2 0 4.5 -6.3 0 0.205601 0.205601 0.205601
3.6 -7.2 0 3.6 -8.1 0 4.5 -8.1 0 4.5 -7.2 0 0.169326 0.169326 0.169326
3.6 -8.1 0 3.6 -9 0 4.5 -9 0 4.5 -8.1 0 0.0984521 0.0984521 0.0984521
4.5 0 0 4.5 -0.9 0 5.4 -0.9 0 5.4 0 0 0 0 0
4.5 -0.9 0 4.5 -1.8 0 5.4 -1.8 0 5.4 -0.9 0 0.340887 0.340887 0.340887
4.5 -1.8 0 4.5 -2.7 0 5.4 -2.7 0 5.4 -1.8 0 0.388625 0.388625 0.388625
4.5 -2.7 0 4.5 -3.6 0 5.4 -3.6 0 5.4 -2.7 0 0.445809 0.445809 0.445809
4.5 -3.6 0 4.5 -4.5 0 5.4 -4.5 0 5.4 -3.6 0 0.340754 0.340754 0.340754
4.5 -4.5 0 4.5 -5.4 0 5.4 -5.4 0 5.4 -4.5 0 0.331633 0.331633 0.331633
4.5 -5.4 0 4.5 -6.3 0 5.4 -6.3 0 5.4 -5.4 0 0.248567 0.248567 0.248567
4.5 -6.3 0 4.5 -7.2 0 5.4 -7.2 0 5.4 -6.3 0 0.205601 0.205601 0.205601
4.5 -7.2 0 4.5 -8.1 0 5.4 -8.1 0 5.4 -7.2 0 0.169326 0.169326 0.169326
4.5 -8.1 0 4.5 -9 0 5.4 -9 0 5.4 -8.1 0 0.098452 0.098452 0.098452
5.4 0 0 5.4 -0.9 0 6.3 -0.9 0 6.3 0 0 0 0 0
5.4 -0.9 0 5.4 -1.8 0 6.3 -1.8 0 6.3 -0.9 0 0.290883 0.290883 0.290883
5.4 -1.8 0 5.4 -2.7 0 6.3 -2.7 0 6.3 -1.8 0 0.323811 0.323811 0.323811
5.4 -2.7 0 5.4 -3.6 0 6.3 -3.6 0 6.3 -2.7 0 0.374159 0.374159 0.374159
5.4 -3.6 0 5.4 -4.5 0 6.3 -4.5 0 6.3 -3.6 0 0.279354 0.279354 0.279354
5.4 -4.5 0 5.4 -5.4 0 6.3 -5.4 0 6.3 -4.5 0 0.306087 0.306087 0.306087
5.4 -5.4 0 5.4 -6.3 0 6.3 -6.3 0 6.3 -5.4 0 0.231746 0.231746 0.231746
5.4 -6.3 0 5.4 -7.2 0 6.3 -7.2 0 6.3 -6.3 0 0.15842 0.15842 0.15842
5.4 -7.2 0 5.4 -8.1 0 6.3 -8.1 0 6.3 -7.2 0 0.162555 0.162555 0.162555
5.4 -8.1 0 5.4 -9 0 6.3 -9 0 6.3 -8.1 0 0.095604 0.095604 0.095604
6.3 0 0 6.3 -0.9 0 7.2 -0.9 0 7.2 0 0 0 0 0
6.3 -0.9 0 6.3 -1.8 0 7.2 -1.8 0 7.2 -0.9 0 0.263837 0.263837 0.263837
6.3 -1.8 0 6.3 -2.7 0 7.2 -2.7 0 7.2 -1.8 0 0.268679 0.268679 0.268679
6.3 -2.7 0 6.3 -3.6 0 7.2 -3.6 0 7.2 -2.7 0 0.340983 0.340983 0.340983
6.3 -3.6 0 6.3 -4.5 0 7.2 -4.5 0 7.2 -3.6 0 0.251689 0.251689 0.251689
6.3 -4.5 0 6.3 -5.4 0 7.2 -5.4 0 7.2 -4.5 0 0.275757 0.275757 0.275757
6.3 -5.4 0 6.3 -6.3 0 7.2 -6.3 0 7.2 -5.4 0 0.248061 0.248061 0.248061
6.3 -6.3 0 6.3 -7.2 0 7.2 -7.2 0 7.2 -6.3 0 0.178193 0.178193 0.178193
6.3 -7.2 0 6.3 -8.1 0 7.2 -8.1 0 7.2 -7.2 0 0.152116 0.152116 0.152116
6.3 -8.1 0 6.3 -9 0 7.2 -9 0 7.2 -8.1 0 0.0902609 0.0902609 0.0902609
7.2 0 0 7.2 -0.9 0 8.1 -0.9 0 8.1 0 0 0 0 0
7.2 -0.9 0 7.2 -1.8 0 8.1 -1.8 0 8.1 -0.9 0 0.160303 0.160303 0.160303
7.2 -1.8 0 7.2 -2.7 0 8.1 -2.7 0 8.1 -1.8 0 0.200564 0.200564 0.200564
7.2 -2.7 0 7.2 -3.6 0 8.1 -3.6 0 8.1 -2.7 0 0.245517 0.245517 0.245517
7.2 -3.6 0 7.2 -4.5 0 8.1 -4.5 0 8.1 -3.6 0 0.228108 0.228108 0.228108
7.2 -4.5 0 7.2 -5.4 0 8.1 -5.4 0 8.1 -4.5 0 0.253099 0.253099 0.253099
7.2 -5.4 0 7.2 -6.3 0 8.1 -6.3 0 8.1 -5.4 0 0.178655 0.178655 0.178655
7.2 -6.3 0 7.2 -7.2 0 8.1 -7.2 0 8.1 -6.3 0 0.162752 0.162752 0.162752
7.2 -7.2 0 7.2 -8.1 0 8.1 -8.1 0 8.1 -7.2 0 0.139074 0.139074 0.139074
7.2 -8.1 0 7.2 -9 0 8.1 -9 0 8.1 -8.1 0 0.104967 0.104967 0.104967
8.1 0 0 8.1 -0.9 0 9 -0.9 0 9 0 0 0 0 0
8.1 -0.9 0 8.1 -1.8 0 9 -1.8 0 9 -0.9 0 0.110393 0.110393 0.110393
8.1 -1.8 0 8.1 -2.7 0 9 -2.7 0 9 -1.8 0 0.120097 0.120097 0.120097
8.1 -2.7 0 8.1 -3.6 0 9 -3.6 0 9 -2.7 0 0.215393 0.215393 0.215393
8.1 -3.6 0 8.1 -4.5 0 9 -4.5 0 9 -3.6 0 0.18232 0.18232 0.18232
8.1 -4.5 0 8.1 -5.4 0 9 -5.4 0 9 -4.5 0 0.196575 0.196575 0.196575
8.1 -5.4 0 8.1 -6.3 0 9 -6.3 0 9 -5.4 0 0.179001 0.179001 0.179001
8.1 -6.3 0 8.1 -7.2 0 9 -7.2 0 9 -6.3 0 0.10991 0.10991 0.10991
8.1 -7.2 0 8.1 -8.1 0 9 -8.1 0 9 -7.2 0 0.124585 0.124585 0.124585
8.1 -8.1 0 8.1 -9 0 9 -9 0 9 -8.1 0 0.0936576 0.0936576 0.0936576
0 -9 0 0 -9 0.9 0.9 -9 0.9 0.9 -9 0 0.13238 0.13238 0.13238
0 -9 0.9 0 -9 1.8 0.9 -9 1.8 0.9 -9 0.9 0.132566 0.132566 0.132566
0 -9 1.8 0 -9 2.7 0.9 -9 2.7 0.9 -9 1.8 0.144848 0.144848 0.144848
0 -9 2.7 0 -9 3.6 0.9 -9 3.6 0.9 -9 2.7 0.135123 0.135123 0.135123
0 -9 3.6 0 -9 4.5 0.9 -9 4.5 0.9 -9 3.6 0.139635 0.139635 0.139635
0 -9 4.5 0 -9 5.4 0.9 -9 5.4 0.9 -9 4.5 0.139635 0.139635 0.139635
0 -9 5.4 0 -9 6.3 0.9 -9 6.3 0.9 -9 5.4 0.135122 0.135122 0.135122
0 -9 6.3 0 -9 7.2 0.9 -9 7.2 0.9 -9 6.3 0.126717 0.126717 0.126717
0 -9 7.2 0 -9 8.1 0.9 -9 8.1 0.9 -9 7.2 0.132565 0.132565 0.132565
0 -9 8.1 0 -9 9 0.9 -9 9 0.9 -9 8.1 0.132379 0.132379 0.132379
0.9 -9 0 0.9 -9 0.9 1.8 -9 0.9 1.8 -9 0 0.132566 0.132566 0.132566
0.9 -9 0.9 0.9 -9 1.8 1.8 -9 1.8 1.8 -9 0.9 0.11027 0.11027 0.11027
0.9 -9 1.8 0.9 -9 2.7 1.8 -9 2.7 1.8 -9 1.8 0.0748577 0.0748577 0.0748577
0.9 -9 2.7 0.9 -9 3.6 1.8 -9 3.6 1.8 -9 2.7 0.0802539 0.0802539 0.0802539
0.9 -9 3.6 0.9 -9 4.5 1.8 -9 4.5 1.8 -9 3.6 0.0831676 0.0831676 0.0831676
0.9 -9 4.5 0.9 -9 5.4 1.8 -9 5.4 1.8 -9 4.5 0.0831676 0.0831676 0.0831676
0.9 -9 5.4 0.9 -9 6.3 1.8 -9 6.3 1.8 -9 5.4 0.0802539 0.0802539 0.0802539
0.9 -9 6.3 0.9 -9 7.2 1.8 -9 7.2 1.8 -9 6.3 0.0991374 0.0991374 0.0991374
0.9 -9 7.2 0.9 -9 8.1 1.8 -9 8.1 1.8 -9 7.2 0.11027 0.11027 0.11027
0.9 -9 8.1 0.9 -9 9 1.8 -9 9 1.8 -9 8.1 0.132567 0.132567 0.132567
1.8 -9 0 1.8 -9 0.9 2.7 -9 0.9 2.7 -9 0 0.126717 0.126717 0.126717
1.8 -9 0.9 1.8 -9 1.8 2.7 -9 1.8 2.7 -9 0.9 0.0748578 0.0748578 0.0748578
1.8 -9 1.8 1.8 -9 2.7 2.7 -9 2.7 2.7 -9 1.8 0 0 0
1.8 -9 2.7 1.8 -9 3.6 2.7 -9 3.6 2.7 -9 2.7 0 0 0
1.8 -9 3.6 1.8 -9 4.5 2.7 -9 4.5 2.7 -9 3.6 0 0 0
1.8 -9 4.5 1.8 -9 5.4 2.7 -9 5.4 2.7 -9 4.5 0 0 0
1.8 -9 5.4 1.8 -9 6.3 2.7 -9 6.3 2.7 -9 5.4 0 0 0
1.8 -9 6.3 1.8 -9 7.2 2.7 -9 7.2 2.7 -9 6.3 0 0 0
1.8 -9 7.2 1.8 -9 8.1 2.7 -9 8.1 2.7 -9 7.2 0.0748575 0.0748575 0.0748575
1.8 -9 8.1 1.8 -9 9 2.7 -9 9 2.7 -9 8.1 0.126718 0.126718 0.126718
2.7 -9 0 2.7 -9 0.9 3.6 -9 0.9 3.6 -9 0 0.135123 0.135123 0.135123
2.7 -9 0.9 2.7 -9 1.8 3.6 -9 1.8 3.6 -9 0.9 0.0802539 0.0802539 0.0802539
2.7 -9 1.8 2.7 -9 2.7 3.6 -9 2.7 3.6 -9 1.8 0 0 0
2.7 -9 2.7 2.7 -9 3.6 3.6 -9 3.6 3.6 -9 2.7 0 0 0
2.7 -9 3.6 2.7 -9 4.5 3.6 -9 4.5 3.6 -9 3.6 0 0 0
2.7 -9 4.5 2.7 -9 5.4 3.6 -9 5.4 3.6 -9 4.5 0 0 0
2.7 -9 5.4 2.7 -9 6.3 3.6 -9 6.3 3.6 -9 5.4 0 0 0
2.7 -9 6.3 2.7 -9 7.2 3.6 -9 7.2 3.6 -9 6.3 0 0 0
2.7 -9 7.2 2.7 -9 8.1 3.6 -9 8.1 3.6 -9 7.2 0.0802536 0.0802536 0.0802536
2.7 -9 8.1 2.7 -9 9 3.6 -9 9 3.6 -9 8.1 0.135123 0.135123 0.135123
3.6 -9 0 3.6 -9 0.9 4.5 -9 0.9 4.5 -9 0 0.139635 0.139635 0.139635
3.6 -9 0.9 3.6 -9 1.8 4.5 -9 1.8 4.5 -9 0.9 0.0831676 0.0831676 0.0831676
3.6 -9 1.8 3.6 -9 2.7 4.5 -9 2.7 4.5 -9 1.8 0 0 0
3.6 -9 2.7 3.6 -9 3.6 4.5 -9 3.6 4.5 -9 2.7 0 0 0
3.6 -9 3.6 3.6 -9 4.5 4.5 -9 4.5 4.5 -9 3.6 0 0 0
3.6 -9 4.5 3.6 -9 5.4 4.5 -9 5.4 4.5 -9 4.5 0 0 0
3.6 -9 5.4 3.6 -9 6.3 4.5 -9 6.3 4.5 -9 5.4 0 0 0
3.6 -9 6.3 3.6 -9 7.2 4.5 -9 7.2 4.5 -9 6.3 0 0 0
3.6 -9 7.2 3.6 -9 8.1 4.5 -9 8.1 4.5 -9 7.2 0.0831673 0.0831673 0.0831673
3.6 -9 8.1 3.6 -9 9 4.5 -9 9 4.5 -9 8.1 0.139636 0.139636 0.139636
4.5 -9 0 4.5 -9 0.9 5.4 -9 0.9 5.4 -9 0 0.139635 0.139635 0.139635
4.5 -9 0.9 4.5 -9 1.8 5.4 -9 1.8 5.4 -9 0.9 0.0831676 0.0831676 0.0831676
4.5 -9 1.8 4.5 -9 2.7 5.4 -9 2.7 5.4 -9 1.8 0 0 0
4.5 -9 2.7 4.5 -9 3.6 5.4 -9 3.6 5.4 -9 2.7 0 0 0
4.5 -9 3.6 4.5 -9 4.5 5.4 -9 4.5 5.4 -9 3.6 0 0 0
4.5 -9 4.5 4.5 -9 5.4 5.4 -9 5.4 5.4 -9 4.5 0 0 0
4.5 -9 5.4 4.5 -9 6.3 5.4 -9 6.3 5.4 -9 5.4 0 0 0
4.5 -9 6.3 4.5 -9 7.2 5.4 -9 7.2 5.4 -9 6.3 0 0 0
4.5 -9 7.2 4.5 -9 8.1 5.4 -9 8.1 5.4 -9 7.2 0.0831673 0.0831673 0.0831673
4.5 -9 8.1 4.5 -9 9 5.4 -9 9 5.4 -9 8.1 0.139636 0.139636 0.139636
5.4 -9 0 5.4 -9 0.9 6.3 -9 0.9 6.3 -9 0 0.135123 0.135123 0.135123
5.4 -9 0.9 5.4 -9 1.8 6.3 -9 1.8 6.3 -9 0.9 0.0802539 0.0802539 0.0802539
5.4 -9 1.8 5.4 -9 2.7 6.3 -9 2.7 6.3 -9 1.8 0 0 0
5.4 -9 2.7 5.4 -9 3.6 6.3 -9 3.6 6.3 -9 2.7 0 0 0
5.4 -9 3.6 5.4 -9 4.5 6.3 -9 4.5 6.3 -9 3.6 0 0 0
5.4 -9 4.5 5.4 -9 5.4 6.3 -9 5.4 6.3 -9 4.5 0 0 0
5.4 -9 5.4 5.4 -9 6.3 6.3 -9 6.3 6.3 -9 5.4 0 0 0
5.4 -9 6.3 5.4 -9 7.2 6.3 -9 7.2 6.3 -9 6.3 0 0 0
5.4 -9 7.2 5.4 -9 8.1 6.3 -9 8.1 6.3 -9 7.2 0.0802536 0.0802536 0.0802536
5.4 -9 8.1 5.4 -9 9 6.3 -9 9 6.3 -9 8.1 0.135123 0.135123 0.135123
6.3 -9 0 6.3 -9 0.9 7.2 -9 0.9 7.2 -9 0 0.126717 0.126717 0.126717
6.3 -9 0.9 6.3 -9 1.8 7.2 -9 1.8 7.2 -9 0.9 0.0748576 0.0748576 0.0748576
6.3 -9 1.8 6.3 -9 2.7 7.2 -9 2.7 7.2 -9 1.8 0.0242794 0.0242794 0.0242794
6.3 -9 2.7 6.3 -9 3.6 7.2 -9 3.6 7.2 -9 2.7 0 0 0
6.3 -9 3.6 6.3 -9 4.5 7.2 -9 4.5 7.2 -9 3.6 0 0 0
6.3 -9 4.5 6.3 -9 5.4 7.2 -9 5.4 7.2 -9 4.5 0 0 0
6.3 -9 5.4 6.3 -9 6.3 7.2 -9 6.3 7.2 -9 5.4 0 0 0
6.3 -9 6.3 6.3 -9 7.2 7.2 -9 7.2 7.2 -9 6.3 0 0 0
6.3 -9 7.2 6.3 -9 8.1 7.2 -9 8.1 7.2 -9 7.2 0.0748574 0.0748574 0.0748574
6.3 -9 8.1 6.3 -9 9 7.2 -9 9 7.2 -9 8.1 0.126718 0.126718 0.126718
7.2 -9 0 7.2 -9 0.9 8.1 -9 0.9 8.1 -9 0 0.132566 0.132566 0.132566
7.2 -9 0.9 7.2 -9 1.8 8.1 -9 1.8 8.1 -9 0.9 0.11027 0.11027 0.11027
7.2 -9 1.8 7.2 -9 2.7 8.1 -9 2.7 8.1 -9 1.8 0.0991369 0.0991369 0.0991369
7.2 -9 2.7 7.2 -9 3.6 8.1 -9 3.6 8.1 -9 2.7 0.0802536 0.0802536 0.0802536
7.2 -9 3.6 7.2 -9 4.5 8.1 -9 4.5 8.1 -9 3.6 0.0831673 0.0831673 0.0831673
7.2 -9 4.5 7.2 -9 5.4 8.1 -9 5.4 8.1 -9 4.5 0.0831673 0.0831673 0.0831673
7.2 -9 5.4 7.2 -9 6.3 8.1 -9 6.3 8.1 -9 5.4 0.0802536 0.0802536 0.0802536
7.2 -9 6.3 7.2 -9 7.2 8.1 -9 7.2 8.1 -9 6.3 0.0960693 0.0960693 0.0960693
7.2 -9 7.2 7.2 -9 8.1 8.1 -9 8.1 8.1 -9 7.2 0.11027 0.11027 0.11027
7.2 -9 8.1 7.2 -9 9 8.1 -9 9 8.1 -9 8.1 0.132566 0.132566 0.132566
8.1 -9 0 8.1 -9 0.9 9 -9 0.9 9 -9 0 0.132379 0.132379 0.132379
8.1 -9 0.9 8.1 -9 1.8 9 -9 1.8 9 -9 0.9 0.132566 0.132566 0.132566
8.1 -9 1.8 8.1 -9 2.7 9 -9 2.7 9 -9 1.8 0.126718 0.126718 0.126718
8.1 -9 2.7 8.1 -9 3.6 9 -9 3.6 9 -9 2.7 0.135123 0.135123 0.135123
8.1 -9 3.6 8.1 -9 4.5 9 -9 4.5 9 -9 3.6 0.139636 0.139636 0.139636
8.1 -9 4.5 8.1 -9 5.4 9 -9 5.4 9 -9 4.5 0.139636 0.139636 0.139636
8.1 -9 5.4 8.1 -9 6.3 9 -9 6.3 9 -9 5.4 0.135123 0.135123 0.135123
8.1 -9 6.3 8.1 -9 7.2 9 -9 7.2 9 -9 6.3 0.126718 0.126718 0.126718
8.1 -9 7.2 8.1 -9 8.1 9 -9 8.1 9 -9 7.2 0.132566 0.132566 0.132566
8.1 -9 8.1 8.1 -9 9 9 -9 9 9 -9 8.1 0.13238 0.13238 0.13238
3 -4 3 3 -4 3.3 3.3 -4 3.3 3.3 -4 3 0.951641 0.951641 0.951641
3 -4 3.3 3 -4 3.6 3.3 -4 3.6 3.3 -4 3.3 1.12296 1.12296 1.12296
3 -4 3.6 3 -4 3.9 3.3 -4 3.9 3.3 -4 3.6 1.19752 1.19752 1.19752
3 -4 3.9 3 -4 4.2 3.3 -4 4.2 3.3 -4 3.9 1.24516 1.24516 1.24516
3 -4 4.2 3 -4 4.5 3.3 -4 4.5 3.3 -4 4.2 1.12177 1.12177 1.12177
3 -4 4.5 3 -4 4.8 3.3 -4 4.8 3.3 -4 4.5 1.12177 1.12177 1.12177
3 -4 4.8 3 -4 5.1 3.3 -4 5.1 3.3 -4 4.8 1.24516 1.24516 1.24516
3 -4 5.1 3 -4 5.4 3.3 -4 5.4 3.3 -4 5.1 1.19752 1.19752 1.19752
3 -4 5.4 3 -4 5.7 3.3 -4 5.7 3.3 -4 5.4 1.12296 1.12296 1.12296
3 -4 5.7 3 -4 6 3.3 -4 6 3.3 -4 5.7 0.951641 0.951641 0.951641
3.3 -4 3 3.3 -4 3.3 3.6 -4 3.3 3.6 -4 3 1.12296 1.12296 1.12296
3.3 -4 3.3 3.3 -4 3.6 3.6 -4 3.6 3.6 -4 3.3 1.32579 1.32579 1.32579
3.3 -4 3.6 3.3 -4 3.9 3.6 -4 3.9 3.6 -4 3.6 1.41497 1.41497 1.41497
3.3 -4 3.9 3.3 -4 4.2 3.6 -4 4.2 3.6 -4 3.9 1.47198 1.47198 1.47198
3.3 -4 4.2 3.3 -4 4.5 3.6 -4 4.5 3.6 -4 4.2 1.32667 1.32667 1.32667
3.3 -4 4.5 3.3 -4 4.8 3.6 -4 4.8 3.6 -4 4.5 1.32667 1.32667 1.32667
3.3 -4 4.8 3.3 -4 5.1 3.6 -4 5.1 3.6 -4 4.8 1.47198 1.47198 1.47198
3.3 -4 5.1 3.3 -4 5.4 3.6 -4 5.4 3.6 -4 5.1 1.41497 1.41497 1.41497
3.3 -4 5.4 3.3 -4 5.7 3.6 -4 5.7 3.6 -4 5.4 1.32579 1.32579 1.32579
3.3 -4 5.7 3.3 -4 6 3.6 -4 6 3.6 -4 5.7 1.12296 1.12296 1.12296
3.6 -4 3 3.6 -4 3.3 3.9 -4 3.3 3.9 -4 3 1.19751 1.19751 1.19751
3.6 -4 3.3 3.6 -4 3.6 3.9 -4 3.6 3.9 -4 3.3 1.41497 1.41497 1.41497
3.6 -4 3.6 3.6 -4 3.9 3.9 -4 3.9 3.9 -4 3.6 1.51216 1.51216 1.51216
3.6 -4 3.9 3.6 -4 4.2 3.9 -4 4.2 3.9 -4 3.9 1.57435 1.57435 1.57435
3.6 -4 4.2 3.6 -4 4.5 3.9 -4 4.5 3.9 -4 4.2 1.41988 1.41988 1.41988
3.6 -4 4.5 3.6 -4 4.8 3.9 -4 4.8 3.9 -4 4.5 1.41988 1.41988 1.41988
3.6 -4 4.8 3.6 -4 5.1 3.9 -4 5.1 3.9 -4 4.8 1.57435 1.57435 1.57435
3.6 -4 5.1 3.6 -4 5.4 3.9 -4 5.4 3.9 -4 5.1 1.51216 1.51216 1.51216
3.6 -4 5.4 3.6 -4 5.7 3.9 -4 5.7 3.9 -4 5.4 1.41497 1.41497 1.41497
3.6 -4 5.7 3.6 -4 6 3.9 -4 6 3.9 -4 5.7 1.19752 1.19752 1.19752
3.9 -4 3 3.9 -4 3.3 4.2 -4 3.3 4.2 -4 3 1.24516 1.24516 1.24516
3.9 -4 3.3 3.9 -4 3.6 4.2 -4 3.6 4.2 -4 3.3 1.47198 1.47198 1.47198
3.9 -4 3.6 3.9 -4 3.9 4.2 -4 3.9 4.2 -4 3.6 1.57435 1.57435 1.57435
3.9 -4 3.9 3.9 -4 4.2 4.2 -4 4.2 4.2 -4 3.9 1.63987 1.63987 1.63987
3.9 -4 4.2 3.9 -4 4.5 4.2 -4 4.5 4.2 -4 4.2 1.47957 1.47957 1.47957
3.9 -4 4.5 3.9 -4 4.8 4.2 -4 4.8 4.2 -4 4.5 1.47957 1.47957 1.47957
3.9 -4 4.8 3.9 -4 5.1 4.2 -4 5.1 4.2 -4 4.8 1.63987 1.63987 1.63987
3.9 -4 5.1 3.9 -4 5.4 4.2 -4 5.4 4.2 -4 5.1 1.57435 1.57435 1.57435
3.9 -4 5.4 3.9 -4 5.7 4.2 -4 5.7 4.2 -4 5.4 1.47198 1.47198 1.47198
3.9 -4 5.7 3.9 -4 6 4.2 -4 6 4.2 -4 5.7 1.24516 1.24516 1.24516
4.2 -4 3 4.2 -4 3.3 4.5 -4 3.3 4.5 -4 3 1.12177 1.12177 1.12177
4.2 -4 3.3 4.2 -4 3.6 4.5 -4 3.6 4.5 -4 3.3 1.32667 1.32667 1.32667
4.2 -4 3.6 4.2 -4 3.9 4.5 -4 3.9 4.5 -4 3.6 1.41988 1.41988 1.41988
4.2 -4 3.9 4.2 -4 4.2 4.5 -4 4.2 4.5 -4 3.9 1.47957 1.47957 1.47957
4.2 -4 4.2 4.2 -4 4.5 4.5 -4 4.5 4.5 -4 4.2 1.33539 1.33539 1.33539
4.2 -4 4.5 4.2 -4 4.8 4.5 -4 4.8 4.5 -4 4.5 1.33539 1.33539 1.33539
4.2 -4 4.8 4.2 -4 5.1 4.5 -4 5.1 4.5 -4 4.8 1.47957 1.47957 1.47957
4.2 -4 5.1 4.2 -4 5.4 4.5 -4 5.4 4.5 -4 5.1 1.41988 1.41988 1.41988
4.2 -4 5.4 4.2 -4 5.7 4.5 -4 5.7 4.5 -4 5.4 1.32667 1.32667 1.32667
4.2 -4 5.7 4.2 -4 6 4.5 -4 6 4.5 -4 5.7 1.12177 1.12177 1.12177
4.5 -4 3 4.5 -4 3.3 4.8 -4 3.3 4.8 -4 3 1.12177 1.12177 1.12177
4.5 -4 3.3 4.5 -4 3.6 4.8 -4 3.6 4.8 -4 3.3 1.32667 1.32667 1.32667
4.5 -4 3.6 4.5 -4 3.9 4.8 -4 3.9 4.8 -4 3.6 1.41988 1.41988 1.41988
4.5 -4 3.9 4.5 -4 4.2 4.8 -4 4.2 4.8 -4 3.9 1.47957 1.47957 1.47957
4.5 -4 4.2 4.5 -4 4.5 4.8 -4 4.5 4.8 -4 4.2 1.33538 1.33538 1.33538
4.5 -4 4.5 4.5 -4 4.8 4.8 -4 4.8 4.8 -4 4.5 1.33538 1.33538 1.33538
4.5 -4 4.8 4.5 -4 5.1 4.8 -4 5.1 4.8 -4 4.8 1.47957 1.47957 1.47957
4.5 -4 5.1 4.5 -4 5.4 4.8 -4 5.4 4.8 -4 5.1 1.41988 1.41988 1.41988
4.5 -4 5.4 4.5 -4 5.7 4.8 -4 5.7 4.8 -4 5.4 1.32667 1.32667 1.32667
4.5 -4 5.7 4.5 -4 6 4.8 -4 6 4.8 -4 5.7 1.12177 1.12177 1.12177
4.8 -4 3 4.8 -4 3.3 5.1 -4 3.3 5.1 -4 3 1.24516 1.24516 1.24516
4.8 -4 3.3 4.8 -4 3.6 5.1 -4 3.6 5.1 -4 3.3 1.47198 1.47198 1.47198
4.8 -4 3.6 4.8 -4 3.9 5.1 -4 3.9 5.1 -4 3.6 1.57435 1.57435 1.57435
4.8 -4 3.9 4.8 -4 4.2 5.1 -4 4.2 5.1 -4 3.9 1.63987 1.63987 1.63987
4.8 -4 4.2 4.8 -4 4.5 5.1 -4 4.5 5.1 -4 4.2 1.47957 1.47957 1.47957
4.8 -4 4.5 4.8 -4 4.8 5.1 -4 4.8 5.1 -4 4.5 1.47957 1.47957 1.47957
4.8 -4 4.8 4.8 -4 5.1 5.1 -4 5.1 5.1 -4 4.8 1.63987 1.63987 1.63987
4.8 -4 5.1 4.8 -4 5.4 5.1 -4 5.4 5.1 -4 5.1 1.57435 1.57435 1.57435
4.8 -4 5.4 4.8 -4 5.7 5.1 -4 5.7 5.1 -4 5.4 1.47198 1.47198 1.47198
4.8 -4 5.7 4.8 -4 6 5.1 -4 6 5.1 -4 5.7 1.24516 1.24516 1.24516
5.1 -4 3 5.1 -4 3.3 5.4 -4 3.3 5.4 -4 3 1.19752 1.19752 1.19752
5.1 -4 3.3 5.1 -4 3.6 5.4 -4 3.6 5.4 -4 3.3 1.41497 1.41497 1.41497
5.1 -4 3.6 5.1 -4 3.9 5.4 -4 3.9 5.4 -4 3.6 1.51216 1.51216 1.51216
5.1 -4 3.9 5.1 -4 4.2 5.4 -4 4.2 5.4 -4 3.9 1.57435 1.57435 1.57435
5.1 -4 4.2 5.1 -4 4.5 5.4 -4 4.5 5.4 -4 4.2 1.41988 1.41988 1.41988
5.1 -4 4.5 5.1 -4 4.8 5.4 -4 4.8 5.4 -4 4.5 1.41988 1.41988 1.41988
5.1 -4 4.8 5.1 -4 5.1 5.4 -4 5.1 5.4 -4 4.8 1.57435 1.57435 1.57435
5.1 -4 5.1 5.1 -4 5.4 5.4 -4 5.4 5.4 -4 5.1 1.51216 1.51216 1.51216
5.1 -4 5.4 5.1 -4 5.7 5.4 -4 5.7 5.4 -4 5.4 1.41497 1.41497 1.41497
5.1 -4 5.7 5.1 -4 6 5.4 -4 6 5.4 -4 5.7 1.19752 1.19752 1.19752
5.4 -4 3 5.4 -4 3.3 5.7 -4 3.3 5.7 -4 3 1.12296 1.12296 1.12296
5.4 -4 3.3 5.4 -4 3.6 5.7 -4 3.6 5.7 -4 3.3 1.32579 1.32579 1.32579
5.4 -4 3.6 5.4 -4 3.9 5.7 -4 3.9 5.7 -4 3.6 1.41497 1.41497 1.41497
5.4 -4 3.9 5.4 -4 4.2 5.7 -4 4.2 5.7 -4 3.9 1.47198 1.47198 1.47198
5.4 -4 4.2 5.4 -4 4.5 5.7 -4 4.5 5.7 -4 4.2 1.32667 1.32667 1.32667
5.4 -4 4.5 5.4 -4 4.8 5.7 -4 4.8 5.7 -4 4.5 1.32667 1.32667 1.32667
5.4 -4 4.8 5.4 -4 5.1 5.7 -4 5.1 5.7 -4 4.8 1.47198 1.47198 1.47198
5.4 -4 5.1 5.4 -4 5.4 5.7 -4 5.4 5.7 -4 5.1 1.41497 1.41497 1.41497
5.4 -4 5.4 5.4 -4 5.7 5.7 -4 5.7 5.7 -4 5.4 1.32579 1.32579 1.32579
5.4 -4 5.7 5.4 -4 6 5.7 -4 6 5.7 -4 5.7 1.12296 1.12296 1.12296
5.7 -4 3 5.7 -4 3.3 6 -4 3.3 6 -4 3 0.951641 0.951641 0.951641
5.7 -4 3.3 5.7 -4 3.6 6 -4 3.6 6 -4 3.3 1.12296 1.12296 1.12296
5.7 -4 3.6 5.7 -4 3.9 6 -4 3.9 6 -4 3.6 1.19752 1.19752 1.19752
5.7 -4 3.9 5.7 -4 4.2 6 -4 4.2 6 -4 3.9 1.24516 1.24516 1.24516
5.7 -4 4.2 5.7 -4 4.5 6 -4 4.5 6 -4 4.2 1.12177 1.12177 1.12177
5.7 -4 4.5 5.7 -4 4.8 6 -4 4.8 6 -4 4.5 1.12177 1.12177 1.12177
5.7 -4 4.8 5.7 -4 5.1 6 -4 5.1 6 -4 4.8 1.24516 1.24516 1.24516
5.7 -4 5.1 5.7 -4 5.4 6 -4 5.4 6 -4 5.1 1.19752 1.19752 1.19752
5.7 -4 5.4 5.7 -4 5.7 6 -4 5.7 6 -4 5.4 1.12296 1.12296 1.12296
5.7 -4 5.7 5.7 -4 6 6 -4 6 6 -4 5.7 0.951641 0.951641 0.951641
6 -8 3 6 -8 3.3 5.7 -8 3.3 5.7 -8 3 0 0 0
6 -8 3.3 6 -8 3.6 5.7 -8 3.6 5.7 -8 3.3 0 0 0
6 -8 3.6 6 -8 3.9 5.7 -8 3.9 5.7 -8 3.6 0 0 0
6 -8 3.9 6 -8 4.2 5.7 -8 4.2 5.7 -8 3.9 0 0 0
6 -8 4.2 6 -8 4.5 5.7 -8 4.5 5.7 -8 4.2 0 0 0
6 -8 4.5 6 -8 4.8 5.7 -8 4.8 5.7 -8 4.5 0 0 0
6 -8 4.8 6 -8 5.1 5.7 -8 5.1 5.7 -8 4.8 0 0 0
6 -8 5.1 6 -8 5.4 5.7 -8 5.4 5.7 -8 5.1 0 0 0
6 -8 5.4 6 -8 5.7 5.7 -8 5.7 5.7 -8 5.4 0 0 0
6 -8 5.7 6 -8 6 5.7 -8 6 5.7 -8 5.7 0 0 0
5.7 -8 3 5.7 -8 3.3 5.4 -8 3.3 5.4 -8 3 0 0 0
5.7 -8 3.3 5.7 -8 3.6 5.4 -8 3.6 5.4 -8 3.3 0 0 0
5.7 -8 3.6 5.7 -8 3.9 5.4 -8 3.9 5.4 -8 3.6 0 0 0
5.7 -8 3.9 5.7 -8 4.2 5.4 -8 4.2 5.4 -8 3.9 0 0 0
5.7 -8 4.2 5.7 -8 4.5 5.4 -8 4.5 5.4 -8 4.2 0 0 0
5.7 -8 4.5 5.7 -8 4.8 5.4 -8 4.8 5.4 -8 4.5 0 0 0
5.7 -8 4.8 5.7 -8 5.1 5.4 -8 5.1 5.4 -8 4.8 0 0 0
5.7 -8 5.1 5.7 -8 5.4 5.4 -8 5.4 5.4 -8 5.1 0 0 0
5.7 -8 5.4 5.7 -8 5.7 5.4 -8 5.7 5.4 -8 5.4 0 0 0
5.7 -8 5.7 5.7 -8 6 5.4 -8 6 5.4 -8 5.7 0 0 0
5.4 -8 3 5.4 -8 3.3 5.1 -8 3.3 5.1 -8 3 0 0 0
5.4 -8 3.3 5.4 -8 3.6 5.1 -8 3.6 5.1 -8 3.3 0 0 0
5.4 -8 3.6 5.4 -8 3.9 5.1 -8 3.9 5.1 -8 3.6 0 0 0
5.4 -8 3.9 5.4 -8 4.2 5.1 -8 4.2 5.1 -8 3.9 0 0 0
5.4 -8 4.2 5.4 -8 4.5 5.1 -8 4.5 5.1 -8 4.2 0 0 0
5.4 -8 4.5 5.4 -8 4.8 5.1 -8 4.8 5.1 -8 4.5 0 0 0
5.4 -8 4.8 5.4 -8 5.1 5.1 -8 5.1 5.1 -8 4.8 0 0 0
5.4 -8 5.1 5.4 -8 5.4 5.1 -8 5.4 5.1 -8 5.1 0 0 0
5.4 -8 5.4 5.4 -8 5.7 5.1 -8 5.7 5.1 -8 5.4 0 0 0
5.4 -8 5.7 5.4 -8 6 5.1 -8 6 5.1 -8 5.7 0 0 0
5.1 -8 3 5.1 -8 3.3 4.8 -8 3.3 4.8 -8 3 0 0 0
5.1 -8 3.3 5.1 -8 3.6 4.8 -8 3.6 4.8 -8 3.3 0 0 0
5.1 -8 3.6 5.1 -8 3.9 4.8 -8 3.9 4.8 -8 3.6 0 0 0
5.1 -8 3.9 5.1 -8 4.2 4.8 -8 4.2 4.8 -8 3.9 0 0 0
5.1 -8 4.2 5.1 -8 4.5 4.8 -8 4.5 4.8 -8 4.2 0 0 0
5.1 -8 4.5 5.1 -8 4.8 4.8 -8 4.8 4.8 -8 4.5 0 0 0
5.1 -8 4.8 5.1 -8 5.1 4.8 -8 5.1 4.8 -8 4.8 0 0 0
5.1 -8 5.1 5.1 -8 5.4 4.8 -8 5.4 4.8 -8 5.1 0 0 0
5.1 -8 5.4 5.1 -8 5.7 4.8 -8 5.7 4.8 -8 5.4 0 0 0
5.1 -8 5.7 5.1 -8 6 4.8 -8 6 4.8 -8 5.7 0 0 0
4.8 -8 3 4.8 -8 3.3 4.5 -8 3.3 4.5 -8 3 0 0 0
4.8 -8 3.3 4.8 -8 3.6 4.5 -8 3.6 4.5 -8 3.3 0 0 0
4.8 -8 3.6 4.8 -8 3.9 4.5 -8 3.9 4.5 -8 3.6 0 0 0
4.8 -8 3.9 4.8 -8 4.2 4.5 -8 4.2 4.5 -8 3.9 0 0 0
4.8 -8 4.2 4.8 -8 4.5 4.5 -8 4.5 4.5 -8 4.2 0 0 0
4.8 -8 4.5 4.8 -8 4.8 4.5 -8 4.8 4.5 -8 4.5 0 0 0
4.8 -8 4.8 4.8 -8 5.1 4.5 -8 5.1 4.5 -8 4.8 0 0 0
4.8 -8 5.1 4.8 -8 5.4 4.5 -8 5.4 4.5 -8 5.1 0 0 0
4.8 -8 5.4 4.8 -8 5.7 4.5 -8 5.7 4.5 -8 5.4 0 0 0
4.8 -8 5.7 4.8 -8 6 4.5 -8 6 4.5 -8 5.7 0 0 0
4.5 -8 3 4.5 -8 3.3 4.2 -8 3.3 4.2 -8 3 0 0 0
4.5 -8 3.3 4.5 -8 3.6 4.2 -8 3.6 4.2 -8 3.3 0 0 0
4.5 -8 3.6 4.5 -8 3.9 4.2 -8 3.9 4.2 -8 3.6 0 0 0
4.5 -8 3.9 4.5 -8 4.2 4.2 -8 4.2 4.2 -8 3.9 0 0 0
4.5 -8 4.2 4.5 -8 4.5 4.2 -8 4.5 4.2 -8 4.2 0 0 0
4.5 -8 4.5 4.5 -8 4.8 4.2 -8 4.8 4.2 -8 4.5 0 0 0
4.5 -8 4.8 4.5 -8 5.1 4.2 -8 5.1 4.2 -8 4.8 0 0 0
4.5 -8 5.1 4.5 -8 5.4 4.2 -8 5.4 4.2 -8 5.1 0 0 0
4.5 -8 5.4 4.5 -8 5.7 4.2 -8 5.7 4.2 -8 5.4 0 0 0
4.5 -8 5.7 4.5 -8 6 4.2 -8 6 4.2 -8 5.7 0 0 0
4.2 -8 3 4.2 -8 3.3 3.9 -8 3.3 3.9 -8 3 0 0 0
4.2 -8 3.3 4.2 -8 3.6 3.9 -8 3.6 3.9 -8 3.3 0 0 0
4.2 -8 3.6 4.2 -8 3.9 3.9 -8 3.9 3.9 -8 3.6 0 0 0
4.2 -8 3.9 4.2 -8 4.2 3.9 -8 4.2 3.9 -8 3.9 0 0 0
4.2 -8 4.2 4.2 -8 4.5 3.9 -8 4.5 3.9 -8 4.2 0 0 0
4.2 -8 4.5 4.2 -8 4.8 3.9 -8 4.8 3.9 -8 4.5 0 0 0
4.2 -8 4.8 4.2 -8 5.1 3.9 -8 5.1 3.9 -8 4.8 0 0 0
4.2 -8 5.1 4.2 -8 5.4 3.9 -8 5.4 3.9 -8 5.1 0 0 0
4.2 -8 5.4 4.2 -8 5.7 3.9 -8 5.7 3.9 -8 5.4 0 0 0
4.2 -8 5.7 4.2 -8 6 3.9 -8 6 3.9 -8 5.7 0 0 0
3.9 -8 3 3.9 -8 3.3 3.6 -8 3.3 3.6 -8 3 0 0 0
3.9 -8 3.3 3.9 -8 3.6 3.6 -8 3.6 3.6 -8 3.3 0 0 0
3.9 -8 3.6 3.9 -8 3.9 3.6 -8 3.9 3.6 -8 3.6 0 0 0
3.9 -8 3.9 3.9 -8 4.2 3.6 -8 4.2 3.6 -8 3.9 0 0 0
3.9 -8 4.2 3.9 -8 4.5 3.6 -8 4.5 3.6 -8 4.2 0 0 0
3.9 -8 4.5 3.9 -8 4.8 3.6 -8 4.8 3.6 -8 4.5 0 0 0
3.9 -8 4.8 3.9 -8 5.1 3.6 -8 5.1 3.6 -8 4.8 0 0 0
3.9 -8 5.1 3.9 -8 5.4 3.6 -8 5.4 3.6 -8 5.1 0 0 0
3.9 -8 5.4 3.9 -8 5.7 3.6 -8 5.7 3.6 -8 5.4 0 0 0
3.9 -8 5.7 3.9 -8 6 3.6 -8 6 3.6 -8 5.7 0 0 0
3.6 -8 3 3.6 -8 3.3 3.3 -8 3.3 3.3 -8 3 0 0 0
3.6 -8 3.3 3.6 -8 3.6 3.3 -8 3.6 3.3 -8 3.3 0 0 0
3.6 -8 3.6 3.6 -8 3.9 3.3 -8 3.9 3.3 -8 3.6 0 0 0
3.6 -8 3.9 3.6 -8 4.2 3.3 -8 4.2 3.3 -8 3.9 0 0 0
3.6 -8 4.2 3.6 -8 4.5 3.3 -8 4.5 3.3 -8 4.2 0 0 0
3.6 -8 4.5 3.6 -8 4.8 3.3 -8 4.8 3.3 -8 4.5 0 0 0
3.6 -8 4.8 3.6 -8 5.1 3.3 -8 5.1 3.3 -8 4.8 0 0 0
3.6 -8 5.1 3.6 -8 5.4 3.3 -8 5.4 3.3 -8 5.1 0 0 0
3.6 -8 5.4 3.6 -8 5.7 3.3 -8 5.7 3.3 -8 5.4 0 0 0
3.6 -8 5.7 3.6 -8 6 3.3 -8 6 3.3 -8 5.7 0 0 0
3.3 -8 3 3.3 -8 3.3 3 -8 3.3 3 -8 3 0 0 0
3.3 -8 3.3 3.3 -8 3.6 3 -8 3.6 3 -8 3.3 0 0 0
3.3 -8 3.6 3.3 -8 3.9 3 -8 3.9 3 -8 3.6 0 0 0
3.3 -8 3.9 3.3 -8 4.2 3 -8 4.2 3 -8 3.9 0 0 0
3.3 -8 4.2 3.3 -8 4.5 3 -8 4.5 3 -8 4.2 0 0 0
3.3 -8 4.5 3.3 -8 4.8 3 -8 4.8 3 -8 4.5 0 0 0
3.3 -8 4.8 3.3 -8 5.1 3 -8 5.1 3 -8 4.8 0 0 0
3.3 -8 5.1 3.3 -8 5.4 3 -8 5.4 3 -8 5.1 0 0 0
3.3 -8 5.4 3.3 -8 5.7 3 -8 5.7 3 -8 5.4 0 0 0
3.3 -8 5.7 3.3 -8 6 3 -8 6 3 -8 5.7 0 0 0
3 -4 6 3 -4.4 6 3.3 -4.4 6 3.3 -4 6 0 0 0
3 -4.4 6 3 -4.8 6 3.3 -4.8 6 3.3 -4.4 6 0 0 0
3 -4.8 6 3 -5.2 6 3.3 -5.2 6 3.3 -4.8 6 0 0 0
3 -5.2 6 3 -5.6 6 3.3 -5.6 6 3.3 -5.2 6 0 0 0
3 -5.6 6 3 -6 6 3.3 -6 6 3.3 -5.6 6 0 0 0
3 -6 6 3 -6.4 6 3.3 -6.4 6 3.3 -6 6 0 0 0
3 -6.4 6 3 -6.8 6 3.3 -6.8 6 3.3 -6.4 6 0 0 0
3 -6.8 6 3 -7.2 6 3.3 -7.2 6 3.3 -6.8 6 0 0 0
3 -7.2 6 3 -7.6 6 3.3 -7.6 6 3.3 -7.2 6 0 0 0
3 -7.6 6 3 -8 6 3.3 -8 6 3.3 -7.6 6 0 0 0
3.3 -4 6 3.3 -4.4 6 3.6 -4.4 6 3.6 -4 6 0 0 0
3.3 -4.4 6 3.3 -4.8 6 3.6 -4.8 6 3.6 -4.4 6 0 0 0
3.3 -4.8 6 3.3 -5.2 6 3.6 -5.2 6 3.6 -4.8 6 0 0 0
3.3 -5.2 6 3.3 -5.6 6 3.6 -5.6 6 3.6 -5.2 6 0 0 0
3.3 -5.6 6 3.3 -6 6 3.6 -6 6 3.6 -5.6 6 0 0 0
3.3 -6 6 3.3 -6.4 6 3.6 -6.4 6 3.6 -6 6 0 0 0
3.3 -6.4 6 3.3 -6.8 6 3.6 -6.8 6 3.6 -6.4 6 0 0 0
3.3 -6.8 6 3.3 -7.2 6 3.6 -7.2 6 3.6 -6.8 6 0 0 0
3.3 -7.2 6 3.3 -7.6 6 3.6 -7.6 6 3.6 -7.2 6 0 0 0
3.3 -7.6 6 3.3 -8 6 3.6 -8 6 3.6 -7.6 6 0 0 0
3.6 -4 6 3.6 -4.4 6 3.9 -4.4 6 3.9 -4 6 0 0 0
3.6 -4.4 6 3.6 -4.8 6 3.9 -4.8 6 3.9 -4.4 6 0 0 0
3.6 -4.8 6 3.6 -5.2 6 3.9 -5.2 6 3.9 -4.8 6 0 0 0
3.6 -5.2 6 3.6 -5.6 6 3.9 -5.6 6 3.9 -5.2 6 0 0 0
3.6 -5.6 6 3.6 -6 6 3.9 -6 6 3.9 -5.6 6 0 0 0
3.6 -6 6 3.6 -6.4 6 3.9 -6.4 6 3.9 -6 6 0 0 0
3.6 -6.4 6 3.6 -6.8 6 3.9 -6.8 6 3.9 -6.4 6 0 0 0
3.6 -6.8 6 3.6 -7.2 6 3.9 -7.2 6 3.9 -6.8 6 0 0 0
3.6 -7.2 6 3.6 -7.6 6 3.9 -7.6 6 3.9 -7.2 6 0 0 0
3.6 -7.6 6 3.6 -8 6 3.9 -8 6 3.9 -7.6 6 0 0 0
3.9 -4 6 3.9 -4.4 6 4.2 -4.4 6 4.2 -4 6 0 0 0
3.9 -4.4 6 3.9 -4.8 6 4.2 -4.8 6 4.2 -4.4 6 0 0 0
3.9 -4.8 6 3.9 -5.2 6 4.2 -5.2 6 4.2 -4.8 6 0 0 0
3.9 -5.2 6 3.9 -5.6 6 4.2 -5.6 6 4.2 -5.2 6 0 0 0
3.9 -5.6 6 3.9 -6 6 4.2 -6 6 4.2 -5.6 6 0 0 0
3.9 -6 6 3.9 -6.4 6 4.2 -6.4 6 4.2 -6 6 0 0 0
3.9 -6.4 6 3.9 -6.8 6 4.2 -6.8 6 4.2 -6.4 6 0 0 0
3.9 -6.8 6 3.9 -7.2 6 4.2 -7.2 6 4.2 -6.8 6 0 0 0
3.9 -7.2 6 3.9 -7.6 6 4.2 -7.6 6 4.2 -7.2 6 0 0 0
3.9 -7.6 6 3.9 -8 6 4.2 -8 6 4.2 -7.6 6 0 0 0
4.2 -4 6 4.2 -4.4 6 4.5 -4.4 6 4.5 -4 6 0 0 0
4.2 -4.4 6 4.2 -4.8 6 4.5 -4.8 6 4.5 -4.4 6 0 0 0
4.2 -4.8 6 4.2 -5.2 6 4.5 -5.2 6 4.5 -4.8 6 0 0 0
4.2 -5.2 6 4.2 -5.6 6 4.5 -5.6 6 4.5 -5.2 6 0 0 0
4.2 -5.6 6 4.2 -6 6 4.5 -6 6 4.5 -5.6 6 0 0 0
4.2 -6 6 4.2 -6.4 6 4.5 -6.4 6 4.5 -6 6 0 0 0
4.2 -6.4 6 4.2 -6.8 6 4.5 -6.8 6 4.5 -6.4 6 0 0 0
4.2 -6.8 6 4.2 -7.2 6 4.5 -7.2 6 4.5 -6.8 6 0 0 0
4.2 -7.2 6 4.2 -7.6 6 4.5 -7.6 6 4.5 -7.2 6 0 0 0
4.2 -7.6 6 4.2 -8 6 4.5 -8 6 4.5 -7.6 6 0 0 0
4.5 -4 6 4.5 -4.4 6 4.8 -4.4 6 4.8 -4 6 0 0 0
4.5 -4.4 6 4.5 -4.8 6 4.8 -4.8 6 4.8 -4.4 6 0 0 0
4.5 -4.8 6 4.5 -5.2 6 4.8 -5.2 6 4.8 -4.8 6 0 0 0
4.5 -5.2 6 4.5 -5.6 6 4.8 -5.6 6 4.8 -5.2 6 0 0 0
4.5 -5.6 6 4.5 -6 6 4.8 -6 6 4.8 -5.6 6 0 0 0
4.5 -6 6 4.5 -6.4 6 4.8 -6.4 6 4.8 -6 6 0 0 0
4.5 -6.4 6 4.5 -6.8 6 4.8 -6.8 6 4.8 -6.4 6 0 0 0
4.5 -6.8 6 4.5 -7.2 6 4.8 -7.2 6 4.8 -6.8 6 0 0 0
4.5 -7.2 6 4.5 -7.6 6 4.8 -7.6 6 4.8 -7.2 6 0 0 0
4.5 -7.6 6 4.5 -8 6 4.8 -8 6 4.8 -7.6 6 0 0 0
4.8 -4 6 4.8 -4.4 6 5.1 -4.4 6 5.1 -4 6 0 0 0
4.8 -4.4 6 4.8 -4.8 6 5.1 -4.8 6 5.1 -4.4 6 0 0 0
4.8 -4.8 6 4.8 -5.2 6 5.1 -5.2 6 5.1 -4.8 6 0 0 0
4.8 -5.2 6 4.8 -5.6 6 5.1 -5.6 6 5.1 -5.2 6 0 0 0
4.8 -5.6 6 4.8 -6 6 5.1 -6 6 5.1 -5.6 6 0 0 0
4.8 -6 6 4.8 -6.4 6 5.1 -6.4 6 5.1 -6 6 0 0 0
4.8 -6.4 6 4.8 -6.8 6 5.1 -6.8 6 5.1 -6.4 6 0 0 0
4.8 -6.8 6 4.8 -7.2 6 5.1 -7.2 6 5.1 -6.8 6 0 0 0
4.8 -7.2 6 4.8 -7.6 6 5.1 -7.6 6 5.1 -7.2 6 0 0 0
4.8 -7.6 6 4.8 -8 6 5.1 -8 6 5.1 -7.6 6 0 0 0
5.1 -4 6 5.1 -4.4 6 5.4 -4.4 6 5.4 -4 6 0 0 0
5.1 -4.4 6 5.1 -4.8 6 5.4 -4.8 6 5.4 -4.4 6 0 0 0
5.1 -4.8 6 5.1 -5.2 6 5.4 -5.2 6 5.4 -4.8 6 0 0 0
5.1 -5.2 6 5.1 -5.6 6 5.4 -5.6 6 5.4 -5.2 6 0 0 0
5.1 -5.6 6 5.1 -6 6 5.4 -6 6 5.4 -5.6 6 0 0 0
5.1 -6 6 5.1 -6.4 6 5.4 -6.4 6 5.4 -6 6 0 0 0
5.1 -6.4 6 5.1 -6.8 6 5.4 -6.8 6 5.4 -6.4 6 0 0 0
5.1 -6.8 6 5.1 -7.2 6 5.4 -7.2 6 5.4 -6.8 6 0 0 0
5.1 -7.2 6 5.1 -7.6 6 5.4 -7.6 6 5.4 -7.2 6 0 0 0
5.1 -7.6 6 5.1 -8 6 5.4 -8 6 5.4 -7.6 6 0 0 0
5.4 -4 6 5.4 -4.4 6 5.7 -4.4 6 5.7 -4 6 0 0 0
5.4 -4.4 6 5.4 -4.8 6 5.7 -4.8 6 5.7 -4.4 6 0 0 0
5.4 -4.8 6 5.4 -5.2 6 5.7 -5.2 6 5.7 -4.8 6 0 0 0
5.4 -5.2 6 5.4 -5.6 6 5.7 -5.6 6 5.7 -5.2 6 0 0 0
5.4 -5.6 6 5.4 -6 6 5.7 -6 6 5.7 -5.6 6 0 0 0
5.4 -6 6 5.4 -6.4 6 5.7 -6.4 6 5.7 -6 6 0 0 0
5.4 -6.4 6 5.4 -6.8 6 5.7 -6.8 6 5.7 -6.4 6 0 0 0
5.4 -6.8 6 5.4 -7.2 6 5.7 -7.2 6 5.7 -6.8 6 0 0 0
5.4 -7.2 6 5.4 -7.6 6 5.7 -7.6 6 5.7 -7.2 6 0 0 0
5.4 -7.6 6 5.4 -8 6 5.7 -8 6 5.7 -7.6 6 0 0 0
5.7 -4 6 5.7 -4.4 6 6 -4.4 6 6 -4 6 0 0 0
5.7 -4.4 6 5.7 -4.8 6 6 -4.8 6 6 -4.4 6 0 0 0
5.7 -4.8 6 5.7 -5.2 6 6 -5.2 6 6 -4.8 6 0 0 0
5.7 -5.2 6 5.7 -5.6 6 6 -5.6 6 6 -5.2 6 0 0 0
5.7 -5.6 6 5.7 -6 6 6 -6 6 6 -5.6 6 0 0 0
5.7 -6 6 5.7 -6.4 6 6 -6.4 6 6 -6 6 0 0 0
5.7 -6.4 6 5.7 -6.8 6 6 -6.8 6 6 -6.4 6 0 0 0
5.7 -6.8 6 5.7 -7.2 6 6 -7.2 6 6 -6.8 6 0 0 0
5.7 -7.2 6 5.7 -7.6 6 6 -7.6 6 6 -7.2 6 0 0 0
5.7 -7.6 6 5.7 -8 6 6 -8 6 6 -7.6 6 0 0 0
6 -4 6 6 -4.4 6 6 -4.4 5.7 6 -4 5.7 0 0 0
6 -4.4 6 6 -4.8 6 6 -4.8 5.7 6 -4.4 5.7 0 0 0
6 -4.8 6 6 -5.2 6 6 -5.2 5.7 6 -4.8 5.7 0 0 0
6 -5.2 6 6 -5.6 6 6 -5.6 5.7 6 -5.2 5.7 0 0 0
6 -5.6 6 6 -6 6 6 -6 5.7 6 -5.6 5.7 0 0 0
6 -6 6 6 -6.4 6 6 -6.4 5.7 6 -6 5.7 0 0 0
6 -6.4 6 6 -6.8 6 6 -6.8 5.7 6 -6.4 5.7 0 0 0
6 -6.8 6 6 -7.2 6 6 -7.2 5.7 6 -6.8 5.7 0 0 0
6 -7.2 6 6 -7.6 6 6 -7.6 5.7 6 -7.2 5.7 0 0 0
6 -7.6 6 6 -8 6 6 -8 5.7 6 -7.6 5.7 0 0 0
6 -4 5.7 6 -4.4 5.7 6 -4.4 5.4 6 -4 5.4 0 0 0
6 -4.4 5.7 6 -4.8 5.7 6 -4.8 5.4 6 -4.4 5.4 0 0 0
6 -4.8 5.7 6 -5.2 5.7 6 -5.2 5.4 6 -4.8 5.4 0 0 0
6 -5.2 5.7 6 -5.6 5.7 6 -5.6 5.4 6 -5.2 5.4 0 0 0
6 -5.6 5.7 6 -6 5.7 6 -6 5.4 6 -5.6 5.4 0 0 0
6 -6 5.7 6 -6.4 5.7 6 -6.4 5.4 6 -6 5.4 0 0 0
6 -6.4 5.7 6 -6.8 5.7 6 -6.8 5.4 6 -6.4 5.4 0 0 0
6 -6.8 5.7 6 -7.2 5.7 6 -7.2 5.4 6 -6.8 5.4 0 0 0
6 -7.2 5.7 6 -7.6 5.7 6 -7.6 5.4 6 -7.2 5.4 0 0 0
6 -7.6 5.7 6 -8 5.7 6 -8 5.4 6 -7.6 5.4 0 0 0
6 -4 5.4 6 -4.4 5.4 6 -4.4 5.1 6 -4 5.1 0 0 0
6 -4.4 5.4 6 -4.8 5.4 6 -4.8 5.1 6 -4.4 5.1 0 0 0
6 -4.8 5.4 6 -5.2 5.4 6 -5.2 5.1 6 -4.8 5.1 0 0 0
6 -5.2 5.4 6 -5.6 5.4 6 -5.6 5.1 6 -5.2 5.1 0 0 0
6 -5.6 5.4 6 -6 5.4 6 -6 5.1 6 -5.6 5.1 0 0 0
6 -6 5.4 6 -6.4 5.4 6 -6.4 5.1 6 -6 5.1 0 0 0
6 -6.4 5.4 6 -6.8 5.4 6 -6.8 5.1 6 -6.4 5.1 0 0 0
6 -6.8 5.4 6 -7.2 5.4 6 -7.2 5.1 6 -6.8 5.1 0 0 0
6 -7.2 5.4 6 -7.6 5.4 6 -7.6 5.1 6 -7.2 5.1 0 0 0
6 -7.6 5.4 6 -8 5.4 6 -8 5.1 6 -7.6 5.1 0 0 0
6 -4 5.1 6 -4.4 5.1 6 -4.4 4.8 6 -4 4.8 0 0 0
6 -4.4 5.1 6 -4.8 5.1 6 -4.8 4.8 6 -4.4 4.8 0 0 0
6 -4.8 5.1 6 -5.2 5.1 6 -5.2 4.8 6 -4.8 4.8 0 0 0
6 -5.2 5.1 6 -5.6 5.1 6 -5.6 4.8 6 -5.2 4.8 0 0 0
6 -5.6 5.1 6 -6 5.1 6 -6 4.8 6 -5.6 4.8 0 0 0
6 -6 5.1 6 -6.4 5.1 6 -6.4 4.8 6 -6 4.8 0 0 0
6 -6.4 5.1 6 -6.8 5.1 6 -6.8 4.8 6 -6.4 4.8 0 0 0
6 -6.8 5.1 6 -7.2 5.1 6 -7.2 4.8 6 -6.8 4.8 0 0 0
6 -7.2 5.1 6 -7.6 5.1 6 -7.6 4.8 6 -7.2 4.8 0 0 0
6 -7.6 5.1 6 -8 5.1 6 -8 4.8 6 -7.6 4.8 0 0 0
6 -4 4.8 6 -4.4 4.8 6 -4.4 4.5 6 -4 4.5 0 0 0
6 -4.4 4.8 6 -4.8 4.8 6 -4.8 4.5 6 -4.4 4.5 0 0 0
6 -4.8 4.8 6 -5.2 4.8 6 -5.2 4.5 6 -4.8 4.5 0 0 0
6 -5.2 4.8 6 -5.6 4.8 6 -5.6 4.5 6 -5.2 4.5 0 0 0
6 -5.6 4.8 6 -6 4.8 6 -6 4.5 6 -5.6 4.5 0 0 0
6 -6 4.8 6 -6.4 4.8 6 -6.4 4.5 6 -6 4.5 0 0 0
6 -6.4 4.8 6 -6.8 4.8 6 -6.8 4.5 6 -6.4 4.5 0 0 0
6 -6.8 4.8 6 -7.2 4.8 6 -7.2 4.5 6 -6.8 4.5 0 0 0
6 -7.2 4.8 6 -7.6 4.8 6 -7.6 4.5 6 -7.2 4.5 0 0 0
6 -7.6 4.8 6 -8 4.8 6 -8 4.5 6 -7.6 4.5 0 0 0
6 -4 4.5 6 -4.4 4.5 6 -4.4 4.2 6 -4 4.2 0 0 0
6 -4.4 4.5 6 -4.8 4.5 6 -4.8 4.2 6 -4.4 4.2 0 0 0
6 -4.8 4.5 6 -5.2 4.5 6 -5.2 4.2 6 -4.8 4.2 0 0 0
6 -5.2 4.5 6 -5.6 4.5 6 -5.6 4.2 6 -5.2 4.2 0 0 0
6 -5.6 4.5 6 -6 4.5 6 -6 4.2 6 -5.6 4.2 0 0 0
6 -6 4.5 6 -6.4 4.5 6 -6.4 4.2 6 -6 4.2 0 0 0
6 -6.4 4.5 6 -6.8 4.5 6 -6.8 4.2 6 -6.4 4.2 0 0 0
6 -6.8 4.5 6 -7.2 4.5 6 -7.2 4.2 6 -6.8 4.2 0 0 0
6 -7.2 4.5 6 -7.6 4.5 6 -7.6 4.2 6 -7.2 4.2 0 0 0
6 -7.6 4.5 6 -8 4.5 6 -8 4.2 6 -7.6 4.2 0 0 0
6 -4 4.2 6 -4.4 4.2 6 -4.4 3.9 6 -4 3.9 0 0 0
6 -4.4 4.2 6 -4.8 4.2 6 -4.8 3.9 6 -4.4 3.9 0 0 0
6 -4.8 4.2 6 -5.2 4.2 6 -5.2 3.9 6 -4.8 3.9 0 0 0
6 -5.2 4.2 6 -5.6 4.2 6 -5.6 3.9 6 -5.2 3.9 0 0 0
6 -5.6 4.2 6 -6 4.2 6 -6 3.9 6 -5.6 3.9 0 0 0
6 -6 4.2 6 -6.4 4.2 6 -6.4 3.9 6 -6 3.9 0 0 0
6 -6.4 4.2 6 -6.8 4.2 6 -6.8 3.9 6 -6.4 3.9 0 0 0
6 -6.8 4.2 6 -7.2 4.2 6 -7.2 3.9 6 -6.8 3.9 0 0 0
6 -7.2 4.2 6 -7.6 4.2 6 -7.6 3.9 6 -7.2 3.9 0 0 0
6 -7.6 4.2 6 -8 4.2 6 -8 3.9 6 -7.6 3.9 0 0 0
6 -4 3.9 6 -4.4 3.9 6 -4.4 3.6 6 -4 3.6 0 0 0
6 -4.4 3.9 6 -4.8 3.9 6 -4.8 3.6 6 -4.4 3.6 0 0 0
6 -4.8 3.9 6 -5.2 3.9 6 -5.2 3.6 6 -4.8 3.6 0 0 0
6 -5.2 3.9 6 -5.6 3.9 6 -5.6 3.6 6 -5.2 3.6 0 0 0
6 -5.6 3.9 6 -6 3.9 6 -6 3.6 6 -5.6 3.6 0 0 0
6 -6 3.9 6 -6.4 3.9 6 -6.4 3.6 6 -6 3.6 0 0 0
6 -6.4 3.9 6 -6.8 3.9 6 -6.8 3.6 6 -6.4 3.6 0 0 0
6 -6.8 3.9 6 -7.2 3.9 6 -7.2 3.6 6 -6.8 3.6 0 0 0
6 -7.2 3.9 6 -7.6 3.9 6 -7.6 3.6 6 -7.2 3.6 0 0 0
6 -7.6 3.9 6 -8 3.9 6 -8 3.6 6 -7.6 3.6 0 0 0
6 -4 3.6 6 -4.4 3.6 6 -4.4 3.3 6 -4 3.3 0 0 0
6 -4.4 3.6 6 -4.8 3.6 6 -4.8 3.3 6 -4.4 3.3 0 0 0
6 -4.8 3.6 6 -5.2 3.6 6 -5.2 3.3 6 -4.8 3.3 0 0 0
6 -5.2 3.6 6 -5.6 3.6 6 -5.6 3.3 6 -5.2 3.3 0 0 0
6 -5.6 3.6 6 -6 3.6 6 -6 3.3 6 -5.6 3.3 0 0 0
6 -6 3.6 6 -6.4 3.6 6 -6.4 3.3 6 -6 3.3 0 0 0
6 -6.4 3.6 6 -6.8 3.6 6 -6.8 3.3 6 -6.4 3.3 0 0 0
6 -6.8 3.6 6 -7.2 3.6 6 -7.2 3.3 6 -6.8 3.3 0 0 0
6 -7.2 3.6 6 -7.6 3.6 6 -7.6 3.3 6 -7.2 3.3 0 0 0
6 -7.6 3.6 6 -8 3.6 6 -8 3.3 6 -7.6 3.3 0 0 0
6 -4 3.3 6 -4.4 3.3 6 -4.4 3 6 -4 3 0 0 0
6 -4.4 3.3 6 -4.8 3.3 6 -4.8 3 6 -4.4 3 0 0 0
6 -4.8 3.3 6 -5.2 3.3 6 -5.2 3 6 -4.8 3 0 0 0
6 -5.2 3.3 6 -5.6 3.3 6 -5.6 3 6 -5.2 3 0 0 0
6 -5.6 3.3 6 -6 3.3 6 -6 3 6 -5.6 3 0 0 0
6 -6 3.3 6 -6.4 3.3 6 -6.4 3 6 -6 3 0 0 0
6 -6.4 3.3 6 -6.8 3.3 6 -6.8 3 6 -6.4 3 0 0 0
6 -6.8 3.3 6 -7.2 3.3 6 -7.2 3 6 -6.8 3 0 0 0
6 -7.2 3.3 6 -7.6 3.3 6 -7.6 3 6 -7.2 3 0 0 0
6 -7.6 3.3 6 -8 3.3 6 -8 3 6 -7.6 3 0 0 0
3 -4 3 3 -4.4 3 3 -4.4 3.3 3 -4 3.3 0 0 0
3 -4.4 3 3 -4.8 3 3 -4.8 3.3 3 -4.4 3.3 0 0 0
3 -4.8 3 3 -5.2 3 3 -5.2 3.3 3 -4.8 3.3 0 0 0
3 -5.2 3 3 -5.6 3 3 -5.6 3.3 3 -5.2 3.3 0 0 0
3 -5.6 3 3 -6 3 3 -6 3.3 3 -5.6 3.3 0 0 0
3 -6 3 3 -6.4 3 3 -6.4 3.3 3 -6 3.3 0 0 0
3 -6.4 3 3 -6.8 3 3 -6.8 3.3 3 -6.4 3.3 0 0 0
3 -6.8 3 3 -7.2 3 3 -7.2 3.3 3 -6.8 3.3 0 0 0
3 -7.2 3 3 -7.6 3 3 -7.6 3.3 3 -7.2 3.3 0 0 0
3 -7.6 3 3 -8 3 3 -8 3.3 3 -7.6 3.3 0 0 0
3 -4 3.3 3 -4.4 3.3 3 -4.4 3.6 3 -4 3.6 0 0 0
3 -4.4 3.3 3 -4.8 3.3 3 -4.8 3.6 3 -4.4 3.6 0 0 0
3 -4.8 3.3 3 -5.2 3.3 3 -5.2 3.6 3 -4.8 3.6 0 0 0
3 -5.2 3.3 3 -5.6 3.3 3 -5.6 3.6 3 -5.2 3.6 0 0 0
3 -5.6 3.3 3 -6 3.3 3 -6 3.6 3 -5.6 3.6 0 0 0
3 -6 3.3 3 -6.4 3.3 3 -6.4 3.6 3 -6 3.6 0 0 0
3 -6.4 3.3 3 -6.8 3.3 3 -6.8 3.6 3 -6.4 3.6 0 0 0
3 -6.8 3.3 3 -7.2 3.3 3 -7.2 3.6 3 -6.8 3.6 0 0 0
3 -7.2 3.3 3 -7.6 3.3 3 -7.6 3.6 3 -7.2 3.6 0 0 0
3 -7.6 3.3 3 -8 3.3 3 -8 3.6 3 -7.6 3.6 0 0 0
3 -4 3.6 3 -4.4 3.6 3 -4.4 3.9 3 -4 3.9 0 0 0
3 -4.4 3.6 3 -4.8 3.6 3 -4.8 3.9 3 -4.4 3.9 0 0 0
3 -4.8 3.6 3 -5.2 3.6 3 -5.2 3.9 3 -4.8 3.9 0 0 0
3 -5.2 3.6 3 -5.6 3.6 3 -5.6 3.9 3 -5.2 3.9 0 0 0
3 -5.6 3.6 3 -6 3.6 3 -6 3.9 3 -5.6 3.9 0 0 0
3 -6 3.6 3 -6.4 3.6 3 -6.4 3.9 3 -6 3.9 0 0 0
3 -6.4 3.6 3 -6.8 3.6 3 -6.8 3.9 3 -6.4 3.9 0 0 0
3 -6.8 3.6 3 -7.2 3.6 3 -7.2 3.9 3 -6.8 3.9 0 0 0
3 -7.2 3.6 3 -7.6 3.6 3 -7.6 3.9 3 -7.2 3.9 0 0 0
3 -7.6 3.6 3 -8 3.6 3 -8 3.9 3 -7.6 3.9 0 0 0
3 -4 3.9 3 -4.4 3.9 3 -4.4 4.2 3 -4 4.2 0 0 0
3 -4.4 3.9 3 -4.8 3.9 3 -4.8 4.2 3 -4.4 4.2 0 0 0
3 -4.8 3.9 3 -5.2 3.9 3 -5.2 4.2 3 -4.8 4.2 0 0 0
3 -5.2 3.9 3 -5.6 3.9 3 -5.6 4.2 3 -5.2 4.2 0 0 0
3 -5.6 3.9 3 -6 3.9 3 -6 4.2 3 -5.6 4.2 0 0 0
3 -6 3.9 3 -6.4 3.9 3 -6.4 4.2 3 -6 4.2 0 0 0
3 -6.4 3.9 3 -6.8 3.9 3 -6.8 4.2 3 -6.4 4.2 0 0 0
3 -6.8 3.9 3 -7.2 3.9 3 -7.2 4.2 3 -6.8 4.2 0 0 0
3 -7.2 3.9 3 -7.6 3.9 3 -7.6 4.2 3 -7.2 4.2 0 0 0
3 -7.6 3.9 3 -8 3.9 3 -8 4.2 3 -7.6 4.2 0 0 0
3 -4 4.2 3 -4.4 4.2 3 -4.4 4.5 3 -4 4.5 0 0 0
3 -4.4 4.2 3 -4.8 4.2 3 -4.8 4.5 3 -4.4 4.5 0 0 0
3 -4.8 4.2 3 -5.2 4.2 3 -5.2 4.5 3 -4.8 4.5 0 0 0
3 -5.2 4.2 3 -5.6 4.2 3 -5.6 4.5 3 -5.2 4.5 0 0 0
3 -5.6 4.2 3 -6 4.2 3 -6 4.5 3 -5.6 4.5 0 0 0
3 -6 4.2 3 -6.4 4.2 3 -6.4 4.5 3 -6 4.5 0 0 0
3 -6.4 4.2 3 -6.8 4.2 3 -6.8 4.5 3 -6.4 4.5 0 0 0
3 -6.8 4.2 3 -7.2 4.2 3 -7.2 4.5 3 -6.8 4.5 0 0 0
3 -7.2 4.2 3 -7.6 4.2 3 -7.6 4.5 3 -7.2 4.5 0 0 0
3 -7.6 4.2 3 -8 4.2 3 -8 4.5 3 -7.6 4.5 0 0 0
3 -4 4.5 3 -4.4 4.5 3 -4.4 4.8 3 -4 4.8 0 0 0
3 -4.4 4.5 3 -4.8 4.5 3 -4.8 4.8 3 -4.4 4.8 0 0 0
3 -4.8 4.5 3 -5.2 4.5 3 -5.2 4.8 3 -4.8 4.8 0 0 0
3 -5.2 4.5 3 -5.6 4.5 3 -5.6 4.8 3 -5.2 4.8 0 0 0
3 -5.6 4.5 3 -6 4.5 3 -6 4.8 3 -5.6 4.8 0 0 0
3 -6 4.5 3 -6.4 4.5 3 -6.4 4.8 3 -6 4.8 0 0 0
3 -6.4 4.5 3 -6.8 4.5 3 -6.8 4.8 3 -6.4 4.8 0 0 0
3 -6.8 4.5 3 -7.2 4.5 3 -7.2 4.8 3 -6.8 4.8 0 0 0
3 -7.2 4.5 3 -7.6 4.5 3 -7.6 4.8 3 -7.2 4.8 0 0 0
3 -7.6 4.5 3 -8 4.5 3 -8 4.8 3 -7.6 4.8 0 0 0
3 -4 4.8 3 -4.4 4.8 3 -4.4 5.1 3 -4 5.1 0 0 0
3 -4.4 4.8 3 -4.8 4.8 3 -4.8 5.1 3 -4.4 5.1 0 0 0
3 -4.8 4.8 3 -5.2 4.8 3 -5.2 5.1 3 -4.8 5.1 0 0 0
3 -5.2 4.8 3 -5.6 4.8 3 -5.6 5.1 3 -5.2 5.1 0 0 0
3 -5.6 4.8 3 -6 4.8 3 -6 5.1 3 -5.6 5.1 0 0 0
3 -6 4.8 3 -6.4 4.8 3 -6.4 5.1 3 -6 5.1 0 0 0
3 -6.4 4.8 3 -6.8 4.8 3 -6.8 5.1 3 -6.4 5.1 0 0 0
3 -6.8 4.8 3 -7.2 4.8 3 -7.2 5.1 3 -6.8 5.1 0 0 0
3 -7.2 4.8 3 -7.6 4.8 3 -7.6 5.1 3 -7.2 5.1 0 0 0
3 -7.6 4.8 3 -8 4.8 3 -8 5.1 3 -7.6 5.1 0 0 0
3 -4 5.1 3 -4.4 5.1 3 -4.4 5.4 3 -4 5.4 0 0 0
3 -4.4 5.1 3 -4.8 5.1 3 -4.8 5.4 3 -4.4 5.4 0 0 0
3 -4.8 5.1 3 -5.2 5.1 3 -5.2 5.4 3 -4.8 5.4 0 0 0
3 -5.2 5.1 3 -5.6 5.1 3 -5.6 5.4 3 -5.2 5.4 0 0 0
3 -5.6 5.1 3 -6 5.1 3 -6 5.4 3 -5.6 5.4 0 0 0
3 -6 5.1 3 -6.4 5.1 3 -6.4 5.4 3 -6 5.4 0 0 0
3 -6.4 5.1 3 -6.8 5.1 3 -6.8 5.4 3 -6.4 5.4 0 0 0
3 -6.8 5.1 3 -7.2 5.1 3 -7.2 5.4 3 -6.8 5.4 0 0 0
3 -7.2 5.1 3 -7.6 5.1 3 -7.6 5.4 3 -7.2 5.4 0 0 0
3 -7.6 5.1 3 -8 5.1 3 -8 5.4 3 -7.6 5.4 0 0 0
3 -4 5.4 3 -4.4 5.4 3 -4.4 5.7 3 -4 5.7 0 0 0
3 -4.4 5.4 3 -4.8 5.4 3 -4.8 5.7 3 -4.4 5.7 0 0 0
3 -4.8 5.4 3 -5.2 5.4 3 -5.2 5.7 3 -4.8 5.7 0 0 0
3 -5.2 5.4 3 -5.6 5.4 3 -5.6 5.7 3 -5.2 5.7 0 0 0
3 -5.6 5.4 3 -6 5.4 3 -6 5.7 3 -5.6 5.7 0 0 0
3 -6 5.4 3 -6.4 5.4 3 -6.4 5.7 3 -6 5.7 0 0 0
3 -6.4 5.4 3 -6.8 5.4 3 -6.8 5.7 3 -6.4 5.7 0 0 0
3 -6.8 5.4 3 -7.2 5.4 3 -7.2 5.7 3 -6.8 5.7 0 0 0
3 -7.2 5.4 3 -7.6 5.4 3 -7.6 5.7 3 -7.2 5.7 0 0 0
3 -7.6 5.4 3 -8 5.4 3 -8 5.7 3 -7.6 5.7 0 0 0
3 -4 5.7 3 -4.4 5.7 3 -4.4 6 3 -4 6 0 0 0
3 -4.4 5.7 3 -4.8 5.7 3 -4.8 6 3 -4.4 6 0 0 0
3 -4.8 5.7 3 -5.2 5.7 3 -5.2 6 3 -4.8 6 0 0 0
3 -5.2 5.7 3 -5.6 5.7 3 -5.6 6 3 -5.2 6 0 0 0
3 -5.6 5.7 3 -6 5.7 3 -6 6 3 -5.6 6 0 0 0
3 -6 5.7 3 -6.4 5.7 3 -6.4 6 3 -6 6 0 0 0
3 -6.4 5.7 3 -6.8 5.7 3 -6.8 6 3 -6.4 6 0 0 0
3 -6.8 5.7 3 -7.2 5.7 3 -7.2 6 3 -6.8 6 0 0 0
3 -7.2 5.7 3 -7.6 5.7 3 -7.6 6 3 -7.2 6 0 0 0
3 -7.6 5.7 3 -8 5.7 3 -8 6 3 -7.6 6 0 0 0
6 -4 3 6 -4.4 3 5.7 -4.4 3 5.7 -4 3 0 0 0
6 -4.4 3 6 -4.8 3 5.7 -4.8 3 5.7 -4.4 3 0 0 0
6 -4.8 3 6 -5.2 3 5.7 -5.2 3 5.7 -4.8 3 0 0 0
6 -5.2 3 6 -5.6 3 5.7 -5.6 3 5.7 -5.2 3 0 0 0
6 -5.6 3 6 -6 3 5.7 -6 3 5.7 -5.6 3 0 0 0
6 -6 3 6 -6.4 3 5.7 -6.4 3 5.7 -6 3 0 0 0
6 -6.4 3 6 -6.8 3 5.7 -6.8 3 5.7 -6.4 3 0 0 0
6 -6.8 3 6 -7.2 3 5.7 -7.2 3 5.7 -6.8 3 0 0 0
6 -7.2 3 6 -7.6 3 5.7 -7.6 3 5.7 -7.2 3 0 0 0
6 -7.6 3 6 -8 3 5.7 -8 3 5.7 -7.6 3 0 0 0
5.7 -4 3 5.7 -4.4 3 5.4 -4.4 3 5.4 -4 3 0 0 0
5.7 -4.4 3 5.7 -4.8 3 5.4 -4.8 3 5.4 -4.4 3 0 0 0
5.7 -4.8 3 5.7 -5.2 3 5.4 -5.2 3 5.4 -4.8 3 0 0 0
5.7 -5.2 3 5.7 -5.6 3 5.4 -5.6 3 5.4 -5.2 3 0 0 0
5.7 -5.6 3 5.7 -6 3 5.4 -6 3 5.4 -5.6 3 0 0 0
5.7 -6 3 5.7 -6.4 3 5.4 -6.4 3 5.4 -6 3 0 0 0
5.7 -6.4 3 5.7 -6.8 3 5.4 -6.8 3 5.4 -6.4 3 0 0 0
5.7 -6.8 3 5.7 -7.2 3 5.4 -7.2 3 5.4 -6.8 3 0 0 0
5.7 -7.2 3 5.7 -7.6 3 5.4 -7.6 3 5.4 -7.2 3 0 0 0
5.7 -7.6 3 5.7 -8 3 5.4 -8 3 5.4 -7.6 3 0 0 0
5.4 -4 3 5.4 -4.4 3 5.1 -4.4 3 5.1 -4 3 0 0 0
5.4 -4.4 3 5.4 -4.8 3 5.1 -4.8 3 5.1 -4.4 3 0 0 0
5.4 -4.8 3 5.4 -5.2 3 5.1 -5.2 3 5.1 -4.8 3 0 0 0
5.4 -5.2 3 5.4 -5.6 3 5.1 -5.6 3 5.1 -5.2 3 0 0 0
5.4 -5.6 3 5.4 -6 3 5.1 -6 3 5.1 -5.6 3 0 0 0
5.4 -6 3 5.4 -6.4 3 5.1 -6.4 3 5.1 -6 3 0 0 0
5.4 -6.4 3 5.4 -6.8 3 5.1 -6.8 3 5.1 -6.4 3 0 0 0
5.4 -6.8 3 5.4 -7.2 3 5.1 -7.2 3 5.1 -6.8 3 0 0 0
5.4 -7.2 3 5.4 -7.6 3 5.1 -7.6 3 5.1 -7.2 3 0 0 0
5.4 -7.6 3 5.4 -8 3 5.1 -8 3 5.1 -7.6 3 0 0 0
5.1 -4 3 5.1 -4.4 3 4.8 -4.4 3 4.8 -4 3 0 0 0
5.1 -4.4 3 5.1 -4.8 3 4.8 -4.8 3 4.8 -4.4 3 0 0 0
5.1 -4.8 3 5.1 -5.2 3 4.8 -5.2 3 4.8 -4.8 3 0 0 0
5.1 -5.2 3 5.1 -5.6 3 4.8 -5.6 3 4.8 -5.2 3 0 0 0
5.1 -5.6 3 5.1 -6 3 4.8 -6 3 4.8 -5.6 3 0 0 0
5.1 -6 3 5.1 -6.4 3 4.8 -6.4 3 4.8 -6 3 0 0 0
5.1 -6.4 3 5.1 -6.8 3 4.8 -6.8 3 4.8 -6.4 3 0 0 0
5.1 -6.8 3 5.1 -7.2 3 4.8 -7.2 3 4.8 -6.8 3 0 0 0
5.1 -7.2 3 5.1 -7.6 3 4.8 -7.6 3 4.8 -7.2 3 0 0 0
5.1 -7.6 3 5.1 -8 3 4.8 -8 3 4.8 -7.6 3 0 0 0
4.8 -4 3 4.8 -4.4 3 4.5 -4.4 3 4.5 -4 3 0 0 0
4.8 -4.4 3 4.8 -4.8 3 4.5 -4.8 3 4.5 -4.4 3 0 0 0
4.8 -4.8 3 4.8 -5.2 3 4.5 -5.2 3 4.5 -4.8 3 0 0 0
4.8 -5.2 3 4.8 -5.6 3 4.5 -5.6 3 4.5 -5.2 3 0 0 0
4.8 -5.6 3 4.8 -6 3 4.5 -6 3 4.5 -5.6 3 0 0 0
4.8 -6 3 4.8 -6.4 3 4.5 -6.4 3 4.5 -6 3 0 0 0
4.8 -6.4 3 4.8 -6.8 3 4.5 -6.8 3 4.5 -6.4 3 0 0 0
4.8 -6.8 3 4.8 -7.2 3 4.5 -7.2 3 4.5 -6.8 3 0 0 0
4.8 -7.2 3 4.8 -7.6 3 4.5 -7.6 3 4.5 -7.2 3 0 0 0
4.8 -7.6 3 4.8 -8 3 4.5 -8 3 4.5 -7.6 3 0 0 0
4.5 -4 3 4.5 -4.4 3 4.2 -4.4 3 4.2 -4 3 0 0 0
4.5 -4.4 3 4.5 -4.8 3 4.2 -4.8 3 4.2 -4.4 3 0 0 0
4.5 -4.8 3 4.5 -5.2 3 4.2 -5.2 3 4.2 -4.8 3 0 0 0
4.5 -5.2 3 4.5 -5.6 3 4.2 -5.6 3 4.2 -5.2 3 0 0 0
4.5 -5.6 3 4.5 -6 3 4.2 -6 3 4.2 -5.6 3 0 0 0
4.5 -6 3 4.5 -6.4 3 4.2 -6.4 3 4.2 -6 3 0 0 0
4.5 -6.4 3 4.5 -6.8 3 4.2 -6.8 3 4.2 -6.4 3 0 0 0
4.5 -6.8 3 4.5 -7.2 3 4.2 -7.2 3 4.2 -6.8 3 0 0 0
4.5 -7.2 3 4.5 -7.6 3 4.2 -7.6 3 4.2 -7.2 3 0 0 0
4.5 -7.6 3 4.5 -8 3 4.2 -8 3 4.2 -7.6 3 0 0 0
4.2 -4 3 4.2 -4.4 3 3.9 -4.4 3 3.9 -4 3 0 0 0
4.2 -4.4 3 4.2 -4.8 3 3.9 -4.8 3 3.9 -4.4 3 0 0 0
4.2 -4.8 3 4.2 -5.2 3 3.9 -5.2 3 3.9 -4.8 3 0 0 0
4.2 -5.2 3 4.2 -5.6 3 3.9 -5.6 3 3.9 -5.2 3 0 0 0
4.2 -5.6 3 4.2 -6 3 3.9 -6 3 3.9 -5.6 3 0 0 0
4.2 -6 3 4.2 -6.4 3 3.9 -6.4 3 3.9 -6 3 0 0 0
4.2 -6.4 3 4.2 -6.8 3 3.9 -6.8 3 3.9 -6.4 3 0 0 0
4.2 -6.8 3 4.2 -7.2 3 3.9 -7.2 3 3.9 -6.8 3 0 0 0
4.2 -7.2 3 4.2 -7.6 3 3.9 -7.6 3 3.9 -7.2 3 0 0 0
4.2 -7.6 3 4.2 -8 3 3.9 -8 3 3.9 -7.6 3 0 0 0
3.9 -4 3 3.9 -4.4 3 3.6 -4.4 3 3.6 -4 3 0 0 0
3.9 -4.4 3 3.9 -4.8 3 3.6 -4.8 3 3.6 -4.4 3 0 0 0
3.9 -4.8 3 3.9 -5.2 3 3.6 -5.2 3 3.6 -4.8 3 0 0 0
3.9 -5.2 3 3.9 -5.6 3 3.6 -5.6 3 3.6 -5.2 3 0 0 0
3.9 -5.6 3 3.9 -6 3 3.6 -6 3 3.6 -5.6 3 0 0 0
3.9 -6 3 3.9 -6.4 3 3.6 -6.4 3 3.6 -6 3 0 0 0
3.9 -6.4 3 3.9 -6.8 3 3.6 -6.8 3 3.6 -6.4 3 0 0 0
3.9 -6.8 3 3.9 -7.2 3 3.6 -7.2 3 3.6 -6.8 3 0 0 0
3.9 -7.2 3 3.9 -7.6 3 3.6 -7.6 3 3.6 -7.2 3 0 0 0
3.9 -7.6 3 3.9 -8 3 3.6 -8 3 3.6 -7.6 3 0 0 0
3.6 -4 3 3.6 -4.4 3 3.3 -4.4 3 3.3 -4 3 0 0 0
3.6 -4.4 3 3.6 -4.8 3 3.3 -4.8 3 3.3 -4.4 3 0 0 0
3.6 -4.8 3 3.6 -5.2 3 3.3 -5.2 3 3.3 -4.8 3 0 0 0
3.6 -5.2 3 3.6 -5.6 3 3.3 -5.6 3 3.3 -5.2 3 0 0 0
3.6 -5.6 3 3.6 -6 3 3.3 -6 3 3.3 -5.6 3 0 0 0
3.6 -6 3 3.6 -6.4 3 3.3 -6.4 3 3.3 -6 3 0 0 0
3.6 -6.4 3 3.6 -6.8 3 3.3 -6.8 3 3.3 -6.4 3 0 0 0
3.6 -6.8 3 3.6 -7.2 3 3.3 -7.2 3 3.3 -6.8 3 0 0 0
3.6 -7.2 3 3.6 -7.6 3 3.3 -7.6 3 3.3 -7.2 3 0 0 0
3.6 -7.6 3 3.6 -8 3 3.3 -8 3 3.3 -7.6 3 0 0 0
3.3 -4 3 3.3 -4.4 3 3 -4.4 3 3 -4 3 0 0 0
3.3 -4.4 3 3.3 -4.8 3 3 -4.8 3 3 -4.4 3 0 0 0
3.3 -4.8 3 3.3 -5.2 3 3 -5.2 3 3 -4.8 3 0 0 0
3.3 -5.2 3 3.3 -5.6 3 3 -5.6 3 3 -5.2 3 0 0 0
3.3 -5.6 3 3.3 -6 3 3 -6 3 3 -5.6 3 0 0 0
3.3 -6 3 3.3 -6.4 3 3 -6.4 3 3 -6 3 0 0 0
3.3 -6.4 3 3.3 -6.8 3 3 -6.8 3 3 -6.4 3 0 0 0
3.3 -6.8 3 3.3 -7.2 3 3 -7.2 3 3 -6.8 3 0 0 0
3.3 -7.2 3 3.3 -7.6 3 3 -7.6 3 3 -7.2 3 0 0 0
3.3 -7.6 3 3.3 -8 3 3 -8 3 3 -7.6 3 0 0 0
3 -0.1 3 3 -0.1 3.3 3.3 -0.1 3.3 3.3 -0.1 3 15 15 15
3 -0.1 3.3 3 -0.1 3.6 3.3 -0.1 3.6 3.3 -0.1 3.3 15 15 15
3 -0.1 3.6 3 -0.1 3.9 3.3 -0.1 3.9 3.3 -0.1 3.6 15 15 15
3 -0.1 3.9 3 -0.1 4.2 3.3 -0.1 4.2 3.3 -0.1 3.9 15 15 15
3 -0.1 4.2 3 -0.1 4.5 3.3 -0.1 4.5 3.3 -0.1 4.2 15 15 15
3 -0.1 4.5 3 -0.1 4.8 3.3 -0.1 4.8 3.3 -0.1 4.5 15 15 15
3 -0.1 4.8 3 -0.1 5.1 3.3 -0.1 5.1 3.3 -0.1 4.8 15 15 15
3 -0.1 5.1 3 -0.1 5.4 3.3 -0.1 5.4 3.3 -0.1 5.1 15 15 15
3 -0.1 5.4 3 -0.1 5.7 3.3 -0.1 5.7 3.3 -0.1 5.4 15 15 15
3 -0.1 5.7 3 -0.1 6 3.3 -0.1 6 3.3 -0.1 5.7 15 15 15
3.3 -0.1 3 3.3 -0.1 3.3 3.6 -0.1 3.3 3.6 -0.1 3 15 15 15
3.3 -0.1 3.3 3.3 -0.1 3.6 3.6 -0.1 3.6 3.6 -0.1 3.3 15 15 15
3.3 -0.1 3.6 3.3 -0.1 3.9 3.6 -0.1 3.9 3.6 -0.1 3.6 15 15 15
3.3 -0.1 3.9 3.3 -0.1 4.2 3.6 -0.1 4.2 3.6 -0.1 3.9 15 15 15
3.3 -0.1 4.2 3.3 -0.1 4.5 3.6 -0.1 4.5 3.6 -0.1 4.2 15 15 15
3.3 -0.1 4.5 3.3 -0.1 4.8 3.6 -0.1 4.8 3.6 -0.1 4.5 15 15 15
3.3 -0.1 4.8 3.3 -0.1 5.1 3.6 -0.1 5.1 3.6 -0.1 4.8 15 15 15
3.3 -0.1 5.1 3.3 -0.1 5.4 3.6 -0.1 5.4 3.6 -0.1 5.1 15 15 15
3.3 -0.1 5.4 3.3 -0.1 5.7 3.6 -0.1 5.7 3.6 -0.1 5.4 15 15 15
3.3 -0.1 5.7 3.3 -0.1 6 3.6 -0.1 6 3.6 -0.1 5.7 15 15 15
3.6 -0.1 3 3.6 -0.1 3.3 3.9 -0.1 3.3 3.9 -0.1 3 15 15 15
3.6 -0.1 3.3 3.6 -0.1 3.6 3.9 -0.1 3.6 3.9 -0.1 3.3 15 15 15
3.6 -0.1 3.6 3.6 -0.1 3.9 3.9 -0.1 3.9 3.9 -0.1 3.6 15 15 15
3.6 -0.1 3.9 3.6 -0.1 4.2 3.9 -0.1 4.2 3.9 -0.1 3.9 15 15 15
3.6 -0.1 4.2 3.6 -0.1 4.5 3.9 -0.1 4.5 3.9 -0.1 4.2 15 15 15
3.6 -0.1 4.5 3.6 -0.1 4.8 3.9 -0.1 4.8 3.9 -0.1 4.5 15 15 15
3.6 -0.1 4.8 3.6 -0.1 5.1 3.9 -0.1 5.1 3.9 -0.1 4.8 15 15 15
3.6 -0.1 5.1 3.6 -0.1 5.4 3.9 -0.1 5.4 3.9 -0.1 5.1 15 15 15
3.6 -0.1 5.4 3.6 -0.1 5.7 3.9 -0.1 5.7 3.9 -0.1 5.4 15 15 15
3.6 -0.1 5.7 3.6 -0.1 6 3.9 -0.1 6 3.9 -0.1 5.7 15 15 15
3.9 -0.1 3 3.9 -0.1 3.3 4.2 -0.1 3.3 4.2 -0.1 3 15 15 15
3.9 -0.1 3.3 3.9 -0.1 3.6 4.2 -0.1 3.6 4.2 -0.1 3.3 15 15 15
3.9 -0.1 3.6 3.9 -0.1 3.9 4.2 -0.1 3.9 4.2 -0.1 3.6 15 15 15
3.9 -0.1 3.9 3.9 -0.1 4.2 4.2 -0.1 4.2 4.2 -0.1 3.9 15 15 15
3.9 -0.1 4.2 3.9 -0.1 4.5 4.2 -0.1 4.5 4.2 -0.1 4.2 15 15 15
3.9 -0.1 4.5 3.9 -0.1 4.8 4.2 -0.1 4.8 4.2 -0.1 4.5 15 15 15
3.9 -0.1 4.8 3.9 -0.1 5.1 4.2 -0.1 5.1 4.2 -0.1 4.8 15 15 15
3.9 -0.1 5.1 3.9 -0.1 5.4 4.2 -0.1 5.4 4.2 -0.1 5.1 15 15 15
3.9 -0.1 5.4 3.9 -0.1 5.7 4.2 -0.1 5.7 4.2 -0.1 5.4 15 15 15
3.9 -0.1 5.7 3.9 -0.1 6 4.2 -0.1 6 4.2 -0.1 5.7 15 15 15
4.2 -0.1 3 4.2 -0.1 3.3 4.5 -0.1 3.3 4.5 -0.1 3 15 15 15
4.2 -0.1 3.3 4.2 -0.1 3.6 4.5 -0.1 3.6 4.5 -0.1 3.3 15 15 15
4.2 -0.1 3.6 4.2 -0.1 3.9 4.5 -0.1 3.9 4.5 -0.1 3.6 15 15 15
4.2 -0.1 3.9 4.2 -0.1 4.2 4.5 -0.1 4.2 4.5 -0.1 3.9 15 15 15
4.2 -0.1 4.2 4.2 -0.1 4.5 4.5 -0.1 4.5 4.5 -0.1 4.2 15 15 15
4.2 -0.1 4.5 4.2 -0.1 4.8 4.5 -0.1 4.8 4.5 -0.1 4.5 15 15 15
4.2 -0.1 4.8 4.2 -0.1 5.1 4.5 -0.1 5.1 4.5 -0.1 4.8 15 15 15
4.2 -0.1 5.1 4.2 -0.1 5.4 4.5 -0.1 5.4 4.5 -0.1 5.1 15 15 15
4.2 -0.1 5.4 4.2 -0.1 5.7 4.5 -0.1 5.7 4.5 -0.1 5.4 15 15 15
4.2 -0.1 5.7 4.2 -0.1 6 4.5 -0.1 6 4.5 -0.1 5.7 15 15 15
4.5 -0.1 3 4.5 -0.1 3.3 4.8 -0.1 3.3 4.8 -0.1 3 15 15 15
4.5 -0.1 3.3 4.5 -0.1 3.6 4.8 -0.1 3.6 4.8 -0.1 3.3 15 15 15
4.5 -0.1 3.6 4.5 -0.1 3.9 4.8 -0.1 3.9 4.8 -0.1 3.6 15 15 15
4.5 -0.1 3.9 4.5 -0.1 4.2 4.8 -0.1 4.2 4.8 -0.1 3.9 15 15 15
4.5 -0.1 4.2 4.5 -0.1 4.5 4.8 -0.1 4.5 4.8 -0.1 4.2 15 15 15
4.5 -0.1 4.5 4.5 -0.1 4.8 4.8 -0.1 4.8 4.8 -0.1 4.5 15 15 15
4.5 -0.1 4.8 4.5 -0.1 5.1 4.8 -0.1 5.1 4.8 -0.1 4.8 15 15 15
4.5 -0.1 5.1 4.5 -0.1 5.4 4.8 -0.1 5.4 4.8 -0.1 5.1 15 15 15
4.5 -0.1 5.4 4.5 -0.1 5.7 4.8 -0.1 5.7 4.8 -0.1 5.4 15 15 15
4.5 -0.1 5.7 4.5 -0.1 6 4.8 -0.1 6 4.8 -0.1 5.7 15 15 15
4.8 -0.1 3 4.8 -0.1 3.3 5.1 -0.1 3.3 5.1 -0.1 3 15 15 15
4.8 -0.1 3.3 4.8 -0.1 3.6 5.1 -0.1 3.6 5.1 -0.1 3.3 15 15 15
4.8 -0.1 3.6 4.8 -0.1 3.9 5.1 -0.1 3.9 5.1 -0.1 3.6 15 15 15
4.8 -0.1 3.9 4.8 -0.1 4.2 5.1 -0.1 4.2 5.1 -0.1 3.9 15 15 15
4.8 -0.1 4.2 4.8 -0.1 4.5 5.1 -0.1 4.5 5.1 -0.1 4.2 15 15 15
4.8 -0.1 4.5 4.8 -0.1 4.8 5.1 -0.1 4.8 5.1 -0.1 4.5 15 15 15
4.8 -0.1 4.8 4.8 -0.1 5.1 5.1 -0.1 5.1 5.1 -0.1 4.8 15 15 15
4.8 -0.1 5.1 4.8 -0.1 5.4 5.1 -0.1 5.4 5.1 -0.1 5.1 15 15 15
4.8 -0.1 5.4 4.8 -0.1 5.7 5.1 -0.1 5.7 5.1 -0.1 5.4 15 15 15
4.8 -0.1 5.7 4.8 -0.1 6 5.1 -0.1 6 5.1 -0.1 5.7 15 15 15
5.1 -0.1 3 5.1 -0.1 3.3 5.4 -0.1 3.3 5.4 -0.1 3 15 15 15
5.1 -0.1 3.3 5.1 -0.1 3.6 5.4 -0.1 3.6 5.4 -0.1 3.3 15 15 15
5.1 -0.1 3.6 5.1 -0.1 3.9 5.4 -0.1 3.9 5.4 -0.1 3.6 15 15 15
5.1 -0.1 3.9 5.1 -0.1 4.2 5.4 -0.1 4.2 5.4 -0.1 3.9 15 15 15
5.1 -0.1 4.2 5.1 -0.1 4.5 5.4 -0.1 4.5 5.4 -0.1 4.2 15 15 15
5.1 -0.1 4.5 5.1 -0.1 4.8 5.4 -0.1 4.8 5.4 -0.1 4.5 15 15 15
5.1 -0.1 4.8 5.1 -0.1 5.1 5.4 -0.1 5.1 5.4 -0.1 4.8 15 15 15
5.1 -0.1 5.1 5.1 -0.1 5.4 5.4 -0.1 5.4 5.4 -0.1 5.1 15 15 15
5.1 -0.1 5.4 5.1 -0.1 5.7 5.4 -0.1 5.7 5.4 -0.1 5.4 15 15 15
5.1 -0.1 5.7 5.1 -0.1 6 5.4 -0.1 6 5.4 -0.1 5.7 15 15 15
5.4 -0.1 3 5.4 -0.1 3.3 5.7 -0.1 3.3 5.7 -0.1 3 15 15 15
5.4 -0.1 3.3 5.4 -0.1 3.6 5.7 -0.1 3.6 5.7 -0.1 3.3 15 15 15
5.4 -0.1 3.6 5.4 -0.1 3.9 5.7 -0.1 3.9 5.7 -0.1 3.6 15 15 15
5.4 -0.1 3.9 5.4 -0.1 4.2 5.7 -0.1 4.2 5.7 -0.1 3.9 15 15 15
5.4 -0.1 4.2 5.4 -0.1 4.5 5.7 -0.1 4.5 5.7 -0.1 4.2 15 15 15
5.4 -0.1 4.5 5.4 -0.1 4.8 5.7 -0.1 4.8 5.7 -0.1 4.5 15 15 15
5.4 -0.1 4.8 5.4 -0.1 5.1 5.7 -0.1 5.1 5.7 -0.1 4.8 15 15 15
5.4 -0.1 5.1 5.4 -0.1 5.4 5.7 -0.1 5.4 5.7 -0.1 5.1 15 15 15
5.4 -0.1 5.4 5.4 -0.1 5.7 5.7 -0.1 5.7 5.7 -0.1 5.4 15 15 15
5.4 -0.1 5.7 5.4 -0.1 6 5.7 -0.1 6 5.7 -0.1 5.7 15 15 15
5.7 -0.1 3 5.7 -0.1 3.3 6 -0.1 3.3 6 -0.1 3 15 15 15
5.7 -0.1 3.3 5.7 -0.1 3.6 6 -0.1 3.6 6 -0.1 3.3 15 15 15
5.7 -0.1 3.6 5.7 -0.1 3.9 6 -0.1 3.9 6 -0.1 3.6 15 15 15
5.7 -0.1 3.9 5.7 -0.1 4.2 6 -0.1 4.2 6 -0.1 3.9 15 15 15
5.7 -0.1 4.2 5.7 -0.1 4.5 6 -0.1 4.5 6 -0.1 4.2 15 15 15
5.7 -0.1 4.5 5.7 -0.1 4.8 6 -0.1 4.8 6 -0.1 4.5 15 15 15
5.7 -0.1 4.8 5.7 -0.1 5.1 6 -0.1 5.1 6 -0.1 4.8 15 15 15
5.7 -0.1 5.1 5.7 -0.1 5.4 6 -0.1 5.4 6 -0.1 5.1 15 15 15
5.7 -0.1 5.4 5.7 -0.1 5.7 6 -0.1 5.7 6 -0.1 5.4 15 15 15
5.7 -0.1 5.7 5.7 -0.1 6 6 -0.1 6 6 -0.1 5.7 15 15 15
